ID= 12 AllEvt= 1877614.310000 AllEvtErr= 2653.592934 SelEvt= 0.000000  SelEvtErr= 0.000000 AllEvtnoweight= 502261.000000 SelEvtnoweight= 0.000000 Nfile= 16 
ID= 10110312 AllEvt= 213312.140000 AllEvtErr= 894.470328 SelEvt= 0.000000  SelEvtErr= 0.000000 AllEvtnoweight= 57068.000000 SelEvtnoweight= 0.000000 Nfile= 16 
ID= 10110412 AllEvt= 508950.287000 AllEvtErr= 1381.419950 SelEvt= 0.000000  SelEvtErr= 0.000000 AllEvtnoweight= 136117.000000 SelEvtnoweight= 0.000000 Nfile= 16 
ID= 10130512 AllEvt= 182058.550000 AllEvtErr= 826.182628 SelEvt= 0.000000  SelEvtErr= 0.000000 AllEvtnoweight= 48687.000000 SelEvtnoweight= 0.000000 Nfile= 16 
ID= 10210312 AllEvt= 207800.706000 AllEvtErr= 882.843291 SelEvt= 0.000000  SelEvtErr= 0.000000 AllEvtnoweight= 55594.000000 SelEvtnoweight= 0.000000 Nfile= 16 
ID= 10210412 AllEvt= 493800.932000 AllEvtErr= 1360.702466 SelEvt= 0.000000  SelEvtErr= 0.000000 AllEvtnoweight= 132065.000000 SelEvtnoweight= 0.000000 Nfile= 16 
ID= 10230512 AllEvt= 178861.163000 AllEvtErr= 819.041551 SelEvt= 0.000000  SelEvtErr= 0.000000 AllEvtnoweight= 47849.000000 SelEvtnoweight= 0.000000 Nfile= 16 
ID= 10230812 AllEvt= 87208.271500 AllEvtErr= 571.920880 SelEvt= 0.000000  SelEvtErr= 0.000000 AllEvtnoweight= 23331.000000 SelEvtnoweight= 0.000000 Nfile= 16 
ID= 10310312 AllEvt= 65240.500000 AllEvtErr= 494.841949 SelEvt= 0.000000  SelEvtErr= 0.000000 AllEvtnoweight= 17466.000000 SelEvtnoweight= 0.000000 Nfile= 16 
ID= 10330512 AllEvt= 110860.933000 AllEvtErr= 644.757746 SelEvt= 0.000000  SelEvtErr= 0.000000 AllEvtnoweight= 29652.000000 SelEvtnoweight= 0.000000 Nfile= 16 
ID= 10410312 AllEvt= 307492.403000 AllEvtErr= 1073.945651 SelEvt= 0.000000  SelEvtErr= 0.000000 AllEvtnoweight= 82267.000000 SelEvtnoweight= 0.000000 Nfile= 16 
ID= 10410412 AllEvt= 365364.122000 AllEvtErr= 1170.634250 SelEvt= 0.000000  SelEvtErr= 0.000000 AllEvtnoweight= 97747.000000 SelEvtnoweight= 0.000000 Nfile= 16 
ID= 10430512 AllEvt= 263328.349000 AllEvtErr= 993.669748 SelEvt= 0.000000  SelEvtErr= 0.000000 AllEvtnoweight= 70428.000000 SelEvtnoweight= 0.000000 Nfile= 16 
ID= 10510312 AllEvt= 110314.292900 AllEvtErr= 643.081653 SelEvt= 0.000000  SelEvtErr= 0.000000 AllEvtnoweight= 29498.000000 SelEvtnoweight= 0.000000 Nfile= 16 
ID= 10510412 AllEvt= 264871.246000 AllEvtErr= 996.628072 SelEvt= 0.000000  SelEvtErr= 0.000000 AllEvtnoweight= 70848.000000 SelEvtnoweight= 0.000000 Nfile= 16 
ID= 10530512 AllEvt= 95202.331500 AllEvtErr= 597.633457 SelEvt= 0.000000  SelEvtErr= 0.000000 AllEvtnoweight= 25476.000000 SelEvtnoweight= 0.000000 Nfile= 16 
ID= 10610312 AllEvt= 8473.329200 AllEvtErr= 178.276958 SelEvt= 0.000000  SelEvtErr= 0.000000 AllEvtnoweight= 2267.000000 SelEvtnoweight= 0.000000 Nfile= 16 
ID= 10610412 AllEvt= 19975.800000 AllEvtErr= 273.896816 SelEvt= 0.000000  SelEvtErr= 0.000000 AllEvtnoweight= 5351.000000 SelEvtnoweight= 0.000000 Nfile= 16 
ID= 10710312 AllEvt= 15872.037900 AllEvtErr= 243.896750 SelEvt= 0.000000  SelEvtErr= 0.000000 AllEvtnoweight= 4243.000000 SelEvtnoweight= 0.000000 Nfile= 16 
ID= 10710412 AllEvt= 36503.092900 AllEvtErr= 369.965419 SelEvt= 0.000000  SelEvtErr= 0.000000 AllEvtnoweight= 9763.000000 SelEvtnoweight= 0.000000 Nfile= 16 
ID= 10730512 AllEvt= 13554.335500 AllEvtErr= 225.467222 SelEvt= 0.000000  SelEvtErr= 0.000000 AllEvtnoweight= 3626.000000 SelEvtnoweight= 0.000000 Nfile= 16 
ID= 10910412 AllEvt= 30253.870000 AllEvtErr= 336.819641 SelEvt= 0.000000  SelEvtErr= 0.000000 AllEvtnoweight= 8092.000000 SelEvtnoweight= 0.000000 Nfile= 16 
ID= 10930512 AllEvt= 10678.717290 AllEvtErr= 200.100710 SelEvt= 0.000000  SelEvtErr= 0.000000 AllEvtnoweight= 2856.000000 SelEvtnoweight= 0.000000 Nfile= 16 
ID= 11610412 AllEvt= 4470.682580 AllEvtErr= 129.381387 SelEvt= 0.000000  SelEvtErr= 0.000000 AllEvtnoweight= 1194.000000 SelEvtnoweight= 0.000000 Nfile= 16 
ID= 11910412 AllEvt= 11416.341290 AllEvtErr= 206.886862 SelEvt= 0.000000  SelEvtErr= 0.000000 AllEvtnoweight= 3053.000000 SelEvtnoweight= 0.000000 Nfile= 16 
ID= 12010412 AllEvt= 5024.836290 AllEvtErr= 137.165811 SelEvt= 0.000000  SelEvtErr= 0.000000 AllEvtnoweight= 1342.000000 SelEvtnoweight= 0.000000 Nfile= 16 
ID= 12030512 AllEvt= 1744.839290 AllEvtErr= 80.828048 SelEvt= 0.000000  SelEvtErr= 0.000000 AllEvtnoweight= 466.000000 SelEvtnoweight= 0.000000 Nfile= 16 
ID= 12210312 AllEvt= 1819.725990 AllEvtErr= 82.544369 SelEvt= 0.000000  SelEvtErr= 0.000000 AllEvtnoweight= 486.000000 SelEvtnoweight= 0.000000 Nfile= 16 
ID= 30530512 AllEvt= 47998.064400 AllEvtErr= 424.163516 SelEvt= 0.000000  SelEvtErr= 0.000000 AllEvtnoweight= 12833.000000 SelEvtnoweight= 0.000000 Nfile= 16 
ID= 10010312 AllEvt= 872.419600 AllEvtErr= 57.154164 SelEvt= 0.000000  SelEvtErr= 0.000000 AllEvtnoweight= 233.000000 SelEvtnoweight= 0.000000 Nfile= 15 
ID= 10010412 AllEvt= 1924.563600 AllEvtErr= 84.888918 SelEvt= 0.000000  SelEvtErr= 0.000000 AllEvtnoweight= 514.000000 SelEvtnoweight= 0.000000 Nfile= 15 
ID= 10030512 AllEvt= 703.926600 AllEvtErr= 51.339187 SelEvt= 0.000000  SelEvtErr= 0.000000 AllEvtnoweight= 188.000000 SelEvtnoweight= 0.000000 Nfile= 15 
ID= 10231412 AllEvt= 2624.747000 AllEvtErr= 99.135375 SelEvt= 0.000000  SelEvtErr= 0.000000 AllEvtnoweight= 701.000000 SelEvtnoweight= 0.000000 Nfile= 15 
ID= 10231812 AllEvt= 6646.114000 AllEvtErr= 157.838505 SelEvt= 0.000000  SelEvtErr= 0.000000 AllEvtnoweight= 1777.000000 SelEvtnoweight= 0.000000 Nfile= 15 
ID= 10630512 AllEvt= 7159.082000 AllEvtErr= 163.895584 SelEvt= 0.000000  SelEvtErr= 0.000000 AllEvtnoweight= 1916.000000 SelEvtnoweight= 0.000000 Nfile= 15 
ID= 10910312 AllEvt= 12610.771000 AllEvtErr= 217.555827 SelEvt= 0.000000  SelEvtErr= 0.000000 AllEvtnoweight= 3376.000000 SelEvtnoweight= 0.000000 Nfile= 15 
ID= 11510312 AllEvt= 1962.008300 AllEvtErr= 85.710717 SelEvt= 0.000000  SelEvtErr= 0.000000 AllEvtnoweight= 524.000000 SelEvtnoweight= 0.000000 Nfile= 15 
ID= 11510412 AllEvt= 4744.016000 AllEvtErr= 133.488047 SelEvt= 0.000000  SelEvtErr= 0.000000 AllEvtnoweight= 1271.000000 SelEvtnoweight= 0.000000 Nfile= 15 
ID= 11530512 AllEvt= 1849.679900 AllEvtErr= 83.220996 SelEvt= 0.000000  SelEvtErr= 0.000000 AllEvtnoweight= 494.000000 SelEvtnoweight= 0.000000 Nfile= 15 
ID= 11610312 AllEvt= 1920.818500 AllEvtErr= 84.806263 SelEvt= 0.000000  SelEvtErr= 0.000000 AllEvtnoweight= 513.000000 SelEvtnoweight= 0.000000 Nfile= 15 
ID= 11630512 AllEvt= 1666.208500 AllEvtErr= 78.985854 SelEvt= 0.000000  SelEvtErr= 0.000000 AllEvtnoweight= 445.000000 SelEvtnoweight= 0.000000 Nfile= 15 
ID= 11710312 AllEvt= 819.999500 AllEvtErr= 55.410460 SelEvt= 0.000000  SelEvtErr= 0.000000 AllEvtnoweight= 219.000000 SelEvtnoweight= 0.000000 Nfile= 15 
ID= 11710412 AllEvt= 1853.423300 AllEvtErr= 83.305188 SelEvt= 0.000000  SelEvtErr= 0.000000 AllEvtnoweight= 495.000000 SelEvtnoweight= 0.000000 Nfile= 15 
ID= 11730512 AllEvt= 700.182400 AllEvtErr= 51.202409 SelEvt= 0.000000  SelEvtErr= 0.000000 AllEvtnoweight= 187.000000 SelEvtnoweight= 0.000000 Nfile= 15 
ID= 11910312 AllEvt= 4833.880000 AllEvtErr= 134.742463 SelEvt= 0.000000  SelEvtErr= 0.000000 AllEvtnoweight= 1295.000000 SelEvtnoweight= 0.000000 Nfile= 15 
ID= 11930512 AllEvt= 4189.861000 AllEvtErr= 125.587311 SelEvt= 0.000000  SelEvtErr= 0.000000 AllEvtnoweight= 1125.000000 SelEvtnoweight= 0.000000 Nfile= 15 
ID= 12010312 AllEvt= 2156.711000 AllEvtErr= 89.863026 SelEvt= 0.000000  SelEvtErr= 0.000000 AllEvtnoweight= 576.000000 SelEvtnoweight= 0.000000 Nfile= 15 
ID= 12210412 AllEvt= 4388.308000 AllEvtErr= 128.293173 SelEvt= 0.000000  SelEvtErr= 0.000000 AllEvtnoweight= 1174.000000 SelEvtnoweight= 0.000000 Nfile= 15 
ID= 12230512 AllEvt= 1688.672800 AllEvtErr= 79.516613 SelEvt= 0.000000  SelEvtErr= 0.000000 AllEvtnoweight= 451.000000 SelEvtnoweight= 0.000000 Nfile= 15 
