ID= 1 AllEvt= 836382925.000000 AllEvtErr= 28920.286014 SelEvt= 0.000000  SelEvtErr= 0.000000 AllEvtnoweight= 836382925.000000 SelEvtnoweight= 0.000000 Nfile= 4941 

ID= 30 AllEvt= 99923142.000000 AllEvtErr= 9996.156300 SelEvt= 0.000000  SelEvtErr= 0.000000 AllEvtnoweight= 99923142.000000 SelEvtnoweight= 0.000000 Nfile= 1456 

ID= 33 AllEvt= 15224253.000000 AllEvtErr= 3901.827106 SelEvt= 0.000000  SelEvtErr= 0.000000 AllEvtnoweight= 15224253.000000 SelEvtnoweight= 0.000000 Nfile= 1456 
ID= 10010333 AllEvt= 7020.000000 AllEvtErr= 83.785445 SelEvt= 0.000000  SelEvtErr= 0.000000 AllEvtnoweight= 7020.000000 SelEvtnoweight= 0.000000 Nfile= 1444 
ID= 10010433 AllEvt= 16819.000000 AllEvtErr= 129.688076 SelEvt= 0.000000  SelEvtErr= 0.000000 AllEvtnoweight= 16819.000000 SelEvtnoweight= 0.000000 Nfile= 1456 
ID= 10030533 AllEvt= 6028.000000 AllEvtErr= 77.640194 SelEvt= 0.000000  SelEvtErr= 0.000000 AllEvtnoweight= 6028.000000 SelEvtnoweight= 0.000000 Nfile= 1437 
ID= 10110333 AllEvt= 1737443.000000 AllEvtErr= 1318.121114 SelEvt= 0.000000  SelEvtErr= 0.000000 AllEvtnoweight= 1737443.000000 SelEvtnoweight= 0.000000 Nfile= 1456 
ID= 10110433 AllEvt= 4115882.000000 AllEvtErr= 2028.763630 SelEvt= 0.000000  SelEvtErr= 0.000000 AllEvtnoweight= 4115882.000000 SelEvtnoweight= 0.000000 Nfile= 1456 
ID= 10130533 AllEvt= 1494097.000000 AllEvtErr= 1222.332632 SelEvt= 0.000000  SelEvtErr= 0.000000 AllEvtnoweight= 1494097.000000 SelEvtnoweight= 0.000000 Nfile= 1456 
ID= 10210333 AllEvt= 1693363.000000 AllEvtErr= 1301.292925 SelEvt= 0.000000  SelEvtErr= 0.000000 AllEvtnoweight= 1693363.000000 SelEvtnoweight= 0.000000 Nfile= 1456 
ID= 10210433 AllEvt= 4024077.000000 AllEvtErr= 2006.010181 SelEvt= 0.000000  SelEvtErr= 0.000000 AllEvtnoweight= 4024077.000000 SelEvtnoweight= 0.000000 Nfile= 1456 
ID= 10230533 AllEvt= 1456182.000000 AllEvtErr= 1206.723727 SelEvt= 0.000000  SelEvtErr= 0.000000 AllEvtnoweight= 1456182.000000 SelEvtnoweight= 0.000000 Nfile= 1456 
ID= 10230833 AllEvt= 723084.000000 AllEvtErr= 850.343411 SelEvt= 0.000000  SelEvtErr= 0.000000 AllEvtnoweight= 723084.000000 SelEvtnoweight= 0.000000 Nfile= 1456 
ID= 10231433 AllEvt= 22465.000000 AllEvtErr= 149.883306 SelEvt= 0.000000  SelEvtErr= 0.000000 AllEvtnoweight= 22465.000000 SelEvtnoweight= 0.000000 Nfile= 1456 
ID= 10231833 AllEvt= 54569.000000 AllEvtErr= 233.600047 SelEvt= 0.000000  SelEvtErr= 0.000000 AllEvtnoweight= 54569.000000 SelEvtnoweight= 0.000000 Nfile= 1456 
ID= 10310333 AllEvt= 527489.000000 AllEvtErr= 726.284420 SelEvt= 0.000000  SelEvtErr= 0.000000 AllEvtnoweight= 527489.000000 SelEvtnoweight= 0.000000 Nfile= 1456 
ID= 10330533 AllEvt= 906312.000000 AllEvtErr= 952.004211 SelEvt= 0.000000  SelEvtErr= 0.000000 AllEvtnoweight= 906312.000000 SelEvtnoweight= 0.000000 Nfile= 1456 
ID= 10410333 AllEvt= 2499753.000000 AllEvtErr= 1581.060752 SelEvt= 0.000000  SelEvtErr= 0.000000 AllEvtnoweight= 2499753.000000 SelEvtnoweight= 0.000000 Nfile= 1456 
ID= 10410433 AllEvt= 2968112.000000 AllEvtErr= 1722.821054 SelEvt= 0.000000  SelEvtErr= 0.000000 AllEvtnoweight= 2968112.000000 SelEvtnoweight= 0.000000 Nfile= 1456 
ID= 10430533 AllEvt= 2150560.000000 AllEvtErr= 1466.478748 SelEvt= 0.000000  SelEvtErr= 0.000000 AllEvtnoweight= 2150560.000000 SelEvtnoweight= 0.000000 Nfile= 1456 
ID= 10510333 AllEvt= 905172.000000 AllEvtErr= 951.405285 SelEvt= 0.000000  SelEvtErr= 0.000000 AllEvtnoweight= 905172.000000 SelEvtnoweight= 0.000000 Nfile= 1456 
ID= 10510433 AllEvt= 2149036.000000 AllEvtErr= 1465.959115 SelEvt= 0.000000  SelEvtErr= 0.000000 AllEvtnoweight= 2149036.000000 SelEvtnoweight= 0.000000 Nfile= 1456 
ID= 10530533 AllEvt= 777957.000000 AllEvtErr= 882.018658 SelEvt= 0.000000  SelEvtErr= 0.000000 AllEvtnoweight= 777957.000000 SelEvtnoweight= 0.000000 Nfile= 1456 
ID= 10610333 AllEvt= 67921.000000 AllEvtErr= 260.616545 SelEvt= 0.000000  SelEvtErr= 0.000000 AllEvtnoweight= 67921.000000 SelEvtnoweight= 0.000000 Nfile= 1456 
ID= 10610433 AllEvt= 162036.000000 AllEvtErr= 402.537092 SelEvt= 0.000000  SelEvtErr= 0.000000 AllEvtnoweight= 162036.000000 SelEvtnoweight= 0.000000 Nfile= 1456 
ID= 10630533 AllEvt= 58689.000000 AllEvtErr= 242.258092 SelEvt= 0.000000  SelEvtErr= 0.000000 AllEvtnoweight= 58689.000000 SelEvtnoweight= 0.000000 Nfile= 1456 
ID= 10710333 AllEvt= 127220.000000 AllEvtErr= 356.679109 SelEvt= 0.000000  SelEvtErr= 0.000000 AllEvtnoweight= 127220.000000 SelEvtnoweight= 0.000000 Nfile= 1456 
ID= 10710433 AllEvt= 302013.000000 AllEvtErr= 549.556791 SelEvt= 0.000000  SelEvtErr= 0.000000 AllEvtnoweight= 302013.000000 SelEvtnoweight= 0.000000 Nfile= 1456 
ID= 10730533 AllEvt= 109413.000000 AllEvtErr= 330.776317 SelEvt= 0.000000  SelEvtErr= 0.000000 AllEvtnoweight= 109413.000000 SelEvtnoweight= 0.000000 Nfile= 1456 
ID= 10910333 AllEvt= 102510.000000 AllEvtErr= 320.171797 SelEvt= 0.000000  SelEvtErr= 0.000000 AllEvtnoweight= 102510.000000 SelEvtnoweight= 0.000000 Nfile= 1456 
ID= 10910433 AllEvt= 242918.000000 AllEvtErr= 492.866909 SelEvt= 0.000000  SelEvtErr= 0.000000 AllEvtnoweight= 242918.000000 SelEvtnoweight= 0.000000 Nfile= 1456 
ID= 10930533 AllEvt= 88333.000000 AllEvtErr= 297.208662 SelEvt= 0.000000  SelEvtErr= 0.000000 AllEvtnoweight= 88333.000000 SelEvtnoweight= 0.000000 Nfile= 1456 
ID= 11510333 AllEvt= 16144.000000 AllEvtErr= 127.059028 SelEvt= 0.000000  SelEvtErr= 0.000000 AllEvtnoweight= 16144.000000 SelEvtnoweight= 0.000000 Nfile= 1456 
ID= 11510433 AllEvt= 39105.000000 AllEvtErr= 197.749819 SelEvt= 0.000000  SelEvtErr= 0.000000 AllEvtnoweight= 39105.000000 SelEvtnoweight= 0.000000 Nfile= 1456 
ID= 11530533 AllEvt= 14077.000000 AllEvtErr= 118.646526 SelEvt= 0.000000  SelEvtErr= 0.000000 AllEvtnoweight= 14077.000000 SelEvtnoweight= 0.000000 Nfile= 1455 
ID= 11610333 AllEvt= 15591.000000 AllEvtErr= 124.863918 SelEvt= 0.000000  SelEvtErr= 0.000000 AllEvtnoweight= 15591.000000 SelEvtnoweight= 0.000000 Nfile= 1456 
ID= 11610433 AllEvt= 36929.000000 AllEvtErr= 192.169186 SelEvt= 0.000000  SelEvtErr= 0.000000 AllEvtnoweight= 36929.000000 SelEvtnoweight= 0.000000 Nfile= 1456 
ID= 11630533 AllEvt= 13419.000000 AllEvtErr= 115.840408 SelEvt= 0.000000  SelEvtErr= 0.000000 AllEvtnoweight= 13419.000000 SelEvtnoweight= 0.000000 Nfile= 1456 
ID= 11710333 AllEvt= 6292.000000 AllEvtErr= 79.322128 SelEvt= 0.000000  SelEvtErr= 0.000000 AllEvtnoweight= 6292.000000 SelEvtnoweight= 0.000000 Nfile= 1440 
ID= 11710433 AllEvt= 15182.000000 AllEvtErr= 123.215248 SelEvt= 0.000000  SelEvtErr= 0.000000 AllEvtnoweight= 15182.000000 SelEvtnoweight= 0.000000 Nfile= 1456 
ID= 11730533 AllEvt= 5388.000000 AllEvtErr= 73.402988 SelEvt= 0.000000  SelEvtErr= 0.000000 AllEvtnoweight= 5388.000000 SelEvtnoweight= 0.000000 Nfile= 1419 
ID= 11910333 AllEvt= 39179.000000 AllEvtErr= 197.936834 SelEvt= 0.000000  SelEvtErr= 0.000000 AllEvtnoweight= 39179.000000 SelEvtnoweight= 0.000000 Nfile= 1456 
ID= 11910433 AllEvt= 92914.000000 AllEvtErr= 304.817964 SelEvt= 0.000000  SelEvtErr= 0.000000 AllEvtnoweight= 92914.000000 SelEvtnoweight= 0.000000 Nfile= 1456 
ID= 11930533 AllEvt= 33320.000000 AllEvtErr= 182.537683 SelEvt= 0.000000  SelEvtErr= 0.000000 AllEvtnoweight= 33320.000000 SelEvtnoweight= 0.000000 Nfile= 1456 
ID= 12010333 AllEvt= 17503.000000 AllEvtErr= 132.298895 SelEvt= 0.000000  SelEvtErr= 0.000000 AllEvtnoweight= 17503.000000 SelEvtnoweight= 0.000000 Nfile= 1456 
ID= 12010433 AllEvt= 41330.000000 AllEvtErr= 203.297774 SelEvt= 0.000000  SelEvtErr= 0.000000 AllEvtnoweight= 41330.000000 SelEvtnoweight= 0.000000 Nfile= 1456 
ID= 12030533 AllEvt= 15324.000000 AllEvtErr= 123.790134 SelEvt= 0.000000  SelEvtErr= 0.000000 AllEvtnoweight= 15324.000000 SelEvtnoweight= 0.000000 Nfile= 1456 
ID= 12210333 AllEvt= 15384.000000 AllEvtErr= 124.032244 SelEvt= 0.000000  SelEvtErr= 0.000000 AllEvtnoweight= 15384.000000 SelEvtnoweight= 0.000000 Nfile= 1456 
ID= 12210433 AllEvt= 36770.000000 AllEvtErr= 191.755045 SelEvt= 0.000000  SelEvtErr= 0.000000 AllEvtnoweight= 36770.000000 SelEvtnoweight= 0.000000 Nfile= 1456 
ID= 12230533 AllEvt= 13357.000000 AllEvtErr= 115.572485 SelEvt= 0.000000  SelEvtErr= 0.000000 AllEvtnoweight= 13357.000000 SelEvtnoweight= 0.000000 Nfile= 1455 
ID= 30530533 AllEvt= 391339.000000 AllEvtErr= 625.570805 SelEvt= 0.000000  SelEvtErr= 0.000000 AllEvtnoweight= 391339.000000 SelEvtnoweight= 0.000000 Nfile= 1456 

ID= 20 AllEvt= 19814552.000000 AllEvtErr= 4451.354167 SelEvt= 0.000000  SelEvtErr= 0.000000 AllEvtnoweight= 19814552.000000 SelEvtnoweight= 0.000000 Nfile= 298 

ID= 70 AllEvt= 77081156.000000 AllEvtErr= 8779.591381 SelEvt= 0.000000  SelEvtErr= 0.000000 AllEvtnoweight= 77081156.000000 SelEvtnoweight= 0.000000 Nfile= 770 

ID= 71 AllEvt= 4996346.000000 AllEvtErr= 2235.250685 SelEvt= 0.000000  SelEvtErr= 0.000000 AllEvtnoweight= 4996346.000000 SelEvtnoweight= 0.000000 Nfile= 50

ID= 56 AllEvt= 1999000.000000 AllEvtErr= 1413.859686 SelEvt= 0.000000  SelEvtErr= 0.000000 AllEvtnoweight= 1999000.000000 SelEvtnoweight= 0.000000 Nfile= 10 
ID= 52 AllEvt= 976918.000000 AllEvtErr= 988.391730 SelEvt= 0.000000  SelEvtErr= 0.000000 AllEvtnoweight= 976918.000000 SelEvtnoweight= 0.000000 Nfile= 11 
ID= 10110352 AllEvt= 1298.000000 AllEvtErr= 36.027817 SelEvt= 0.000000  SelEvtErr= 0.000000 AllEvtnoweight= 1298.000000 SelEvtnoweight= 0.000000 Nfile= 10 
ID= 10110452 AllEvt= 3136.000000 AllEvtErr= 55.999974 SelEvt= 0.000000  SelEvtErr= 0.000000 AllEvtnoweight= 3136.000000 SelEvtnoweight= 0.000000 Nfile= 11 
ID= 10130552 AllEvt= 1125.000000 AllEvtErr= 33.541016 SelEvt= 0.000000  SelEvtErr= 0.000000 AllEvtnoweight= 1125.000000 SelEvtnoweight= 0.000000 Nfile= 11 
ID= 10210352 AllEvt= 1298.000000 AllEvtErr= 36.027720 SelEvt= 0.000000  SelEvtErr= 0.000000 AllEvtnoweight= 1298.000000 SelEvtnoweight= 0.000000 Nfile= 11 
ID= 10210452 AllEvt= 3080.000000 AllEvtErr= 55.497732 SelEvt= 0.000000  SelEvtErr= 0.000000 AllEvtnoweight= 3080.000000 SelEvtnoweight= 0.000000 Nfile= 10 
ID= 10230552 AllEvt= 1059.000000 AllEvtErr= 32.542306 SelEvt= 0.000000  SelEvtErr= 0.000000 AllEvtnoweight= 1059.000000 SelEvtnoweight= 0.000000 Nfile= 11 
ID= 10230852 AllEvt= 553.000000 AllEvtErr= 23.515948 SelEvt= 0.000000  SelEvtErr= 0.000000 AllEvtnoweight= 553.000000 SelEvtnoweight= 0.000000 Nfile= 11 
ID= 10231852 AllEvt= 48.000000 AllEvtErr= 6.928204 SelEvt= 0.000000  SelEvtErr= 0.000000 AllEvtnoweight= 48.000000 SelEvtnoweight= 0.000000 Nfile= 10 
ID= 10310352 AllEvt= 384.000000 AllEvtErr= 19.595917 SelEvt= 0.000000  SelEvtErr= 0.000000 AllEvtnoweight= 384.000000 SelEvtnoweight= 0.000000 Nfile= 10 
ID= 10330552 AllEvt= 656.000000 AllEvtErr= 25.612494 SelEvt= 0.000000  SelEvtErr= 0.000000 AllEvtnoweight= 656.000000 SelEvtnoweight= 0.000000 Nfile= 10 
ID= 10410352 AllEvt= 1921.000000 AllEvtErr= 43.829175 SelEvt= 0.000000  SelEvtErr= 0.000000 AllEvtnoweight= 1921.000000 SelEvtnoweight= 0.000000 Nfile= 11 
ID= 10410452 AllEvt= 2242.000000 AllEvtErr= 47.349740 SelEvt= 0.000000  SelEvtErr= 0.000000 AllEvtnoweight= 2242.000000 SelEvtnoweight= 0.000000 Nfile= 10 
ID= 10430552 AllEvt= 1670.000000 AllEvtErr= 40.865632 SelEvt= 0.000000  SelEvtErr= 0.000000 AllEvtnoweight= 1670.000000 SelEvtnoweight= 0.000000 Nfile= 11 
ID= 10510352 AllEvt= 716.000000 AllEvtErr= 26.758177 SelEvt= 0.000000  SelEvtErr= 0.000000 AllEvtnoweight= 716.000000 SelEvtnoweight= 0.000000 Nfile= 10 
ID= 10510452 AllEvt= 1614.000000 AllEvtErr= 40.174608 SelEvt= 0.000000  SelEvtErr= 0.000000 AllEvtnoweight= 1614.000000 SelEvtnoweight= 0.000000 Nfile= 10 
ID= 10530552 AllEvt= 600.000000 AllEvtErr= 24.494895 SelEvt= 0.000000  SelEvtErr= 0.000000 AllEvtnoweight= 600.000000 SelEvtnoweight= 0.000000 Nfile= 11 
ID= 10610352 AllEvt= 43.000000 AllEvtErr= 6.557439 SelEvt= 0.000000  SelEvtErr= 0.000000 AllEvtnoweight= 43.000000 SelEvtnoweight= 0.000000 Nfile= 10 
ID= 10610452 AllEvt= 128.000000 AllEvtErr= 11.313706 SelEvt= 0.000000  SelEvtErr= 0.000000 AllEvtnoweight= 128.000000 SelEvtnoweight= 0.000000 Nfile= 10 
ID= 10630552 AllEvt= 45.000000 AllEvtErr= 6.708205 SelEvt= 0.000000  SelEvtErr= 0.000000 AllEvtnoweight= 45.000000 SelEvtnoweight= 0.000000 Nfile= 10 
ID= 10710352 AllEvt= 95.000000 AllEvtErr= 9.746796 SelEvt= 0.000000  SelEvtErr= 0.000000 AllEvtnoweight= 95.000000 SelEvtnoweight= 0.000000 Nfile= 10 
ID= 10710452 AllEvt= 212.000000 AllEvtErr= 14.560218 SelEvt= 0.000000  SelEvtErr= 0.000000 AllEvtnoweight= 212.000000 SelEvtnoweight= 0.000000 Nfile= 10 
ID= 10730552 AllEvt= 81.000000 AllEvtErr= 9.000004 SelEvt= 0.000000  SelEvtErr= 0.000000 AllEvtnoweight= 81.000000 SelEvtnoweight= 0.000000 Nfile= 10 
ID= 10910352 AllEvt= 79.000000 AllEvtErr= 8.888194 SelEvt= 0.000000  SelEvtErr= 0.000000 AllEvtnoweight= 79.000000 SelEvtnoweight= 0.000000 Nfile= 10 
ID= 10910452 AllEvt= 202.000000 AllEvtErr= 14.212670 SelEvt= 0.000000  SelEvtErr= 0.000000 AllEvtnoweight= 202.000000 SelEvtnoweight= 0.000000 Nfile= 10 
ID= 10930552 AllEvt= 56.000000 AllEvtErr= 7.483316 SelEvt= 0.000000  SelEvtErr= 0.000000 AllEvtnoweight= 56.000000 SelEvtnoweight= 0.000000 Nfile= 10 
ID= 11510352 AllEvt= 13.000000 AllEvtErr= 3.605554 SelEvt= 0.000000  SelEvtErr= 0.000000 AllEvtnoweight= 13.000000 SelEvtnoweight= 0.000000 Nfile= 5 
ID= 11510452 AllEvt= 38.000000 AllEvtErr= 6.164415 SelEvt= 0.000000  SelEvtErr= 0.000000 AllEvtnoweight= 38.000000 SelEvtnoweight= 0.000000 Nfile= 9 
ID= 11530552 AllEvt= 9.000000 AllEvtErr= 2.999995 SelEvt= 0.000000  SelEvtErr= 0.000000 AllEvtnoweight= 9.000000 SelEvtnoweight= 0.000000 Nfile= 6 
ID= 11610452 AllEvt= 23.000000 AllEvtErr= 4.795826 SelEvt= 0.000000  SelEvtErr= 0.000000 AllEvtnoweight= 23.000000 SelEvtnoweight= 0.000000 Nfile= 10 
ID= 11710452 AllEvt= 17.000000 AllEvtErr= 4.123100 SelEvt= 0.000000  SelEvtErr= 0.000000 AllEvtnoweight= 17.000000 SelEvtnoweight= 0.000000 Nfile= 9 
ID= 11910352 AllEvt= 34.000000 AllEvtErr= 5.830951 SelEvt= 0.000000  SelEvtErr= 0.000000 AllEvtnoweight= 34.000000 SelEvtnoweight= 0.000000 Nfile= 10 
ID= 11910452 AllEvt= 71.000000 AllEvtErr= 8.426150 SelEvt= 0.000000  SelEvtErr= 0.000000 AllEvtnoweight= 71.000000 SelEvtnoweight= 0.000000 Nfile= 10 
ID= 11930552 AllEvt= 27.000000 AllEvtErr= 5.196150 SelEvt= 0.000000  SelEvtErr= 0.000000 AllEvtnoweight= 27.000000 SelEvtnoweight= 0.000000 Nfile= 10 
ID= 12010452 AllEvt= 37.000000 AllEvtErr= 6.082763 SelEvt= 0.000000  SelEvtErr= 0.000000 AllEvtnoweight= 37.000000 SelEvtnoweight= 0.000000 Nfile= 10 
ID= 12030552 AllEvt= 11.000000 AllEvtErr= 3.316623 SelEvt= 0.000000  SelEvtErr= 0.000000 AllEvtnoweight= 11.000000 SelEvtnoweight= 0.000000 Nfile= 8 
ID= 12210352 AllEvt= 13.000000 AllEvtErr= 3.605546 SelEvt= 0.000000  SelEvtErr= 0.000000 AllEvtnoweight= 13.000000 SelEvtnoweight= 0.000000 Nfile= 9 
ID= 12210452 AllEvt= 23.000000 AllEvtErr= 4.795827 SelEvt= 0.000000  SelEvtErr= 0.000000 AllEvtnoweight= 23.000000 SelEvtnoweight= 0.000000 Nfile= 9 
ID= 12230552 AllEvt= 10.000000 AllEvtErr= 3.162276 SelEvt= 0.000000  SelEvtErr= 0.000000 AllEvtnoweight= 10.000000 SelEvtnoweight= 0.000000 Nfile= 7 
ID= 30530552 AllEvt= 322.000000 AllEvtErr= 17.944356 SelEvt= 0.000000  SelEvtErr= 0.000000 AllEvtnoweight= 322.000000 SelEvtnoweight= 0.000000 Nfile= 10 
ID= 10010452 AllEvt= 11.000000 AllEvtErr= 3.316621 SelEvt= 0.000000  SelEvtErr= 0.000000 AllEvtnoweight= 11.000000 SelEvtnoweight= 0.000000 Nfile= 7 
ID= 10231452 AllEvt= 15.000000 AllEvtErr= 3.872976 SelEvt= 0.000000  SelEvtErr= 0.000000 AllEvtnoweight= 15.000000 SelEvtnoweight= 0.000000 Nfile= 8 
ID= 11610352 AllEvt= 13.000000 AllEvtErr= 3.605547 SelEvt= 0.000000  SelEvtErr= 0.000000 AllEvtnoweight= 13.000000 SelEvtnoweight= 0.000000 Nfile= 7 
ID= 11630552 AllEvt= 13.000000 AllEvtErr= 3.605548 SelEvt= 0.000000  SelEvtErr= 0.000000 AllEvtnoweight= 13.000000 SelEvtnoweight= 0.000000 Nfile= 8 
ID= 11710352 AllEvt= 8.000000 AllEvtErr= 2.828425 SelEvt= 0.000000  SelEvtErr= 0.000000 AllEvtnoweight= 8.000000 SelEvtnoweight= 0.000000 Nfile= 5 
ID= 12010352 AllEvt= 19.000000 AllEvtErr= 4.358899 SelEvt= 0.000000  SelEvtErr= 0.000000 AllEvtnoweight= 19.000000 SelEvtnoweight= 0.000000 Nfile= 8 
ID= 10030552 AllEvt= 5.000000 AllEvtErr= 2.236063 SelEvt= 0.000000  SelEvtErr= 0.000000 AllEvtnoweight= 5.000000 SelEvtnoweight= 0.000000 Nfile= 3 
ID= 11730552 AllEvt= 4.000000 AllEvtErr= 1.999999 SelEvt= 0.000000  SelEvtErr= 0.000000 AllEvtnoweight= 4.000000 SelEvtnoweight= 0.000000 Nfile= 2 
ID= 10010352 AllEvt= 5.000000 AllEvtErr= 2.236067 SelEvt= 0.000000  SelEvtErr= 0.000000 AllEvtnoweight= 5.000000 SelEvtnoweight= 0.000000 Nfile= 3 

ID= 54 AllEvt= 6880306.000000 AllEvtErr= 2623.033876 SelEvt= 0.000000  SelEvtErr= 0.000000 AllEvtnoweight= 6880306.000000 SelEvtnoweight= 0.000000 Nfile= 45
ID= 10010354 AllEvt= 472.000000 AllEvtErr= 21.725559 SelEvt= 0.000000  SelEvtErr= 0.000000 AllEvtnoweight= 472.000000 SelEvtnoweight= 0.000000 Nfile= 45 
ID= 10010454 AllEvt= 1079.000000 AllEvtErr= 32.848138 SelEvt= 0.000000  SelEvtErr= 0.000000 AllEvtnoweight= 1079.000000 SelEvtnoweight= 0.000000 Nfile= 45 
ID= 10030554 AllEvt= 347.000000 AllEvtErr= 18.627938 SelEvt= 0.000000  SelEvtErr= 0.000000 AllEvtnoweight= 347.000000 SelEvtnoweight= 0.000000 Nfile= 45 
ID= 10110354 AllEvt= 111999.000000 AllEvtErr= 334.662555 SelEvt= 0.000000  SelEvtErr= 0.000000 AllEvtnoweight= 111999.000000 SelEvtnoweight= 0.000000 Nfile= 45 
ID= 10110454 AllEvt= 266030.000000 AllEvtErr= 515.780932 SelEvt= 0.000000  SelEvtErr= 0.000000 AllEvtnoweight= 266030.000000 SelEvtnoweight= 0.000000 Nfile= 45 
ID= 10130554 AllEvt= 96830.000000 AllEvtErr= 311.175237 SelEvt= 0.000000  SelEvtErr= 0.000000 AllEvtnoweight= 96830.000000 SelEvtnoweight= 0.000000 Nfile= 45 
ID= 10210354 AllEvt= 110082.000000 AllEvtErr= 331.786099 SelEvt= 0.000000  SelEvtErr= 0.000000 AllEvtnoweight= 110082.000000 SelEvtnoweight= 0.000000 Nfile= 45 
ID= 10210454 AllEvt= 260697.000000 AllEvtErr= 510.584940 SelEvt= 0.000000  SelEvtErr= 0.000000 AllEvtnoweight= 260697.000000 SelEvtnoweight= 0.000000 Nfile= 45 
ID= 10230554 AllEvt= 94079.000000 AllEvtErr= 306.722980 SelEvt= 0.000000  SelEvtErr= 0.000000 AllEvtnoweight= 94079.000000 SelEvtnoweight= 0.000000 Nfile= 45 
ID= 10230854 AllEvt= 46777.000000 AllEvtErr= 216.279918 SelEvt= 0.000000  SelEvtErr= 0.000000 AllEvtnoweight= 46777.000000 SelEvtnoweight= 0.000000 Nfile= 45 
ID= 10231454 AllEvt= 1444.000000 AllEvtErr= 37.999994 SelEvt= 0.000000  SelEvtErr= 0.000000 AllEvtnoweight= 1444.000000 SelEvtnoweight= 0.000000 Nfile= 45 
ID= 10231854 AllEvt= 3449.000000 AllEvtErr= 58.728182 SelEvt= 0.000000  SelEvtErr= 0.000000 AllEvtnoweight= 3449.000000 SelEvtnoweight= 0.000000 Nfile= 45 
ID= 10310354 AllEvt= 34062.000000 AllEvtErr= 184.559008 SelEvt= 0.000000  SelEvtErr= 0.000000 AllEvtnoweight= 34062.000000 SelEvtnoweight= 0.000000 Nfile= 45 
ID= 10330554 AllEvt= 58610.000000 AllEvtErr= 242.094962 SelEvt= 0.000000  SelEvtErr= 0.000000 AllEvtnoweight= 58610.000000 SelEvtnoweight= 0.000000 Nfile= 45 
ID= 10410354 AllEvt= 162152.000000 AllEvtErr= 402.681030 SelEvt= 0.000000  SelEvtErr= 0.000000 AllEvtnoweight= 162152.000000 SelEvtnoweight= 0.000000 Nfile= 45 
ID= 10410454 AllEvt= 191382.000000 AllEvtErr= 437.472249 SelEvt= 0.000000  SelEvtErr= 0.000000 AllEvtnoweight= 191382.000000 SelEvtnoweight= 0.000000 Nfile= 45 
ID= 10430554 AllEvt= 138522.000000 AllEvtErr= 372.185447 SelEvt= 0.000000  SelEvtErr= 0.000000 AllEvtnoweight= 138522.000000 SelEvtnoweight= 0.000000 Nfile= 45 
ID= 10510354 AllEvt= 58466.000000 AllEvtErr= 241.797507 SelEvt= 0.000000  SelEvtErr= 0.000000 AllEvtnoweight= 58466.000000 SelEvtnoweight= 0.000000 Nfile= 45 
ID= 10510454 AllEvt= 138046.000000 AllEvtErr= 371.545425 SelEvt= 0.000000  SelEvtErr= 0.000000 AllEvtnoweight= 138046.000000 SelEvtnoweight= 0.000000 Nfile= 45 
ID= 10530554 AllEvt= 50581.000000 AllEvtErr= 224.902244 SelEvt= 0.000000  SelEvtErr= 0.000000 AllEvtnoweight= 50581.000000 SelEvtnoweight= 0.000000 Nfile= 45 
ID= 10610354 AllEvt= 4378.000000 AllEvtErr= 66.166488 SelEvt= 0.000000  SelEvtErr= 0.000000 AllEvtnoweight= 4378.000000 SelEvtnoweight= 0.000000 Nfile= 45 
ID= 10610454 AllEvt= 10334.000000 AllEvtErr= 101.656293 SelEvt= 0.000000  SelEvtErr= 0.000000 AllEvtnoweight= 10334.000000 SelEvtnoweight= 0.000000 Nfile= 45 
ID= 10630554 AllEvt= 3894.000000 AllEvtErr= 62.401921 SelEvt= 0.000000  SelEvtErr= 0.000000 AllEvtnoweight= 3894.000000 SelEvtnoweight= 0.000000 Nfile= 45 
ID= 10710354 AllEvt= 8121.000000 AllEvtErr= 90.116558 SelEvt= 0.000000  SelEvtErr= 0.000000 AllEvtnoweight= 8121.000000 SelEvtnoweight= 0.000000 Nfile= 45 
ID= 10710454 AllEvt= 19478.000000 AllEvtErr= 139.563604 SelEvt= 0.000000  SelEvtErr= 0.000000 AllEvtnoweight= 19478.000000 SelEvtnoweight= 0.000000 Nfile= 45 
ID= 10730554 AllEvt= 7096.000000 AllEvtErr= 84.237728 SelEvt= 0.000000  SelEvtErr= 0.000000 AllEvtnoweight= 7096.000000 SelEvtnoweight= 0.000000 Nfile= 45 
ID= 10910354 AllEvt= 6628.000000 AllEvtErr= 81.412486 SelEvt= 0.000000  SelEvtErr= 0.000000 AllEvtnoweight= 6628.000000 SelEvtnoweight= 0.000000 Nfile= 45 
ID= 10910454 AllEvt= 15852.000000 AllEvtErr= 125.904697 SelEvt= 0.000000  SelEvtErr= 0.000000 AllEvtnoweight= 15852.000000 SelEvtnoweight= 0.000000 Nfile= 45 
ID= 10930554 AllEvt= 5730.000000 AllEvtErr= 75.696761 SelEvt= 0.000000  SelEvtErr= 0.000000 AllEvtnoweight= 5730.000000 SelEvtnoweight= 0.000000 Nfile= 45 
ID= 11510354 AllEvt= 1092.000000 AllEvtErr= 33.045420 SelEvt= 0.000000  SelEvtErr= 0.000000 AllEvtnoweight= 1092.000000 SelEvtnoweight= 0.000000 Nfile= 45 
ID= 11510454 AllEvt= 2559.000000 AllEvtErr= 50.586555 SelEvt= 0.000000  SelEvtErr= 0.000000 AllEvtnoweight= 2559.000000 SelEvtnoweight= 0.000000 Nfile= 45 
ID= 11530554 AllEvt= 930.000000 AllEvtErr= 30.495906 SelEvt= 0.000000  SelEvtErr= 0.000000 AllEvtnoweight= 930.000000 SelEvtnoweight= 0.000000 Nfile= 45 
ID= 11610354 AllEvt= 1041.000000 AllEvtErr= 32.264532 SelEvt= 0.000000  SelEvtErr= 0.000000 AllEvtnoweight= 1041.000000 SelEvtnoweight= 0.000000 Nfile= 45 
ID= 11610454 AllEvt= 2300.000000 AllEvtErr= 47.958309 SelEvt= 0.000000  SelEvtErr= 0.000000 AllEvtnoweight= 2300.000000 SelEvtnoweight= 0.000000 Nfile= 45 
ID= 11630554 AllEvt= 892.000000 AllEvtErr= 29.866379 SelEvt= 0.000000  SelEvtErr= 0.000000 AllEvtnoweight= 892.000000 SelEvtnoweight= 0.000000 Nfile= 45 
ID= 11710354 AllEvt= 393.000000 AllEvtErr= 19.824228 SelEvt= 0.000000  SelEvtErr= 0.000000 AllEvtnoweight= 393.000000 SelEvtnoweight= 0.000000 Nfile= 45 
ID= 11710454 AllEvt= 977.000000 AllEvtErr= 31.257006 SelEvt= 0.000000  SelEvtErr= 0.000000 AllEvtnoweight= 977.000000 SelEvtnoweight= 0.000000 Nfile= 45 
ID= 11730554 AllEvt= 355.000000 AllEvtErr= 18.841445 SelEvt= 0.000000  SelEvtErr= 0.000000 AllEvtnoweight= 355.000000 SelEvtnoweight= 0.000000 Nfile= 44 
ID= 11910354 AllEvt= 2537.000000 AllEvtErr= 50.368639 SelEvt= 0.000000  SelEvtErr= 0.000000 AllEvtnoweight= 2537.000000 SelEvtnoweight= 0.000000 Nfile= 45 
ID= 11910454 AllEvt= 5998.000000 AllEvtErr= 77.446711 SelEvt= 0.000000  SelEvtErr= 0.000000 AllEvtnoweight= 5998.000000 SelEvtnoweight= 0.000000 Nfile= 45 
ID= 11930554 AllEvt= 2196.000000 AllEvtErr= 46.861493 SelEvt= 0.000000  SelEvtErr= 0.000000 AllEvtnoweight= 2196.000000 SelEvtnoweight= 0.000000 Nfile= 45 
ID= 12010354 AllEvt= 1174.000000 AllEvtErr= 34.263678 SelEvt= 0.000000  SelEvtErr= 0.000000 AllEvtnoweight= 1174.000000 SelEvtnoweight= 0.000000 Nfile= 45 
ID= 12010454 AllEvt= 2704.000000 AllEvtErr= 51.999997 SelEvt= 0.000000  SelEvtErr= 0.000000 AllEvtnoweight= 2704.000000 SelEvtnoweight= 0.000000 Nfile= 45 
ID= 12030554 AllEvt= 980.000000 AllEvtErr= 31.304952 SelEvt= 0.000000  SelEvtErr= 0.000000 AllEvtnoweight= 980.000000 SelEvtnoweight= 0.000000 Nfile= 45 
ID= 12210354 AllEvt= 1024.000000 AllEvtErr= 32.000002 SelEvt= 0.000000  SelEvtErr= 0.000000 AllEvtnoweight= 1024.000000 SelEvtnoweight= 0.000000 Nfile= 45 
ID= 12210454 AllEvt= 2336.000000 AllEvtErr= 48.332178 SelEvt= 0.000000  SelEvtErr= 0.000000 AllEvtnoweight= 2336.000000 SelEvtnoweight= 0.000000 Nfile= 45 
ID= 12230554 AllEvt= 832.000000 AllEvtErr= 28.844419 SelEvt= 0.000000  SelEvtErr= 0.000000 AllEvtnoweight= 832.000000 SelEvtnoweight= 0.000000 Nfile= 45 
ID= 30530554 AllEvt= 25232.000000 AllEvtErr= 158.845834 SelEvt= 0.000000  SelEvtErr= 0.000000 AllEvtnoweight= 25232.000000 SelEvtnoweight= 0.000000 Nfile= 45 

ID= 55 AllEvt= 66788577.000000 AllEvtErr= 29100.088410 SelEvt= 0.000000  SelEvtErr= 0.000000 AllEvtnoweight= 13113939.000000 SelEvtnoweight= 0.000000 Nfile= 154 
ID= 10010355 AllEvt= 2812.518710 AllEvtErr= 188.797745 SelEvt= 0.000000  SelEvtErr= 0.000000 AllEvtnoweight= 552.000000 SelEvtnoweight= 0.000000 Nfile= 150 
ID= 10010455 AllEvt= 6235.759130 AllEvtErr= 283.196678 SelEvt= 0.000000  SelEvtErr= 0.000000 AllEvtnoweight= 1242.000000 SelEvtnoweight= 0.000000 Nfile= 154 
ID= 10030555 AllEvt= 2274.122120 AllEvtErr= 171.785127 SelEvt= 0.000000  SelEvtErr= 0.000000 AllEvtnoweight= 457.000000 SelEvtnoweight= 0.000000 Nfile= 147 
ID= 10110355 AllEvt= 631137.770000 AllEvtErr= 2874.235952 SelEvt= 0.000000  SelEvtErr= 0.000000 AllEvtnoweight= 127935.000000 SelEvtnoweight= 0.000000 Nfile= 154 
ID= 10110455 AllEvt= 1501436.240000 AllEvtErr= 4418.097898 SelEvt= 0.000000  SelEvtErr= 0.000000 AllEvtnoweight= 302284.000000 SelEvtnoweight= 0.000000 Nfile= 154 
ID= 10130555 AllEvt= 542872.800000 AllEvtErr= 2661.782797 SelEvt= 0.000000  SelEvtErr= 0.000000 AllEvtnoweight= 109721.000000 SelEvtnoweight= 0.000000 Nfile= 154 
ID= 10210355 AllEvt= 617509.040000 AllEvtErr= 2835.808702 SelEvt= 0.000000  SelEvtErr= 0.000000 AllEvtnoweight= 124537.000000 SelEvtnoweight= 0.000000 Nfile= 154 
ID= 10210455 AllEvt= 1462229.670000 AllEvtErr= 4367.478748 SelEvt= 0.000000  SelEvtErr= 0.000000 AllEvtnoweight= 295397.000000 SelEvtnoweight= 0.000000 Nfile= 154 
ID= 10230555 AllEvt= 535319.140000 AllEvtErr= 2633.565407 SelEvt= 0.000000  SelEvtErr= 0.000000 AllEvtnoweight= 107407.000000 SelEvtnoweight= 0.000000 Nfile= 154 
ID= 10230855 AllEvt= 262319.826000 AllEvtErr= 1849.205408 SelEvt= 0.000000  SelEvtErr= 0.000000 AllEvtnoweight= 52956.000000 SelEvtnoweight= 0.000000 Nfile= 154 
ID= 10231455 AllEvt= 7690.234180 AllEvtErr= 323.333528 SelEvt= 0.000000  SelEvtErr= 0.000000 AllEvtnoweight= 1619.000000 SelEvtnoweight= 0.000000 Nfile= 154 
ID= 10231855 AllEvt= 19784.071900 AllEvtErr= 506.699971 SelEvt= 0.000000  SelEvtErr= 0.000000 AllEvtnoweight= 3976.000000 SelEvtnoweight= 0.000000 Nfile= 154 
ID= 10310355 AllEvt= 192215.707000 AllEvtErr= 1578.820013 SelEvt= 0.000000  SelEvtErr= 0.000000 AllEvtnoweight= 38602.000000 SelEvtnoweight= 0.000000 Nfile= 154 
ID= 10330555 AllEvt= 332070.290000 AllEvtErr= 2075.314308 SelEvt= 0.000000  SelEvtErr= 0.000000 AllEvtnoweight= 66698.000000 SelEvtnoweight= 0.000000 Nfile= 154 
ID= 10410355 AllEvt= 912920.190000 AllEvtErr= 3449.612701 SelEvt= 0.000000  SelEvtErr= 0.000000 AllEvtnoweight= 184283.000000 SelEvtnoweight= 0.000000 Nfile= 154 
ID= 10410455 AllEvt= 1081213.390000 AllEvtErr= 3750.322909 SelEvt= 0.000000  SelEvtErr= 0.000000 AllEvtnoweight= 217812.000000 SelEvtnoweight= 0.000000 Nfile= 154 
ID= 10430555 AllEvt= 786147.840000 AllEvtErr= 3198.166715 SelEvt= 0.000000  SelEvtErr= 0.000000 AllEvtnoweight= 158397.000000 SelEvtnoweight= 0.000000 Nfile= 154 
ID= 10510355 AllEvt= 331419.360000 AllEvtErr= 2074.645144 SelEvt= 0.000000  SelEvtErr= 0.000000 AllEvtnoweight= 66655.000000 SelEvtnoweight= 0.000000 Nfile= 154 
ID= 10510455 AllEvt= 788221.040000 AllEvtErr= 3201.719159 SelEvt= 0.000000  SelEvtErr= 0.000000 AllEvtnoweight= 158749.000000 SelEvtnoweight= 0.000000 Nfile= 154 
ID= 10530555 AllEvt= 286129.840000 AllEvtErr= 1929.806009 SelEvt= 0.000000  SelEvtErr= 0.000000 AllEvtnoweight= 57673.000000 SelEvtnoweight= 0.000000 Nfile= 154 
ID= 10610355 AllEvt= 25513.575900 AllEvtErr= 569.293576 SelEvt= 0.000000  SelEvtErr= 0.000000 AllEvtnoweight= 5019.000000 SelEvtnoweight= 0.000000 Nfile= 154 
ID= 10610455 AllEvt= 57479.887000 AllEvtErr= 874.497364 SelEvt= 0.000000  SelEvtErr= 0.000000 AllEvtnoweight= 11843.000000 SelEvtnoweight= 0.000000 Nfile= 154 
ID= 10630555 AllEvt= 22066.231470 AllEvtErr= 528.898023 SelEvt= 0.000000  SelEvtErr= 0.000000 AllEvtnoweight= 4332.000000 SelEvtnoweight= 0.000000 Nfile= 154 
ID= 10710355 AllEvt= 44703.012000 AllEvtErr= 770.806160 SelEvt= 0.000000  SelEvtErr= 0.000000 AllEvtnoweight= 9201.000000 SelEvtnoweight= 0.000000 Nfile= 154 
ID= 10710455 AllEvt= 109021.341000 AllEvtErr= 1195.603191 SelEvt= 0.000000  SelEvtErr= 0.000000 AllEvtnoweight= 22137.000000 SelEvtnoweight= 0.000000 Nfile= 154 
ID= 10730555 AllEvt= 38708.322500 AllEvtErr= 710.655060 SelEvt= 0.000000  SelEvtErr= 0.000000 AllEvtnoweight= 7821.000000 SelEvtnoweight= 0.000000 Nfile= 154 
ID= 10910355 AllEvt= 37414.561900 AllEvtErr= 699.804695 SelEvt= 0.000000  SelEvtErr= 0.000000 AllEvtnoweight= 7584.000000 SelEvtnoweight= 0.000000 Nfile= 154 
ID= 10910455 AllEvt= 87983.700000 AllEvtErr= 1063.427716 SelEvt= 0.000000  SelEvtErr= 0.000000 AllEvtnoweight= 17513.000000 SelEvtnoweight= 0.000000 Nfile= 154 
ID= 10930555 AllEvt= 32464.522300 AllEvtErr= 650.848142 SelEvt= 0.000000  SelEvtErr= 0.000000 AllEvtnoweight= 6560.000000 SelEvtnoweight= 0.000000 Nfile= 154 
ID= 11510355 AllEvt= 5874.149120 AllEvtErr= 283.082605 SelEvt= 0.000000  SelEvtErr= 0.000000 AllEvtnoweight= 1241.000000 SelEvtnoweight= 0.000000 Nfile= 154 
ID= 11510455 AllEvt= 14536.714000 AllEvtErr= 428.314890 SelEvt= 0.000000  SelEvtErr= 0.000000 AllEvtnoweight= 2841.000000 SelEvtnoweight= 0.000000 Nfile= 154 
ID= 11530555 AllEvt= 4925.928090 AllEvtErr= 253.986217 SelEvt= 0.000000  SelEvtErr= 0.000000 AllEvtnoweight= 999.000000 SelEvtnoweight= 0.000000 Nfile= 154 
ID= 11610355 AllEvt= 5568.789990 AllEvtErr= 273.334209 SelEvt= 0.000000  SelEvtErr= 0.000000 AllEvtnoweight= 1157.000000 SelEvtnoweight= 0.000000 Nfile= 154 
ID= 11610455 AllEvt= 13122.419070 AllEvtErr= 417.628203 SelEvt= 0.000000  SelEvtErr= 0.000000 AllEvtnoweight= 2701.000000 SelEvtnoweight= 0.000000 Nfile= 154 
ID= 11630555 AllEvt= 5150.929680 AllEvtErr= 257.771598 SelEvt= 0.000000  SelEvtErr= 0.000000 AllEvtnoweight= 1029.000000 SelEvtnoweight= 0.000000 Nfile= 154 
ID= 11710355 AllEvt= 2378.587090 AllEvtErr= 178.241942 SelEvt= 0.000000  SelEvtErr= 0.000000 AllEvtnoweight= 492.000000 SelEvtnoweight= 0.000000 Nfile= 148 
ID= 11710455 AllEvt= 5882.184880 AllEvtErr= 268.928204 SelEvt= 0.000000  SelEvtErr= 0.000000 AllEvtnoweight= 1120.000000 SelEvtnoweight= 0.000000 Nfile= 153 
ID= 11730555 AllEvt= 1735.725180 AllEvtErr= 149.905373 SelEvt= 0.000000  SelEvtErr= 0.000000 AllEvtnoweight= 348.000000 SelEvtnoweight= 0.000000 Nfile= 142 
ID= 11910355 AllEvt= 14609.038100 AllEvtErr= 427.937867 SelEvt= 0.000000  SelEvtErr= 0.000000 AllEvtnoweight= 2836.000000 SelEvtnoweight= 0.000000 Nfile= 154 
ID= 11910455 AllEvt= 34160.074500 AllEvtErr= 667.162909 SelEvt= 0.000000  SelEvtErr= 0.000000 AllEvtnoweight= 6893.000000 SelEvtnoweight= 0.000000 Nfile= 154 
ID= 11930555 AllEvt= 11724.194940 AllEvtErr= 400.097427 SelEvt= 0.000000  SelEvtErr= 0.000000 AllEvtnoweight= 2479.000000 SelEvtnoweight= 0.000000 Nfile= 154 
ID= 12010355 AllEvt= 6163.437140 AllEvtErr= 282.626002 SelEvt= 0.000000  SelEvtErr= 0.000000 AllEvtnoweight= 1237.000000 SelEvtnoweight= 0.000000 Nfile= 154 
ID= 12010455 AllEvt= 14761.717700 AllEvtErr= 440.797062 SelEvt= 0.000000  SelEvtErr= 0.000000 AllEvtnoweight= 3009.000000 SelEvtnoweight= 0.000000 Nfile= 154 
ID= 12030555 AllEvt= 5367.895900 AllEvtErr= 263.592759 SelEvt= 0.000000  SelEvtErr= 0.000000 AllEvtnoweight= 1076.000000 SelEvtnoweight= 0.000000 Nfile= 154 
ID= 12210355 AllEvt= 5175.036950 AllEvtErr= 262.365030 SelEvt= 0.000000  SelEvtErr= 0.000000 AllEvtnoweight= 1066.000000 SelEvtnoweight= 0.000000 Nfile= 154 
ID= 12210455 AllEvt= 13403.669970 AllEvtErr= 413.510475 SelEvt= 0.000000  SelEvtErr= 0.000000 AllEvtnoweight= 2648.000000 SelEvtnoweight= 0.000000 Nfile= 154 
ID= 12230555 AllEvt= 4861.641670 AllEvtErr= 249.626731 SelEvt= 0.000000  SelEvtErr= 0.000000 AllEvtnoweight= 965.000000 SelEvtnoweight= 0.000000 Nfile= 154 
ID= 30530555 AllEvt= 140208.180000 AllEvtErr= 1357.404549 SelEvt= 0.000000  SelEvtErr= 0.000000 AllEvtnoweight= 28534.000000 SelEvtnoweight= 0.000000 Nfile= 154 

ID= 53 AllEvt= 15981520.000000 AllEvtErr= 8015.801947 SelEvt= 0.000000  SelEvtErr= 0.000000 AllEvtnoweight= 8369132.000000 SelEvtnoweight= 0.000000 Nfile= 54 
ID= 10010353 AllEvt= 1011.346310 AllEvtErr= 64.566387 SelEvt= 0.000000  SelEvtErr= 0.000000 AllEvtnoweight= 543.000000 SelEvtnoweight= 0.000000 Nfile= 54 
ID= 10010453 AllEvt= 2632.270200 AllEvtErr= 100.439640 SelEvt= 0.000000  SelEvtErr= 0.000000 AllEvtnoweight= 1314.000000 SelEvtnoweight= 0.000000 Nfile= 54 
ID= 10030553 AllEvt= 870.035270 AllEvtErr= 60.705408 SelEvt= 0.000000  SelEvtErr= 0.000000 AllEvtnoweight= 480.000000 SelEvtnoweight= 0.000000 Nfile= 54 
ID= 10110353 AllEvt= 256610.390000 AllEvtErr= 1014.389896 SelEvt= 0.000000  SelEvtErr= 0.000000 AllEvtnoweight= 134028.000000 SelEvtnoweight= 0.000000 Nfile= 54 
ID= 10110453 AllEvt= 610074.360000 AllEvtErr= 1561.682772 SelEvt= 0.000000  SelEvtErr= 0.000000 AllEvtnoweight= 317667.000000 SelEvtnoweight= 0.000000 Nfile= 54 
ID= 10130553 AllEvt= 220501.160000 AllEvtErr= 939.112653 SelEvt= 0.000000  SelEvtErr= 0.000000 AllEvtnoweight= 114874.000000 SelEvtnoweight= 0.000000 Nfile= 54 
ID= 10210353 AllEvt= 250744.540000 AllEvtErr= 1002.424810 SelEvt= 0.000000  SelEvtErr= 0.000000 AllEvtnoweight= 130885.000000 SelEvtnoweight= 0.000000 Nfile= 54 
ID= 10210453 AllEvt= 596730.080000 AllEvtErr= 1544.575024 SelEvt= 0.000000  SelEvtErr= 0.000000 AllEvtnoweight= 310745.000000 SelEvtnoweight= 0.000000 Nfile= 54 
ID= 10230553 AllEvt= 215771.340000 AllEvtErr= 929.089611 SelEvt= 0.000000  SelEvtErr= 0.000000 AllEvtnoweight= 112435.000000 SelEvtnoweight= 0.000000 Nfile= 54 
ID= 10230853 AllEvt= 108421.800000 AllEvtErr= 657.260685 SelEvt= 0.000000  SelEvtErr= 0.000000 AllEvtnoweight= 56268.000000 SelEvtnoweight= 0.000000 Nfile= 54 
ID= 10231453 AllEvt= 3092.225500 AllEvtErr= 113.366543 SelEvt= 0.000000  SelEvtErr= 0.000000 AllEvtnoweight= 1674.000000 SelEvtnoweight= 0.000000 Nfile= 54 
ID= 10231853 AllEvt= 8293.039400 AllEvtErr= 180.953265 SelEvt= 0.000000  SelEvtErr= 0.000000 AllEvtnoweight= 4265.000000 SelEvtnoweight= 0.000000 Nfile= 54 
ID= 10310353 AllEvt= 78339.126000 AllEvtErr= 560.423490 SelEvt= 0.000000  SelEvtErr= 0.000000 AllEvtnoweight= 40909.000000 SelEvtnoweight= 0.000000 Nfile= 54 
ID= 10330553 AllEvt= 133857.870000 AllEvtErr= 732.196663 SelEvt= 0.000000  SelEvtErr= 0.000000 AllEvtnoweight= 69830.000000 SelEvtnoweight= 0.000000 Nfile= 54 
ID= 10410353 AllEvt= 369060.970000 AllEvtErr= 1215.720401 SelEvt= 0.000000  SelEvtErr= 0.000000 AllEvtnoweight= 192510.000000 SelEvtnoweight= 0.000000 Nfile= 54 
ID= 10410453 AllEvt= 439364.770000 AllEvtErr= 1325.493589 SelEvt= 0.000000  SelEvtErr= 0.000000 AllEvtnoweight= 228845.000000 SelEvtnoweight= 0.000000 Nfile= 54 
ID= 10430553 AllEvt= 317498.880000 AllEvtErr= 1126.166401 SelEvt= 0.000000  SelEvtErr= 0.000000 AllEvtnoweight= 165193.000000 SelEvtnoweight= 0.000000 Nfile= 54 
ID= 10510353 AllEvt= 134085.110000 AllEvtErr= 731.651699 SelEvt= 0.000000  SelEvtErr= 0.000000 AllEvtnoweight= 69726.000000 SelEvtnoweight= 0.000000 Nfile= 54 
ID= 10510453 AllEvt= 318834.470000 AllEvtErr= 1127.665652 SelEvt= 0.000000  SelEvtErr= 0.000000 AllEvtnoweight= 165633.000000 SelEvtnoweight= 0.000000 Nfile= 54 
ID= 10530553 AllEvt= 115024.700000 AllEvtErr= 678.690344 SelEvt= 0.000000  SelEvtErr= 0.000000 AllEvtnoweight= 59997.000000 SelEvtnoweight= 0.000000 Nfile= 54 
ID= 10610353 AllEvt= 10481.981000 AllEvtErr= 203.291367 SelEvt= 0.000000  SelEvtErr= 0.000000 AllEvtnoweight= 5383.000000 SelEvtnoweight= 0.000000 Nfile= 54 
ID= 10610453 AllEvt= 23845.599000 AllEvtErr= 308.270694 SelEvt= 0.000000  SelEvtErr= 0.000000 AllEvtnoweight= 12378.000000 SelEvtnoweight= 0.000000 Nfile= 54 
ID= 10630553 AllEvt= 8276.409200 AllEvtErr= 183.481238 SelEvt= 0.000000  SelEvtErr= 0.000000 AllEvtnoweight= 4385.000000 SelEvtnoweight= 0.000000 Nfile= 54 
ID= 10710353 AllEvt= 18935.722000 AllEvtErr= 273.707872 SelEvt= 0.000000  SelEvtErr= 0.000000 AllEvtnoweight= 9758.000000 SelEvtnoweight= 0.000000 Nfile= 54 
ID= 10710453 AllEvt= 45602.007000 AllEvtErr= 423.562645 SelEvt= 0.000000  SelEvtErr= 0.000000 AllEvtnoweight= 23368.000000 SelEvtnoweight= 0.000000 Nfile= 54 
ID= 10730553 AllEvt= 16300.681000 AllEvtErr= 255.771593 SelEvt= 0.000000  SelEvtErr= 0.000000 AllEvtnoweight= 8521.000000 SelEvtnoweight= 0.000000 Nfile= 54 
ID= 10910353 AllEvt= 14981.775000 AllEvtErr= 245.666507 SelEvt= 0.000000  SelEvtErr= 0.000000 AllEvtnoweight= 7861.000000 SelEvtnoweight= 0.000000 Nfile= 54 
ID= 10910453 AllEvt= 35909.711000 AllEvtErr= 378.436428 SelEvt= 0.000000  SelEvtErr= 0.000000 AllEvtnoweight= 18654.000000 SelEvtnoweight= 0.000000 Nfile= 54 
ID= 10930553 AllEvt= 12961.855000 AllEvtErr= 227.003647 SelEvt= 0.000000  SelEvtErr= 0.000000 AllEvtnoweight= 6712.000000 SelEvtnoweight= 0.000000 Nfile= 54 
ID= 11510353 AllEvt= 2529.750400 AllEvtErr= 99.787693 SelEvt= 0.000000  SelEvtErr= 0.000000 AllEvtnoweight= 1297.000000 SelEvtnoweight= 0.000000 Nfile= 54 
ID= 11510453 AllEvt= 5802.076200 AllEvtErr= 150.391514 SelEvt= 0.000000  SelEvtErr= 0.000000 AllEvtnoweight= 2946.000000 SelEvtnoweight= 0.000000 Nfile= 54 
ID= 11530553 AllEvt= 1978.359120 AllEvtErr= 89.613334 SelEvt= 0.000000  SelEvtErr= 0.000000 AllEvtnoweight= 1046.000000 SelEvtnoweight= 0.000000 Nfile= 54 
ID= 11610353 AllEvt= 2302.544500 AllEvtErr= 97.531045 SelEvt= 0.000000  SelEvtErr= 0.000000 AllEvtnoweight= 1239.000000 SelEvtnoweight= 0.000000 Nfile= 54 
ID= 11610453 AllEvt= 5203.582800 AllEvtErr= 146.092978 SelEvt= 0.000000  SelEvtErr= 0.000000 AllEvtnoweight= 2780.000000 SelEvtnoweight= 0.000000 Nfile= 54 
ID= 11630553 AllEvt= 1978.359300 AllEvtErr= 89.955366 SelEvt= 0.000000  SelEvtErr= 0.000000 AllEvtnoweight= 1054.000000 SelEvtnoweight= 0.000000 Nfile= 54 
ID= 11710353 AllEvt= 972.555080 AllEvtErr= 61.397052 SelEvt= 0.000000  SelEvtErr= 0.000000 AllEvtnoweight= 491.000000 SelEvtnoweight= 0.000000 Nfile= 54 
ID= 11710453 AllEvt= 2205.565700 AllEvtErr= 93.059705 SelEvt= 0.000000  SelEvtErr= 0.000000 AllEvtnoweight= 1128.000000 SelEvtnoweight= 0.000000 Nfile= 54 
ID= 11730553 AllEvt= 892.201200 AllEvtErr= 57.456734 SelEvt= 0.000000  SelEvtErr= 0.000000 AllEvtnoweight= 430.000000 SelEvtnoweight= 0.000000 Nfile= 54 
ID= 11910353 AllEvt= 5915.681700 AllEvtErr= 151.839467 SelEvt= 0.000000  SelEvtErr= 0.000000 AllEvtnoweight= 3003.000000 SelEvtnoweight= 0.000000 Nfile= 54 
ID= 11910453 AllEvt= 13535.414000 AllEvtErr= 234.309738 SelEvt= 0.000000  SelEvtErr= 0.000000 AllEvtnoweight= 7151.000000 SelEvtnoweight= 0.000000 Nfile= 54 
ID= 11930553 AllEvt= 5098.292600 AllEvtErr= 140.794294 SelEvt= 0.000000  SelEvtErr= 0.000000 AllEvtnoweight= 2582.000000 SelEvtnoweight= 0.000000 Nfile= 54 
ID= 12010353 AllEvt= 2410.605800 AllEvtErr= 97.570369 SelEvt= 0.000000  SelEvtErr= 0.000000 AllEvtnoweight= 1240.000000 SelEvtnoweight= 0.000000 Nfile= 54 
ID= 12010453 AllEvt= 5976.634600 AllEvtErr= 155.140724 SelEvt= 0.000000  SelEvtErr= 0.000000 AllEvtnoweight= 3135.000000 SelEvtnoweight= 0.000000 Nfile= 54 
ID= 12030553 AllEvt= 2321.939900 AllEvtErr= 93.635371 SelEvt= 0.000000  SelEvtErr= 0.000000 AllEvtnoweight= 1142.000000 SelEvtnoweight= 0.000000 Nfile= 54 
ID= 12210353 AllEvt= 2294.231830 AllEvtErr= 94.451747 SelEvt= 0.000000  SelEvtErr= 0.000000 AllEvtnoweight= 1162.000000 SelEvtnoweight= 0.000000 Nfile= 54 
ID= 12210453 AllEvt= 5372.604100 AllEvtErr= 146.643753 SelEvt= 0.000000  SelEvtErr= 0.000000 AllEvtnoweight= 2801.000000 SelEvtnoweight= 0.000000 Nfile= 54 
ID= 12230553 AllEvt= 1978.359200 AllEvtErr= 88.665967 SelEvt= 0.000000  SelEvtErr= 0.000000 AllEvtnoweight= 1024.000000 SelEvtnoweight= 0.000000 Nfile= 54 
ID= 30530553 AllEvt= 58037.434000 AllEvtErr= 481.196667 SelEvt= 0.000000  SelEvtErr= 0.000000 AllEvtnoweight= 30160.000000 SelEvtnoweight= 0.000000 Nfile= 54 

ID= 11 AllEvt= 492055.000000 AllEvtErr= 701.466002 SelEvt= 0.000000  SelEvtErr= 0.000000 AllEvtnoweight= 492055.000000 SelEvtnoweight= 0.000000 Nfile= 15 
ID= 10010311 AllEvt= 203.000000 AllEvtErr= 14.247808 SelEvt= 0.000000  SelEvtErr= 0.000000 AllEvtnoweight= 203.000000 SelEvtnoweight= 0.000000 Nfile= 15 
ID= 10010411 AllEvt= 571.000000 AllEvtErr= 23.895602 SelEvt= 0.000000  SelEvtErr= 0.000000 AllEvtnoweight= 571.000000 SelEvtnoweight= 0.000000 Nfile= 15 
ID= 10030511 AllEvt= 202.000000 AllEvtErr= 14.212668 SelEvt= 0.000000  SelEvtErr= 0.000000 AllEvtnoweight= 202.000000 SelEvtnoweight= 0.000000 Nfile= 15 
ID= 10110311 AllEvt= 55697.000000 AllEvtErr= 236.002099 SelEvt= 0.000000  SelEvtErr= 0.000000 AllEvtnoweight= 55697.000000 SelEvtnoweight= 0.000000 Nfile= 15 
ID= 10110411 AllEvt= 133288.000000 AllEvtErr= 365.086252 SelEvt= 0.000000  SelEvtErr= 0.000000 AllEvtnoweight= 133288.000000 SelEvtnoweight= 0.000000 Nfile= 15 
ID= 10130511 AllEvt= 47808.000000 AllEvtErr= 218.650400 SelEvt= 0.000000  SelEvtErr= 0.000000 AllEvtnoweight= 47808.000000 SelEvtnoweight= 0.000000 Nfile= 15 
ID= 10210311 AllEvt= 54809.000000 AllEvtErr= 234.113242 SelEvt= 0.000000  SelEvtErr= 0.000000 AllEvtnoweight= 54809.000000 SelEvtnoweight= 0.000000 Nfile= 15 
ID= 10210411 AllEvt= 129809.000000 AllEvtErr= 360.290157 SelEvt= 0.000000  SelEvtErr= 0.000000 AllEvtnoweight= 129809.000000 SelEvtnoweight= 0.000000 Nfile= 15 
ID= 10230511 AllEvt= 47135.000000 AllEvtErr= 217.105966 SelEvt= 0.000000  SelEvtErr= 0.000000 AllEvtnoweight= 47135.000000 SelEvtnoweight= 0.000000 Nfile= 15 
ID= 10230811 AllEvt= 23557.000000 AllEvtErr= 153.482954 SelEvt= 0.000000  SelEvtErr= 0.000000 AllEvtnoweight= 23557.000000 SelEvtnoweight= 0.000000 Nfile= 15 
ID= 10231411 AllEvt= 736.000000 AllEvtErr= 27.129320 SelEvt= 0.000000  SelEvtErr= 0.000000 AllEvtnoweight= 736.000000 SelEvtnoweight= 0.000000 Nfile= 15 
ID= 10231811 AllEvt= 1817.000000 AllEvtErr= 42.626272 SelEvt= 0.000000  SelEvtErr= 0.000000 AllEvtnoweight= 1817.000000 SelEvtnoweight= 0.000000 Nfile= 15 
ID= 10310311 AllEvt= 16857.000000 AllEvtErr= 129.834535 SelEvt= 0.000000  SelEvtErr= 0.000000 AllEvtnoweight= 16857.000000 SelEvtnoweight= 0.000000 Nfile= 15 
ID= 10330511 AllEvt= 29461.000000 AllEvtErr= 171.642068 SelEvt= 0.000000  SelEvtErr= 0.000000 AllEvtnoweight= 29461.000000 SelEvtnoweight= 0.000000 Nfile= 15 
ID= 10410311 AllEvt= 80264.000000 AllEvtErr= 283.309025 SelEvt= 0.000000  SelEvtErr= 0.000000 AllEvtnoweight= 80264.000000 SelEvtnoweight= 0.000000 Nfile= 15 
ID= 10410411 AllEvt= 95720.000000 AllEvtErr= 309.386434 SelEvt= 0.000000  SelEvtErr= 0.000000 AllEvtnoweight= 95720.000000 SelEvtnoweight= 0.000000 Nfile= 15 
ID= 10430511 AllEvt= 69237.000000 AllEvtErr= 263.129271 SelEvt= 0.000000  SelEvtErr= 0.000000 AllEvtnoweight= 69237.000000 SelEvtnoweight= 0.000000 Nfile= 15 
ID= 10510311 AllEvt= 28997.000000 AllEvtErr= 170.285078 SelEvt= 0.000000  SelEvtErr= 0.000000 AllEvtnoweight= 28997.000000 SelEvtnoweight= 0.000000 Nfile= 15 
ID= 10510411 AllEvt= 69257.000000 AllEvtErr= 263.167275 SelEvt= 0.000000  SelEvtErr= 0.000000 AllEvtnoweight= 69257.000000 SelEvtnoweight= 0.000000 Nfile= 15 
ID= 10530511 AllEvt= 25116.000000 AllEvtErr= 158.480274 SelEvt= 0.000000  SelEvtErr= 0.000000 AllEvtnoweight= 25116.000000 SelEvtnoweight= 0.000000 Nfile= 15 
ID= 10610311 AllEvt= 2192.000000 AllEvtErr= 46.818804 SelEvt= 0.000000  SelEvtErr= 0.000000 AllEvtnoweight= 2192.000000 SelEvtnoweight= 0.000000 Nfile= 15 
ID= 10610411 AllEvt= 5289.000000 AllEvtErr= 72.725513 SelEvt= 0.000000  SelEvtErr= 0.000000 AllEvtnoweight= 5289.000000 SelEvtnoweight= 0.000000 Nfile= 15 
ID= 10630511 AllEvt= 1878.000000 AllEvtErr= 43.335917 SelEvt= 0.000000  SelEvtErr= 0.000000 AllEvtnoweight= 1878.000000 SelEvtnoweight= 0.000000 Nfile= 15 
ID= 10710311 AllEvt= 4093.000000 AllEvtErr= 63.976592 SelEvt= 0.000000  SelEvtErr= 0.000000 AllEvtnoweight= 4093.000000 SelEvtnoweight= 0.000000 Nfile= 15 
ID= 10710411 AllEvt= 9677.000000 AllEvtErr= 98.371742 SelEvt= 0.000000  SelEvtErr= 0.000000 AllEvtnoweight= 9677.000000 SelEvtnoweight= 0.000000 Nfile= 15 
ID= 10730511 AllEvt= 3530.000000 AllEvtErr= 59.413780 SelEvt= 0.000000  SelEvtErr= 0.000000 AllEvtnoweight= 3530.000000 SelEvtnoweight= 0.000000 Nfile= 15 
ID= 10910311 AllEvt= 3392.000000 AllEvtErr= 58.240895 SelEvt= 0.000000  SelEvtErr= 0.000000 AllEvtnoweight= 3392.000000 SelEvtnoweight= 0.000000 Nfile= 15 
ID= 10910411 AllEvt= 7875.000000 AllEvtErr= 88.741154 SelEvt= 0.000000  SelEvtErr= 0.000000 AllEvtnoweight= 7875.000000 SelEvtnoweight= 0.000000 Nfile= 15 
ID= 10930511 AllEvt= 2810.000000 AllEvtErr= 53.009405 SelEvt= 0.000000  SelEvtErr= 0.000000 AllEvtnoweight= 2810.000000 SelEvtnoweight= 0.000000 Nfile= 15 
ID= 11510311 AllEvt= 529.000000 AllEvtErr= 22.999995 SelEvt= 0.000000  SelEvtErr= 0.000000 AllEvtnoweight= 529.000000 SelEvtnoweight= 0.000000 Nfile= 15 
ID= 11510411 AllEvt= 1295.000000 AllEvtErr= 35.986119 SelEvt= 0.000000  SelEvtErr= 0.000000 AllEvtnoweight= 1295.000000 SelEvtnoweight= 0.000000 Nfile= 15 
ID= 11530511 AllEvt= 456.000000 AllEvtErr= 21.354156 SelEvt= 0.000000  SelEvtErr= 0.000000 AllEvtnoweight= 456.000000 SelEvtnoweight= 0.000000 Nfile= 15 
ID= 11610311 AllEvt= 483.000000 AllEvtErr= 21.977254 SelEvt= 0.000000  SelEvtErr= 0.000000 AllEvtnoweight= 483.000000 SelEvtnoweight= 0.000000 Nfile= 15 
ID= 11610411 AllEvt= 1204.000000 AllEvtErr= 34.698704 SelEvt= 0.000000  SelEvtErr= 0.000000 AllEvtnoweight= 1204.000000 SelEvtnoweight= 0.000000 Nfile= 15 
ID= 11630511 AllEvt= 394.000000 AllEvtErr= 19.849429 SelEvt= 0.000000  SelEvtErr= 0.000000 AllEvtnoweight= 394.000000 SelEvtnoweight= 0.000000 Nfile= 15 
ID= 11710311 AllEvt= 241.000000 AllEvtErr= 15.524178 SelEvt= 0.000000  SelEvtErr= 0.000000 AllEvtnoweight= 241.000000 SelEvtnoweight= 0.000000 Nfile= 15 
ID= 11710411 AllEvt= 523.000000 AllEvtErr= 22.869188 SelEvt= 0.000000  SelEvtErr= 0.000000 AllEvtnoweight= 523.000000 SelEvtnoweight= 0.000000 Nfile= 15 
ID= 11730511 AllEvt= 170.000000 AllEvtErr= 13.038404 SelEvt= 0.000000  SelEvtErr= 0.000000 AllEvtnoweight= 170.000000 SelEvtnoweight= 0.000000 Nfile= 15 
ID= 11910311 AllEvt= 1263.000000 AllEvtErr= 35.538706 SelEvt= 0.000000  SelEvtErr= 0.000000 AllEvtnoweight= 1263.000000 SelEvtnoweight= 0.000000 Nfile= 15 
ID= 11910411 AllEvt= 2947.000000 AllEvtErr= 54.286237 SelEvt= 0.000000  SelEvtErr= 0.000000 AllEvtnoweight= 2947.000000 SelEvtnoweight= 0.000000 Nfile= 15 
ID= 11930511 AllEvt= 1085.000000 AllEvtErr= 32.939334 SelEvt= 0.000000  SelEvtErr= 0.000000 AllEvtnoweight= 1085.000000 SelEvtnoweight= 0.000000 Nfile= 15 
ID= 12010311 AllEvt= 561.000000 AllEvtErr= 23.685438 SelEvt= 0.000000  SelEvtErr= 0.000000 AllEvtnoweight= 561.000000 SelEvtnoweight= 0.000000 Nfile= 15 
ID= 12010411 AllEvt= 1361.000000 AllEvtErr= 36.891753 SelEvt= 0.000000  SelEvtErr= 0.000000 AllEvtnoweight= 1361.000000 SelEvtnoweight= 0.000000 Nfile= 15 
ID= 12030511 AllEvt= 481.000000 AllEvtErr= 21.931707 SelEvt= 0.000000  SelEvtErr= 0.000000 AllEvtnoweight= 481.000000 SelEvtnoweight= 0.000000 Nfile= 15 
ID= 12210311 AllEvt= 492.000000 AllEvtErr= 22.181070 SelEvt= 0.000000  SelEvtErr= 0.000000 AllEvtnoweight= 492.000000 SelEvtnoweight= 0.000000 Nfile= 15 
ID= 12210411 AllEvt= 1136.000000 AllEvtErr= 33.704595 SelEvt= 0.000000  SelEvtErr= 0.000000 AllEvtnoweight= 1136.000000 SelEvtnoweight= 0.000000 Nfile= 15 
ID= 12230511 AllEvt= 438.000000 AllEvtErr= 20.928444 SelEvt= 0.000000  SelEvtErr= 0.000000 AllEvtnoweight= 438.000000 SelEvtnoweight= 0.000000 Nfile= 15 
ID= 30530511 AllEvt= 12670.000000 AllEvtErr= 112.561130 SelEvt= 0.000000  SelEvtErr= 0.000000 AllEvtnoweight= 12670.000000 SelEvtnoweight= 0.000000 Nfile= 15 

ID= 60 AllEvt= 5145606.000000 AllEvtErr= 2743.953552 SelEvt= 1732.000000  SelEvtErr= 41.617309 AllEvtnoweight= 7529312.000000 SelEvtnoweight= 1732.000000 Nfile= 301