ID= 30 AllEvt= 18175291.620000 AllEvtErr= 4264.844229 SelEvt= 0.000000  SelEvtErr= 0.000000 AllEvtnoweight= 18191193.000000 SelEvtnoweight= 0.000000 Nfile= 268 
ID= 33 AllEvt= 2777732.250000 AllEvtErr= 1667.237763 SelEvt= 0.000000  SelEvtErr= 0.000000 AllEvtnoweight= 2780030.000000 SelEvtnoweight= 0.000000 Nfile= 268 
ID= 10010333 AllEvt= 1236.900000 AllEvtErr= 35.196600 SelEvt= 0.000000  SelEvtErr= 0.000000 AllEvtnoweight= 1239.000000 SelEvtnoweight= 0.000000 Nfile= 265 
ID= 10010433 AllEvt= 2999.760000 AllEvtErr= 54.786146 SelEvt= 0.000000  SelEvtErr= 0.000000 AllEvtnoweight= 3002.000000 SelEvtnoweight= 0.000000 Nfile= 268 
ID= 10030533 AllEvt= 1075.920000 AllEvtErr= 32.830483 SelEvt= 0.000000  SelEvtErr= 0.000000 AllEvtnoweight= 1078.000000 SelEvtnoweight= 0.000000 Nfile= 260 
ID= 10110333 AllEvt= 316367.920000 AllEvtErr= 562.681089 SelEvt= 0.000000  SelEvtErr= 0.000000 AllEvtnoweight= 316650.000000 SelEvtnoweight= 0.000000 Nfile= 268 
ID= 10110433 AllEvt= 751880.190000 AllEvtErr= 867.413299 SelEvt= 0.000000  SelEvtErr= 0.000000 AllEvtnoweight= 752501.000000 SelEvtnoweight= 0.000000 Nfile= 268 
ID= 10130533 AllEvt= 272658.090000 AllEvtErr= 522.394733 SelEvt= 0.000000  SelEvtErr= 0.000000 AllEvtnoweight= 272928.000000 SelEvtnoweight= 0.000000 Nfile= 268 
ID= 10210333 AllEvt= 309434.540000 AllEvtErr= 556.449435 SelEvt= 0.000000  SelEvtErr= 0.000000 AllEvtnoweight= 309676.000000 SelEvtnoweight= 0.000000 Nfile= 268 
ID= 10210433 AllEvt= 735830.230000 AllEvtErr= 858.111425 SelEvt= 0.000000  SelEvtErr= 0.000000 AllEvtnoweight= 736447.000000 SelEvtnoweight= 0.000000 Nfile= 268 
ID= 10230533 AllEvt= 265272.630000 AllEvtErr= 515.226544 SelEvt= 0.000000  SelEvtErr= 0.000000 AllEvtnoweight= 265491.000000 SelEvtnoweight= 0.000000 Nfile= 268 
ID= 10230833 AllEvt= 132324.760000 AllEvtErr= 363.926693 SelEvt= 0.000000  SelEvtErr= 0.000000 AllEvtnoweight= 132459.000000 SelEvtnoweight= 0.000000 Nfile= 268 
ID= 10231433 AllEvt= 4112.740000 AllEvtErr= 64.144241 SelEvt= 0.000000  SelEvtErr= 0.000000 AllEvtnoweight= 4115.000000 SelEvtnoweight= 0.000000 Nfile= 268 
ID= 10231833 AllEvt= 9979.480100 AllEvtErr= 99.914778 SelEvt= 0.000000  SelEvtErr= 0.000000 AllEvtnoweight= 9984.000000 SelEvtnoweight= 0.000000 Nfile= 268 
ID= 10310333 AllEvt= 96376.664000 AllEvtErr= 310.527485 SelEvt= 0.000000  SelEvtErr= 0.000000 AllEvtnoweight= 96442.000000 SelEvtnoweight= 0.000000 Nfile= 268 
ID= 10330533 AllEvt= 165673.010000 AllEvtErr= 407.184373 SelEvt= 0.000000  SelEvtErr= 0.000000 AllEvtnoweight= 165820.000000 SelEvtnoweight= 0.000000 Nfile= 268 
ID= 10410333 AllEvt= 456482.880000 AllEvtErr= 675.863898 SelEvt= 0.000000  SelEvtErr= 0.000000 AllEvtnoweight= 456846.000000 SelEvtnoweight= 0.000000 Nfile= 268 
ID= 10410433 AllEvt= 543528.580000 AllEvtErr= 737.489492 SelEvt= 0.000000  SelEvtErr= 0.000000 AllEvtnoweight= 543960.000000 SelEvtnoweight= 0.000000 Nfile= 268 
ID= 10430533 AllEvt= 393726.920000 AllEvtErr= 627.700250 SelEvt= 0.000000  SelEvtErr= 0.000000 AllEvtnoweight= 394056.000000 SelEvtnoweight= 0.000000 Nfile= 268 
ID= 10510333 AllEvt= 165534.050000 AllEvtErr= 406.972022 SelEvt= 0.000000  SelEvtErr= 0.000000 AllEvtnoweight= 165646.000000 SelEvtnoweight= 0.000000 Nfile= 268 
ID= 10510433 AllEvt= 391856.220000 AllEvtErr= 626.224157 SelEvt= 0.000000  SelEvtErr= 0.000000 AllEvtnoweight= 392204.000000 SelEvtnoweight= 0.000000 Nfile= 268 
ID= 10530533 AllEvt= 142677.310000 AllEvtErr= 377.889805 SelEvt= 0.000000  SelEvtErr= 0.000000 AllEvtnoweight= 142818.000000 SelEvtnoweight= 0.000000 Nfile= 268 
ID= 10610333 AllEvt= 12371.050200 AllEvtErr= 111.247960 SelEvt= 0.000000  SelEvtErr= 0.000000 AllEvtnoweight= 12378.000000 SelEvtnoweight= 0.000000 Nfile= 268 
ID= 10610433 AllEvt= 29455.270000 AllEvtErr= 171.666992 SelEvt= 0.000000  SelEvtErr= 0.000000 AllEvtnoweight= 29474.000000 SelEvtnoweight= 0.000000 Nfile= 268 
ID= 10630533 AllEvt= 10752.420100 AllEvtErr= 103.729666 SelEvt= 0.000000  SelEvtErr= 0.000000 AllEvtnoweight= 10761.000000 SelEvtnoweight= 0.000000 Nfile= 268 
ID= 10710333 AllEvt= 23320.570100 AllEvtErr= 152.732286 SelEvt= 0.000000  SelEvtErr= 0.000000 AllEvtnoweight= 23330.000000 SelEvtnoweight= 0.000000 Nfile= 268 
ID= 10710433 AllEvt= 55137.780000 AllEvtErr= 234.901214 SelEvt= 0.000000  SelEvtErr= 0.000000 AllEvtnoweight= 55185.000000 SelEvtnoweight= 0.000000 Nfile= 268 
ID= 10730533 AllEvt= 19702.960000 AllEvtErr= 140.392050 SelEvt= 0.000000  SelEvtErr= 0.000000 AllEvtnoweight= 19712.000000 SelEvtnoweight= 0.000000 Nfile= 268 
ID= 10910333 AllEvt= 18800.610100 AllEvtErr= 137.175919 SelEvt= 0.000000  SelEvtErr= 0.000000 AllEvtnoweight= 18820.000000 SelEvtnoweight= 0.000000 Nfile= 268 
ID= 10910433 AllEvt= 44477.390000 AllEvtErr= 210.961584 SelEvt= 0.000000  SelEvtErr= 0.000000 AllEvtnoweight= 44510.000000 SelEvtnoweight= 0.000000 Nfile= 268 
ID= 10930533 AllEvt= 15877.940000 AllEvtErr= 126.058914 SelEvt= 0.000000  SelEvtErr= 0.000000 AllEvtnoweight= 15893.000000 SelEvtnoweight= 0.000000 Nfile= 268 
ID= 11510333 AllEvt= 3040.800000 AllEvtErr= 55.159781 SelEvt= 0.000000  SelEvtErr= 0.000000 AllEvtnoweight= 3043.000000 SelEvtnoweight= 0.000000 Nfile= 268 
ID= 11510433 AllEvt= 6952.510000 AllEvtErr= 83.402786 SelEvt= 0.000000  SelEvtErr= 0.000000 AllEvtnoweight= 6957.000000 SelEvtnoweight= 0.000000 Nfile= 268 
ID= 11530533 AllEvt= 2604.860000 AllEvtErr= 51.036466 SelEvt= 0.000000  SelEvtErr= 0.000000 AllEvtnoweight= 2605.000000 SelEvtnoweight= 0.000000 Nfile= 268 
ID= 11610333 AllEvt= 2865.670100 AllEvtErr= 53.547579 SelEvt= 0.000000  SelEvtErr= 0.000000 AllEvtnoweight= 2868.000000 SelEvtnoweight= 0.000000 Nfile= 268 
ID= 11610433 AllEvt= 6722.510000 AllEvtErr= 82.024534 SelEvt= 0.000000  SelEvtErr= 0.000000 AllEvtnoweight= 6729.000000 SelEvtnoweight= 0.000000 Nfile= 268 
ID= 11630533 AllEvt= 2364.950000 AllEvtErr= 48.712425 SelEvt= 0.000000  SelEvtErr= 0.000000 AllEvtnoweight= 2373.000000 SelEvtnoweight= 0.000000 Nfile= 268 
ID= 11710333 AllEvt= 1186.910000 AllEvtErr= 34.450267 SelEvt= 0.000000  SelEvtErr= 0.000000 AllEvtnoweight= 1187.000000 SelEvtnoweight= 0.000000 Nfile= 265 
ID= 11710433 AllEvt= 2753.790000 AllEvtErr= 52.493639 SelEvt= 0.000000  SelEvtErr= 0.000000 AllEvtnoweight= 2756.000000 SelEvtnoweight= 0.000000 Nfile= 268 
ID= 11730533 AllEvt= 951.950000 AllEvtErr= 30.852878 SelEvt= 0.000000  SelEvtErr= 0.000000 AllEvtnoweight= 952.000000 SelEvtnoweight= 0.000000 Nfile= 261 
ID= 11910333 AllEvt= 7166.610100 AllEvtErr= 84.700786 SelEvt= 0.000000  SelEvtErr= 0.000000 AllEvtnoweight= 7175.000000 SelEvtnoweight= 0.000000 Nfile= 268 
ID= 11910433 AllEvt= 16927.940200 AllEvtErr= 130.141814 SelEvt= 0.000000  SelEvtErr= 0.000000 AllEvtnoweight= 16939.000000 SelEvtnoweight= 0.000000 Nfile= 268 
ID= 11930533 AllEvt= 6043.630100 AllEvtErr= 77.777028 SelEvt= 0.000000  SelEvtErr= 0.000000 AllEvtnoweight= 6050.000000 SelEvtnoweight= 0.000000 Nfile= 268 
ID= 12010333 AllEvt= 3133.880000 AllEvtErr= 55.980004 SelEvt= 0.000000  SelEvtErr= 0.000000 AllEvtnoweight= 3134.000000 SelEvtnoweight= 0.000000 Nfile= 268 
ID= 12010433 AllEvt= 7526.570000 AllEvtErr= 86.764873 SelEvt= 0.000000  SelEvtErr= 0.000000 AllEvtnoweight= 7529.000000 SelEvtnoweight= 0.000000 Nfile= 268 
ID= 12030533 AllEvt= 2794.810000 AllEvtErr= 52.864182 SelEvt= 0.000000  SelEvtErr= 0.000000 AllEvtnoweight= 2795.000000 SelEvtnoweight= 0.000000 Nfile= 268 
ID= 12210333 AllEvt= 2815.810000 AllEvtErr= 53.100109 SelEvt= 0.000000  SelEvtErr= 0.000000 AllEvtnoweight= 2820.000000 SelEvtnoweight= 0.000000 Nfile= 268 
ID= 12210433 AllEvt= 6664.640000 AllEvtErr= 81.659562 SelEvt= 0.000000  SelEvtErr= 0.000000 AllEvtnoweight= 6669.000000 SelEvtnoweight= 0.000000 Nfile= 268 
ID= 12230533 AllEvt= 2419.830000 AllEvtErr= 49.210383 SelEvt= 0.000000  SelEvtErr= 0.000000 AllEvtnoweight= 2422.000000 SelEvtnoweight= 0.000000 Nfile= 268 
ID= 30530533 AllEvt= 71372.800000 AllEvtErr= 267.212648 SelEvt= 0.000000  SelEvtErr= 0.000000 AllEvtnoweight= 71411.000000 SelEvtnoweight= 0.000000 Nfile= 268 
