ID= 1 AllEvt= 186098489.000000 AllEvtErr= 13641.791404 SelEvt= 0.000000  SelEvtErr= 0.000000 AllEvtnoweight= 186098489.000000 SelEvtnoweight= 0.000000 Nfile= 1552 
ID= 60 AllEvt= 186098489.000000 AllEvtErr= 13641.791404 SelEvt= 0.000000  SelEvtErr= 0.000000 AllEvtnoweight= 186098489.000000 SelEvtnoweight= 0.000000 Nfile= 1552 
ID= 36 AllEvt= 186098489.000000 AllEvtErr= 13641.791404 SelEvt= 0.000000  SelEvtErr= 0.000000 AllEvtnoweight= 186098489.000000 SelEvtnoweight= 0.000000 Nfile= 1552 
ID= 30 AllEvt= 199712529.000000 AllEvtErr= 14131.967752 SelEvt= 0.000000  SelEvtErr= 0.000000 AllEvtnoweight= 199712529.000000 SelEvtnoweight= 0.000000 Nfile= 1951 
ID= 33 AllEvt= 25166304.000000 AllEvtErr= 5016.603056 SelEvt= 0.000000  SelEvtErr= 0.000000 AllEvtnoweight= 25166304.000000 SelEvtnoweight= 0.000000 Nfile= 1687 
ID= 10010333 AllEvt= 11522.000000 AllEvtErr= 107.340587 SelEvt= 0.000000  SelEvtErr= 0.000000 AllEvtnoweight= 11522.000000 SelEvtnoweight= 0.000000 Nfile= 1635 
ID= 10010433 AllEvt= 27607.000000 AllEvtErr= 166.153550 SelEvt= 0.000000  SelEvtErr= 0.000000 AllEvtnoweight= 27607.000000 SelEvtnoweight= 0.000000 Nfile= 1685 
ID= 10030533 AllEvt= 10026.000000 AllEvtErr= 100.129909 SelEvt= 0.000000  SelEvtErr= 0.000000 AllEvtnoweight= 10026.000000 SelEvtnoweight= 0.000000 Nfile= 1626 
ID= 10110333 AllEvt= 2872589.000000 AllEvtErr= 1694.871417 SelEvt= 0.000000  SelEvtErr= 0.000000 AllEvtnoweight= 2872589.000000 SelEvtnoweight= 0.000000 Nfile= 1687 
ID= 10110433 AllEvt= 6809027.000000 AllEvtErr= 2609.411243 SelEvt= 0.000000  SelEvtErr= 0.000000 AllEvtnoweight= 6809027.000000 SelEvtnoweight= 0.000000 Nfile= 1687 
ID= 10130533 AllEvt= 2468355.000000 AllEvtErr= 1571.099897 SelEvt= 0.000000  SelEvtErr= 0.000000 AllEvtnoweight= 2468355.000000 SelEvtnoweight= 0.000000 Nfile= 1687 
ID= 10210333 AllEvt= 2799727.000000 AllEvtErr= 1673.238526 SelEvt= 0.000000  SelEvtErr= 0.000000 AllEvtnoweight= 2799727.000000 SelEvtnoweight= 0.000000 Nfile= 1687 
ID= 10210433 AllEvt= 6649851.000000 AllEvtErr= 2578.730577 SelEvt= 0.000000  SelEvtErr= 0.000000 AllEvtnoweight= 6649851.000000 SelEvtnoweight= 0.000000 Nfile= 1687 
ID= 10230533 AllEvt= 2407517.000000 AllEvtErr= 1551.617599 SelEvt= 0.000000  SelEvtErr= 0.000000 AllEvtnoweight= 2407517.000000 SelEvtnoweight= 0.000000 Nfile= 1687 
ID= 10230833 AllEvt= 1195357.000000 AllEvtErr= 1093.323920 SelEvt= 0.000000  SelEvtErr= 0.000000 AllEvtnoweight= 1195357.000000 SelEvtnoweight= 0.000000 Nfile= 1686 
ID= 10231433 AllEvt= 37106.000000 AllEvtErr= 192.629182 SelEvt= 0.000000  SelEvtErr= 0.000000 AllEvtnoweight= 37106.000000 SelEvtnoweight= 0.000000 Nfile= 1684 
ID= 10231833 AllEvt= 90354.000000 AllEvtErr= 300.589421 SelEvt= 0.000000  SelEvtErr= 0.000000 AllEvtnoweight= 90354.000000 SelEvtnoweight= 0.000000 Nfile= 1687 
ID= 10310333 AllEvt= 872081.000000 AllEvtErr= 933.852664 SelEvt= 0.000000  SelEvtErr= 0.000000 AllEvtnoweight= 872081.000000 SelEvtnoweight= 0.000000 Nfile= 1687 
ID= 10330533 AllEvt= 1497701.000000 AllEvtErr= 1223.805918 SelEvt= 0.000000  SelEvtErr= 0.000000 AllEvtnoweight= 1497701.000000 SelEvtnoweight= 0.000000 Nfile= 1687 
ID= 10410333 AllEvt= 4134827.000000 AllEvtErr= 2033.427481 SelEvt= 0.000000  SelEvtErr= 0.000000 AllEvtnoweight= 4134827.000000 SelEvtnoweight= 0.000000 Nfile= 1687 
ID= 10410433 AllEvt= 4903778.000000 AllEvtErr= 2214.447573 SelEvt= 0.000000  SelEvtErr= 0.000000 AllEvtnoweight= 4903778.000000 SelEvtnoweight= 0.000000 Nfile= 1687 
ID= 10430533 AllEvt= 3556700.000000 AllEvtErr= 1885.921598 SelEvt= 0.000000  SelEvtErr= 0.000000 AllEvtnoweight= 3556700.000000 SelEvtnoweight= 0.000000 Nfile= 1687 
ID= 10510333 AllEvt= 1496056.000000 AllEvtErr= 1223.133615 SelEvt= 0.000000  SelEvtErr= 0.000000 AllEvtnoweight= 1496056.000000 SelEvtnoweight= 0.000000 Nfile= 1687 
ID= 10510433 AllEvt= 3553480.000000 AllEvtErr= 1885.067626 SelEvt= 0.000000  SelEvtErr= 0.000000 AllEvtnoweight= 3553480.000000 SelEvtnoweight= 0.000000 Nfile= 1687 
ID= 10530533 AllEvt= 1286450.000000 AllEvtErr= 1134.217781 SelEvt= 0.000000  SelEvtErr= 0.000000 AllEvtnoweight= 1286450.000000 SelEvtnoweight= 0.000000 Nfile= 1687 
ID= 10610333 AllEvt= 112233.000000 AllEvtErr= 335.011922 SelEvt= 0.000000  SelEvtErr= 0.000000 AllEvtnoweight= 112233.000000 SelEvtnoweight= 0.000000 Nfile= 1685 
ID= 10610433 AllEvt= 268293.000000 AllEvtErr= 517.970051 SelEvt= 0.000000  SelEvtErr= 0.000000 AllEvtnoweight= 268293.000000 SelEvtnoweight= 0.000000 Nfile= 1686 
ID= 10630533 AllEvt= 97202.000000 AllEvtErr= 311.772376 SelEvt= 0.000000  SelEvtErr= 0.000000 AllEvtnoweight= 97202.000000 SelEvtnoweight= 0.000000 Nfile= 1686 
ID= 10710333 AllEvt= 210497.000000 AllEvtErr= 458.799463 SelEvt= 0.000000  SelEvtErr= 0.000000 AllEvtnoweight= 210497.000000 SelEvtnoweight= 0.000000 Nfile= 1687 
ID= 10710433 AllEvt= 499169.000000 AllEvtErr= 706.518905 SelEvt= 0.000000  SelEvtErr= 0.000000 AllEvtnoweight= 499169.000000 SelEvtnoweight= 0.000000 Nfile= 1686 
ID= 10730533 AllEvt= 181223.000000 AllEvtErr= 425.702909 SelEvt= 0.000000  SelEvtErr= 0.000000 AllEvtnoweight= 181223.000000 SelEvtnoweight= 0.000000 Nfile= 1686 
ID= 10910333 AllEvt= 168961.000000 AllEvtErr= 411.048583 SelEvt= 0.000000  SelEvtErr= 0.000000 AllEvtnoweight= 168961.000000 SelEvtnoweight= 0.000000 Nfile= 1686 
ID= 10910433 AllEvt= 401820.000000 AllEvtErr= 633.892661 SelEvt= 0.000000  SelEvtErr= 0.000000 AllEvtnoweight= 401820.000000 SelEvtnoweight= 0.000000 Nfile= 1686 
ID= 10930533 AllEvt= 145274.000000 AllEvtErr= 381.148169 SelEvt= 0.000000  SelEvtErr= 0.000000 AllEvtnoweight= 145274.000000 SelEvtnoweight= 0.000000 Nfile= 1687 
ID= 11510333 AllEvt= 26746.000000 AllEvtErr= 163.542039 SelEvt= 0.000000  SelEvtErr= 0.000000 AllEvtnoweight= 26746.000000 SelEvtnoweight= 0.000000 Nfile= 1684 
ID= 11510433 AllEvt= 64395.000000 AllEvtErr= 253.761668 SelEvt= 0.000000  SelEvtErr= 0.000000 AllEvtnoweight= 64395.000000 SelEvtnoweight= 0.000000 Nfile= 1685 
ID= 11530533 AllEvt= 23307.000000 AllEvtErr= 152.666297 SelEvt= 0.000000  SelEvtErr= 0.000000 AllEvtnoweight= 23307.000000 SelEvtnoweight= 0.000000 Nfile= 1685 
ID= 11610333 AllEvt= 25783.000000 AllEvtErr= 160.570855 SelEvt= 0.000000  SelEvtErr= 0.000000 AllEvtnoweight= 25783.000000 SelEvtnoweight= 0.000000 Nfile= 1684 
ID= 11610433 AllEvt= 60811.000000 AllEvtErr= 246.598831 SelEvt= 0.000000  SelEvtErr= 0.000000 AllEvtnoweight= 60811.000000 SelEvtnoweight= 0.000000 Nfile= 1685 
ID= 11630533 AllEvt= 22064.000000 AllEvtErr= 148.539557 SelEvt= 0.000000  SelEvtErr= 0.000000 AllEvtnoweight= 22064.000000 SelEvtnoweight= 0.000000 Nfile= 1679 
ID= 11710333 AllEvt= 10401.000000 AllEvtErr= 101.985292 SelEvt= 0.000000  SelEvtErr= 0.000000 AllEvtnoweight= 10401.000000 SelEvtnoweight= 0.000000 Nfile= 1633 
ID= 11710433 AllEvt= 24947.000000 AllEvtErr= 157.946188 SelEvt= 0.000000  SelEvtErr= 0.000000 AllEvtnoweight= 24947.000000 SelEvtnoweight= 0.000000 Nfile= 1681 
ID= 11730533 AllEvt= 8938.000000 AllEvtErr= 94.540989 SelEvt= 0.000000  SelEvtErr= 0.000000 AllEvtnoweight= 8938.000000 SelEvtnoweight= 0.000000 Nfile= 1603 
ID= 11910333 AllEvt= 64376.000000 AllEvtErr= 253.724228 SelEvt= 0.000000  SelEvtErr= 0.000000 AllEvtnoweight= 64376.000000 SelEvtnoweight= 0.000000 Nfile= 1685 
ID= 11910433 AllEvt= 152807.000000 AllEvtErr= 390.905295 SelEvt= 0.000000  SelEvtErr= 0.000000 AllEvtnoweight= 152807.000000 SelEvtnoweight= 0.000000 Nfile= 1687 
ID= 11930533 AllEvt= 54933.000000 AllEvtErr= 234.377870 SelEvt= 0.000000  SelEvtErr= 0.000000 AllEvtnoweight= 54933.000000 SelEvtnoweight= 0.000000 Nfile= 1685 
ID= 12010333 AllEvt= 28863.000000 AllEvtErr= 169.891146 SelEvt= 0.000000  SelEvtErr= 0.000000 AllEvtnoweight= 28863.000000 SelEvtnoweight= 0.000000 Nfile= 1682 
ID= 12010433 AllEvt= 68839.000000 AllEvtErr= 262.371841 SelEvt= 0.000000  SelEvtErr= 0.000000 AllEvtnoweight= 68839.000000 SelEvtnoweight= 0.000000 Nfile= 1685 
ID= 12030533 AllEvt= 25219.000000 AllEvtErr= 158.804908 SelEvt= 0.000000  SelEvtErr= 0.000000 AllEvtnoweight= 25219.000000 SelEvtnoweight= 0.000000 Nfile= 1683 
ID= 12210333 AllEvt= 25574.000000 AllEvtErr= 159.918729 SelEvt= 0.000000  SelEvtErr= 0.000000 AllEvtnoweight= 25574.000000 SelEvtnoweight= 0.000000 Nfile= 1684 
ID= 12210433 AllEvt= 60513.000000 AllEvtErr= 245.993874 SelEvt= 0.000000  SelEvtErr= 0.000000 AllEvtnoweight= 60513.000000 SelEvtnoweight= 0.000000 Nfile= 1686 
ID= 12230533 AllEvt= 22046.000000 AllEvtErr= 148.478950 SelEvt= 0.000000  SelEvtErr= 0.000000 AllEvtnoweight= 22046.000000 SelEvtnoweight= 0.000000 Nfile= 1681 
ID= 30530533 AllEvt= 646103.000000 AllEvtErr= 803.805324 SelEvt= 0.000000  SelEvtErr= 0.000000 AllEvtnoweight= 646103.000000 SelEvtnoweight= 0.000000 Nfile= 1687
ID= 202 AllEvt= 4782075.000000 AllEvtErr= 2186.795809 SelEvt= 0.000000  SelEvtErr= 0.000000 AllEvtnoweight= 4782075.000000 SelEvtnoweight= 0.000000 Nfile= 49 
ID= 201 AllEvt= 4943595.000000 AllEvtErr= 2223.419472 SelEvt= 0.000000  SelEvtErr= 0.000000 AllEvtnoweight= 4943595.000000 SelEvtnoweight= 0.000000 Nfile= 51 
ID= 203 AllEvt= 871585.000000 AllEvtErr= 933.587294 SelEvt= 0.000000  SelEvtErr= 0.000000 AllEvtnoweight= 871585.000000 SelEvtnoweight= 0.000000 Nfile= 11 
ID= 10010503 AllEvt= 41.000000 AllEvtErr= 6.403123 SelEvt= 0.000000  SelEvtErr= 0.000000 AllEvtnoweight= 41.000000 SelEvtnoweight= 0.000000 Nfile= 10 
ID= 10010603 AllEvt= 82.000000 AllEvtErr= 9.055385 SelEvt= 0.000000  SelEvtErr= 0.000000 AllEvtnoweight= 82.000000 SelEvtnoweight= 0.000000 Nfile= 11 
ID= 10030703 AllEvt= 24.000000 AllEvtErr= 4.898977 SelEvt= 0.000000  SelEvtErr= 0.000000 AllEvtnoweight= 24.000000 SelEvtnoweight= 0.000000 Nfile= 10 
ID= 10110503 AllEvt= 7358.000000 AllEvtErr= 85.778772 SelEvt= 0.000000  SelEvtErr= 0.000000 AllEvtnoweight= 7358.000000 SelEvtnoweight= 0.000000 Nfile= 11 
ID= 10110603 AllEvt= 17252.000000 AllEvtErr= 131.346896 SelEvt= 0.000000  SelEvtErr= 0.000000 AllEvtnoweight= 17252.000000 SelEvtnoweight= 0.000000 Nfile= 11 
ID= 10130703 AllEvt= 6200.000000 AllEvtErr= 78.740061 SelEvt= 0.000000  SelEvtErr= 0.000000 AllEvtnoweight= 6200.000000 SelEvtnoweight= 0.000000 Nfile= 11 
ID= 10210503 AllEvt= 7151.000000 AllEvtErr= 84.563604 SelEvt= 0.000000  SelEvtErr= 0.000000 AllEvtnoweight= 7151.000000 SelEvtnoweight= 0.000000 Nfile= 11 
ID= 10210603 AllEvt= 17042.000000 AllEvtErr= 130.545010 SelEvt= 0.000000  SelEvtErr= 0.000000 AllEvtnoweight= 17042.000000 SelEvtnoweight= 0.000000 Nfile= 11 
ID= 10230703 AllEvt= 6080.000000 AllEvtErr= 77.974347 SelEvt= 0.000000  SelEvtErr= 0.000000 AllEvtnoweight= 6080.000000 SelEvtnoweight= 0.000000 Nfile= 11 
ID= 10231003 AllEvt= 3050.000000 AllEvtErr= 55.226755 SelEvt= 0.000000  SelEvtErr= 0.000000 AllEvtnoweight= 3050.000000 SelEvtnoweight= 0.000000 Nfile= 11 
ID= 10231603 AllEvt= 94.000000 AllEvtErr= 9.695358 SelEvt= 0.000000  SelEvtErr= 0.000000 AllEvtnoweight= 94.000000 SelEvtnoweight= 0.000000 Nfile= 11 
ID= 10232003 AllEvt= 220.000000 AllEvtErr= 14.832402 SelEvt= 0.000000  SelEvtErr= 0.000000 AllEvtnoweight= 220.000000 SelEvtnoweight= 0.000000 Nfile= 11 
ID= 10310503 AllEvt= 2236.000000 AllEvtErr= 47.286303 SelEvt= 0.000000  SelEvtErr= 0.000000 AllEvtnoweight= 2236.000000 SelEvtnoweight= 0.000000 Nfile= 11 
ID= 10330703 AllEvt= 3922.000000 AllEvtErr= 62.625847 SelEvt= 0.000000  SelEvtErr= 0.000000 AllEvtnoweight= 3922.000000 SelEvtnoweight= 0.000000 Nfile= 11 
ID= 10410503 AllEvt= 10538.000000 AllEvtErr= 102.654801 SelEvt= 0.000000  SelEvtErr= 0.000000 AllEvtnoweight= 10538.000000 SelEvtnoweight= 0.000000 Nfile= 11 
ID= 10410603 AllEvt= 12395.000000 AllEvtErr= 111.332865 SelEvt= 0.000000  SelEvtErr= 0.000000 AllEvtnoweight= 12395.000000 SelEvtnoweight= 0.000000 Nfile= 11 
ID= 10430703 AllEvt= 9026.000000 AllEvtErr= 95.005263 SelEvt= 0.000000  SelEvtErr= 0.000000 AllEvtnoweight= 9026.000000 SelEvtnoweight= 0.000000 Nfile= 11 
ID= 10510503 AllEvt= 3826.000000 AllEvtErr= 61.854662 SelEvt= 0.000000  SelEvtErr= 0.000000 AllEvtnoweight= 3826.000000 SelEvtnoweight= 0.000000 Nfile= 11 
ID= 10510603 AllEvt= 9187.000000 AllEvtErr= 95.848817 SelEvt= 0.000000  SelEvtErr= 0.000000 AllEvtnoweight= 9187.000000 SelEvtnoweight= 0.000000 Nfile= 11 
ID= 10530703 AllEvt= 3191.000000 AllEvtErr= 56.488937 SelEvt= 0.000000  SelEvtErr= 0.000000 AllEvtnoweight= 3191.000000 SelEvtnoweight= 0.000000 Nfile= 11 
ID= 10610503 AllEvt= 281.000000 AllEvtErr= 16.763048 SelEvt= 0.000000  SelEvtErr= 0.000000 AllEvtnoweight= 281.000000 SelEvtnoweight= 0.000000 Nfile= 11 
ID= 10610603 AllEvt= 674.000000 AllEvtErr= 25.961509 SelEvt= 0.000000  SelEvtErr= 0.000000 AllEvtnoweight= 674.000000 SelEvtnoweight= 0.000000 Nfile= 11 
ID= 10630703 AllEvt= 268.000000 AllEvtErr= 16.370705 SelEvt= 0.000000  SelEvtErr= 0.000000 AllEvtnoweight= 268.000000 SelEvtnoweight= 0.000000 Nfile= 11 
ID= 10710503 AllEvt= 583.000000 AllEvtErr= 24.145393 SelEvt= 0.000000  SelEvtErr= 0.000000 AllEvtnoweight= 583.000000 SelEvtnoweight= 0.000000 Nfile= 11 
ID= 10710603 AllEvt= 1233.000000 AllEvtErr= 35.114048 SelEvt= 0.000000  SelEvtErr= 0.000000 AllEvtnoweight= 1233.000000 SelEvtnoweight= 0.000000 Nfile= 11 
ID= 10730703 AllEvt= 456.000000 AllEvtErr= 21.354155 SelEvt= 0.000000  SelEvtErr= 0.000000 AllEvtnoweight= 456.000000 SelEvtnoweight= 0.000000 Nfile= 11 
ID= 10910503 AllEvt= 436.000000 AllEvtErr= 20.880608 SelEvt= 0.000000  SelEvtErr= 0.000000 AllEvtnoweight= 436.000000 SelEvtnoweight= 0.000000 Nfile= 11 
ID= 10910603 AllEvt= 1018.000000 AllEvtErr= 31.906107 SelEvt= 0.000000  SelEvtErr= 0.000000 AllEvtnoweight= 1018.000000 SelEvtnoweight= 0.000000 Nfile= 11 
ID= 10930703 AllEvt= 343.000000 AllEvtErr= 18.520251 SelEvt= 0.000000  SelEvtErr= 0.000000 AllEvtnoweight= 343.000000 SelEvtnoweight= 0.000000 Nfile= 11 
ID= 11510503 AllEvt= 61.000000 AllEvtErr= 7.810249 SelEvt= 0.000000  SelEvtErr= 0.000000 AllEvtnoweight= 61.000000 SelEvtnoweight= 0.000000 Nfile= 11 
ID= 11510603 AllEvt= 148.000000 AllEvtErr= 12.165526 SelEvt= 0.000000  SelEvtErr= 0.000000 AllEvtnoweight= 148.000000 SelEvtnoweight= 0.000000 Nfile= 11 
ID= 11530703 AllEvt= 69.000000 AllEvtErr= 8.306626 SelEvt= 0.000000  SelEvtErr= 0.000000 AllEvtnoweight= 69.000000 SelEvtnoweight= 0.000000 Nfile= 11 
ID= 11610503 AllEvt= 65.000000 AllEvtErr= 8.062261 SelEvt= 0.000000  SelEvtErr= 0.000000 AllEvtnoweight= 65.000000 SelEvtnoweight= 0.000000 Nfile= 11 
ID= 11610603 AllEvt= 148.000000 AllEvtErr= 12.165526 SelEvt= 0.000000  SelEvtErr= 0.000000 AllEvtnoweight= 148.000000 SelEvtnoweight= 0.000000 Nfile= 11 
ID= 11630703 AllEvt= 53.000000 AllEvtErr= 7.280110 SelEvt= 0.000000  SelEvtErr= 0.000000 AllEvtnoweight= 53.000000 SelEvtnoweight= 0.000000 Nfile= 11 
ID= 11710503 AllEvt= 25.000000 AllEvtErr= 5.000000 SelEvt= 0.000000  SelEvtErr= 0.000000 AllEvtnoweight= 25.000000 SelEvtnoweight= 0.000000 Nfile= 9 
ID= 11710603 AllEvt= 64.000000 AllEvtErr= 7.999998 SelEvt= 0.000000  SelEvtErr= 0.000000 AllEvtnoweight= 64.000000 SelEvtnoweight= 0.000000 Nfile= 10 
ID= 11730703 AllEvt= 30.000000 AllEvtErr= 5.477225 SelEvt= 0.000000  SelEvtErr= 0.000000 AllEvtnoweight= 30.000000 SelEvtnoweight= 0.000000 Nfile= 10 
ID= 11910503 AllEvt= 187.000000 AllEvtErr= 13.674796 SelEvt= 0.000000  SelEvtErr= 0.000000 AllEvtnoweight= 187.000000 SelEvtnoweight= 0.000000 Nfile= 11 
ID= 11910603 AllEvt= 361.000000 AllEvtErr= 18.999994 SelEvt= 0.000000  SelEvtErr= 0.000000 AllEvtnoweight= 361.000000 SelEvtnoweight= 0.000000 Nfile= 11 
ID= 11930703 AllEvt= 151.000000 AllEvtErr= 12.288205 SelEvt= 0.000000  SelEvtErr= 0.000000 AllEvtnoweight= 151.000000 SelEvtnoweight= 0.000000 Nfile= 11 
ID= 12010503 AllEvt= 72.000000 AllEvtErr= 8.485285 SelEvt= 0.000000  SelEvtErr= 0.000000 AllEvtnoweight= 72.000000 SelEvtnoweight= 0.000000 Nfile= 11 
ID= 12010603 AllEvt= 193.000000 AllEvtErr= 13.892445 SelEvt= 0.000000  SelEvtErr= 0.000000 AllEvtnoweight= 193.000000 SelEvtnoweight= 0.000000 Nfile= 11 
ID= 12030703 AllEvt= 65.000000 AllEvtErr= 8.062258 SelEvt= 0.000000  SelEvtErr= 0.000000 AllEvtnoweight= 65.000000 SelEvtnoweight= 0.000000 Nfile= 11 
ID= 12210503 AllEvt= 65.000000 AllEvtErr= 8.062259 SelEvt= 0.000000  SelEvtErr= 0.000000 AllEvtnoweight= 65.000000 SelEvtnoweight= 0.000000 Nfile= 11 
ID= 12210603 AllEvt= 170.000000 AllEvtErr= 13.038410 SelEvt= 0.000000  SelEvtErr= 0.000000 AllEvtnoweight= 170.000000 SelEvtnoweight= 0.000000 Nfile= 11 
ID= 12230703 AllEvt= 44.000000 AllEvtErr= 6.633249 SelEvt= 0.000000  SelEvtErr= 0.000000 AllEvtnoweight= 44.000000 SelEvtnoweight= 0.000000 Nfile= 11 
ID= 30530703 AllEvt= 1688.000000 AllEvtErr= 41.085277 SelEvt= 0.000000  SelEvtErr= 0.000000 AllEvtnoweight= 1688.000000 SelEvtnoweight= 0.000000 Nfile= 11 
ID= 27 AllEvt= 2985280.000000 AllEvtErr= 1727.796779 SelEvt= 0.000000  SelEvtErr= 0.000000 AllEvtnoweight= 2985280.000000 SelEvtnoweight= 0.000000 Nfile= 31 
ID= 11 AllEvt= 7125509.800000 AllEvtErr= 2669.308051 SelEvt= 0.000000  SelEvtErr= 0.000000 AllEvtnoweight= 7125815.000000 SelEvtnoweight= 0.000000 Nfile= 203 
ID= 10010311 AllEvt= 2933.870000 AllEvtErr= 54.164020 SelEvt= 0.000000  SelEvtErr= 0.000000 AllEvtnoweight= 2934.000000 SelEvtnoweight= 0.000000 Nfile= 203 
ID= 10010411 AllEvt= 8955.620000 AllEvtErr= 94.632147 SelEvt= 0.000000  SelEvtErr= 0.000000 AllEvtnoweight= 8956.000000 SelEvtnoweight= 0.000000 Nfile= 203 
ID= 10030511 AllEvt= 4287.890000 AllEvtErr= 65.481163 SelEvt= 0.000000  SelEvtErr= 0.000000 AllEvtnoweight= 4288.000000 SelEvtnoweight= 0.000000 Nfile= 203 
ID= 10110311 AllEvt= 635018.740000 AllEvtErr= 796.865570 SelEvt= 0.000000  SelEvtErr= 0.000000 AllEvtnoweight= 635043.000000 SelEvtnoweight= 0.000000 Nfile= 203 
ID= 10110411 AllEvt= 1850176.940000 AllEvtErr= 1360.185532 SelEvt= 0.000000  SelEvtErr= 0.000000 AllEvtnoweight= 1850250.000000 SelEvtnoweight= 0.000000 Nfile= 203 
ID= 10130511 AllEvt= 756909.180000 AllEvtErr= 869.988321 SelEvt= 0.000000  SelEvtErr= 0.000000 AllEvtnoweight= 756939.000000 SelEvtnoweight= 0.000000 Nfile= 203 
ID= 10210311 AllEvt= 765904.180000 AllEvtErr= 875.143233 SelEvt= 0.000000  SelEvtErr= 0.000000 AllEvtnoweight= 765933.000000 SelEvtnoweight= 0.000000 Nfile= 203 
ID= 10210411 AllEvt= 2226402.730000 AllEvtErr= 1492.085072 SelEvt= 0.000000  SelEvtErr= 0.000000 AllEvtnoweight= 2226487.000000 SelEvtnoweight= 0.000000 Nfile= 203 
ID= 10230511 AllEvt= 908989.220000 AllEvtErr= 953.391215 SelEvt= 0.000000  SelEvtErr= 0.000000 AllEvtnoweight= 909024.000000 SelEvtnoweight= 0.000000 Nfile= 203 
ID= 10230811 AllEvt= 460953.990000 AllEvtErr= 678.923511 SelEvt= 0.000000  SelEvtErr= 0.000000 AllEvtnoweight= 460971.000000 SelEvtnoweight= 0.000000 Nfile= 203 
ID= 10231411 AllEvt= 14465.370100 AllEvtErr= 120.269476 SelEvt= 0.000000  SelEvtErr= 0.000000 AllEvtnoweight= 14466.000000 SelEvtnoweight= 0.000000 Nfile= 203 
ID= 10231811 AllEvt= 35239.640000 AllEvtErr= 187.718537 SelEvt= 0.000000  SelEvtErr= 0.000000 AllEvtnoweight= 35241.000000 SelEvtnoweight= 0.000000 Nfile= 203 
ID= 10310311 AllEvt= 101225.880000 AllEvtErr= 318.153787 SelEvt= 0.000000  SelEvtErr= 0.000000 AllEvtnoweight= 101230.000000 SelEvtnoweight= 0.000000 Nfile= 203 
ID= 10330511 AllEvt= 295020.450000 AllEvtErr= 543.147374 SelEvt= 0.000000  SelEvtErr= 0.000000 AllEvtnoweight= 295032.000000 SelEvtnoweight= 0.000000 Nfile= 203 
ID= 10410311 AllEvt= 605260.020000 AllEvtErr= 777.968704 SelEvt= 0.000000  SelEvtErr= 0.000000 AllEvtnoweight= 605285.000000 SelEvtnoweight= 0.000000 Nfile= 203 
ID= 10410411 AllEvt= 902138.390000 AllEvtErr= 949.790569 SelEvt= 0.000000  SelEvtErr= 0.000000 AllEvtnoweight= 902175.000000 SelEvtnoweight= 0.000000 Nfile= 203 
ID= 10430511 AllEvt= 881738.080000 AllEvtErr= 938.990707 SelEvt= 0.000000  SelEvtErr= 0.000000 AllEvtnoweight= 881773.000000 SelEvtnoweight= 0.000000 Nfile= 203 
ID= 10510311 AllEvt= 303159.710000 AllEvtErr= 550.589192 SelEvt= 0.000000  SelEvtErr= 0.000000 AllEvtnoweight= 303171.000000 SelEvtnoweight= 0.000000 Nfile= 203 
ID= 10510411 AllEvt= 903768.590000 AllEvtErr= 950.649031 SelEvt= 0.000000  SelEvtErr= 0.000000 AllEvtnoweight= 903804.000000 SelEvtnoweight= 0.000000 Nfile= 203 
ID= 10530511 AllEvt= 440102.040000 AllEvtErr= 663.389198 SelEvt= 0.000000  SelEvtErr= 0.000000 AllEvtnoweight= 440119.000000 SelEvtnoweight= 0.000000 Nfile= 203 
ID= 10610311 AllEvt= 14118.450000 AllEvtErr= 118.818790 SelEvt= 0.000000  SelEvtErr= 0.000000 AllEvtnoweight= 14119.000000 SelEvtnoweight= 0.000000 Nfile= 203 
ID= 10610411 AllEvt= 42035.230000 AllEvtErr= 205.020617 SelEvt= 0.000000  SelEvtErr= 0.000000 AllEvtnoweight= 42037.000000 SelEvtnoweight= 0.000000 Nfile= 203 
ID= 10630511 AllEvt= 20754.290000 AllEvtErr= 144.061091 SelEvt= 0.000000  SelEvtErr= 0.000000 AllEvtnoweight= 20755.000000 SelEvtnoweight= 0.000000 Nfile= 203 
ID= 10710311 AllEvt= 33892.620000 AllEvtErr= 184.095697 SelEvt= 0.000000  SelEvtErr= 0.000000 AllEvtnoweight= 33894.000000 SelEvtnoweight= 0.000000 Nfile= 203 
ID= 10710411 AllEvt= 100212.840000 AllEvtErr= 316.557676 SelEvt= 0.000000  SelEvtErr= 0.000000 AllEvtnoweight= 100217.000000 SelEvtnoweight= 0.000000 Nfile= 203 
ID= 10730511 AllEvt= 48869.000000 AllEvtErr= 221.058881 SelEvt= 0.000000  SelEvtErr= 0.000000 AllEvtnoweight= 48871.000000 SelEvtnoweight= 0.000000 Nfile= 203 
ID= 10910311 AllEvt= 40013.380000 AllEvtErr= 200.029332 SelEvt= 0.000000  SelEvtErr= 0.000000 AllEvtnoweight= 40015.000000 SelEvtnoweight= 0.000000 Nfile= 203 
ID= 10910411 AllEvt= 117866.940000 AllEvtErr= 343.311759 SelEvt= 0.000000  SelEvtErr= 0.000000 AllEvtnoweight= 117871.000000 SelEvtnoweight= 0.000000 Nfile= 203 
ID= 10930511 AllEvt= 57954.930000 AllEvtErr= 240.733984 SelEvt= 0.000000  SelEvtErr= 0.000000 AllEvtnoweight= 57957.000000 SelEvtnoweight= 0.000000 Nfile= 203 
ID= 11510311 AllEvt= 7103.740000 AllEvtErr= 84.282144 SelEvt= 0.000000  SelEvtErr= 0.000000 AllEvtnoweight= 7104.000000 SelEvtnoweight= 0.000000 Nfile= 203 
ID= 11510411 AllEvt= 20881.240000 AllEvtErr= 144.500804 SelEvt= 0.000000  SelEvtErr= 0.000000 AllEvtnoweight= 20882.000000 SelEvtnoweight= 0.000000 Nfile= 203 
ID= 11530511 AllEvt= 10198.660100 AllEvtErr= 100.986747 SelEvt= 0.000000  SelEvtErr= 0.000000 AllEvtnoweight= 10199.000000 SelEvtnoweight= 0.000000 Nfile= 203 
ID= 11610311 AllEvt= 6689.680000 AllEvtErr= 81.788519 SelEvt= 0.000000  SelEvtErr= 0.000000 AllEvtnoweight= 6690.000000 SelEvtnoweight= 0.000000 Nfile= 203 
ID= 11610411 AllEvt= 19515.300000 AllEvtErr= 139.694669 SelEvt= 0.000000  SelEvtErr= 0.000000 AllEvtnoweight= 19516.000000 SelEvtnoweight= 0.000000 Nfile= 203 
ID= 11630511 AllEvt= 9457.630000 AllEvtErr= 97.248457 SelEvt= 0.000000  SelEvtErr= 0.000000 AllEvtnoweight= 9458.000000 SelEvtnoweight= 0.000000 Nfile= 203 
ID= 11710311 AllEvt= 2358.890000 AllEvtErr= 48.567282 SelEvt= 0.000000  SelEvtErr= 0.000000 AllEvtnoweight= 2359.000000 SelEvtnoweight= 0.000000 Nfile= 203 
ID= 11710411 AllEvt= 7163.770000 AllEvtErr= 84.637703 SelEvt= 0.000000  SelEvtErr= 0.000000 AllEvtnoweight= 7164.000000 SelEvtnoweight= 0.000000 Nfile= 203 
ID= 11730511 AllEvt= 3477.860000 AllEvtErr= 58.972224 SelEvt= 0.000000  SelEvtErr= 0.000000 AllEvtnoweight= 3478.000000 SelEvtnoweight= 0.000000 Nfile= 203 
ID= 11910311 AllEvt= 14807.340200 AllEvtErr= 121.682724 SelEvt= 0.000000  SelEvtErr= 0.000000 AllEvtnoweight= 14808.000000 SelEvtnoweight= 0.000000 Nfile= 203 
ID= 11910411 AllEvt= 44004.230000 AllEvtErr= 209.767610 SelEvt= 0.000000  SelEvtErr= 0.000000 AllEvtnoweight= 44006.000000 SelEvtnoweight= 0.000000 Nfile= 203 
ID= 11930511 AllEvt= 21449.270000 AllEvtErr= 146.453247 SelEvt= 0.000000  SelEvtErr= 0.000000 AllEvtnoweight= 21450.000000 SelEvtnoweight= 0.000000 Nfile= 203 
ID= 12010311 AllEvt= 7377.700000 AllEvtErr= 85.891798 SelEvt= 0.000000  SelEvtErr= 0.000000 AllEvtnoweight= 7378.000000 SelEvtnoweight= 0.000000 Nfile= 203 
ID= 12010411 AllEvt= 22314.090000 AllEvtErr= 149.376008 SelEvt= 0.000000  SelEvtErr= 0.000000 AllEvtnoweight= 22315.000000 SelEvtnoweight= 0.000000 Nfile= 203 
ID= 12030511 AllEvt= 10796.550200 AllEvtErr= 103.904308 SelEvt= 0.000000  SelEvtErr= 0.000000 AllEvtnoweight= 10797.000000 SelEvtnoweight= 0.000000 Nfile= 203 
ID= 12210311 AllEvt= 5455.740000 AllEvtErr= 73.861233 SelEvt= 0.000000  SelEvtErr= 0.000000 AllEvtnoweight= 5456.000000 SelEvtnoweight= 0.000000 Nfile= 203 
ID= 12210411 AllEvt= 16082.460000 AllEvtErr= 126.814520 SelEvt= 0.000000  SelEvtErr= 0.000000 AllEvtnoweight= 16083.000000 SelEvtnoweight= 0.000000 Nfile= 203 
ID= 12230511 AllEvt= 7904.690000 AllEvtErr= 88.906583 SelEvt= 0.000000  SelEvtErr= 0.000000 AllEvtnoweight= 7905.000000 SelEvtnoweight= 0.000000 Nfile= 203 
ID= 30530511 AllEvt= 214821.560000 AllEvtErr= 463.479435 SelEvt= 0.000000  SelEvtErr= 0.000000 AllEvtnoweight= 214830.000000 SelEvtnoweight= 0.000000 Nfile= 203 
ID= 12 AllEvt= 24207531.600000 AllEvtErr= 9527.150277 SelEvt= 0.000000  SelEvtErr= 0.000000 AllEvtnoweight= 6476213.000000 SelEvtnoweight= 0.000000 Nfile= 188 
ID= 10010312 AllEvt= 10205.717600 AllEvtErr= 195.613905 SelEvt= 0.000000  SelEvtErr= 0.000000 AllEvtnoweight= 2730.000000 SelEvtnoweight= 0.000000 Nfile= 188 
ID= 10010412 AllEvt= 29534.297800 AllEvtErr= 332.897805 SelEvt= 0.000000  SelEvtErr= 0.000000 AllEvtnoweight= 7907.000000 SelEvtnoweight= 0.000000 Nfile= 188 
ID= 10030512 AllEvt= 13451.587700 AllEvtErr= 224.536552 SelEvt= 0.000000  SelEvtErr= 0.000000 AllEvtnoweight= 3597.000000 SelEvtnoweight= 0.000000 Nfile= 188 
ID= 10110312 AllEvt= 2298442.800000 AllEvtErr= 2935.662900 SelEvt= 0.000000  SelEvtErr= 0.000000 AllEvtnoweight= 614904.000000 SelEvtnoweight= 0.000000 Nfile= 188 
ID= 10110412 AllEvt= 6603627.540000 AllEvtErr= 4975.965327 SelEvt= 0.000000  SelEvtErr= 0.000000 AllEvtnoweight= 1766628.000000 SelEvtnoweight= 0.000000 Nfile= 188 
ID= 10130512 AllEvt= 2700336.340000 AllEvtErr= 3182.009394 SelEvt= 0.000000  SelEvtErr= 0.000000 AllEvtnoweight= 722426.000000 SelEvtnoweight= 0.000000 Nfile= 188 
ID= 10210312 AllEvt= 2691346.630000 AllEvtErr= 3176.513088 SelEvt= 0.000000  SelEvtErr= 0.000000 AllEvtnoweight= 719934.000000 SelEvtnoweight= 0.000000 Nfile= 188 
ID= 10210412 AllEvt= 7709400.700000 AllEvtErr= 5376.533704 SelEvt= 0.000000  SelEvtErr= 0.000000 AllEvtnoweight= 2062506.000000 SelEvtnoweight= 0.000000 Nfile= 188 
ID= 10230512 AllEvt= 3129136.360000 AllEvtErr= 3425.339494 SelEvt= 0.000000  SelEvtErr= 0.000000 AllEvtnoweight= 837137.000000 SelEvtnoweight= 0.000000 Nfile= 188 
ID= 10230812 AllEvt= 1595893.730000 AllEvtErr= 2445.986574 SelEvt= 0.000000  SelEvtErr= 0.000000 AllEvtnoweight= 426872.000000 SelEvtnoweight= 0.000000 Nfile= 188 
ID= 10231412 AllEvt= 51053.450000 AllEvtErr= 437.570360 SelEvt= 0.000000  SelEvtErr= 0.000000 AllEvtnoweight= 13661.000000 SelEvtnoweight= 0.000000 Nfile= 188 
ID= 10231812 AllEvt= 121338.211000 AllEvtErr= 674.465054 SelEvt= 0.000000  SelEvtErr= 0.000000 AllEvtnoweight= 32457.000000 SelEvtnoweight= 0.000000 Nfile= 188 
ID= 10310312 AllEvt= 375818.432000 AllEvtErr= 1187.118683 SelEvt= 0.000000  SelEvtErr= 0.000000 AllEvtnoweight= 100551.000000 SelEvtnoweight= 0.000000 Nfile= 188 
ID= 10330512 AllEvt= 1023987.690000 AllEvtErr= 1959.476665 SelEvt= 0.000000  SelEvtErr= 0.000000 AllEvtnoweight= 273952.000000 SelEvtnoweight= 0.000000 Nfile= 188 
ID= 10410312 AllEvt= 2223105.030000 AllEvtErr= 2887.198325 SelEvt= 0.000000  SelEvtErr= 0.000000 AllEvtnoweight= 594766.000000 SelEvtnoweight= 0.000000 Nfile= 188 
ID= 10410412 AllEvt= 3282108.430000 AllEvtErr= 3508.247412 SelEvt= 0.000000  SelEvtErr= 0.000000 AllEvtnoweight= 878172.000000 SelEvtnoweight= 0.000000 Nfile= 188 
ID= 10430512 AllEvt= 3039050.040000 AllEvtErr= 3375.585878 SelEvt= 0.000000  SelEvtErr= 0.000000 AllEvtnoweight= 813005.000000 SelEvtnoweight= 0.000000 Nfile= 188 
ID= 10510312 AllEvt= 1048851.400000 AllEvtErr= 1983.377602 SelEvt= 0.000000  SelEvtErr= 0.000000 AllEvtnoweight= 280675.000000 SelEvtnoweight= 0.000000 Nfile= 188 
ID= 10510412 AllEvt= 3089927.510000 AllEvtErr= 3403.606141 SelEvt= 0.000000  SelEvtErr= 0.000000 AllEvtnoweight= 826551.000000 SelEvtnoweight= 0.000000 Nfile= 188 
ID= 10530512 AllEvt= 1434191.090000 AllEvtErr= 2319.118244 SelEvt= 0.000000  SelEvtErr= 0.000000 AllEvtnoweight= 383740.000000 SelEvtnoweight= 0.000000 Nfile= 188 
ID= 10610312 AllEvt= 51771.059900 AllEvtErr= 440.497239 SelEvt= 0.000000  SelEvtErr= 0.000000 AllEvtnoweight= 13845.000000 SelEvtnoweight= 0.000000 Nfile= 188 
ID= 10610412 AllEvt= 154175.081000 AllEvtErr= 760.424092 SelEvt= 0.000000  SelEvtErr= 0.000000 AllEvtnoweight= 41259.000000 SelEvtnoweight= 0.000000 Nfile= 188 
ID= 10630512 AllEvt= 71504.891000 AllEvtErr= 517.824924 SelEvt= 0.000000  SelEvtErr= 0.000000 AllEvtnoweight= 19132.000000 SelEvtnoweight= 0.000000 Nfile= 188 
ID= 10710312 AllEvt= 122399.049000 AllEvtErr= 677.437745 SelEvt= 0.000000  SelEvtErr= 0.000000 AllEvtnoweight= 32745.000000 SelEvtnoweight= 0.000000 Nfile= 188 
ID= 10710412 AllEvt= 362425.965000 AllEvtErr= 1165.796461 SelEvt= 0.000000  SelEvtErr= 0.000000 AllEvtnoweight= 96972.000000 SelEvtnoweight= 0.000000 Nfile= 188 
ID= 10730512 AllEvt= 168602.528000 AllEvtErr= 795.232151 SelEvt= 0.000000  SelEvtErr= 0.000000 AllEvtnoweight= 45123.000000 SelEvtnoweight= 0.000000 Nfile= 188 
ID= 10910312 AllEvt= 133781.772000 AllEvtErr= 708.354969 SelEvt= 0.000000  SelEvtErr= 0.000000 AllEvtnoweight= 35801.000000 SelEvtnoweight= 0.000000 Nfile= 188 
ID= 10910412 AllEvt= 389081.083000 AllEvtErr= 1207.843017 SelEvt= 0.000000  SelEvtErr= 0.000000 AllEvtnoweight= 104091.000000 SelEvtnoweight= 0.000000 Nfile= 188 
ID= 10930512 AllEvt= 181309.381000 AllEvtErr= 824.389160 SelEvt= 0.000000  SelEvtErr= 0.000000 AllEvtnoweight= 48490.000000 SelEvtnoweight= 0.000000 Nfile= 188 
ID= 11510312 AllEvt= 22934.336700 AllEvtErr= 293.355158 SelEvt= 0.000000  SelEvtErr= 0.000000 AllEvtnoweight= 6140.000000 SelEvtnoweight= 0.000000 Nfile= 188 
ID= 11510412 AllEvt= 68465.287000 AllEvtErr= 506.580845 SelEvt= 0.000000  SelEvtErr= 0.000000 AllEvtnoweight= 18310.000000 SelEvtnoweight= 0.000000 Nfile= 188 
ID= 11530512 AllEvt= 32056.871900 AllEvtErr= 346.626838 SelEvt= 0.000000  SelEvtErr= 0.000000 AllEvtnoweight= 8573.000000 SelEvtnoweight= 0.000000 Nfile= 188 
ID= 11610312 AllEvt= 21927.012700 AllEvtErr= 286.658215 SelEvt= 0.000000  SelEvtErr= 0.000000 AllEvtnoweight= 5863.000000 SelEvtnoweight= 0.000000 Nfile= 188 
ID= 11610412 AllEvt= 63894.235000 AllEvtErr= 489.571065 SelEvt= 0.000000  SelEvtErr= 0.000000 AllEvtnoweight= 17101.000000 SelEvtnoweight= 0.000000 Nfile= 188 
ID= 11630512 AllEvt= 29949.311500 AllEvtErr= 335.136738 SelEvt= 0.000000  SelEvtErr= 0.000000 AllEvtnoweight= 8014.000000 SelEvtnoweight= 0.000000 Nfile= 188 
ID= 11710312 AllEvt= 7977.670700 AllEvtErr= 172.816402 SelEvt= 0.000000  SelEvtErr= 0.000000 AllEvtnoweight= 2131.000000 SelEvtnoweight= 0.000000 Nfile= 188 
ID= 11710412 AllEvt= 23824.380600 AllEvtErr= 299.068348 SelEvt= 0.000000  SelEvtErr= 0.000000 AllEvtnoweight= 6382.000000 SelEvtnoweight= 0.000000 Nfile= 188 
ID= 11730512 AllEvt= 10957.850000 AllEvtErr= 202.611035 SelEvt= 0.000000  SelEvtErr= 0.000000 AllEvtnoweight= 2929.000000 SelEvtnoweight= 0.000000 Nfile= 188 
ID= 11910312 AllEvt= 49031.719500 AllEvtErr= 428.735932 SelEvt= 0.000000  SelEvtErr= 0.000000 AllEvtnoweight= 13115.000000 SelEvtnoweight= 0.000000 Nfile= 188 
ID= 11910412 AllEvt= 144730.193000 AllEvtErr= 736.542987 SelEvt= 0.000000  SelEvtErr= 0.000000 AllEvtnoweight= 38708.000000 SelEvtnoweight= 0.000000 Nfile= 188 
ID= 11930512 AllEvt= 68787.580000 AllEvtErr= 507.854409 SelEvt= 0.000000  SelEvtErr= 0.000000 AllEvtnoweight= 18402.000000 SelEvtnoweight= 0.000000 Nfile= 188 
ID= 12010312 AllEvt= 24334.256500 AllEvtErr= 302.061641 SelEvt= 0.000000  SelEvtErr= 0.000000 AllEvtnoweight= 6510.000000 SelEvtnoweight= 0.000000 Nfile= 188 
ID= 12010412 AllEvt= 72621.134000 AllEvtErr= 522.276250 SelEvt= 0.000000  SelEvtErr= 0.000000 AllEvtnoweight= 19462.000000 SelEvtnoweight= 0.000000 Nfile= 188 
ID= 12030512 AllEvt= 33851.102900 AllEvtErr= 356.307449 SelEvt= 0.000000  SelEvtErr= 0.000000 AllEvtnoweight= 9058.000000 SelEvtnoweight= 0.000000 Nfile= 188 
ID= 12210312 AllEvt= 18707.770480 AllEvtErr= 264.806208 SelEvt= 0.000000  SelEvtErr= 0.000000 AllEvtnoweight= 5003.000000 SelEvtnoweight= 0.000000 Nfile= 188 
ID= 12210412 AllEvt= 54343.945400 AllEvtErr= 451.395355 SelEvt= 0.000000  SelEvtErr= 0.000000 AllEvtnoweight= 14538.000000 SelEvtnoweight= 0.000000 Nfile= 188 
ID= 12230512 AllEvt= 24577.314000 AllEvtErr= 303.516202 SelEvt= 0.000000  SelEvtErr= 0.000000 AllEvtnoweight= 6573.000000 SelEvtnoweight= 0.000000 Nfile= 188 
ID= 30530512 AllEvt= 703992.520000 AllEvtErr= 1624.803246 SelEvt= 0.000000  SelEvtErr= 0.000000 AllEvtnoweight= 188362.000000 SelEvtnoweight= 0.000000 Nfile= 188 
ID= 75 AllEvt= 492200.000000 AllEvtErr= 701.569344 SelEvt= 0.000000  SelEvtErr= 0.000000 AllEvtnoweight= 492200.000000 SelEvtnoweight= 0.000000 Nfile= 5 
ID= 76 AllEvt= 1873522.000000 AllEvtErr= 2655.724726 SelEvt= 0.000000  SelEvtErr= 0.000000 AllEvtnoweight= 499200.000000 SelEvtnoweight= 0.000000 Nfile= 5 
ID= 74 AllEvt= 38811017.000000 AllEvtErr= 6229.848735 SelEvt= 0.000000  SelEvtErr= 0.000000 AllEvtnoweight= 38811017.000000 SelEvtnoweight= 0.000000 Nfile= 389 
ID= 73 AllEvt= 66525980.000000 AllEvtErr= 8156.345452 SelEvt= 0.000000  SelEvtErr= 0.000000 AllEvtnoweight= 66525980.000000 SelEvtnoweight= 0.000000 Nfile= 495 
ID= 703 AllEvt= 13235141000.000000 AllEvtErr= 2011501.118055 SelEvt= 0.000000  SelEvtErr= 0.000000 AllEvtnoweight= 44000600.000000 SelEvtnoweight= 0.000000 Nfile= 441 
ID= 701 AllEvt= 641503060.000000 AllEvtErr= 216797.974409 SelEvt= 0.000000  SelEvtErr= 0.000000 AllEvtnoweight= 8900000.000000 SelEvtnoweight= 0.000000 Nfile= 89 
ID= 702 AllEvt= 13806496500.000000 AllEvtErr= 2098402.825158 SelEvt= 0.000000  SelEvtErr= 0.000000 AllEvtnoweight= 44000000.000000 SelEvtnoweight= 0.000000 Nfile= 440 
ID= 71 AllEvt= 6952830.000000 AllEvtErr= 2636.822386 SelEvt= 0.000000  SelEvtErr= 0.000000 AllEvtnoweight= 6952830.000000 SelEvtnoweight= 0.000000 Nfile= 70 
ID= 72 AllEvt= 6933094.000000 AllEvtErr= 2633.076559 SelEvt= 0.000000  SelEvtErr= 0.000000 AllEvtnoweight= 6933094.000000 SelEvtnoweight= 0.000000 Nfile= 70 
ID= 44 AllEvt= 215771406.000000 AllEvtErr= 113950.624479 SelEvt= 0.000000  SelEvtErr= 0.000000 AllEvtnoweight= 9737742.000000 SelEvtnoweight= 0.000000 Nfile= 99 
ID= 10110344 AllEvt= 67263.127000 AllEvtErr= 1948.756446 SelEvt= 0.000000  SelEvtErr= 0.000000 AllEvtnoweight= 2848.000000 SelEvtnoweight= 0.000000 Nfile= 99 
ID= 10110444 AllEvt= 164944.411000 AllEvtErr= 3036.133093 SelEvt= 0.000000  SelEvtErr= 0.000000 AllEvtnoweight= 6913.000000 SelEvtnoweight= 0.000000 Nfile= 99 
ID= 10130544 AllEvt= 57987.972000 AllEvtErr= 1841.815391 SelEvt= 0.000000  SelEvtErr= 0.000000 AllEvtnoweight= 2544.000000 SelEvtnoweight= 0.000000 Nfile= 99 
ID= 10210344 AllEvt= 65912.026000 AllEvtErr= 1951.149360 SelEvt= 0.000000  SelEvtErr= 0.000000 AllEvtnoweight= 2855.000000 SelEvtnoweight= 0.000000 Nfile= 99 
ID= 10210444 AllEvt= 161657.954000 AllEvtErr= 3000.347110 SelEvt= 0.000000  SelEvtErr= 0.000000 AllEvtnoweight= 6751.000000 SelEvtnoweight= 0.000000 Nfile= 99 
ID= 10230544 AllEvt= 57330.681000 AllEvtErr= 1781.459919 SelEvt= 0.000000  SelEvtErr= 0.000000 AllEvtnoweight= 2380.000000 SelEvtnoweight= 0.000000 Nfile= 99 
ID= 10230844 AllEvt= 28920.962200 AllEvtErr= 1278.593529 SelEvt= 0.000000  SelEvtErr= 0.000000 AllEvtnoweight= 1226.000000 SelEvtnoweight= 0.000000 Nfile= 99 
ID= 10310344 AllEvt= 22274.982300 AllEvtErr= 1106.391353 SelEvt= 0.000000  SelEvtErr= 0.000000 AllEvtnoweight= 918.000000 SelEvtnoweight= 0.000000 Nfile= 99 
ID= 10330544 AllEvt= 34544.476100 AllEvtErr= 1381.843743 SelEvt= 0.000000  SelEvtErr= 0.000000 AllEvtnoweight= 1432.000000 SelEvtnoweight= 0.000000 Nfile= 99 
ID= 10410344 AllEvt= 103633.434000 AllEvtErr= 2393.981611 SelEvt= 0.000000  SelEvtErr= 0.000000 AllEvtnoweight= 4298.000000 SelEvtnoweight= 0.000000 Nfile= 99 
ID= 10410444 AllEvt= 118166.928000 AllEvtErr= 2573.302568 SelEvt= 0.000000  SelEvtErr= 0.000000 AllEvtnoweight= 4966.000000 SelEvtnoweight= 0.000000 Nfile= 99 
ID= 10430544 AllEvt= 86178.602000 AllEvtErr= 2173.260856 SelEvt= 0.000000  SelEvtErr= 0.000000 AllEvtnoweight= 3542.000000 SelEvtnoweight= 0.000000 Nfile= 99 
ID= 10510344 AllEvt= 37940.499400 AllEvtErr= 1421.326584 SelEvt= 0.000000  SelEvtErr= 0.000000 AllEvtnoweight= 1515.000000 SelEvtnoweight= 0.000000 Nfile= 99 
ID= 10510444 AllEvt= 88588.698000 AllEvtErr= 2203.120841 SelEvt= 0.000000  SelEvtErr= 0.000000 AllEvtnoweight= 3640.000000 SelEvtnoweight= 0.000000 Nfile= 99 
ID= 10530544 AllEvt= 29760.839600 AllEvtErr= 1279.115600 SelEvt= 0.000000  SelEvtErr= 0.000000 AllEvtnoweight= 1227.000000 SelEvtnoweight= 0.000000 Nfile= 99 
ID= 10610444 AllEvt= 6244.294600 AllEvtErr= 566.886388 SelEvt= 0.000000  SelEvtErr= 0.000000 AllEvtnoweight= 241.000000 SelEvtnoweight= 0.000000 Nfile= 90 
ID= 10630544 AllEvt= 2008.401300 AllEvtErr= 384.723828 SelEvt= 0.000000  SelEvtErr= 0.000000 AllEvtnoweight= 111.000000 SelEvtnoweight= 0.000000 Nfile= 71 
ID= 10710344 AllEvt= 5294.870300 AllEvtErr= 522.834706 SelEvt= 0.000000  SelEvtErr= 0.000000 AllEvtnoweight= 205.000000 SelEvtnoweight= 0.000000 Nfile= 92 
ID= 10710444 AllEvt= 11466.130800 AllEvtErr= 814.895996 SelEvt= 0.000000  SelEvtErr= 0.000000 AllEvtnoweight= 498.000000 SelEvtnoweight= 0.000000 Nfile= 99 
ID= 10910344 AllEvt= 4491.511100 AllEvtErr= 480.297820 SelEvt= 0.000000  SelEvtErr= 0.000000 AllEvtnoweight= 173.000000 SelEvtnoweight= 0.000000 Nfile= 89 
ID= 10910444 AllEvt= 9238.635300 AllEvtErr= 731.239514 SelEvt= 0.000000  SelEvtErr= 0.000000 AllEvtnoweight= 401.000000 SelEvtnoweight= 0.000000 Nfile= 99 
ID= 10930544 AllEvt= 3797.699600 AllEvtErr= 481.683867 SelEvt= 0.000000  SelEvtErr= 0.000000 AllEvtnoweight= 174.000000 SelEvtnoweight= 0.000000 Nfile= 80 
ID= 11510444 AllEvt= 1424.138400 AllEvtErr= 280.487601 SelEvt= 0.000000  SelEvtErr= 0.000000 AllEvtnoweight= 59.000000 SelEvtnoweight= 0.000000 Nfile= 45 
ID= 11610344 AllEvt= 803.360700 AllEvtErr= 212.925268 SelEvt= 0.000000  SelEvtErr= 0.000000 AllEvtnoweight= 34.000000 SelEvtnoweight= 0.000000 Nfile= 28 
ID= 11930544 AllEvt= 1460.654600 AllEvtErr= 278.100448 SelEvt= 0.000000  SelEvtErr= 0.000000 AllEvtnoweight= 58.000000 SelEvtnoweight= 0.000000 Nfile= 43 
ID= 12010444 AllEvt= 1606.720800 AllEvtErr= 301.121684 SelEvt= 0.000000  SelEvtErr= 0.000000 AllEvtnoweight= 68.000000 SelEvtnoweight= 0.000000 Nfile= 47 
ID= 12210444 AllEvt= 2081.432000 AllEvtErr= 332.679949 SelEvt= 0.000000  SelEvtErr= 0.000000 AllEvtnoweight= 83.000000 SelEvtnoweight= 0.000000 Nfile= 51 
ID= 30530544 AllEvt= 16578.426400 AllEvtErr= 946.612356 SelEvt= 0.000000  SelEvtErr= 0.000000 AllEvtnoweight= 672.000000 SelEvtnoweight= 0.000000 Nfile= 99 
ID= 10231844 AllEvt= 2008.400300 AllEvtErr= 344.494762 SelEvt= 0.000000  SelEvtErr= 0.000000 AllEvtnoweight= 89.000000 SelEvtnoweight= 0.000000 Nfile= 63 
ID= 10610344 AllEvt= 3067.375200 AllEvtErr= 389.888118 SelEvt= 0.000000  SelEvtErr= 0.000000 AllEvtnoweight= 114.000000 SelEvtnoweight= 0.000000 Nfile= 73 
ID= 10730544 AllEvt= 4747.125000 AllEvtErr= 503.343302 SelEvt= 0.000000  SelEvtErr= 0.000000 AllEvtnoweight= 190.000000 SelEvtnoweight= 0.000000 Nfile= 85 
ID= 11510344 AllEvt= 365.164000 AllEvtErr= 171.277098 SelEvt= 0.000000  SelEvtErr= 0.000000 AllEvtnoweight= 22.000000 SelEvtnoweight= 0.000000 Nfile= 22 
ID= 11610444 AllEvt= 1570.204200 AllEvtErr= 294.404402 SelEvt= 0.000000  SelEvtErr= 0.000000 AllEvtnoweight= 65.000000 SelEvtnoweight= 0.000000 Nfile= 48 
ID= 11630544 AllEvt= 474.713000 AllEvtErr= 189.744684 SelEvt= 0.000000  SelEvtErr= 0.000000 AllEvtnoweight= 27.000000 SelEvtnoweight= 0.000000 Nfile= 23 
ID= 11910344 AllEvt= 1241.556800 AllEvtErr= 268.339421 SelEvt= 0.000000  SelEvtErr= 0.000000 AllEvtnoweight= 54.000000 SelEvtnoweight= 0.000000 Nfile= 41 
ID= 12010344 AllEvt= 620.778800 AllEvtErr= 159.171297 SelEvt= 0.000000  SelEvtErr= 0.000000 AllEvtnoweight= 19.000000 SelEvtnoweight= 0.000000 Nfile= 19 
ID= 12230544 AllEvt= 511.229400 AllEvtErr= 171.277018 SelEvt= 0.000000  SelEvtErr= 0.000000 AllEvtnoweight= 22.000000 SelEvtnoweight= 0.000000 Nfile= 19 
ID= 10231444 AllEvt= 839.876700 AllEvtErr= 209.770643 SelEvt= 0.000000  SelEvtErr= 0.000000 AllEvtnoweight= 33.000000 SelEvtnoweight= 0.000000 Nfile= 27 
ID= 11710344 AllEvt= 255.614800 AllEvtErr= 121.111197 SelEvt= 0.000000  SelEvtErr= 0.000000 AllEvtnoweight= 11.000000 SelEvtnoweight= 0.000000 Nfile= 11 
ID= 11910444 AllEvt= 3176.922400 AllEvtErr= 451.682438 SelEvt= 0.000000  SelEvtErr= 0.000000 AllEvtnoweight= 153.000000 SelEvtnoweight= 0.000000 Nfile= 79 
ID= 12210344 AllEvt= 657.295000 AllEvtErr= 193.226579 SelEvt= 0.000000  SelEvtErr= 0.000000 AllEvtnoweight= 28.000000 SelEvtnoweight= 0.000000 Nfile= 26 
ID= 10010444 AllEvt= 511.229500 AllEvtErr= 186.197787 SelEvt= 0.000000  SelEvtErr= 0.000000 AllEvtnoweight= 26.000000 SelEvtnoweight= 0.000000 Nfile= 24 
ID= 11530544 AllEvt= 620.778800 AllEvtErr= 159.171297 SelEvt= 0.000000  SelEvtErr= 0.000000 AllEvtnoweight= 19.000000 SelEvtnoweight= 0.000000 Nfile= 19 
ID= 11710444 AllEvt= 584.261900 AllEvtErr= 200.008417 SelEvt= 0.000000  SelEvtErr= 0.000000 AllEvtnoweight= 30.000000 SelEvtnoweight= 0.000000 Nfile= 20 
ID= 10030544 AllEvt= 365.163900 AllEvtErr= 146.065507 SelEvt= 0.000000  SelEvtErr= 0.000000 AllEvtnoweight= 16.000000 SelEvtnoweight= 0.000000 Nfile= 13 
ID= 12030544 AllEvt= 328.647600 AllEvtErr= 150.560974 SelEvt= 0.000000  SelEvtErr= 0.000000 AllEvtnoweight= 17.000000 SelEvtnoweight= 0.000000 Nfile= 17 
ID= 11730544 AllEvt= -36.516400 AllEvtErr= 81.653153 SelEvt= 0.000000  SelEvtErr= 0.000000 AllEvtnoweight= 5.000000 SelEvtnoweight= 0.000000 Nfile= 5 
ID= 10010344 AllEvt= 438.196500 AllEvtErr= 146.065507 SelEvt= 0.000000  SelEvtErr= 0.000000 AllEvtnoweight= 16.000000 SelEvtnoweight= 0.000000 Nfile= 13 
ID= 20 AllEvt= 187780898.000000 AllEvtErr= 13703.317003 SelEvt= 0.000000  SelEvtErr= 0.000000 AllEvtnoweight= 187780898.000000 SelEvtnoweight= 0.000000 Nfile= 2498 
ID= 23 AllEvt= 94098869.000000 AllEvtErr= 9700.457391 SelEvt= 0.000000  SelEvtErr= 0.000000 AllEvtnoweight= 94098869.000000 SelEvtnoweight= 0.000000 Nfile= 2498
ID= 24 AllEvt= 26485155500.000000 AllEvtErr= 7873456.500280 SelEvt= 0.000000  SelEvtErr= 0.000000 AllEvtnoweight= 27511845.000000 SelEvtnoweight= 0.000000 Nfile= 277 
ID= 25 AllEvt= 2149729.000000 AllEvtErr= 1466.195608 SelEvt= 0.000000  SelEvtErr= 0.000000 AllEvtnoweight= 2149729.000000 SelEvtnoweight= 0.000000 Nfile= 22 
ID= 26 AllEvt= 2218596.000000 AllEvtErr= 1489.495010 SelEvt= 0.000000  SelEvtErr= 0.000000 AllEvtnoweight= 2218596.000000 SelEvtnoweight= 0.000000 Nfile= 23 
ID= 59 AllEvt= 970200.000000 AllEvtErr= 984.988032 SelEvt= 0.000000  SelEvtErr= 0.000000 AllEvtnoweight= 970200.000000 SelEvtnoweight= 0.000000 Nfile= 10 
ID= 461 AllEvt= 402859.800000 AllEvtErr= 486.301470 SelEvt= 0.000000  SelEvtErr= 0.000000 AllEvtnoweight= 744385.000000 SelEvtnoweight= 0.000000 Nfile= 19 
ID= 10010761 AllEvt= 131.930310 AllEvtErr= 9.020886 SelEvt= 0.000000  SelEvtErr= 0.000000 AllEvtnoweight= 256.000000 SelEvtnoweight= 0.000000 Nfile= 19 
ID= 10010861 AllEvt= 381.656700 AllEvtErr= 14.968575 SelEvt= 0.000000  SelEvtErr= 0.000000 AllEvtnoweight= 705.000000 SelEvtnoweight= 0.000000 Nfile= 19 
ID= 10030961 AllEvt= 175.309690 AllEvtErr= 10.286628 SelEvt= 0.000000  SelEvtErr= 0.000000 AllEvtnoweight= 333.000000 SelEvtnoweight= 0.000000 Nfile= 19 
ID= 10110761 AllEvt= 31223.040000 AllEvtErr= 135.646710 SelEvt= 0.000000  SelEvtErr= 0.000000 AllEvtnoweight= 57894.000000 SelEvtnoweight= 0.000000 Nfile= 19 
ID= 10110861 AllEvt= 89335.870000 AllEvtErr= 229.436844 SelEvt= 0.000000  SelEvtErr= 0.000000 AllEvtnoweight= 165632.000000 SelEvtnoweight= 0.000000 Nfile= 19 
ID= 10130961 AllEvt= 36460.930000 AllEvtErr= 146.682215 SelEvt= 0.000000  SelEvtErr= 0.000000 AllEvtnoweight= 67697.000000 SelEvtnoweight= 0.000000 Nfile= 19 
ID= 10210761 AllEvt= 36409.150000 AllEvtErr= 146.394089 SelEvt= 0.000000  SelEvtErr= 0.000000 AllEvtnoweight= 67431.000000 SelEvtnoweight= 0.000000 Nfile= 19 
ID= 10210861 AllEvt= 104456.480000 AllEvtErr= 248.020170 SelEvt= 0.000000  SelEvtErr= 0.000000 AllEvtnoweight= 193549.000000 SelEvtnoweight= 0.000000 Nfile= 19 
ID= 10230961 AllEvt= 42490.320000 AllEvtErr= 158.216067 SelEvt= 0.000000  SelEvtErr= 0.000000 AllEvtnoweight= 78762.000000 SelEvtnoweight= 0.000000 Nfile= 19 
ID= 10231261 AllEvt= 21700.713000 AllEvtErr= 112.927703 SelEvt= 0.000000  SelEvtErr= 0.000000 AllEvtnoweight= 40125.000000 SelEvtnoweight= 0.000000 Nfile= 19 
ID= 10231861 AllEvt= 691.760700 AllEvtErr= 20.335313 SelEvt= 0.000000  SelEvtErr= 0.000000 AllEvtnoweight= 1301.000000 SelEvtnoweight= 0.000000 Nfile= 19 
ID= 10232261 AllEvt= 1660.817500 AllEvtErr= 31.327788 SelEvt= 0.000000  SelEvtErr= 0.000000 AllEvtnoweight= 3088.000000 SelEvtnoweight= 0.000000 Nfile= 19 
ID= 10310761 AllEvt= 5146.002000 AllEvtErr= 54.965935 SelEvt= 0.000000  SelEvtErr= 0.000000 AllEvtnoweight= 9506.000000 SelEvtnoweight= 0.000000 Nfile= 19 
ID= 10330961 AllEvt= 13917.381000 AllEvtErr= 90.480511 SelEvt= 0.000000  SelEvtErr= 0.000000 AllEvtnoweight= 25759.000000 SelEvtnoweight= 0.000000 Nfile= 19 
ID= 10410761 AllEvt= 29633.230000 AllEvtErr= 132.130915 SelEvt= 0.000000  SelEvtErr= 0.000000 AllEvtnoweight= 54932.000000 SelEvtnoweight= 0.000000 Nfile= 19 
ID= 10410861 AllEvt= 43863.420000 AllEvtErr= 160.734707 SelEvt= 0.000000  SelEvtErr= 0.000000 AllEvtnoweight= 81290.000000 SelEvtnoweight= 0.000000 Nfile= 19 
ID= 10430961 AllEvt= 40650.960000 AllEvtErr= 154.647274 SelEvt= 0.000000  SelEvtErr= 0.000000 AllEvtnoweight= 75250.000000 SelEvtnoweight= 0.000000 Nfile= 19 
ID= 10510761 AllEvt= 14235.311000 AllEvtErr= 91.590539 SelEvt= 0.000000  SelEvtErr= 0.000000 AllEvtnoweight= 26395.000000 SelEvtnoweight= 0.000000 Nfile= 19 
ID= 10510861 AllEvt= 41779.360000 AllEvtErr= 156.800444 SelEvt= 0.000000  SelEvtErr= 0.000000 AllEvtnoweight= 77359.000000 SelEvtnoweight= 0.000000 Nfile= 19 
ID= 10530961 AllEvt= 19312.472000 AllEvtErr= 106.585307 SelEvt= 0.000000  SelEvtErr= 0.000000 AllEvtnoweight= 35745.000000 SelEvtnoweight= 0.000000 Nfile= 19 
ID= 10610761 AllEvt= 681.544400 AllEvtErr= 20.160757 SelEvt= 0.000000  SelEvtErr= 0.000000 AllEvtnoweight= 1279.000000 SelEvtnoweight= 0.000000 Nfile= 19 
ID= 10610861 AllEvt= 2089.866900 AllEvtErr= 35.012433 SelEvt= 0.000000  SelEvtErr= 0.000000 AllEvtnoweight= 3857.000000 SelEvtnoweight= 0.000000 Nfile= 19 
ID= 10630961 AllEvt= 945.952200 AllEvtErr= 23.811020 SelEvt= 0.000000  SelEvtErr= 0.000000 AllEvtnoweight= 1784.000000 SelEvtnoweight= 0.000000 Nfile= 19 
ID= 10710761 AllEvt= 1655.765900 AllEvtErr= 31.312974 SelEvt= 0.000000  SelEvtErr= 0.000000 AllEvtnoweight= 3085.000000 SelEvtnoweight= 0.000000 Nfile= 19 
ID= 10710861 AllEvt= 4905.777000 AllEvtErr= 53.577435 SelEvt= 0.000000  SelEvtErr= 0.000000 AllEvtnoweight= 9032.000000 SelEvtnoweight= 0.000000 Nfile= 19 
ID= 10730961 AllEvt= 2248.240000 AllEvtErr= 36.299778 SelEvt= 0.000000  SelEvtErr= 0.000000 AllEvtnoweight= 4146.000000 SelEvtnoweight= 0.000000 Nfile= 19 
ID= 10910761 AllEvt= 1751.026000 AllEvtErr= 32.030189 SelEvt= 0.000000  SelEvtErr= 0.000000 AllEvtnoweight= 3228.000000 SelEvtnoweight= 0.000000 Nfile= 19 
ID= 10910861 AllEvt= 5276.747000 AllEvtErr= 55.769248 SelEvt= 0.000000  SelEvtErr= 0.000000 AllEvtnoweight= 9786.000000 SelEvtnoweight= 0.000000 Nfile= 19 
ID= 10930961 AllEvt= 2416.899000 AllEvtErr= 37.680239 SelEvt= 0.000000  SelEvtErr= 0.000000 AllEvtnoweight= 4467.000000 SelEvtnoweight= 0.000000 Nfile= 19 
ID= 11510761 AllEvt= 304.978900 AllEvtErr= 13.352310 SelEvt= 0.000000  SelEvtErr= 0.000000 AllEvtnoweight= 561.000000 SelEvtnoweight= 0.000000 Nfile= 19 
ID= 11510861 AllEvt= 960.047000 AllEvtErr= 23.764243 SelEvt= 0.000000  SelEvtErr= 0.000000 AllEvtnoweight= 1777.000000 SelEvtnoweight= 0.000000 Nfile= 19 
ID= 11530961 AllEvt= 434.665600 AllEvtErr= 15.935856 SelEvt= 0.000000  SelEvtErr= 0.000000 AllEvtnoweight= 799.000000 SelEvtnoweight= 0.000000 Nfile= 19 
ID= 11610761 AllEvt= 294.277970 AllEvtErr= 13.148873 SelEvt= 0.000000  SelEvtErr= 0.000000 AllEvtnoweight= 544.000000 SelEvtnoweight= 0.000000 Nfile= 19 
ID= 11610861 AllEvt= 895.818500 AllEvtErr= 22.962594 SelEvt= 0.000000  SelEvtErr= 0.000000 AllEvtnoweight= 1659.000000 SelEvtnoweight= 0.000000 Nfile= 19 
ID= 11630961 AllEvt= 387.881000 AllEvtErr= 15.064680 SelEvt= 0.000000  SelEvtErr= 0.000000 AllEvtnoweight= 714.000000 SelEvtnoweight= 0.000000 Nfile= 19 
ID= 11710761 AllEvt= 115.568700 AllEvtErr= 8.227698 SelEvt= 0.000000  SelEvtErr= 0.000000 AllEvtnoweight= 213.000000 SelEvtnoweight= 0.000000 Nfile= 19 
ID= 11710861 AllEvt= 306.698600 AllEvtErr= 13.647808 SelEvt= 0.000000  SelEvtErr= 0.000000 AllEvtnoweight= 586.000000 SelEvtnoweight= 0.000000 Nfile= 19 
ID= 11730961 AllEvt= 150.519050 AllEvtErr= 9.382584 SelEvt= 0.000000  SelEvtErr= 0.000000 AllEvtnoweight= 277.000000 SelEvtnoweight= 0.000000 Nfile= 19 
ID= 11910761 AllEvt= 674.840700 AllEvtErr= 19.924585 SelEvt= 0.000000  SelEvtErr= 0.000000 AllEvtnoweight= 1249.000000 SelEvtnoweight= 0.000000 Nfile= 19 
ID= 11910861 AllEvt= 1979.352900 AllEvtErr= 34.157571 SelEvt= 0.000000  SelEvtErr= 0.000000 AllEvtnoweight= 3671.000000 SelEvtnoweight= 0.000000 Nfile= 19 
ID= 11930961 AllEvt= 919.492400 AllEvtErr= 23.319601 SelEvt= 0.000000  SelEvtErr= 0.000000 AllEvtnoweight= 1711.000000 SelEvtnoweight= 0.000000 Nfile= 19 
ID= 12010761 AllEvt= 357.396100 AllEvtErr= 14.394162 SelEvt= 0.000000  SelEvtErr= 0.000000 AllEvtnoweight= 652.000000 SelEvtnoweight= 0.000000 Nfile= 19 
ID= 12010861 AllEvt= 985.424000 AllEvtErr= 24.142586 SelEvt= 0.000000  SelEvtErr= 0.000000 AllEvtnoweight= 1834.000000 SelEvtnoweight= 0.000000 Nfile= 19 
ID= 12030961 AllEvt= 456.642800 AllEvtErr= 16.416892 SelEvt= 0.000000  SelEvtErr= 0.000000 AllEvtnoweight= 848.000000 SelEvtnoweight= 0.000000 Nfile= 19 
ID= 12210761 AllEvt= 247.493360 AllEvtErr= 12.025579 SelEvt= 0.000000  SelEvtErr= 0.000000 AllEvtnoweight= 455.000000 SelEvtnoweight= 0.000000 Nfile= 19 
ID= 12210861 AllEvt= 701.875200 AllEvtErr= 20.443522 SelEvt= 0.000000  SelEvtErr= 0.000000 AllEvtnoweight= 1315.000000 SelEvtnoweight= 0.000000 Nfile= 19 
ID= 12230961 AllEvt= 317.371580 AllEvtErr= 13.634536 SelEvt= 0.000000  SelEvtErr= 0.000000 AllEvtnoweight= 585.000000 SelEvtnoweight= 0.000000 Nfile= 19 
ID= 30530961 AllEvt= 9383.733000 AllEvtErr= 74.388371 SelEvt= 0.000000  SelEvtErr= 0.000000 AllEvtnoweight= 17411.000000 SelEvtnoweight= 0.000000 Nfile= 19 
ID= 460 AllEvt= 949782.400000 AllEvtErr= 946.529546 SelEvt= 0.000000  SelEvtErr= 0.000000 AllEvtnoweight= 1094468.000000 SelEvtnoweight= 0.000000 Nfile= 28 
ID= 10010760 AllEvt= 289.604960 AllEvtErr= 16.539769 SelEvt= 0.000000  SelEvtErr= 0.000000 AllEvtnoweight= 334.000000 SelEvtnoweight= 0.000000 Nfile= 28 
ID= 10010860 AllEvt= 904.038760 AllEvtErr= 29.393390 SelEvt= 0.000000  SelEvtErr= 0.000000 AllEvtnoweight= 1055.000000 SelEvtnoweight= 0.000000 Nfile= 28 
ID= 10030960 AllEvt= 376.423250 AllEvtErr= 19.023868 SelEvt= 0.000000  SelEvtErr= 0.000000 AllEvtnoweight= 442.000000 SelEvtnoweight= 0.000000 Nfile= 28 
ID= 10110760 AllEvt= 71948.690000 AllEvtErr= 261.024034 SelEvt= 0.000000  SelEvtErr= 0.000000 AllEvtnoweight= 83198.000000 SelEvtnoweight= 0.000000 Nfile= 28 
ID= 10110860 AllEvt= 207460.360000 AllEvtErr= 443.108338 SelEvt= 0.000000  SelEvtErr= 0.000000 AllEvtnoweight= 239758.000000 SelEvtnoweight= 0.000000 Nfile= 28 
ID= 10130960 AllEvt= 84237.070000 AllEvtErr= 282.679079 SelEvt= 0.000000  SelEvtErr= 0.000000 AllEvtnoweight= 97575.000000 SelEvtnoweight= 0.000000 Nfile= 28 
ID= 10210760 AllEvt= 83326.270000 AllEvtErr= 280.972163 SelEvt= 0.000000  SelEvtErr= 0.000000 AllEvtnoweight= 96401.000000 SelEvtnoweight= 0.000000 Nfile= 28 
ID= 10210860 AllEvt= 240021.350000 AllEvtErr= 476.549829 SelEvt= 0.000000  SelEvtErr= 0.000000 AllEvtnoweight= 277313.000000 SelEvtnoweight= 0.000000 Nfile= 28 
ID= 10230960 AllEvt= 96685.430000 AllEvtErr= 302.427694 SelEvt= 0.000000  SelEvtErr= 0.000000 AllEvtnoweight= 111685.000000 SelEvtnoweight= 0.000000 Nfile= 28 
ID= 10231260 AllEvt= 49417.439000 AllEvtErr= 216.307768 SelEvt= 0.000000  SelEvtErr= 0.000000 AllEvtnoweight= 57134.000000 SelEvtnoweight= 0.000000 Nfile= 28 
ID= 10231860 AllEvt= 1665.084600 AllEvtErr= 39.403874 SelEvt= 0.000000  SelEvtErr= 0.000000 AllEvtnoweight= 1896.000000 SelEvtnoweight= 0.000000 Nfile= 28 
ID= 10232260 AllEvt= 3824.326000 AllEvtErr= 60.027581 SelEvt= 0.000000  SelEvtErr= 0.000000 AllEvtnoweight= 4400.000000 SelEvtnoweight= 0.000000 Nfile= 28 
ID= 10310760 AllEvt= 11714.501000 AllEvtErr= 105.491256 SelEvt= 0.000000  SelEvtErr= 0.000000 AllEvtnoweight= 13589.000000 SelEvtnoweight= 0.000000 Nfile= 28 
ID= 10330960 AllEvt= 32094.676000 AllEvtErr= 173.961490 SelEvt= 0.000000  SelEvtErr= 0.000000 AllEvtnoweight= 36954.000000 SelEvtnoweight= 0.000000 Nfile= 28 
ID= 10410760 AllEvt= 69173.656000 AllEvtErr= 255.780604 SelEvt= 0.000000  SelEvtErr= 0.000000 AllEvtnoweight= 79890.000000 SelEvtnoweight= 0.000000 Nfile= 28 
ID= 10410860 AllEvt= 102103.270000 AllEvtErr= 310.729739 SelEvt= 0.000000  SelEvtErr= 0.000000 AllEvtnoweight= 117903.000000 SelEvtnoweight= 0.000000 Nfile= 28 
ID= 10430960 AllEvt= 93929.410000 AllEvtErr= 298.006171 SelEvt= 0.000000  SelEvtErr= 0.000000 AllEvtnoweight= 108444.000000 SelEvtnoweight= 0.000000 Nfile= 28 
ID= 10510760 AllEvt= 32796.991000 AllEvtErr= 176.299809 SelEvt= 0.000000  SelEvtErr= 0.000000 AllEvtnoweight= 37954.000000 SelEvtnoweight= 0.000000 Nfile= 28 
ID= 10510860 AllEvt= 96691.360000 AllEvtErr= 302.414591 SelEvt= 0.000000  SelEvtErr= 0.000000 AllEvtnoweight= 111676.000000 SelEvtnoweight= 0.000000 Nfile= 28 
ID= 10530960 AllEvt= 44375.616000 AllEvtErr= 204.947415 SelEvt= 0.000000  SelEvtErr= 0.000000 AllEvtnoweight= 51291.000000 SelEvtnoweight= 0.000000 Nfile= 28 
ID= 10610760 AllEvt= 1649.735700 AllEvtErr= 39.477387 SelEvt= 0.000000  SelEvtErr= 0.000000 AllEvtnoweight= 1903.000000 SelEvtnoweight= 0.000000 Nfile= 28 
ID= 10610860 AllEvt= 4849.493200 AllEvtErr= 67.530934 SelEvt= 0.000000  SelEvtErr= 0.000000 AllEvtnoweight= 5569.000000 SelEvtnoweight= 0.000000 Nfile= 28 
ID= 10630960 AllEvt= 2203.497200 AllEvtErr= 45.669900 SelEvt= 0.000000  SelEvtErr= 0.000000 AllEvtnoweight= 2547.000000 SelEvtnoweight= 0.000000 Nfile= 28 
ID= 10710760 AllEvt= 3913.739200 AllEvtErr= 60.575267 SelEvt= 0.000000  SelEvtErr= 0.000000 AllEvtnoweight= 4481.000000 SelEvtnoweight= 0.000000 Nfile= 28 
ID= 10710860 AllEvt= 11089.090000 AllEvtErr= 102.446229 SelEvt= 0.000000  SelEvtErr= 0.000000 AllEvtnoweight= 12816.000000 SelEvtnoweight= 0.000000 Nfile= 28 
ID= 10730960 AllEvt= 5267.696300 AllEvtErr= 70.324538 SelEvt= 0.000000  SelEvtErr= 0.000000 AllEvtnoweight= 6039.000000 SelEvtnoweight= 0.000000 Nfile= 28 
ID= 10910760 AllEvt= 4113.000200 AllEvtErr= 62.559749 SelEvt= 0.000000  SelEvtErr= 0.000000 AllEvtnoweight= 4779.000000 SelEvtnoweight= 0.000000 Nfile= 28 
ID= 10910860 AllEvt= 12349.823000 AllEvtErr= 108.197469 SelEvt= 0.000000  SelEvtErr= 0.000000 AllEvtnoweight= 14295.000000 SelEvtnoweight= 0.000000 Nfile= 28 
ID= 10930960 AllEvt= 5660.587500 AllEvtErr= 73.224517 SelEvt= 0.000000  SelEvtErr= 0.000000 AllEvtnoweight= 6547.000000 SelEvtnoweight= 0.000000 Nfile= 28 
ID= 11510760 AllEvt= 739.334580 AllEvtErr= 26.553555 SelEvt= 0.000000  SelEvtErr= 0.000000 AllEvtnoweight= 861.000000 SelEvtnoweight= 0.000000 Nfile= 28 
ID= 11510860 AllEvt= 2137.421600 AllEvtErr= 45.100889 SelEvt= 0.000000  SelEvtErr= 0.000000 AllEvtnoweight= 2484.000000 SelEvtnoweight= 0.000000 Nfile= 28 
ID= 11530960 AllEvt= 1040.678080 AllEvtErr= 31.400286 SelEvt= 0.000000  SelEvtErr= 0.000000 AllEvtnoweight= 1204.000000 SelEvtnoweight= 0.000000 Nfile= 28 
ID= 11610760 AllEvt= 611.745730 AllEvtErr= 23.942764 SelEvt= 0.000000  SelEvtErr= 0.000000 AllEvtnoweight= 700.000000 SelEvtnoweight= 0.000000 Nfile= 28 
ID= 11610860 AllEvt= 1997.216700 AllEvtErr= 43.447009 SelEvt= 0.000000  SelEvtErr= 0.000000 AllEvtnoweight= 2305.000000 SelEvtnoweight= 0.000000 Nfile= 28 
ID= 11630960 AllEvt= 961.000380 AllEvtErr= 30.121150 SelEvt= 0.000000  SelEvtErr= 0.000000 AllEvtnoweight= 1108.000000 SelEvtnoweight= 0.000000 Nfile= 28 
ID= 11710760 AllEvt= 245.214040 AllEvtErr= 15.168149 SelEvt= 0.000000  SelEvtErr= 0.000000 AllEvtnoweight= 281.000000 SelEvtnoweight= 0.000000 Nfile= 28 
ID= 11710860 AllEvt= 734.800300 AllEvtErr= 26.133508 SelEvt= 0.000000  SelEvtErr= 0.000000 AllEvtnoweight= 834.000000 SelEvtnoweight= 0.000000 Nfile= 28 
ID= 11730960 AllEvt= 343.906230 AllEvtErr= 18.009592 SelEvt= 0.000000  SelEvtErr= 0.000000 AllEvtnoweight= 396.000000 SelEvtnoweight= 0.000000 Nfile= 28 
ID= 11910760 AllEvt= 1525.694000 AllEvtErr= 37.985256 SelEvt= 0.000000  SelEvtErr= 0.000000 AllEvtnoweight= 1762.000000 SelEvtnoweight= 0.000000 Nfile= 28 
ID= 11910860 AllEvt= 4550.024500 AllEvtErr= 65.805857 SelEvt= 0.000000  SelEvtErr= 0.000000 AllEvtnoweight= 5288.000000 SelEvtnoweight= 0.000000 Nfile= 28 
ID= 11930960 AllEvt= 1984.510500 AllEvtErr= 43.559229 SelEvt= 0.000000  SelEvtErr= 0.000000 AllEvtnoweight= 2317.000000 SelEvtnoweight= 0.000000 Nfile= 28 
ID= 12010760 AllEvt= 743.850600 AllEvtErr= 26.691082 SelEvt= 0.000000  SelEvtErr= 0.000000 AllEvtnoweight= 870.000000 SelEvtnoweight= 0.000000 Nfile= 28 
ID= 12010860 AllEvt= 2232.529900 AllEvtErr= 46.010809 SelEvt= 0.000000  SelEvtErr= 0.000000 AllEvtnoweight= 2585.000000 SelEvtnoweight= 0.000000 Nfile= 28 
ID= 12030960 AllEvt= 1055.167260 AllEvtErr= 31.712003 SelEvt= 0.000000  SelEvtErr= 0.000000 AllEvtnoweight= 1228.000000 SelEvtnoweight= 0.000000 Nfile= 28 
ID= 12210760 AllEvt= 563.779760 AllEvtErr= 23.018385 SelEvt= 0.000000  SelEvtErr= 0.000000 AllEvtnoweight= 647.000000 SelEvtnoweight= 0.000000 Nfile= 28 
ID= 12210860 AllEvt= 1672.342900 AllEvtErr= 39.776679 SelEvt= 0.000000  SelEvtErr= 0.000000 AllEvtnoweight= 1932.000000 SelEvtnoweight= 0.000000 Nfile= 28 
ID= 12230960 AllEvt= 815.392200 AllEvtErr= 27.760547 SelEvt= 0.000000  SelEvtErr= 0.000000 AllEvtnoweight= 941.000000 SelEvtnoweight= 0.000000 Nfile= 28 
ID= 30530960 AllEvt= 21810.097000 AllEvtErr= 143.561968 SelEvt= 0.000000  SelEvtErr= 0.000000 AllEvtnoweight= 25167.000000 SelEvtnoweight= 0.000000 Nfile= 28 
ID= 49 AllEvt= 441171380.000000 AllEvtErr= 309295.700913 SelEvt= 0.000000  SelEvtErr= 0.000000 AllEvtnoweight= 5246469.000000 SelEvtnoweight= 0.000000 Nfile= 53 
ID= 48 AllEvt= 422045254.000000 AllEvtErr= 147490.340823 SelEvt= 0.000000  SelEvtErr= 0.000000 AllEvtnoweight= 24311445.000000 SelEvtnoweight= 0.000000 Nfile= 244 
ID= 47 AllEvt= 9357733.800000 AllEvtErr= 12965.947835 SelEvt= 0.000000  SelEvtErr= 0.000000 AllEvtnoweight= 1703772.000000 SelEvtnoweight= 0.000000 Nfile= 18 
ID= 58 AllEvt= 14363417.000000 AllEvtErr= 17547.042080 SelEvt= 0.000000  SelEvtErr= 0.000000 AllEvtnoweight= 1769257.000000 SelEvtnoweight= 0.000000 Nfile= 20 
ID= 10010358 AllEvt= 435.333500 AllEvtErr= 94.209255 SelEvt= 0.000000  SelEvtErr= 0.000000 AllEvtnoweight= 51.000000 SelEvtnoweight= 0.000000 Nfile= 17 
ID= 10010458 AllEvt= 831.091200 AllEvtErr= 133.883541 SelEvt= 0.000000  SelEvtErr= 0.000000 AllEvtnoweight= 103.000000 SelEvtnoweight= 0.000000 Nfile= 20 
ID= 10030558 AllEvt= 408.949800 AllEvtErr= 80.243395 SelEvt= 0.000000  SelEvtErr= 0.000000 AllEvtnoweight= 37.000000 SelEvtnoweight= 0.000000 Nfile= 16 
ID= 10110358 AllEvt= 95878.970000 AllEvtErr= 1375.761289 SelEvt= 0.000000  SelEvtErr= 0.000000 AllEvtnoweight= 10876.000000 SelEvtnoweight= 0.000000 Nfile= 20 
ID= 10110458 AllEvt= 226386.670000 AllEvtErr= 2123.246074 SelEvt= 0.000000  SelEvtErr= 0.000000 AllEvtnoweight= 25905.000000 SelEvtnoweight= 0.000000 Nfile= 20 
ID= 10130558 AllEvt= 82330.860000 AllEvtErr= 1278.801980 SelEvt= 0.000000  SelEvtErr= 0.000000 AllEvtnoweight= 9397.000000 SelEvtnoweight= 0.000000 Nfile= 20 
ID= 10210358 AllEvt= 94546.590000 AllEvtErr= 1358.128413 SelEvt= 0.000000  SelEvtErr= 0.000000 AllEvtnoweight= 10599.000000 SelEvtnoweight= 0.000000 Nfile= 20 
ID= 10210458 AllEvt= 219579.850000 AllEvtErr= 2094.445293 SelEvt= 0.000000  SelEvtErr= 0.000000 AllEvtnoweight= 25207.000000 SelEvtnoweight= 0.000000 Nfile= 20 
ID= 10230558 AllEvt= 78953.730000 AllEvtErr= 1247.806134 SelEvt= 0.000000  SelEvtErr= 0.000000 AllEvtnoweight= 8947.000000 SelEvtnoweight= 0.000000 Nfile= 20 
ID= 10230858 AllEvt= 40499.240000 AllEvtErr= 890.626312 SelEvt= 0.000000  SelEvtErr= 0.000000 AllEvtnoweight= 4558.000000 SelEvtnoweight= 0.000000 Nfile= 20 
ID= 10231458 AllEvt= 1068.546100 AllEvtErr= 148.665588 SelEvt= 0.000000  SelEvtErr= 0.000000 AllEvtnoweight= 127.000000 SelEvtnoweight= 0.000000 Nfile= 20 
ID= 10231858 AllEvt= 2889.030400 AllEvtErr= 235.615411 SelEvt= 0.000000  SelEvtErr= 0.000000 AllEvtnoweight= 319.000000 SelEvtnoweight= 0.000000 Nfile= 20 
ID= 10310358 AllEvt= 27966.892000 AllEvtErr= 755.979248 SelEvt= 0.000000  SelEvtErr= 0.000000 AllEvtnoweight= 3284.000000 SelEvtnoweight= 0.000000 Nfile= 20 
ID= 10330558 AllEvt= 50551.500000 AllEvtErr= 1006.571751 SelEvt= 0.000000  SelEvtErr= 0.000000 AllEvtnoweight= 5822.000000 SelEvtnoweight= 0.000000 Nfile= 20 
ID= 10410358 AllEvt= 135745.030000 AllEvtErr= 1642.382275 SelEvt= 0.000000  SelEvtErr= 0.000000 AllEvtnoweight= 15500.000000 SelEvtnoweight= 0.000000 Nfile= 20 
ID= 10410458 AllEvt= 164622.130000 AllEvtErr= 1805.079719 SelEvt= 0.000000  SelEvtErr= 0.000000 AllEvtnoweight= 18723.000000 SelEvtnoweight= 0.000000 Nfile= 20 
ID= 10430558 AllEvt= 118793.390000 AllEvtErr= 1537.808879 SelEvt= 0.000000  SelEvtErr= 0.000000 AllEvtnoweight= 13589.000000 SelEvtnoweight= 0.000000 Nfile= 20 
ID= 10510358 AllEvt= 47847.140000 AllEvtErr= 978.607173 SelEvt= 0.000000  SelEvtErr= 0.000000 AllEvtnoweight= 5503.000000 SelEvtnoweight= 0.000000 Nfile= 20 
ID= 10510458 AllEvt= 116445.210000 AllEvtErr= 1521.539772 SelEvt= 0.000000  SelEvtErr= 0.000000 AllEvtnoweight= 13303.000000 SelEvtnoweight= 0.000000 Nfile= 20 
ID= 10530558 AllEvt= 42715.480000 AllEvtErr= 920.036703 SelEvt= 0.000000  SelEvtErr= 0.000000 AllEvtnoweight= 4864.000000 SelEvtnoweight= 0.000000 Nfile= 20 
ID= 10610358 AllEvt= 3469.476700 AllEvtErr= 256.140968 SelEvt= 0.000000  SelEvtErr= 0.000000 AllEvtnoweight= 377.000000 SelEvtnoweight= 0.000000 Nfile= 20 
ID= 10610458 AllEvt= 9076.049000 AllEvtErr= 422.141828 SelEvt= 0.000000  SelEvtErr= 0.000000 AllEvtnoweight= 1024.000000 SelEvtnoweight= 0.000000 Nfile= 20 
ID= 10630558 AllEvt= 3271.598100 AllEvtErr= 246.798417 SelEvt= 0.000000  SelEvtErr= 0.000000 AllEvtnoweight= 350.000000 SelEvtnoweight= 0.000000 Nfile= 20 
ID= 10710358 AllEvt= 7585.359000 AllEvtErr= 385.737212 SelEvt= 0.000000  SelEvtErr= 0.000000 AllEvtnoweight= 855.000000 SelEvtnoweight= 0.000000 Nfile= 20 
ID= 10710458 AllEvt= 16015.003000 AllEvtErr= 569.854635 SelEvt= 0.000000  SelEvtErr= 0.000000 AllEvtnoweight= 1866.000000 SelEvtnoweight= 0.000000 Nfile= 20 
ID= 10730558 AllEvt= 6107.866000 AllEvtErr= 357.644925 SelEvt= 0.000000  SelEvtErr= 0.000000 AllEvtnoweight= 735.000000 SelEvtnoweight= 0.000000 Nfile= 20 
ID= 10910358 AllEvt= 5501.036000 AllEvtErr= 331.377607 SelEvt= 0.000000  SelEvtErr= 0.000000 AllEvtnoweight= 631.000000 SelEvtnoweight= 0.000000 Nfile= 20 
ID= 10910458 AllEvt= 13020.440000 AllEvtErr= 517.520397 SelEvt= 0.000000  SelEvtErr= 0.000000 AllEvtnoweight= 1539.000000 SelEvtnoweight= 0.000000 Nfile= 20 
ID= 10930558 AllEvt= 5092.088000 AllEvtErr= 311.061190 SelEvt= 0.000000  SelEvtErr= 0.000000 AllEvtnoweight= 556.000000 SelEvtnoweight= 0.000000 Nfile= 20 
ID= 11510358 AllEvt= 831.091000 AllEvtErr= 127.218426 SelEvt= 0.000000  SelEvtErr= 0.000000 AllEvtnoweight= 93.000000 SelEvtnoweight= 0.000000 Nfile= 20 
ID= 11510458 AllEvt= 1860.060100 AllEvtErr= 200.500032 SelEvt= 0.000000  SelEvtErr= 0.000000 AllEvtnoweight= 231.000000 SelEvtnoweight= 0.000000 Nfile= 20 
ID= 11530558 AllEvt= 567.253200 AllEvtErr= 115.758796 SelEvt= 0.000000  SelEvtErr= 0.000000 AllEvtnoweight= 77.000000 SelEvtnoweight= 0.000000 Nfile= 20 
ID= 11610358 AllEvt= 857.475300 AllEvtErr= 125.843079 SelEvt= 0.000000  SelEvtErr= 0.000000 AllEvtnoweight= 91.000000 SelEvtnoweight= 0.000000 Nfile= 20 
ID= 11610458 AllEvt= 1965.594900 AllEvtErr= 201.366137 SelEvt= 0.000000  SelEvtErr= 0.000000 AllEvtnoweight= 233.000000 SelEvtnoweight= 0.000000 Nfile= 20 
ID= 11630558 AllEvt= 646.404800 AllEvtErr= 117.252493 SelEvt= 0.000000  SelEvtErr= 0.000000 AllEvtnoweight= 79.000000 SelEvtnoweight= 0.000000 Nfile= 19 
ID= 11710358 AllEvt= 316.606300 AllEvtErr= 81.320507 SelEvt= 0.000000  SelEvtErr= 0.000000 AllEvtnoweight= 38.000000 SelEvtnoweight= 0.000000 Nfile= 19 
ID= 11710458 AllEvt= 712.363900 AllEvtErr= 117.992271 SelEvt= 0.000000  SelEvtErr= 0.000000 AllEvtnoweight= 80.000000 SelEvtnoweight= 0.000000 Nfile= 20 
ID= 11730558 AllEvt= 263.838900 AllEvtErr= 81.320506 SelEvt= 0.000000  SelEvtErr= 0.000000 AllEvtnoweight= 38.000000 SelEvtnoweight= 0.000000 Nfile= 18 
ID= 11910358 AllEvt= 2255.816300 AllEvtErr= 211.482781 SelEvt= 0.000000  SelEvtErr= 0.000000 AllEvtnoweight= 257.000000 SelEvtnoweight= 0.000000 Nfile= 20 
ID= 11910458 AllEvt= 5289.966000 AllEvtErr= 315.780829 SelEvt= 0.000000  SelEvtErr= 0.000000 AllEvtnoweight= 573.000000 SelEvtnoweight= 0.000000 Nfile= 20 
ID= 11930558 AllEvt= 1833.675400 AllEvtErr= 188.879736 SelEvt= 0.000000  SelEvtErr= 0.000000 AllEvtnoweight= 205.000000 SelEvtnoweight= 0.000000 Nfile= 20 
ID= 12010358 AllEvt= 831.091200 AllEvtErr= 133.883545 SelEvt= 0.000000  SelEvtErr= 0.000000 AllEvtnoweight= 103.000000 SelEvtnoweight= 0.000000 Nfile= 19 
ID= 12010458 AllEvt= 2216.241300 AllEvtErr= 209.415459 SelEvt= 0.000000  SelEvtErr= 0.000000 AllEvtnoweight= 252.000000 SelEvtnoweight= 0.000000 Nfile= 20 
ID= 12030558 AllEvt= 857.475000 AllEvtErr= 132.577361 SelEvt= 0.000000  SelEvtErr= 0.000000 AllEvtnoweight= 101.000000 SelEvtnoweight= 0.000000 Nfile= 20 
ID= 12210358 AllEvt= 857.475800 AllEvtErr= 131.258114 SelEvt= 0.000000  SelEvtErr= 0.000000 AllEvtnoweight= 99.000000 SelEvtnoweight= 0.000000 Nfile= 20 
ID= 12210458 AllEvt= 2572.423300 AllEvtErr= 208.999529 SelEvt= 0.000000  SelEvtErr= 0.000000 AllEvtnoweight= 251.000000 SelEvtnoweight= 0.000000 Nfile= 20 
ID= 12230558 AllEvt= 620.020500 AllEvtErr= 123.046224 SelEvt= 0.000000  SelEvtErr= 0.000000 AllEvtnoweight= 87.000000 SelEvtnoweight= 0.000000 Nfile= 20 
ID= 30530558 AllEvt= 20724.518000 AllEvtErr= 644.517421 SelEvt= 0.000000  SelEvtErr= 0.000000 AllEvtnoweight= 2387.000000 SelEvtnoweight= 0.000000 Nfile= 20 
ID= 45 AllEvt= 941529.510000 AllEvtErr= 890.264145 SelEvt= 0.000000  SelEvtErr= 0.000000 AllEvtnoweight= 1232446.000000 SelEvtnoweight= 0.000000 Nfile= 50 
ID= 10010445 AllEvt= 1152.321140 AllEvtErr= 31.253506 SelEvt= 0.000000  SelEvtErr= 0.000000 AllEvtnoweight= 1519.000000 SelEvtnoweight= 0.000000 Nfile= 49 
ID= 10110345 AllEvt= 90236.815800 AllEvtErr= 275.615571 SelEvt= 0.000000  SelEvtErr= 0.000000 AllEvtnoweight= 118123.000000 SelEvtnoweight= 0.000000 Nfile= 50 
ID= 10110445 AllEvt= 258879.019500 AllEvtErr= 467.198980 SelEvt= 0.000000  SelEvtErr= 0.000000 AllEvtnoweight= 339412.000000 SelEvtnoweight= 0.000000 Nfile= 50 
ID= 10130545 AllEvt= 105338.122800 AllEvtErr= 297.724948 SelEvt= 0.000000  SelEvtErr= 0.000000 AllEvtnoweight= 137834.000000 SelEvtnoweight= 0.000000 Nfile= 50 
ID= 10210345 AllEvt= 104616.634700 AllEvtErr= 296.814865 SelEvt= 0.000000  SelEvtErr= 0.000000 AllEvtnoweight= 136992.000000 SelEvtnoweight= 0.000000 Nfile= 50 
ID= 10210445 AllEvt= 299784.061400 AllEvtErr= 502.392914 SelEvt= 0.000000  SelEvtErr= 0.000000 AllEvtnoweight= 392474.000000 SelEvtnoweight= 0.000000 Nfile= 50 
ID= 10230545 AllEvt= 121227.662800 AllEvtErr= 319.408384 SelEvt= 0.000000  SelEvtErr= 0.000000 AllEvtnoweight= 158642.000000 SelEvtnoweight= 0.000000 Nfile= 50 
ID= 10230845 AllEvt= 61905.273200 AllEvtErr= 228.219635 SelEvt= 0.000000  SelEvtErr= 0.000000 AllEvtnoweight= 80989.000000 SelEvtnoweight= 0.000000 Nfile= 50 
ID= 10231445 AllEvt= 1957.538954 AllEvtErr= 40.376879 SelEvt= 0.000000  SelEvtErr= 0.000000 AllEvtnoweight= 2535.000000 SelEvtnoweight= 0.000000 Nfile= 49 
ID= 10231845 AllEvt= 4639.086290 AllEvtErr= 62.379684 SelEvt= 0.000000  SelEvtErr= 0.000000 AllEvtnoweight= 6051.000000 SelEvtnoweight= 0.000000 Nfile= 50 
ID= 10310345 AllEvt= 14609.646860 AllEvtErr= 111.050044 SelEvt= 0.000000  SelEvtErr= 0.000000 AllEvtnoweight= 19176.000000 SelEvtnoweight= 0.000000 Nfile= 50 
ID= 10330545 AllEvt= 39985.501140 AllEvtErr= 183.250104 SelEvt= 0.000000  SelEvtErr= 0.000000 AllEvtnoweight= 52218.000000 SelEvtnoweight= 0.000000 Nfile= 50 
ID= 10410345 AllEvt= 86078.536200 AllEvtErr= 269.330780 SelEvt= 0.000000  SelEvtErr= 0.000000 AllEvtnoweight= 112798.000000 SelEvtnoweight= 0.000000 Nfile= 50 
ID= 10410445 AllEvt= 128063.511800 AllEvtErr= 328.014077 SelEvt= 0.000000  SelEvtErr= 0.000000 AllEvtnoweight= 167307.000000 SelEvtnoweight= 0.000000 Nfile= 50 
ID= 10430545 AllEvt= 118467.275800 AllEvtErr= 315.688091 SelEvt= 0.000000  SelEvtErr= 0.000000 AllEvtnoweight= 154968.000000 SelEvtnoweight= 0.000000 Nfile= 50 
ID= 10510345 AllEvt= 41095.373000 AllEvtErr= 185.849662 SelEvt= 0.000000  SelEvtErr= 0.000000 AllEvtnoweight= 53710.000000 SelEvtnoweight= 0.000000 Nfile= 50 
ID= 10510445 AllEvt= 120581.214800 AllEvtErr= 318.624032 SelEvt= 0.000000  SelEvtErr= 0.000000 AllEvtnoweight= 157864.000000 SelEvtnoweight= 0.000000 Nfile= 50 
ID= 10530545 AllEvt= 55766.057500 AllEvtErr= 216.435006 SelEvt= 0.000000  SelEvtErr= 0.000000 AllEvtnoweight= 72842.000000 SelEvtnoweight= 0.000000 Nfile= 50 
ID= 10610345 AllEvt= 2003.982558 AllEvtErr= 41.179893 SelEvt= 0.000000  SelEvtErr= 0.000000 AllEvtnoweight= 2637.000000 SelEvtnoweight= 0.000000 Nfile= 50 
ID= 10610445 AllEvt= 6024.850760 AllEvtErr= 71.082459 SelEvt= 0.000000  SelEvtErr= 0.000000 AllEvtnoweight= 7857.000000 SelEvtnoweight= 0.000000 Nfile= 50 
ID= 10630545 AllEvt= 2876.504130 AllEvtErr= 49.061739 SelEvt= 0.000000  SelEvtErr= 0.000000 AllEvtnoweight= 3743.000000 SelEvtnoweight= 0.000000 Nfile= 50 
ID= 10710345 AllEvt= 4814.707400 AllEvtErr= 63.387205 SelEvt= 0.000000  SelEvtErr= 0.000000 AllEvtnoweight= 6248.000000 SelEvtnoweight= 0.000000 Nfile= 50 
ID= 10710445 AllEvt= 14127.382670 AllEvtErr= 108.763108 SelEvt= 0.000000  SelEvtErr= 0.000000 AllEvtnoweight= 18395.000000 SelEvtnoweight= 0.000000 Nfile= 50 
ID= 10730545 AllEvt= 6466.643900 AllEvtErr= 73.802653 SelEvt= 0.000000  SelEvtErr= 0.000000 AllEvtnoweight= 8470.000000 SelEvtnoweight= 0.000000 Nfile= 49 
ID= 10910345 AllEvt= 5097.884820 AllEvtErr= 65.341699 SelEvt= 0.000000  SelEvtErr= 0.000000 AllEvtnoweight= 6639.000000 SelEvtnoweight= 0.000000 Nfile= 49 
ID= 10910445 AllEvt= 15489.247330 AllEvtErr= 113.933315 SelEvt= 0.000000  SelEvtErr= 0.000000 AllEvtnoweight= 20185.000000 SelEvtnoweight= 0.000000 Nfile= 50 
ID= 10930545 AllEvt= 6909.434460 AllEvtErr= 76.255216 SelEvt= 0.000000  SelEvtErr= 0.000000 AllEvtnoweight= 9042.000000 SelEvtnoweight= 0.000000 Nfile= 49 
ID= 11510345 AllEvt= 961.462598 AllEvtErr= 28.362047 SelEvt= 0.000000  SelEvtErr= 0.000000 AllEvtnoweight= 1251.000000 SelEvtnoweight= 0.000000 Nfile= 50 
ID= 11510445 AllEvt= 2697.627174 AllEvtErr= 47.224466 SelEvt= 0.000000  SelEvtErr= 0.000000 AllEvtnoweight= 3468.000000 SelEvtnoweight= 0.000000 Nfile= 50 
ID= 11530545 AllEvt= 1303.136084 AllEvtErr= 33.210121 SelEvt= 0.000000  SelEvtErr= 0.000000 AllEvtnoweight= 1715.000000 SelEvtnoweight= 0.000000 Nfile= 48 
ID= 11610345 AllEvt= 887.671324 AllEvtErr= 27.510406 SelEvt= 0.000000  SelEvtErr= 0.000000 AllEvtnoweight= 1177.000000 SelEvtnoweight= 0.000000 Nfile= 49 
ID= 11610445 AllEvt= 2531.718650 AllEvtErr= 46.074974 SelEvt= 0.000000  SelEvtErr= 0.000000 AllEvtnoweight= 3301.000000 SelEvtnoweight= 0.000000 Nfile= 50 
ID= 11630545 AllEvt= 1131.549630 AllEvtErr= 30.841243 SelEvt= 0.000000  SelEvtErr= 0.000000 AllEvtnoweight= 1479.000000 SelEvtnoweight= 0.000000 Nfile= 49 
ID= 11710345 AllEvt= 297.515638 AllEvtErr= 15.857197 SelEvt= 0.000000  SelEvtErr= 0.000000 AllEvtnoweight= 391.000000 SelEvtnoweight= 0.000000 Nfile= 48 
ID= 11710445 AllEvt= 950.314864 AllEvtErr= 28.251151 SelEvt= 0.000000  SelEvtErr= 0.000000 AllEvtnoweight= 1241.000000 SelEvtnoweight= 0.000000 Nfile= 49 
ID= 11730545 AllEvt= 432.250764 AllEvtErr= 19.062179 SelEvt= 0.000000  SelEvtErr= 0.000000 AllEvtnoweight= 565.000000 SelEvtnoweight= 0.000000 Nfile= 48 
ID= 11910345 AllEvt= 1983.234904 AllEvtErr= 40.710661 SelEvt= 0.000000  SelEvtErr= 0.000000 AllEvtnoweight= 2577.000000 SelEvtnoweight= 0.000000 Nfile= 50 
ID= 11910445 AllEvt= 5757.067880 AllEvtErr= 69.472679 SelEvt= 0.000000  SelEvtErr= 0.000000 AllEvtnoweight= 7505.000000 SelEvtnoweight= 0.000000 Nfile= 50 
ID= 11930545 AllEvt= 2704.131560 AllEvtErr= 47.524645 SelEvt= 0.000000  SelEvtErr= 0.000000 AllEvtnoweight= 3512.000000 SelEvtnoweight= 0.000000 Nfile= 49 
ID= 12010345 AllEvt= 926.230990 AllEvtErr= 27.952922 SelEvt= 0.000000  SelEvtErr= 0.000000 AllEvtnoweight= 1215.000000 SelEvtnoweight= 0.000000 Nfile= 49 
ID= 12010445 AllEvt= 2767.440910 AllEvtErr= 48.202471 SelEvt= 0.000000  SelEvtErr= 0.000000 AllEvtnoweight= 3613.000000 SelEvtnoweight= 0.000000 Nfile= 50 
ID= 12030545 AllEvt= 1271.858408 AllEvtErr= 32.712519 SelEvt= 0.000000  SelEvtErr= 0.000000 AllEvtnoweight= 1664.000000 SelEvtnoweight= 0.000000 Nfile= 50 
ID= 12210345 AllEvt= 732.156508 AllEvtErr= 24.963027 SelEvt= 0.000000  SelEvtErr= 0.000000 AllEvtnoweight= 969.000000 SelEvtnoweight= 0.000000 Nfile= 50 
ID= 12210445 AllEvt= 2105.106040 AllEvtErr= 42.260455 SelEvt= 0.000000  SelEvtErr= 0.000000 AllEvtnoweight= 2777.000000 SelEvtnoweight= 0.000000 Nfile= 49 
ID= 12230545 AllEvt= 937.450718 AllEvtErr= 27.837408 SelEvt= 0.000000  SelEvtErr= 0.000000 AllEvtnoweight= 1205.000000 SelEvtnoweight= 0.000000 Nfile= 49 
ID= 30530545 AllEvt= 27165.192340 AllEvtErr= 151.254161 SelEvt= 0.000000  SelEvtErr= 0.000000 AllEvtnoweight= 35575.000000 SelEvtnoweight= 0.000000 Nfile= 50 
ID= 10010345 AllEvt= 383.328960 AllEvtErr= 17.967897 SelEvt= 0.000000  SelEvtErr= 0.000000 AllEvtnoweight= 502.000000 SelEvtnoweight= 0.000000 Nfile= 46 
ID= 10030545 AllEvt= 563.769900 AllEvtErr= 21.563360 SelEvt= 0.000000  SelEvtErr= 0.000000 AllEvtnoweight= 723.000000 SelEvtnoweight= 0.000000 Nfile= 47 
ID= 53 AllEvt= 15983795.800000 AllEvtErr= 8016.362002 SelEvt= 0.000000  SelEvtErr= 0.000000 AllEvtnoweight= 8370297.000000 SelEvtnoweight= 0.000000 Nfile= 108 
ID= 10010353 AllEvt= 1011.346300 AllEvtErr= 64.566437 SelEvt= 0.000000  SelEvtErr= 0.000000 AllEvtnoweight= 543.000000 SelEvtnoweight= 0.000000 Nfile= 106 
ID= 10010453 AllEvt= 2632.270950 AllEvtErr= 100.439413 SelEvt= 0.000000  SelEvtErr= 0.000000 AllEvtnoweight= 1314.000000 SelEvtnoweight= 0.000000 Nfile= 108 
ID= 10030553 AllEvt= 870.034880 AllEvtErr= 60.705429 SelEvt= 0.000000  SelEvtErr= 0.000000 AllEvtnoweight= 480.000000 SelEvtnoweight= 0.000000 Nfile= 107 
ID= 10110353 AllEvt= 256643.601000 AllEvtErr= 1014.442371 SelEvt= 0.000000  SelEvtErr= 0.000000 AllEvtnoweight= 134042.000000 SelEvtnoweight= 0.000000 Nfile= 108 
ID= 10110453 AllEvt= 610163.060000 AllEvtErr= 1561.791104 SelEvt= 0.000000  SelEvtErr= 0.000000 AllEvtnoweight= 317711.000000 SelEvtnoweight= 0.000000 Nfile= 108 
ID= 10130553 AllEvt= 220548.281000 AllEvtErr= 939.198698 SelEvt= 0.000000  SelEvtErr= 0.000000 AllEvtnoweight= 114895.000000 SelEvtnoweight= 0.000000 Nfile= 108 
ID= 10210353 AllEvt= 250783.371000 AllEvtErr= 1002.501526 SelEvt= 0.000000  SelEvtErr= 0.000000 AllEvtnoweight= 130905.000000 SelEvtnoweight= 0.000000 Nfile= 108 
ID= 10210453 AllEvt= 596793.900000 AllEvtErr= 1544.671530 SelEvt= 0.000000  SelEvtErr= 0.000000 AllEvtnoweight= 310784.000000 SelEvtnoweight= 0.000000 Nfile= 108 
ID= 10230553 AllEvt= 215812.944000 AllEvtErr= 929.176460 SelEvt= 0.000000  SelEvtErr= 0.000000 AllEvtnoweight= 112456.000000 SelEvtnoweight= 0.000000 Nfile= 108 
ID= 10230853 AllEvt= 108441.252000 AllEvtErr= 657.301551 SelEvt= 0.000000  SelEvtErr= 0.000000 AllEvtnoweight= 56275.000000 SelEvtnoweight= 0.000000 Nfile= 108 
ID= 10231453 AllEvt= 3097.767220 AllEvtErr= 113.434078 SelEvt= 0.000000  SelEvtErr= 0.000000 AllEvtnoweight= 1676.000000 SelEvtnoweight= 0.000000 Nfile= 108 
ID= 10231853 AllEvt= 8298.578910 AllEvtErr= 180.995619 SelEvt= 0.000000  SelEvtErr= 0.000000 AllEvtnoweight= 4267.000000 SelEvtnoweight= 0.000000 Nfile= 108 
ID= 10310353 AllEvt= 78352.998000 AllEvtErr= 560.471401 SelEvt= 0.000000  SelEvtErr= 0.000000 AllEvtnoweight= 40916.000000 SelEvtnoweight= 0.000000 Nfile= 108 
ID= 10330553 AllEvt= 133874.512000 AllEvtErr= 732.249447 SelEvt= 0.000000  SelEvtErr= 0.000000 AllEvtnoweight= 69840.000000 SelEvtnoweight= 0.000000 Nfile= 108 
ID= 10410353 AllEvt= 369127.467000 AllEvtErr= 1215.814649 SelEvt= 0.000000  SelEvtErr= 0.000000 AllEvtnoweight= 192540.000000 SelEvtnoweight= 0.000000 Nfile= 108 
ID= 10410453 AllEvt= 439420.150000 AllEvtErr= 1325.568994 SelEvt= 0.000000  SelEvtErr= 0.000000 AllEvtnoweight= 228871.000000 SelEvtnoweight= 0.000000 Nfile= 108 
ID= 10430553 AllEvt= 317534.933000 AllEvtErr= 1126.252110 SelEvt= 0.000000  SelEvtErr= 0.000000 AllEvtnoweight= 165218.000000 SelEvtnoweight= 0.000000 Nfile= 108 
ID= 10510353 AllEvt= 134101.723000 AllEvtErr= 731.703989 SelEvt= 0.000000  SelEvtErr= 0.000000 AllEvtnoweight= 69736.000000 SelEvtnoweight= 0.000000 Nfile= 108 
ID= 10510453 AllEvt= 318864.851000 AllEvtErr= 1127.730650 SelEvt= 0.000000  SelEvtErr= 0.000000 AllEvtnoweight= 165652.000000 SelEvtnoweight= 0.000000 Nfile= 108 
ID= 10530553 AllEvt= 115030.182000 AllEvtErr= 678.735628 SelEvt= 0.000000  SelEvtErr= 0.000000 AllEvtnoweight= 60005.000000 SelEvtnoweight= 0.000000 Nfile= 108 
ID= 10610353 AllEvt= 10484.747300 AllEvtErr= 203.310310 SelEvt= 0.000000  SelEvtErr= 0.000000 AllEvtnoweight= 5384.000000 SelEvtnoweight= 0.000000 Nfile= 108 
ID= 10610453 AllEvt= 23853.916600 AllEvtErr= 308.307954 SelEvt= 0.000000  SelEvtErr= 0.000000 AllEvtnoweight= 12381.000000 SelEvtnoweight= 0.000000 Nfile= 108 
ID= 10630553 AllEvt= 8279.184300 AllEvtErr= 183.502131 SelEvt= 0.000000  SelEvtErr= 0.000000 AllEvtnoweight= 4386.000000 SelEvtnoweight= 0.000000 Nfile= 108 
ID= 10710353 AllEvt= 18935.723500 AllEvtErr= 273.735837 SelEvt= 0.000000  SelEvtErr= 0.000000 AllEvtnoweight= 9760.000000 SelEvtnoweight= 0.000000 Nfile= 108 
ID= 10710453 AllEvt= 45607.548000 AllEvtErr= 423.580902 SelEvt= 0.000000  SelEvtErr= 0.000000 AllEvtnoweight= 23370.000000 SelEvtnoweight= 0.000000 Nfile= 108 
ID= 10730553 AllEvt= 16300.683900 AllEvtErr= 255.801587 SelEvt= 0.000000  SelEvtErr= 0.000000 AllEvtnoweight= 8523.000000 SelEvtnoweight= 0.000000 Nfile= 108 
ID= 10910353 AllEvt= 14984.542500 AllEvtErr= 245.682072 SelEvt= 0.000000  SelEvtErr= 0.000000 AllEvtnoweight= 7862.000000 SelEvtnoweight= 0.000000 Nfile= 108 
ID= 10910453 AllEvt= 35912.484000 AllEvtErr= 378.446558 SelEvt= 0.000000  SelEvtErr= 0.000000 AllEvtnoweight= 18655.000000 SelEvtnoweight= 0.000000 Nfile= 108 
ID= 10930553 AllEvt= 12964.624900 AllEvtErr= 227.020638 SelEvt= 0.000000  SelEvtErr= 0.000000 AllEvtnoweight= 6713.000000 SelEvtnoweight= 0.000000 Nfile= 108 
ID= 11510353 AllEvt= 2532.521670 AllEvtErr= 99.826043 SelEvt= 0.000000  SelEvtErr= 0.000000 AllEvtnoweight= 1298.000000 SelEvtnoweight= 0.000000 Nfile= 108 
ID= 11510453 AllEvt= 5802.078300 AllEvtErr= 150.391607 SelEvt= 0.000000  SelEvtErr= 0.000000 AllEvtnoweight= 2946.000000 SelEvtnoweight= 0.000000 Nfile= 108 
ID= 11530553 AllEvt= 1978.359800 AllEvtErr= 89.613315 SelEvt= 0.000000  SelEvtErr= 0.000000 AllEvtnoweight= 1046.000000 SelEvtnoweight= 0.000000 Nfile= 108 
ID= 11610353 AllEvt= 2302.544020 AllEvtErr= 97.530919 SelEvt= 0.000000  SelEvtErr= 0.000000 AllEvtnoweight= 1239.000000 SelEvtnoweight= 0.000000 Nfile= 108 
ID= 11610453 AllEvt= 5203.582860 AllEvtErr= 146.093079 SelEvt= 0.000000  SelEvtErr= 0.000000 AllEvtnoweight= 2780.000000 SelEvtnoweight= 0.000000 Nfile= 108 
ID= 11630553 AllEvt= 1978.359790 AllEvtErr= 89.955352 SelEvt= 0.000000  SelEvtErr= 0.000000 AllEvtnoweight= 1054.000000 SelEvtnoweight= 0.000000 Nfile= 108 
ID= 11710353 AllEvt= 972.555190 AllEvtErr= 61.397070 SelEvt= 0.000000  SelEvtErr= 0.000000 AllEvtnoweight= 491.000000 SelEvtnoweight= 0.000000 Nfile= 106 
ID= 11710453 AllEvt= 2208.336820 AllEvtErr= 93.100813 SelEvt= 0.000000  SelEvtErr= 0.000000 AllEvtnoweight= 1129.000000 SelEvtnoweight= 0.000000 Nfile= 108 
ID= 11730553 AllEvt= 892.201150 AllEvtErr= 57.456763 SelEvt= 0.000000  SelEvtErr= 0.000000 AllEvtnoweight= 430.000000 SelEvtnoweight= 0.000000 Nfile= 105 
ID= 11910353 AllEvt= 5915.682330 AllEvtErr= 151.839508 SelEvt= 0.000000  SelEvtErr= 0.000000 AllEvtnoweight= 3003.000000 SelEvtnoweight= 0.000000 Nfile= 108 
ID= 11910453 AllEvt= 13535.415300 AllEvtErr= 234.309780 SelEvt= 0.000000  SelEvtErr= 0.000000 AllEvtnoweight= 7151.000000 SelEvtnoweight= 0.000000 Nfile= 108 
ID= 11930553 AllEvt= 5098.292200 AllEvtErr= 140.794403 SelEvt= 0.000000  SelEvtErr= 0.000000 AllEvtnoweight= 2582.000000 SelEvtnoweight= 0.000000 Nfile= 108 
ID= 12010353 AllEvt= 2410.606060 AllEvtErr= 97.570281 SelEvt= 0.000000  SelEvtErr= 0.000000 AllEvtnoweight= 1240.000000 SelEvtnoweight= 0.000000 Nfile= 108 
ID= 12010453 AllEvt= 5979.410300 AllEvtErr= 155.165519 SelEvt= 0.000000  SelEvtErr= 0.000000 AllEvtnoweight= 3136.000000 SelEvtnoweight= 0.000000 Nfile= 108 
ID= 12030553 AllEvt= 2321.940250 AllEvtErr= 93.635319 SelEvt= 0.000000  SelEvtErr= 0.000000 AllEvtnoweight= 1142.000000 SelEvtnoweight= 0.000000 Nfile= 108 
ID= 12210353 AllEvt= 2294.232460 AllEvtErr= 94.451673 SelEvt= 0.000000  SelEvtErr= 0.000000 AllEvtnoweight= 1162.000000 SelEvtnoweight= 0.000000 Nfile= 108 
ID= 12210453 AllEvt= 5372.602500 AllEvtErr= 146.643784 SelEvt= 0.000000  SelEvtErr= 0.000000 AllEvtnoweight= 2801.000000 SelEvtnoweight= 0.000000 Nfile= 108 
ID= 12230553 AllEvt= 1978.359730 AllEvtErr= 88.665904 SelEvt= 0.000000  SelEvtErr= 0.000000 AllEvtnoweight= 1024.000000 SelEvtnoweight= 0.000000 Nfile= 108 
ID= 30530553 AllEvt= 58040.178000 AllEvtErr= 481.252476 SelEvt= 0.000000  SelEvtErr= 0.000000 AllEvtnoweight= 30167.000000 SelEvtnoweight= 0.000000 Nfile= 108
ID= 55 AllEvt= 67297302.000000 AllEvtErr= 29210.926099 SelEvt= 0.000000  SelEvtErr= 0.000000 AllEvtnoweight= 13214030.000000 SelEvtnoweight= 0.000000 Nfile= 310 
ID= 10010355 AllEvt= 2812.517460 AllEvtErr= 189.139584 SelEvt= 0.000000  SelEvtErr= 0.000000 AllEvtnoweight= 554.000000 SelEvtnoweight= 0.000000 Nfile= 265 
ID= 10010455 AllEvt= 6292.006920 AllEvtErr= 284.220832 SelEvt= 0.000000  SelEvtErr= 0.000000 AllEvtnoweight= 1251.000000 SelEvtnoweight= 0.000000 Nfile= 306 
ID= 10030555 AllEvt= 2282.156520 AllEvtErr= 171.973019 SelEvt= 0.000000  SelEvtErr= 0.000000 AllEvtnoweight= 458.000000 SelEvtnoweight= 0.000000 Nfile= 233 
ID= 10110355 AllEvt= 636128.040000 AllEvtErr= 2885.591054 SelEvt= 0.000000  SelEvtErr= 0.000000 AllEvtnoweight= 128948.000000 SelEvtnoweight= 0.000000 Nfile= 310 
ID= 10110455 AllEvt= 1512477.340000 AllEvtErr= 4434.829299 SelEvt= 0.000000  SelEvtErr= 0.000000 AllEvtnoweight= 304578.000000 SelEvtnoweight= 0.000000 Nfile= 310 
ID= 10130555 AllEvt= 547139.680000 AllEvtErr= 2672.446806 SelEvt= 0.000000  SelEvtErr= 0.000000 AllEvtnoweight= 110602.000000 SelEvtnoweight= 0.000000 Nfile= 310 
ID= 10210355 AllEvt= 622234.090000 AllEvtErr= 2846.375537 SelEvt= 0.000000  SelEvtErr= 0.000000 AllEvtnoweight= 125467.000000 SelEvtnoweight= 0.000000 Nfile= 310 
ID= 10210455 AllEvt= 1473616.330000 AllEvtErr= 4384.440794 SelEvt= 0.000000  SelEvtErr= 0.000000 AllEvtnoweight= 297696.000000 SelEvtnoweight= 0.000000 Nfile= 310 
ID= 10230555 AllEvt= 539417.390000 AllEvtErr= 2643.427035 SelEvt= 0.000000  SelEvtErr= 0.000000 AllEvtnoweight= 108213.000000 SelEvtnoweight= 0.000000 Nfile= 310 
ID= 10230855 AllEvt= 264441.247000 AllEvtErr= 1856.490095 SelEvt= 0.000000  SelEvtErr= 0.000000 AllEvtnoweight= 53374.000000 SelEvtnoweight= 0.000000 Nfile= 310 
ID= 10231455 AllEvt= 7706.303910 AllEvtErr= 323.932119 SelEvt= 0.000000  SelEvtErr= 0.000000 AllEvtnoweight= 1625.000000 SelEvtnoweight= 0.000000 Nfile= 308 
ID= 10231855 AllEvt= 19928.718600 AllEvtErr= 508.099567 SelEvt= 0.000000  SelEvtErr= 0.000000 AllEvtnoweight= 3998.000000 SelEvtnoweight= 0.000000 Nfile= 310 
ID= 10310355 AllEvt= 193413.046000 AllEvtErr= 1584.270732 SelEvt= 0.000000  SelEvtErr= 0.000000 AllEvtnoweight= 38869.000000 SelEvtnoweight= 0.000000 Nfile= 310 
ID= 10330555 AllEvt= 334665.893000 AllEvtErr= 2083.064654 SelEvt= 0.000000  SelEvtErr= 0.000000 AllEvtnoweight= 67197.000000 SelEvtnoweight= 0.000000 Nfile= 310 
ID= 10410355 AllEvt= 919654.150000 AllEvtErr= 3462.429293 SelEvt= 0.000000  SelEvtErr= 0.000000 AllEvtnoweight= 185655.000000 SelEvtnoweight= 0.000000 Nfile= 310 
ID= 10410455 AllEvt= 1089337.480000 AllEvtErr= 3764.749662 SelEvt= 0.000000  SelEvtErr= 0.000000 AllEvtnoweight= 219491.000000 SelEvtnoweight= 0.000000 Nfile= 310 
ID= 10430555 AllEvt= 792295.190000 AllEvtErr= 3210.129163 SelEvt= 0.000000  SelEvtErr= 0.000000 AllEvtnoweight= 159584.000000 SelEvtnoweight= 0.000000 Nfile= 310 
ID= 10510355 AllEvt= 333677.475000 AllEvtErr= 2082.211316 SelEvt= 0.000000  SelEvtErr= 0.000000 AllEvtnoweight= 67142.000000 SelEvtnoweight= 0.000000 Nfile= 310 
ID= 10510455 AllEvt= 793910.350000 AllEvtErr= 3213.958365 SelEvt= 0.000000  SelEvtErr= 0.000000 AllEvtnoweight= 159965.000000 SelEvtnoweight= 0.000000 Nfile= 310 
ID= 10530555 AllEvt= 288291.355000 AllEvtErr= 1937.672179 SelEvt= 0.000000  SelEvtErr= 0.000000 AllEvtnoweight= 58144.000000 SelEvtnoweight= 0.000000 Nfile= 310 
ID= 10610355 AllEvt= 25762.694170 AllEvtErr= 571.613886 SelEvt= 0.000000  SelEvtErr= 0.000000 AllEvtnoweight= 5060.000000 SelEvtnoweight= 0.000000 Nfile= 310 
ID= 10610455 AllEvt= 57921.858000 AllEvtErr= 877.630162 SelEvt= 0.000000  SelEvtErr= 0.000000 AllEvtnoweight= 11928.000000 SelEvtnoweight= 0.000000 Nfile= 310 
ID= 10630555 AllEvt= 22226.949200 AllEvtErr= 530.239049 SelEvt= 0.000000  SelEvtErr= 0.000000 AllEvtnoweight= 4354.000000 SelEvtnoweight= 0.000000 Nfile= 310 
ID= 10710355 AllEvt= 44976.219000 AllEvtErr= 773.899653 SelEvt= 0.000000  SelEvtErr= 0.000000 AllEvtnoweight= 9275.000000 SelEvtnoweight= 0.000000 Nfile= 310 
ID= 10710455 AllEvt= 109897.248000 AllEvtErr= 1199.835394 SelEvt= 0.000000  SelEvtErr= 0.000000 AllEvtnoweight= 22294.000000 SelEvtnoweight= 0.000000 Nfile= 310 
ID= 10730555 AllEvt= 39005.641900 AllEvtErr= 713.421049 SelEvt= 0.000000  SelEvtErr= 0.000000 AllEvtnoweight= 7882.000000 SelEvtnoweight= 0.000000 Nfile= 310 
ID= 10910355 AllEvt= 37679.742400 AllEvtErr= 702.245667 SelEvt= 0.000000  SelEvtErr= 0.000000 AllEvtnoweight= 7637.000000 SelEvtnoweight= 0.000000 Nfile= 310 
ID= 10910455 AllEvt= 88554.241000 AllEvtErr= 1067.095039 SelEvt= 0.000000  SelEvtErr= 0.000000 AllEvtnoweight= 17634.000000 SelEvtnoweight= 0.000000 Nfile= 310 
ID= 10930555 AllEvt= 32721.673570 AllEvtErr= 653.224754 SelEvt= 0.000000  SelEvtErr= 0.000000 AllEvtnoweight= 6608.000000 SelEvtnoweight= 0.000000 Nfile= 310 
ID= 11510355 AllEvt= 5906.290990 AllEvtErr= 284.220842 SelEvt= 0.000000  SelEvtErr= 0.000000 AllEvtnoweight= 1251.000000 SelEvtnoweight= 0.000000 Nfile= 304 
ID= 11510455 AllEvt= 14617.071000 AllEvtErr= 430.120006 SelEvt= 0.000000  SelEvtErr= 0.000000 AllEvtnoweight= 2865.000000 SelEvtnoweight= 0.000000 Nfile= 309 
ID= 11610355 AllEvt= 5584.858570 AllEvtErr= 274.277616 SelEvt= 0.000000  SelEvtErr= 0.000000 AllEvtnoweight= 1165.000000 SelEvtnoweight= 0.000000 Nfile= 305 
ID= 11610455 AllEvt= 13283.132280 AllEvtErr= 420.094656 SelEvt= 0.000000  SelEvtErr= 0.000000 AllEvtnoweight= 2733.000000 SelEvtnoweight= 0.000000 Nfile= 310 
ID= 11630555 AllEvt= 5223.249170 AllEvtErr= 259.145690 SelEvt= 0.000000  SelEvtErr= 0.000000 AllEvtnoweight= 1040.000000 SelEvtnoweight= 0.000000 Nfile= 298 
ID= 11710355 AllEvt= 2386.621730 AllEvtErr= 178.423093 SelEvt= 0.000000  SelEvtErr= 0.000000 AllEvtnoweight= 493.000000 SelEvtnoweight= 0.000000 Nfile= 246 
ID= 11710455 AllEvt= 5946.468980 AllEvtErr= 270.126120 SelEvt= 0.000000  SelEvtErr= 0.000000 AllEvtnoweight= 1130.000000 SelEvtnoweight= 0.000000 Nfile= 301 
ID= 11730555 AllEvt= 1751.796260 AllEvtErr= 150.335583 SelEvt= 0.000000  SelEvtErr= 0.000000 AllEvtnoweight= 350.000000 SelEvtnoweight= 0.000000 Nfile= 207 
ID= 11910355 AllEvt= 14761.715540 AllEvtErr= 430.119978 SelEvt= 0.000000  SelEvtErr= 0.000000 AllEvtnoweight= 2865.000000 SelEvtnoweight= 0.000000 Nfile= 310 
ID= 11910455 AllEvt= 34409.180670 AllEvtErr= 669.529859 SelEvt= 0.000000  SelEvtErr= 0.000000 AllEvtnoweight= 6942.000000 SelEvtnoweight= 0.000000 Nfile= 310 
ID= 11930555 AllEvt= 11860.800110 AllEvtErr= 402.109630 SelEvt= 0.000000  SelEvtErr= 0.000000 AllEvtnoweight= 2504.000000 SelEvtnoweight= 0.000000 Nfile= 310 
ID= 12010355 AllEvt= 6187.542180 AllEvtErr= 284.107285 SelEvt= 0.000000  SelEvtErr= 0.000000 AllEvtnoweight= 1250.000000 SelEvtnoweight= 0.000000 Nfile= 304 
ID= 12010455 AllEvt= 14874.214690 AllEvtErr= 442.405300 SelEvt= 0.000000  SelEvtErr= 0.000000 AllEvtnoweight= 3031.000000 SelEvtnoweight= 0.000000 Nfile= 310 
ID= 12030555 AllEvt= 5392.000000 AllEvtErr= 264.448789 SelEvt= 0.000000  SelEvtErr= 0.000000 AllEvtnoweight= 1083.000000 SelEvtnoweight= 0.000000 Nfile= 301 
ID= 12210355 AllEvt= 5223.248560 AllEvtErr= 263.347660 SelEvt= 0.000000  SelEvtErr= 0.000000 AllEvtnoweight= 1074.000000 SelEvtnoweight= 0.000000 Nfile= 301 
ID= 12210455 AllEvt= 13467.955690 AllEvtErr= 414.601973 SelEvt= 0.000000  SelEvtErr= 0.000000 AllEvtnoweight= 2662.000000 SelEvtnoweight= 0.000000 Nfile= 310 
ID= 12230555 AllEvt= 4909.853590 AllEvtErr= 250.659306 SelEvt= 0.000000  SelEvtErr= 0.000000 AllEvtnoweight= 973.000000 SelEvtnoweight= 0.000000 Nfile= 299 
ID= 30530555 AllEvt= 141172.483000 AllEvtErr= 1362.910613 SelEvt= 0.000000  SelEvtErr= 0.000000 AllEvtnoweight= 28766.000000 SelEvtnoweight= 0.000000 Nfile= 310 
ID= 11530555 AllEvt= 4958.068320 AllEvtErr= 254.494161 SelEvt= 0.000000  SelEvtErr= 0.000000 AllEvtnoweight= 1003.000000 SelEvtnoweight= 0.000000 Nfile= 299