ID= 1 AllEvt= 417722606.000000 AllEvtErr= 20438.262607 SelEvt= 0.000000  SelEvtErr= 0.000000 AllEvtnoweight= 417722606.000000 SelEvtnoweight= 0.000000 Nfile= 6322 
ID= 60 AllEvt= 5145606.000000 AllEvtErr= 2743.953552 SelEvt= 1732.000000 SelEvtErr= 41.617309 AllEvtnoweight= 7529312.000000 SelEvtnoweight= 1732.000000 Nfile= 301
ID= 30 AllEvt= 164597568.000000 AllEvtErr= 12829.557850 SelEvt= 0.000000  SelEvtErr= 0.000000 AllEvtnoweight= 164597568.000000 SelEvtnoweight= 0.000000 Nfile= 1487 
ID= 33 AllEvt= 25166304.000000 AllEvtErr= 5016.603003 SelEvt= 0.000000  SelEvtErr= 0.000000 AllEvtnoweight= 25166304.000000 SelEvtnoweight= 0.000000 Nfile= 1487 
ID= 10010333 AllEvt= 11522.000000 AllEvtErr= 107.340591 SelEvt= 0.000000  SelEvtErr= 0.000000 AllEvtnoweight= 11522.000000 SelEvtnoweight= 0.000000 Nfile= 1483 
ID= 10010433 AllEvt= 27607.000000 AllEvtErr= 166.153548 SelEvt= 0.000000  SelEvtErr= 0.000000 AllEvtnoweight= 27607.000000 SelEvtnoweight= 0.000000 Nfile= 1486 
ID= 10030533 AllEvt= 10026.000000 AllEvtErr= 100.129915 SelEvt= 0.000000  SelEvtErr= 0.000000 AllEvtnoweight= 10026.000000 SelEvtnoweight= 0.000000 Nfile= 1476 
ID= 10110333 AllEvt= 2872589.000000 AllEvtErr= 1694.871432 SelEvt= 0.000000  SelEvtErr= 0.000000 AllEvtnoweight= 2872589.000000 SelEvtnoweight= 0.000000 Nfile= 1487 
ID= 10110433 AllEvt= 6809027.000000 AllEvtErr= 2609.411216 SelEvt= 0.000000  SelEvtErr= 0.000000 AllEvtnoweight= 6809027.000000 SelEvtnoweight= 0.000000 Nfile= 1487 
ID= 10130533 AllEvt= 2468355.000000 AllEvtErr= 1571.099930 SelEvt= 0.000000  SelEvtErr= 0.000000 AllEvtnoweight= 2468355.000000 SelEvtnoweight= 0.000000 Nfile= 1487 
ID= 10210333 AllEvt= 2799727.000000 AllEvtErr= 1673.238526 SelEvt= 0.000000  SelEvtErr= 0.000000 AllEvtnoweight= 2799727.000000 SelEvtnoweight= 0.000000 Nfile= 1487 
ID= 10210433 AllEvt= 6649851.000000 AllEvtErr= 2578.730546 SelEvt= 0.000000  SelEvtErr= 0.000000 AllEvtnoweight= 6649851.000000 SelEvtnoweight= 0.000000 Nfile= 1487 
ID= 10230533 AllEvt= 2407517.000000 AllEvtErr= 1551.617615 SelEvt= 0.000000  SelEvtErr= 0.000000 AllEvtnoweight= 2407517.000000 SelEvtnoweight= 0.000000 Nfile= 1487 
ID= 10230833 AllEvt= 1195357.000000 AllEvtErr= 1093.323943 SelEvt= 0.000000  SelEvtErr= 0.000000 AllEvtnoweight= 1195357.000000 SelEvtnoweight= 0.000000 Nfile= 1486 
ID= 10231433 AllEvt= 37106.000000 AllEvtErr= 192.629182 SelEvt= 0.000000  SelEvtErr= 0.000000 AllEvtnoweight= 37106.000000 SelEvtnoweight= 0.000000 Nfile= 1486 
ID= 10231833 AllEvt= 90354.000000 AllEvtErr= 300.589411 SelEvt= 0.000000  SelEvtErr= 0.000000 AllEvtnoweight= 90354.000000 SelEvtnoweight= 0.000000 Nfile= 1487 
ID= 10310333 AllEvt= 872081.000000 AllEvtErr= 933.852700 SelEvt= 0.000000  SelEvtErr= 0.000000 AllEvtnoweight= 872081.000000 SelEvtnoweight= 0.000000 Nfile= 1487 
ID= 10330533 AllEvt= 1497701.000000 AllEvtErr= 1223.805888 SelEvt= 0.000000  SelEvtErr= 0.000000 AllEvtnoweight= 1497701.000000 SelEvtnoweight= 0.000000 Nfile= 1487 
ID= 10410333 AllEvt= 4134827.000000 AllEvtErr= 2033.427470 SelEvt= 0.000000  SelEvtErr= 0.000000 AllEvtnoweight= 4134827.000000 SelEvtnoweight= 0.000000 Nfile= 1487 
ID= 10410433 AllEvt= 4903778.000000 AllEvtErr= 2214.447586 SelEvt= 0.000000  SelEvtErr= 0.000000 AllEvtnoweight= 4903778.000000 SelEvtnoweight= 0.000000 Nfile= 1487 
ID= 10430533 AllEvt= 3556700.000000 AllEvtErr= 1885.921573 SelEvt= 0.000000  SelEvtErr= 0.000000 AllEvtnoweight= 3556700.000000 SelEvtnoweight= 0.000000 Nfile= 1487 
ID= 10510333 AllEvt= 1496056.000000 AllEvtErr= 1223.133613 SelEvt= 0.000000  SelEvtErr= 0.000000 AllEvtnoweight= 1496056.000000 SelEvtnoweight= 0.000000 Nfile= 1487 
ID= 10510433 AllEvt= 3553480.000000 AllEvtErr= 1885.067622 SelEvt= 0.000000  SelEvtErr= 0.000000 AllEvtnoweight= 3553480.000000 SelEvtnoweight= 0.000000 Nfile= 1487 
ID= 10530533 AllEvt= 1286450.000000 AllEvtErr= 1134.217792 SelEvt= 0.000000  SelEvtErr= 0.000000 AllEvtnoweight= 1286450.000000 SelEvtnoweight= 0.000000 Nfile= 1487 
ID= 10610333 AllEvt= 112233.000000 AllEvtErr= 335.011918 SelEvt= 0.000000  SelEvtErr= 0.000000 AllEvtnoweight= 112233.000000 SelEvtnoweight= 0.000000 Nfile= 1486 
ID= 10610433 AllEvt= 268293.000000 AllEvtErr= 517.970071 SelEvt= 0.000000  SelEvtErr= 0.000000 AllEvtnoweight= 268293.000000 SelEvtnoweight= 0.000000 Nfile= 1487 
ID= 10630533 AllEvt= 97202.000000 AllEvtErr= 311.772367 SelEvt= 0.000000  SelEvtErr= 0.000000 AllEvtnoweight= 97202.000000 SelEvtnoweight= 0.000000 Nfile= 1486 
ID= 10710333 AllEvt= 210497.000000 AllEvtErr= 458.799464 SelEvt= 0.000000  SelEvtErr= 0.000000 AllEvtnoweight= 210497.000000 SelEvtnoweight= 0.000000 Nfile= 1487 
ID= 10710433 AllEvt= 499169.000000 AllEvtErr= 706.518856 SelEvt= 0.000000  SelEvtErr= 0.000000 AllEvtnoweight= 499169.000000 SelEvtnoweight= 0.000000 Nfile= 1486 
ID= 10730533 AllEvt= 181223.000000 AllEvtErr= 425.702910 SelEvt= 0.000000  SelEvtErr= 0.000000 AllEvtnoweight= 181223.000000 SelEvtnoweight= 0.000000 Nfile= 1487 
ID= 10910333 AllEvt= 168961.000000 AllEvtErr= 411.048587 SelEvt= 0.000000  SelEvtErr= 0.000000 AllEvtnoweight= 168961.000000 SelEvtnoweight= 0.000000 Nfile= 1486 
ID= 10910433 AllEvt= 401820.000000 AllEvtErr= 633.892633 SelEvt= 0.000000  SelEvtErr= 0.000000 AllEvtnoweight= 401820.000000 SelEvtnoweight= 0.000000 Nfile= 1486 
ID= 10930533 AllEvt= 145274.000000 AllEvtErr= 381.148173 SelEvt= 0.000000  SelEvtErr= 0.000000 AllEvtnoweight= 145274.000000 SelEvtnoweight= 0.000000 Nfile= 1487 
ID= 11510333 AllEvt= 26746.000000 AllEvtErr= 163.542037 SelEvt= 0.000000  SelEvtErr= 0.000000 AllEvtnoweight= 26746.000000 SelEvtnoweight= 0.000000 Nfile= 1486 
ID= 11510433 AllEvt= 64395.000000 AllEvtErr= 253.761665 SelEvt= 0.000000  SelEvtErr= 0.000000 AllEvtnoweight= 64395.000000 SelEvtnoweight= 0.000000 Nfile= 1486 
ID= 11530533 AllEvt= 23307.000000 AllEvtErr= 152.666294 SelEvt= 0.000000  SelEvtErr= 0.000000 AllEvtnoweight= 23307.000000 SelEvtnoweight= 0.000000 Nfile= 1486 
ID= 11610333 AllEvt= 25783.000000 AllEvtErr= 160.570854 SelEvt= 0.000000  SelEvtErr= 0.000000 AllEvtnoweight= 25783.000000 SelEvtnoweight= 0.000000 Nfile= 1486 
ID= 11610433 AllEvt= 60811.000000 AllEvtErr= 246.598832 SelEvt= 0.000000  SelEvtErr= 0.000000 AllEvtnoweight= 60811.000000 SelEvtnoweight= 0.000000 Nfile= 1486 
ID= 11630533 AllEvt= 22064.000000 AllEvtErr= 148.539555 SelEvt= 0.000000  SelEvtErr= 0.000000 AllEvtnoweight= 22064.000000 SelEvtnoweight= 0.000000 Nfile= 1486 
ID= 11710333 AllEvt= 10401.000000 AllEvtErr= 101.985298 SelEvt= 0.000000  SelEvtErr= 0.000000 AllEvtnoweight= 10401.000000 SelEvtnoweight= 0.000000 Nfile= 1476 
ID= 11710433 AllEvt= 24947.000000 AllEvtErr= 157.946185 SelEvt= 0.000000  SelEvtErr= 0.000000 AllEvtnoweight= 24947.000000 SelEvtnoweight= 0.000000 Nfile= 1486 
ID= 11730533 AllEvt= 8938.000000 AllEvtErr= 94.540995 SelEvt= 0.000000  SelEvtErr= 0.000000 AllEvtnoweight= 8938.000000 SelEvtnoweight= 0.000000 Nfile= 1467 
ID= 11910333 AllEvt= 64376.000000 AllEvtErr= 253.724227 SelEvt= 0.000000  SelEvtErr= 0.000000 AllEvtnoweight= 64376.000000 SelEvtnoweight= 0.000000 Nfile= 1486 
ID= 11910433 AllEvt= 152807.000000 AllEvtErr= 390.905299 SelEvt= 0.000000  SelEvtErr= 0.000000 AllEvtnoweight= 152807.000000 SelEvtnoweight= 0.000000 Nfile= 1487 
ID= 11930533 AllEvt= 54933.000000 AllEvtErr= 234.377874 SelEvt= 0.000000  SelEvtErr= 0.000000 AllEvtnoweight= 54933.000000 SelEvtnoweight= 0.000000 Nfile= 1486 
ID= 12010333 AllEvt= 28863.000000 AllEvtErr= 169.891144 SelEvt= 0.000000  SelEvtErr= 0.000000 AllEvtnoweight= 28863.000000 SelEvtnoweight= 0.000000 Nfile= 1486 
ID= 12010433 AllEvt= 68839.000000 AllEvtErr= 262.371838 SelEvt= 0.000000  SelEvtErr= 0.000000 AllEvtnoweight= 68839.000000 SelEvtnoweight= 0.000000 Nfile= 1486 
ID= 12030533 AllEvt= 25219.000000 AllEvtErr= 158.804907 SelEvt= 0.000000  SelEvtErr= 0.000000 AllEvtnoweight= 25219.000000 SelEvtnoweight= 0.000000 Nfile= 1486 
ID= 12210333 AllEvt= 25574.000000 AllEvtErr= 159.918726 SelEvt= 0.000000  SelEvtErr= 0.000000 AllEvtnoweight= 25574.000000 SelEvtnoweight= 0.000000 Nfile= 1486 
ID= 12210433 AllEvt= 60513.000000 AllEvtErr= 245.993875 SelEvt= 0.000000  SelEvtErr= 0.000000 AllEvtnoweight= 60513.000000 SelEvtnoweight= 0.000000 Nfile= 1486 
ID= 12230533 AllEvt= 22046.000000 AllEvtErr= 148.478950 SelEvt= 0.000000  SelEvtErr= 0.000000 AllEvtnoweight= 22046.000000 SelEvtnoweight= 0.000000 Nfile= 1486 
ID= 30530533 AllEvt= 646103.000000 AllEvtErr= 803.805311 SelEvt= 0.000000  SelEvtErr= 0.000000 AllEvtnoweight= 646103.000000 SelEvtnoweight= 0.000000 Nfile= 1487 
ID= 11 AllEvt= 7125510.330000 AllEvtErr= 2669.308262 SelEvt= 0.000000  SelEvtErr= 0.000000 AllEvtnoweight= 7125815.000000 SelEvtnoweight= 0.000000 Nfile= 215 
ID= 10010311 AllEvt= 2933.870000 AllEvtErr= 54.164023 SelEvt= 0.000000  SelEvtErr= 0.000000 AllEvtnoweight= 2934.000000 SelEvtnoweight= 0.000000 Nfile= 213 
ID= 10010411 AllEvt= 8955.620000 AllEvtErr= 94.632136 SelEvt= 0.000000  SelEvtErr= 0.000000 AllEvtnoweight= 8956.000000 SelEvtnoweight= 0.000000 Nfile= 215 
ID= 10030511 AllEvt= 4287.890000 AllEvtErr= 65.481162 SelEvt= 0.000000  SelEvtErr= 0.000000 AllEvtnoweight= 4288.000000 SelEvtnoweight= 0.000000 Nfile= 212 
ID= 10110311 AllEvt= 635018.740000 AllEvtErr= 796.865570 SelEvt= 0.000000  SelEvtErr= 0.000000 AllEvtnoweight= 635043.000000 SelEvtnoweight= 0.000000 Nfile= 215 
ID= 10110411 AllEvt= 1850176.940000 AllEvtErr= 1360.185520 SelEvt= 0.000000  SelEvtErr= 0.000000 AllEvtnoweight= 1850250.000000 SelEvtnoweight= 0.000000 Nfile= 215 
ID= 10130511 AllEvt= 756909.180000 AllEvtErr= 869.988315 SelEvt= 0.000000  SelEvtErr= 0.000000 AllEvtnoweight= 756939.000000 SelEvtnoweight= 0.000000 Nfile= 215 
ID= 10210311 AllEvt= 765904.180000 AllEvtErr= 875.143231 SelEvt= 0.000000  SelEvtErr= 0.000000 AllEvtnoweight= 765933.000000 SelEvtnoweight= 0.000000 Nfile= 215 
ID= 10210411 AllEvt= 2226403.000000 AllEvtErr= 1492.084519 SelEvt= 0.000000  SelEvtErr= 0.000000 AllEvtnoweight= 2226487.000000 SelEvtnoweight= 0.000000 Nfile= 215 
ID= 10230511 AllEvt= 908989.220000 AllEvtErr= 953.391230 SelEvt= 0.000000  SelEvtErr= 0.000000 AllEvtnoweight= 909024.000000 SelEvtnoweight= 0.000000 Nfile= 215 
ID= 10230811 AllEvt= 460953.990000 AllEvtErr= 678.923623 SelEvt= 0.000000  SelEvtErr= 0.000000 AllEvtnoweight= 460971.000000 SelEvtnoweight= 0.000000 Nfile= 215 
ID= 10231411 AllEvt= 14465.370100 AllEvtErr= 120.269463 SelEvt= 0.000000  SelEvtErr= 0.000000 AllEvtnoweight= 14466.000000 SelEvtnoweight= 0.000000 Nfile= 215 
ID= 10231811 AllEvt= 35239.640000 AllEvtErr= 187.718567 SelEvt= 0.000000  SelEvtErr= 0.000000 AllEvtnoweight= 35241.000000 SelEvtnoweight= 0.000000 Nfile= 215 
ID= 10310311 AllEvt= 101225.880000 AllEvtErr= 318.153764 SelEvt= 0.000000  SelEvtErr= 0.000000 AllEvtnoweight= 101230.000000 SelEvtnoweight= 0.000000 Nfile= 215 
ID= 10330511 AllEvt= 295020.450000 AllEvtErr= 543.147357 SelEvt= 0.000000  SelEvtErr= 0.000000 AllEvtnoweight= 295032.000000 SelEvtnoweight= 0.000000 Nfile= 215 
ID= 10410311 AllEvt= 605260.020000 AllEvtErr= 777.968745 SelEvt= 0.000000  SelEvtErr= 0.000000 AllEvtnoweight= 605285.000000 SelEvtnoweight= 0.000000 Nfile= 215 
ID= 10410411 AllEvt= 902138.390000 AllEvtErr= 949.790578 SelEvt= 0.000000  SelEvtErr= 0.000000 AllEvtnoweight= 902175.000000 SelEvtnoweight= 0.000000 Nfile= 215 
ID= 10430511 AllEvt= 881738.080000 AllEvtErr= 938.990719 SelEvt= 0.000000  SelEvtErr= 0.000000 AllEvtnoweight= 881773.000000 SelEvtnoweight= 0.000000 Nfile= 215 
ID= 10510311 AllEvt= 303159.710000 AllEvtErr= 550.589288 SelEvt= 0.000000  SelEvtErr= 0.000000 AllEvtnoweight= 303171.000000 SelEvtnoweight= 0.000000 Nfile= 215 
ID= 10510411 AllEvt= 903768.590000 AllEvtErr= 950.649026 SelEvt= 0.000000  SelEvtErr= 0.000000 AllEvtnoweight= 903804.000000 SelEvtnoweight= 0.000000 Nfile= 215 
ID= 10530511 AllEvt= 440102.040000 AllEvtErr= 663.389250 SelEvt= 0.000000  SelEvtErr= 0.000000 AllEvtnoweight= 440119.000000 SelEvtnoweight= 0.000000 Nfile= 215 
ID= 10610311 AllEvt= 14118.450000 AllEvtErr= 118.818784 SelEvt= 0.000000  SelEvtErr= 0.000000 AllEvtnoweight= 14119.000000 SelEvtnoweight= 0.000000 Nfile= 215 
ID= 10610411 AllEvt= 42035.230000 AllEvtErr= 205.020598 SelEvt= 0.000000  SelEvtErr= 0.000000 AllEvtnoweight= 42037.000000 SelEvtnoweight= 0.000000 Nfile= 215 
ID= 10630511 AllEvt= 20754.290000 AllEvtErr= 144.061135 SelEvt= 0.000000  SelEvtErr= 0.000000 AllEvtnoweight= 20755.000000 SelEvtnoweight= 0.000000 Nfile= 215 
ID= 10710311 AllEvt= 33892.620000 AllEvtErr= 184.095731 SelEvt= 0.000000  SelEvtErr= 0.000000 AllEvtnoweight= 33894.000000 SelEvtnoweight= 0.000000 Nfile= 215 
ID= 10710411 AllEvt= 100212.840000 AllEvtErr= 316.557645 SelEvt= 0.000000  SelEvtErr= 0.000000 AllEvtnoweight= 100217.000000 SelEvtnoweight= 0.000000 Nfile= 215 
ID= 10730511 AllEvt= 48869.000000 AllEvtErr= 221.058870 SelEvt= 0.000000  SelEvtErr= 0.000000 AllEvtnoweight= 48871.000000 SelEvtnoweight= 0.000000 Nfile= 215 
ID= 10910311 AllEvt= 40013.380000 AllEvtErr= 200.029348 SelEvt= 0.000000  SelEvtErr= 0.000000 AllEvtnoweight= 40015.000000 SelEvtnoweight= 0.000000 Nfile= 215 
ID= 10910411 AllEvt= 117866.940000 AllEvtErr= 343.311728 SelEvt= 0.000000  SelEvtErr= 0.000000 AllEvtnoweight= 117871.000000 SelEvtnoweight= 0.000000 Nfile= 215 
ID= 10930511 AllEvt= 57954.930000 AllEvtErr= 240.733997 SelEvt= 0.000000  SelEvtErr= 0.000000 AllEvtnoweight= 57957.000000 SelEvtnoweight= 0.000000 Nfile= 215 
ID= 11510311 AllEvt= 7103.740000 AllEvtErr= 84.282152 SelEvt= 0.000000  SelEvtErr= 0.000000 AllEvtnoweight= 7104.000000 SelEvtnoweight= 0.000000 Nfile= 215 
ID= 11510411 AllEvt= 20881.240100 AllEvtErr= 144.500833 SelEvt= 0.000000  SelEvtErr= 0.000000 AllEvtnoweight= 20882.000000 SelEvtnoweight= 0.000000 Nfile= 215 
ID= 11530511 AllEvt= 10198.660100 AllEvtErr= 100.986741 SelEvt= 0.000000  SelEvtErr= 0.000000 AllEvtnoweight= 10199.000000 SelEvtnoweight= 0.000000 Nfile= 215 
ID= 11610311 AllEvt= 6689.680000 AllEvtErr= 81.788516 SelEvt= 0.000000  SelEvtErr= 0.000000 AllEvtnoweight= 6690.000000 SelEvtnoweight= 0.000000 Nfile= 214 
ID= 11610411 AllEvt= 19515.300000 AllEvtErr= 139.694681 SelEvt= 0.000000  SelEvtErr= 0.000000 AllEvtnoweight= 19516.000000 SelEvtnoweight= 0.000000 Nfile= 215 
ID= 11630511 AllEvt= 9457.630000 AllEvtErr= 97.248458 SelEvt= 0.000000  SelEvtErr= 0.000000 AllEvtnoweight= 9458.000000 SelEvtnoweight= 0.000000 Nfile= 215 
ID= 11710311 AllEvt= 2358.890000 AllEvtErr= 48.567279 SelEvt= 0.000000  SelEvtErr= 0.000000 AllEvtnoweight= 2359.000000 SelEvtnoweight= 0.000000 Nfile= 212 
ID= 11710411 AllEvt= 7163.770000 AllEvtErr= 84.637699 SelEvt= 0.000000  SelEvtErr= 0.000000 AllEvtnoweight= 7164.000000 SelEvtnoweight= 0.000000 Nfile= 214 
ID= 11730511 AllEvt= 3477.860000 AllEvtErr= 58.972220 SelEvt= 0.000000  SelEvtErr= 0.000000 AllEvtnoweight= 3478.000000 SelEvtnoweight= 0.000000 Nfile= 215 
ID= 11910311 AllEvt= 14807.340200 AllEvtErr= 121.682724 SelEvt= 0.000000  SelEvtErr= 0.000000 AllEvtnoweight= 14808.000000 SelEvtnoweight= 0.000000 Nfile= 215 
ID= 11910411 AllEvt= 44004.230100 AllEvtErr= 209.767615 SelEvt= 0.000000  SelEvtErr= 0.000000 AllEvtnoweight= 44006.000000 SelEvtnoweight= 0.000000 Nfile= 215 
ID= 11930511 AllEvt= 21449.270000 AllEvtErr= 146.453268 SelEvt= 0.000000  SelEvtErr= 0.000000 AllEvtnoweight= 21450.000000 SelEvtnoweight= 0.000000 Nfile= 215 
ID= 12010311 AllEvt= 7377.700000 AllEvtErr= 85.891797 SelEvt= 0.000000  SelEvtErr= 0.000000 AllEvtnoweight= 7378.000000 SelEvtnoweight= 0.000000 Nfile= 215 
ID= 12010411 AllEvt= 22314.090000 AllEvtErr= 149.376001 SelEvt= 0.000000  SelEvtErr= 0.000000 AllEvtnoweight= 22315.000000 SelEvtnoweight= 0.000000 Nfile= 215 
ID= 12030511 AllEvt= 10796.550200 AllEvtErr= 103.904302 SelEvt= 0.000000  SelEvtErr= 0.000000 AllEvtnoweight= 10797.000000 SelEvtnoweight= 0.000000 Nfile= 215 
ID= 12210311 AllEvt= 5455.740000 AllEvtErr= 73.861234 SelEvt= 0.000000  SelEvtErr= 0.000000 AllEvtnoweight= 5456.000000 SelEvtnoweight= 0.000000 Nfile= 215 
ID= 12210411 AllEvt= 16082.460000 AllEvtErr= 126.814526 SelEvt= 0.000000  SelEvtErr= 0.000000 AllEvtnoweight= 16083.000000 SelEvtnoweight= 0.000000 Nfile= 215 
ID= 12230511 AllEvt= 7904.690000 AllEvtErr= 88.906590 SelEvt= 0.000000  SelEvtErr= 0.000000 AllEvtnoweight= 7905.000000 SelEvtnoweight= 0.000000 Nfile= 215 
ID= 30530511 AllEvt= 214821.560000 AllEvtErr= 463.479438 SelEvt= 0.000000  SelEvtErr= 0.000000 AllEvtnoweight= 214830.000000 SelEvtnoweight= 0.000000 Nfile= 215 
ID= 12 AllEvt= 24207530.680000 AllEvtErr= 9527.150559 SelEvt= 0.000000  SelEvtErr= 0.000000 AllEvtnoweight= 6476213.000000 SelEvtnoweight= 0.000000 Nfile= 202 
ID= 10010312 AllEvt= 10205.717510 AllEvtErr= 195.613935 SelEvt= 0.000000  SelEvtErr= 0.000000 AllEvtnoweight= 2730.000000 SelEvtnoweight= 0.000000 Nfile= 201 
ID= 10010412 AllEvt= 29534.288900 AllEvtErr= 332.897852 SelEvt= 0.000000  SelEvtErr= 0.000000 AllEvtnoweight= 7907.000000 SelEvtnoweight= 0.000000 Nfile= 201 
ID= 10030512 AllEvt= 13451.586300 AllEvtErr= 224.536617 SelEvt= 0.000000  SelEvtErr= 0.000000 AllEvtnoweight= 3597.000000 SelEvtnoweight= 0.000000 Nfile= 201 
ID= 10110312 AllEvt= 2298442.743000 AllEvtErr= 2935.663560 SelEvt= 0.000000  SelEvtErr= 0.000000 AllEvtnoweight= 614904.000000 SelEvtnoweight= 0.000000 Nfile= 202 
ID= 10110412 AllEvt= 6603628.365000 AllEvtErr= 4975.965368 SelEvt= 0.000000  SelEvtErr= 0.000000 AllEvtnoweight= 1766628.000000 SelEvtnoweight= 0.000000 Nfile= 202 
ID= 10130512 AllEvt= 2700336.958000 AllEvtErr= 3182.008955 SelEvt= 0.000000  SelEvtErr= 0.000000 AllEvtnoweight= 722426.000000 SelEvtnoweight= 0.000000 Nfile= 202 
ID= 10210312 AllEvt= 2691346.415000 AllEvtErr= 3176.512609 SelEvt= 0.000000  SelEvtErr= 0.000000 AllEvtnoweight= 719934.000000 SelEvtnoweight= 0.000000 Nfile= 202 
ID= 10210412 AllEvt= 7709400.497000 AllEvtErr= 5376.533638 SelEvt= 0.000000  SelEvtErr= 0.000000 AllEvtnoweight= 2062506.000000 SelEvtnoweight= 0.000000 Nfile= 202 
ID= 10230512 AllEvt= 3129135.467000 AllEvtErr= 3425.338682 SelEvt= 0.000000  SelEvtErr= 0.000000 AllEvtnoweight= 837137.000000 SelEvtnoweight= 0.000000 Nfile= 202 
ID= 10230812 AllEvt= 1595893.741000 AllEvtErr= 2445.986706 SelEvt= 0.000000  SelEvtErr= 0.000000 AllEvtnoweight= 426872.000000 SelEvtnoweight= 0.000000 Nfile= 202 
ID= 10231412 AllEvt= 51053.441190 AllEvtErr= 437.570429 SelEvt= 0.000000  SelEvtErr= 0.000000 AllEvtnoweight= 13661.000000 SelEvtnoweight= 0.000000 Nfile= 202 
ID= 10231812 AllEvt= 121338.213200 AllEvtErr= 674.465098 SelEvt= 0.000000  SelEvtErr= 0.000000 AllEvtnoweight= 32457.000000 SelEvtnoweight= 0.000000 Nfile= 201 
ID= 10310312 AllEvt= 375818.395300 AllEvtErr= 1187.118748 SelEvt= 0.000000  SelEvtErr= 0.000000 AllEvtnoweight= 100551.000000 SelEvtnoweight= 0.000000 Nfile= 202 
ID= 10330512 AllEvt= 1023987.682300 AllEvtErr= 1959.476710 SelEvt= 0.000000  SelEvtErr= 0.000000 AllEvtnoweight= 273952.000000 SelEvtnoweight= 0.000000 Nfile= 202 
ID= 10410312 AllEvt= 2223105.422000 AllEvtErr= 2887.197768 SelEvt= 0.000000  SelEvtErr= 0.000000 AllEvtnoweight= 594766.000000 SelEvtnoweight= 0.000000 Nfile= 202 
ID= 10410412 AllEvt= 3282108.829000 AllEvtErr= 3508.247688 SelEvt= 0.000000  SelEvtErr= 0.000000 AllEvtnoweight= 878172.000000 SelEvtnoweight= 0.000000 Nfile= 202 
ID= 10430512 AllEvt= 3039050.473000 AllEvtErr= 3375.585831 SelEvt= 0.000000  SelEvtErr= 0.000000 AllEvtnoweight= 813005.000000 SelEvtnoweight= 0.000000 Nfile= 202 
ID= 10510312 AllEvt= 1048851.394000 AllEvtErr= 1983.377631 SelEvt= 0.000000  SelEvtErr= 0.000000 AllEvtnoweight= 280675.000000 SelEvtnoweight= 0.000000 Nfile= 202 
ID= 10510412 AllEvt= 3089927.863000 AllEvtErr= 3403.606169 SelEvt= 0.000000  SelEvtErr= 0.000000 AllEvtnoweight= 826551.000000 SelEvtnoweight= 0.000000 Nfile= 202 
ID= 10530512 AllEvt= 1434191.068000 AllEvtErr= 2319.118051 SelEvt= 0.000000  SelEvtErr= 0.000000 AllEvtnoweight= 383740.000000 SelEvtnoweight= 0.000000 Nfile= 202 
ID= 10610312 AllEvt= 51771.053080 AllEvtErr= 440.497236 SelEvt= 0.000000  SelEvtErr= 0.000000 AllEvtnoweight= 13845.000000 SelEvtnoweight= 0.000000 Nfile= 202 
ID= 10610412 AllEvt= 154175.083480 AllEvtErr= 760.424137 SelEvt= 0.000000  SelEvtErr= 0.000000 AllEvtnoweight= 41259.000000 SelEvtnoweight= 0.000000 Nfile= 202 
ID= 10630512 AllEvt= 71504.883300 AllEvtErr= 517.824923 SelEvt= 0.000000  SelEvtErr= 0.000000 AllEvtnoweight= 19132.000000 SelEvtnoweight= 0.000000 Nfile= 202 
ID= 10710312 AllEvt= 122399.052100 AllEvtErr= 677.437789 SelEvt= 0.000000  SelEvtErr= 0.000000 AllEvtnoweight= 32745.000000 SelEvtnoweight= 0.000000 Nfile= 202 
ID= 10710412 AllEvt= 362426.056000 AllEvtErr= 1165.796450 SelEvt= 0.000000  SelEvtErr= 0.000000 AllEvtnoweight= 96972.000000 SelEvtnoweight= 0.000000 Nfile= 201 
ID= 10730512 AllEvt= 168602.529600 AllEvtErr= 795.232170 SelEvt= 0.000000  SelEvtErr= 0.000000 AllEvtnoweight= 45123.000000 SelEvtnoweight= 0.000000 Nfile= 202 
ID= 10910312 AllEvt= 133781.768800 AllEvtErr= 708.354956 SelEvt= 0.000000  SelEvtErr= 0.000000 AllEvtnoweight= 35801.000000 SelEvtnoweight= 0.000000 Nfile= 202 
ID= 10910412 AllEvt= 389081.245800 AllEvtErr= 1207.843035 SelEvt= 0.000000  SelEvtErr= 0.000000 AllEvtnoweight= 104091.000000 SelEvtnoweight= 0.000000 Nfile= 202 
ID= 10930512 AllEvt= 181309.348000 AllEvtErr= 824.389207 SelEvt= 0.000000  SelEvtErr= 0.000000 AllEvtnoweight= 48490.000000 SelEvtnoweight= 0.000000 Nfile= 201 
ID= 11510312 AllEvt= 22934.340670 AllEvtErr= 293.355227 SelEvt= 0.000000  SelEvtErr= 0.000000 AllEvtnoweight= 6140.000000 SelEvtnoweight= 0.000000 Nfile= 202 
ID= 11510412 AllEvt= 68465.288880 AllEvtErr= 506.580829 SelEvt= 0.000000  SelEvtErr= 0.000000 AllEvtnoweight= 18310.000000 SelEvtnoweight= 0.000000 Nfile= 202 
ID= 11530512 AllEvt= 32056.874790 AllEvtErr= 346.626812 SelEvt= 0.000000  SelEvtErr= 0.000000 AllEvtnoweight= 8573.000000 SelEvtnoweight= 0.000000 Nfile= 202 
ID= 11610312 AllEvt= 21927.011020 AllEvtErr= 286.658305 SelEvt= 0.000000  SelEvtErr= 0.000000 AllEvtnoweight= 5863.000000 SelEvtnoweight= 0.000000 Nfile= 202 
ID= 11610412 AllEvt= 63894.236780 AllEvtErr= 489.570996 SelEvt= 0.000000  SelEvtErr= 0.000000 AllEvtnoweight= 17101.000000 SelEvtnoweight= 0.000000 Nfile= 202 
ID= 11630512 AllEvt= 29949.311090 AllEvtErr= 335.136780 SelEvt= 0.000000  SelEvtErr= 0.000000 AllEvtnoweight= 8014.000000 SelEvtnoweight= 0.000000 Nfile= 202 
ID= 11710312 AllEvt= 7977.671200 AllEvtErr= 172.816421 SelEvt= 0.000000  SelEvtErr= 0.000000 AllEvtnoweight= 2131.000000 SelEvtnoweight= 0.000000 Nfile= 200 
ID= 11710412 AllEvt= 23824.392370 AllEvtErr= 299.068360 SelEvt= 0.000000  SelEvtErr= 0.000000 AllEvtnoweight= 6382.000000 SelEvtnoweight= 0.000000 Nfile= 202 
ID= 11730512 AllEvt= 10957.850330 AllEvtErr= 202.610982 SelEvt= 0.000000  SelEvtErr= 0.000000 AllEvtnoweight= 2929.000000 SelEvtnoweight= 0.000000 Nfile= 200 
ID= 11910312 AllEvt= 49031.722180 AllEvtErr= 428.736000 SelEvt= 0.000000  SelEvtErr= 0.000000 AllEvtnoweight= 13115.000000 SelEvtnoweight= 0.000000 Nfile= 202 
ID= 11910412 AllEvt= 144730.187290 AllEvtErr= 736.542985 SelEvt= 0.000000  SelEvtErr= 0.000000 AllEvtnoweight= 38708.000000 SelEvtnoweight= 0.000000 Nfile= 202 
ID= 11930512 AllEvt= 68787.579380 AllEvtErr= 507.854399 SelEvt= 0.000000  SelEvtErr= 0.000000 AllEvtnoweight= 18402.000000 SelEvtnoweight= 0.000000 Nfile= 202 
ID= 12010312 AllEvt= 24334.251400 AllEvtErr= 302.061577 SelEvt= 0.000000  SelEvtErr= 0.000000 AllEvtnoweight= 6510.000000 SelEvtnoweight= 0.000000 Nfile= 201 
ID= 12010412 AllEvt= 72621.131380 AllEvtErr= 522.276260 SelEvt= 0.000000  SelEvtErr= 0.000000 AllEvtnoweight= 19462.000000 SelEvtnoweight= 0.000000 Nfile= 202 
ID= 12030512 AllEvt= 33851.101900 AllEvtErr= 356.307483 SelEvt= 0.000000  SelEvtErr= 0.000000 AllEvtnoweight= 9058.000000 SelEvtnoweight= 0.000000 Nfile= 201 
ID= 12210312 AllEvt= 18707.771180 AllEvtErr= 264.806236 SelEvt= 0.000000  SelEvtErr= 0.000000 AllEvtnoweight= 5003.000000 SelEvtnoweight= 0.000000 Nfile= 201 
ID= 12210412 AllEvt= 54343.954590 AllEvtErr= 451.395306 SelEvt= 0.000000  SelEvtErr= 0.000000 AllEvtnoweight= 14538.000000 SelEvtnoweight= 0.000000 Nfile= 202 
ID= 12230512 AllEvt= 24577.310900 AllEvtErr= 303.516169 SelEvt= 0.000000  SelEvtErr= 0.000000 AllEvtnoweight= 6573.000000 SelEvtnoweight= 0.000000 Nfile= 201 
ID= 30530512 AllEvt= 703992.458500 AllEvtErr= 1624.803633 SelEvt= 0.000000  SelEvtErr= 0.000000 AllEvtnoweight= 188362.000000 SelEvtnoweight= 0.000000 Nfile= 202 
ID= 75 AllEvt= 492200.000000 AllEvtErr= 701.569779 SelEvt= 0.000000  SelEvtErr= 0.000000 AllEvtnoweight= 492200.000000 SelEvtnoweight= 0.000000 Nfile= 5 
ID= 76 AllEvt= 1873522.000000 AllEvtErr= 2655.724726 SelEvt= 0.000000  SelEvtErr= 0.000000 AllEvtnoweight= 499200.000000 SelEvtnoweight= 0.000000 Nfile= 5 
ID= 74 AllEvt= 38811017.000000 AllEvtErr= 6229.848735 SelEvt= 0.000000  SelEvtErr= 0.000000 AllEvtnoweight= 38811017.000000 SelEvtnoweight= 0.000000 Nfile= 389 
ID= 70 AllEvt= 76814230.000000 AllEvtErr= 8764.374685 SelEvt= 0.000000  SelEvtErr= 0.000000 AllEvtnoweight= 76814230.000000 SelEvtnoweight= 0.000000 Nfile= 768 
ID= 71 AllEvt= 6952830.000000 AllEvtErr= 2636.822386 SelEvt= 0.000000  SelEvtErr= 0.000000 AllEvtnoweight= 6952830.000000 SelEvtnoweight= 0.000000 Nfile= 70 
ID= 72 AllEvt= 6933094.000000 AllEvtErr= 2633.076559 SelEvt= 0.000000  SelEvtErr= 0.000000 AllEvtnoweight= 6933094.000000 SelEvtnoweight= 0.000000 Nfile= 70 
ID= 44 AllEvt= 215771406.000000 AllEvtErr= 113950.624479 SelEvt= 0.000000  SelEvtErr= 0.000000 AllEvtnoweight= 9737742.000000 SelEvtnoweight= 0.000000 Nfile= 99 
ID= 10110344 AllEvt= 67263.127000 AllEvtErr= 1948.756446 SelEvt= 0.000000  SelEvtErr= 0.000000 AllEvtnoweight= 2848.000000 SelEvtnoweight= 0.000000 Nfile= 99 
ID= 10110444 AllEvt= 164944.411000 AllEvtErr= 3036.133093 SelEvt= 0.000000  SelEvtErr= 0.000000 AllEvtnoweight= 6913.000000 SelEvtnoweight= 0.000000 Nfile= 99 
ID= 10130544 AllEvt= 57987.972000 AllEvtErr= 1841.815391 SelEvt= 0.000000  SelEvtErr= 0.000000 AllEvtnoweight= 2544.000000 SelEvtnoweight= 0.000000 Nfile= 99 
ID= 10210344 AllEvt= 65912.026000 AllEvtErr= 1951.149360 SelEvt= 0.000000  SelEvtErr= 0.000000 AllEvtnoweight= 2855.000000 SelEvtnoweight= 0.000000 Nfile= 99 
ID= 10210444 AllEvt= 161657.954000 AllEvtErr= 3000.347110 SelEvt= 0.000000  SelEvtErr= 0.000000 AllEvtnoweight= 6751.000000 SelEvtnoweight= 0.000000 Nfile= 99 
ID= 10230544 AllEvt= 57330.681000 AllEvtErr= 1781.459919 SelEvt= 0.000000  SelEvtErr= 0.000000 AllEvtnoweight= 2380.000000 SelEvtnoweight= 0.000000 Nfile= 99 
ID= 10230844 AllEvt= 28920.962200 AllEvtErr= 1278.593529 SelEvt= 0.000000  SelEvtErr= 0.000000 AllEvtnoweight= 1226.000000 SelEvtnoweight= 0.000000 Nfile= 99 
ID= 10310344 AllEvt= 22274.982300 AllEvtErr= 1106.391353 SelEvt= 0.000000  SelEvtErr= 0.000000 AllEvtnoweight= 918.000000 SelEvtnoweight= 0.000000 Nfile= 99 
ID= 10330544 AllEvt= 34544.476100 AllEvtErr= 1381.843743 SelEvt= 0.000000  SelEvtErr= 0.000000 AllEvtnoweight= 1432.000000 SelEvtnoweight= 0.000000 Nfile= 99 
ID= 10410344 AllEvt= 103633.434000 AllEvtErr= 2393.981611 SelEvt= 0.000000  SelEvtErr= 0.000000 AllEvtnoweight= 4298.000000 SelEvtnoweight= 0.000000 Nfile= 99 
ID= 10410444 AllEvt= 118166.928000 AllEvtErr= 2573.302568 SelEvt= 0.000000  SelEvtErr= 0.000000 AllEvtnoweight= 4966.000000 SelEvtnoweight= 0.000000 Nfile= 99 
ID= 10430544 AllEvt= 86178.602000 AllEvtErr= 2173.260856 SelEvt= 0.000000  SelEvtErr= 0.000000 AllEvtnoweight= 3542.000000 SelEvtnoweight= 0.000000 Nfile= 99 
ID= 10510344 AllEvt= 37940.499400 AllEvtErr= 1421.326584 SelEvt= 0.000000  SelEvtErr= 0.000000 AllEvtnoweight= 1515.000000 SelEvtnoweight= 0.000000 Nfile= 99 
ID= 10510444 AllEvt= 88588.698000 AllEvtErr= 2203.120841 SelEvt= 0.000000  SelEvtErr= 0.000000 AllEvtnoweight= 3640.000000 SelEvtnoweight= 0.000000 Nfile= 99 
ID= 10530544 AllEvt= 29760.839600 AllEvtErr= 1279.115600 SelEvt= 0.000000  SelEvtErr= 0.000000 AllEvtnoweight= 1227.000000 SelEvtnoweight= 0.000000 Nfile= 99 
ID= 10610444 AllEvt= 6244.294600 AllEvtErr= 566.886388 SelEvt= 0.000000  SelEvtErr= 0.000000 AllEvtnoweight= 241.000000 SelEvtnoweight= 0.000000 Nfile= 90 
ID= 10630544 AllEvt= 2008.401300 AllEvtErr= 384.723828 SelEvt= 0.000000  SelEvtErr= 0.000000 AllEvtnoweight= 111.000000 SelEvtnoweight= 0.000000 Nfile= 71 
ID= 10710344 AllEvt= 5294.870300 AllEvtErr= 522.834706 SelEvt= 0.000000  SelEvtErr= 0.000000 AllEvtnoweight= 205.000000 SelEvtnoweight= 0.000000 Nfile= 92 
ID= 10710444 AllEvt= 11466.130800 AllEvtErr= 814.895996 SelEvt= 0.000000  SelEvtErr= 0.000000 AllEvtnoweight= 498.000000 SelEvtnoweight= 0.000000 Nfile= 99 
ID= 10910344 AllEvt= 4491.511100 AllEvtErr= 480.297820 SelEvt= 0.000000  SelEvtErr= 0.000000 AllEvtnoweight= 173.000000 SelEvtnoweight= 0.000000 Nfile= 89 
ID= 10910444 AllEvt= 9238.635300 AllEvtErr= 731.239514 SelEvt= 0.000000  SelEvtErr= 0.000000 AllEvtnoweight= 401.000000 SelEvtnoweight= 0.000000 Nfile= 99 
ID= 10930544 AllEvt= 3797.699600 AllEvtErr= 481.683867 SelEvt= 0.000000  SelEvtErr= 0.000000 AllEvtnoweight= 174.000000 SelEvtnoweight= 0.000000 Nfile= 80 
ID= 11510444 AllEvt= 1424.138400 AllEvtErr= 280.487601 SelEvt= 0.000000  SelEvtErr= 0.000000 AllEvtnoweight= 59.000000 SelEvtnoweight= 0.000000 Nfile= 45 
ID= 11610344 AllEvt= 803.360700 AllEvtErr= 212.925268 SelEvt= 0.000000  SelEvtErr= 0.000000 AllEvtnoweight= 34.000000 SelEvtnoweight= 0.000000 Nfile= 28 
ID= 11930544 AllEvt= 1460.654600 AllEvtErr= 278.100448 SelEvt= 0.000000  SelEvtErr= 0.000000 AllEvtnoweight= 58.000000 SelEvtnoweight= 0.000000 Nfile= 43 
ID= 12010444 AllEvt= 1606.720800 AllEvtErr= 301.121684 SelEvt= 0.000000  SelEvtErr= 0.000000 AllEvtnoweight= 68.000000 SelEvtnoweight= 0.000000 Nfile= 47 
ID= 12210444 AllEvt= 2081.432000 AllEvtErr= 332.679949 SelEvt= 0.000000  SelEvtErr= 0.000000 AllEvtnoweight= 83.000000 SelEvtnoweight= 0.000000 Nfile= 51 
ID= 30530544 AllEvt= 16578.426400 AllEvtErr= 946.612356 SelEvt= 0.000000  SelEvtErr= 0.000000 AllEvtnoweight= 672.000000 SelEvtnoweight= 0.000000 Nfile= 99 
ID= 10231844 AllEvt= 2008.400300 AllEvtErr= 344.494762 SelEvt= 0.000000  SelEvtErr= 0.000000 AllEvtnoweight= 89.000000 SelEvtnoweight= 0.000000 Nfile= 63 
ID= 10610344 AllEvt= 3067.375200 AllEvtErr= 389.888118 SelEvt= 0.000000  SelEvtErr= 0.000000 AllEvtnoweight= 114.000000 SelEvtnoweight= 0.000000 Nfile= 73 
ID= 10730544 AllEvt= 4747.125000 AllEvtErr= 503.343302 SelEvt= 0.000000  SelEvtErr= 0.000000 AllEvtnoweight= 190.000000 SelEvtnoweight= 0.000000 Nfile= 85 
ID= 11510344 AllEvt= 365.164000 AllEvtErr= 171.277098 SelEvt= 0.000000  SelEvtErr= 0.000000 AllEvtnoweight= 22.000000 SelEvtnoweight= 0.000000 Nfile= 22 
ID= 11610444 AllEvt= 1570.204200 AllEvtErr= 294.404402 SelEvt= 0.000000  SelEvtErr= 0.000000 AllEvtnoweight= 65.000000 SelEvtnoweight= 0.000000 Nfile= 48 
ID= 11630544 AllEvt= 474.713000 AllEvtErr= 189.744684 SelEvt= 0.000000  SelEvtErr= 0.000000 AllEvtnoweight= 27.000000 SelEvtnoweight= 0.000000 Nfile= 23 
ID= 11910344 AllEvt= 1241.556800 AllEvtErr= 268.339421 SelEvt= 0.000000  SelEvtErr= 0.000000 AllEvtnoweight= 54.000000 SelEvtnoweight= 0.000000 Nfile= 41 
ID= 12010344 AllEvt= 620.778800 AllEvtErr= 159.171297 SelEvt= 0.000000  SelEvtErr= 0.000000 AllEvtnoweight= 19.000000 SelEvtnoweight= 0.000000 Nfile= 19 
ID= 12230544 AllEvt= 511.229400 AllEvtErr= 171.277018 SelEvt= 0.000000  SelEvtErr= 0.000000 AllEvtnoweight= 22.000000 SelEvtnoweight= 0.000000 Nfile= 19 
ID= 10231444 AllEvt= 839.876700 AllEvtErr= 209.770643 SelEvt= 0.000000  SelEvtErr= 0.000000 AllEvtnoweight= 33.000000 SelEvtnoweight= 0.000000 Nfile= 27 
ID= 11710344 AllEvt= 255.614800 AllEvtErr= 121.111197 SelEvt= 0.000000  SelEvtErr= 0.000000 AllEvtnoweight= 11.000000 SelEvtnoweight= 0.000000 Nfile= 11 
ID= 11910444 AllEvt= 3176.922400 AllEvtErr= 451.682438 SelEvt= 0.000000  SelEvtErr= 0.000000 AllEvtnoweight= 153.000000 SelEvtnoweight= 0.000000 Nfile= 79 
ID= 12210344 AllEvt= 657.295000 AllEvtErr= 193.226579 SelEvt= 0.000000  SelEvtErr= 0.000000 AllEvtnoweight= 28.000000 SelEvtnoweight= 0.000000 Nfile= 26 
ID= 10010444 AllEvt= 511.229500 AllEvtErr= 186.197787 SelEvt= 0.000000  SelEvtErr= 0.000000 AllEvtnoweight= 26.000000 SelEvtnoweight= 0.000000 Nfile= 24 
ID= 11530544 AllEvt= 620.778800 AllEvtErr= 159.171297 SelEvt= 0.000000  SelEvtErr= 0.000000 AllEvtnoweight= 19.000000 SelEvtnoweight= 0.000000 Nfile= 19 
ID= 11710444 AllEvt= 584.261900 AllEvtErr= 200.008417 SelEvt= 0.000000  SelEvtErr= 0.000000 AllEvtnoweight= 30.000000 SelEvtnoweight= 0.000000 Nfile= 20 
ID= 10030544 AllEvt= 365.163900 AllEvtErr= 146.065507 SelEvt= 0.000000  SelEvtErr= 0.000000 AllEvtnoweight= 16.000000 SelEvtnoweight= 0.000000 Nfile= 13 
ID= 12030544 AllEvt= 328.647600 AllEvtErr= 150.560974 SelEvt= 0.000000  SelEvtErr= 0.000000 AllEvtnoweight= 17.000000 SelEvtnoweight= 0.000000 Nfile= 17 
ID= 11730544 AllEvt= -36.516400 AllEvtErr= 81.653153 SelEvt= 0.000000  SelEvtErr= 0.000000 AllEvtnoweight= 5.000000 SelEvtnoweight= 0.000000 Nfile= 5 
ID= 10010344 AllEvt= 438.196500 AllEvtErr= 146.065507 SelEvt= 0.000000  SelEvtErr= 0.000000 AllEvtnoweight= 16.000000 SelEvtnoweight= 0.000000 Nfile= 13 
ID= 20 AllEvt= 187580919.000000 AllEvtErr= 13696.018375 SelEvt= 0.000000  SelEvtErr= 0.000000 AllEvtnoweight= 187580919.000000 SelEvtnoweight= 0.000000 Nfile= 2474 
ID= 23 AllEvt= 93998922.000000 AllEvtErr= 9695.304399 SelEvt= 0.000000  SelEvtErr= 0.000000 AllEvtnoweight= 93998922.000000 SelEvtnoweight= 0.000000 Nfile= 2474 
ID= 24 AllEvt= 16630354000.000000 AllEvtErr= 6239870.233690 SelEvt= 0.000000  SelEvtErr= 0.000000 AllEvtnoweight= 17279851.000000 SelEvtnoweight= 0.000000 Nfile= 174 
ID= 49 AllEvt= 441171380.000000 AllEvtErr= 309295.700913 SelEvt= 0.000000  SelEvtErr= 0.000000 AllEvtnoweight= 5246469.000000 SelEvtnoweight= 0.000000 Nfile= 53 
ID= 48 AllEvt= 422045312.000000 AllEvtErr= 147490.342450 SelEvt= 0.000000  SelEvtErr= 0.000000 AllEvtnoweight= 24311445.000000 SelEvtnoweight= 0.000000 Nfile= 609 
ID= 47 AllEvt= 9357733.800000 AllEvtErr= 12965.947835 SelEvt= 0.000000  SelEvtErr= 0.000000 AllEvtnoweight= 1703772.000000 SelEvtnoweight= 0.000000 Nfile= 18 
ID= 58 AllEvt= 14363417.000000 AllEvtErr= 17547.042080 SelEvt= 0.000000  SelEvtErr= 0.000000 AllEvtnoweight= 1769257.000000 SelEvtnoweight= 0.000000 Nfile= 20 
ID= 10010358 AllEvt= 435.333500 AllEvtErr= 94.209255 SelEvt= 0.000000  SelEvtErr= 0.000000 AllEvtnoweight= 51.000000 SelEvtnoweight= 0.000000 Nfile= 17 
ID= 10010458 AllEvt= 831.091200 AllEvtErr= 133.883541 SelEvt= 0.000000  SelEvtErr= 0.000000 AllEvtnoweight= 103.000000 SelEvtnoweight= 0.000000 Nfile= 20 
ID= 10030558 AllEvt= 408.949800 AllEvtErr= 80.243395 SelEvt= 0.000000  SelEvtErr= 0.000000 AllEvtnoweight= 37.000000 SelEvtnoweight= 0.000000 Nfile= 16 
ID= 10110358 AllEvt= 95878.970000 AllEvtErr= 1375.761289 SelEvt= 0.000000  SelEvtErr= 0.000000 AllEvtnoweight= 10876.000000 SelEvtnoweight= 0.000000 Nfile= 20 
ID= 10110458 AllEvt= 226386.670000 AllEvtErr= 2123.246074 SelEvt= 0.000000  SelEvtErr= 0.000000 AllEvtnoweight= 25905.000000 SelEvtnoweight= 0.000000 Nfile= 20 
ID= 10130558 AllEvt= 82330.860000 AllEvtErr= 1278.801980 SelEvt= 0.000000  SelEvtErr= 0.000000 AllEvtnoweight= 9397.000000 SelEvtnoweight= 0.000000 Nfile= 20 
ID= 10210358 AllEvt= 94546.590000 AllEvtErr= 1358.128413 SelEvt= 0.000000  SelEvtErr= 0.000000 AllEvtnoweight= 10599.000000 SelEvtnoweight= 0.000000 Nfile= 20 
ID= 10210458 AllEvt= 219579.850000 AllEvtErr= 2094.445293 SelEvt= 0.000000  SelEvtErr= 0.000000 AllEvtnoweight= 25207.000000 SelEvtnoweight= 0.000000 Nfile= 20 
ID= 10230558 AllEvt= 78953.730000 AllEvtErr= 1247.806134 SelEvt= 0.000000  SelEvtErr= 0.000000 AllEvtnoweight= 8947.000000 SelEvtnoweight= 0.000000 Nfile= 20 
ID= 10230858 AllEvt= 40499.240000 AllEvtErr= 890.626312 SelEvt= 0.000000  SelEvtErr= 0.000000 AllEvtnoweight= 4558.000000 SelEvtnoweight= 0.000000 Nfile= 20 
ID= 10231458 AllEvt= 1068.546100 AllEvtErr= 148.665588 SelEvt= 0.000000  SelEvtErr= 0.000000 AllEvtnoweight= 127.000000 SelEvtnoweight= 0.000000 Nfile= 20 
ID= 10231858 AllEvt= 2889.030400 AllEvtErr= 235.615411 SelEvt= 0.000000  SelEvtErr= 0.000000 AllEvtnoweight= 319.000000 SelEvtnoweight= 0.000000 Nfile= 20 
ID= 10310358 AllEvt= 27966.892000 AllEvtErr= 755.979248 SelEvt= 0.000000  SelEvtErr= 0.000000 AllEvtnoweight= 3284.000000 SelEvtnoweight= 0.000000 Nfile= 20 
ID= 10330558 AllEvt= 50551.500000 AllEvtErr= 1006.571751 SelEvt= 0.000000  SelEvtErr= 0.000000 AllEvtnoweight= 5822.000000 SelEvtnoweight= 0.000000 Nfile= 20 
ID= 10410358 AllEvt= 135745.030000 AllEvtErr= 1642.382275 SelEvt= 0.000000  SelEvtErr= 0.000000 AllEvtnoweight= 15500.000000 SelEvtnoweight= 0.000000 Nfile= 20 
ID= 10410458 AllEvt= 164622.130000 AllEvtErr= 1805.079719 SelEvt= 0.000000  SelEvtErr= 0.000000 AllEvtnoweight= 18723.000000 SelEvtnoweight= 0.000000 Nfile= 20 
ID= 10430558 AllEvt= 118793.390000 AllEvtErr= 1537.808879 SelEvt= 0.000000  SelEvtErr= 0.000000 AllEvtnoweight= 13589.000000 SelEvtnoweight= 0.000000 Nfile= 20 
ID= 10510358 AllEvt= 47847.140000 AllEvtErr= 978.607173 SelEvt= 0.000000  SelEvtErr= 0.000000 AllEvtnoweight= 5503.000000 SelEvtnoweight= 0.000000 Nfile= 20 
ID= 10510458 AllEvt= 116445.210000 AllEvtErr= 1521.539772 SelEvt= 0.000000  SelEvtErr= 0.000000 AllEvtnoweight= 13303.000000 SelEvtnoweight= 0.000000 Nfile= 20 
ID= 10530558 AllEvt= 42715.480000 AllEvtErr= 920.036703 SelEvt= 0.000000  SelEvtErr= 0.000000 AllEvtnoweight= 4864.000000 SelEvtnoweight= 0.000000 Nfile= 20 
ID= 10610358 AllEvt= 3469.476700 AllEvtErr= 256.140968 SelEvt= 0.000000  SelEvtErr= 0.000000 AllEvtnoweight= 377.000000 SelEvtnoweight= 0.000000 Nfile= 20 
ID= 10610458 AllEvt= 9076.049000 AllEvtErr= 422.141828 SelEvt= 0.000000  SelEvtErr= 0.000000 AllEvtnoweight= 1024.000000 SelEvtnoweight= 0.000000 Nfile= 20 
ID= 10630558 AllEvt= 3271.598100 AllEvtErr= 246.798417 SelEvt= 0.000000  SelEvtErr= 0.000000 AllEvtnoweight= 350.000000 SelEvtnoweight= 0.000000 Nfile= 20 
ID= 10710358 AllEvt= 7585.359000 AllEvtErr= 385.737212 SelEvt= 0.000000  SelEvtErr= 0.000000 AllEvtnoweight= 855.000000 SelEvtnoweight= 0.000000 Nfile= 20 
ID= 10710458 AllEvt= 16015.003000 AllEvtErr= 569.854635 SelEvt= 0.000000  SelEvtErr= 0.000000 AllEvtnoweight= 1866.000000 SelEvtnoweight= 0.000000 Nfile= 20 
ID= 10730558 AllEvt= 6107.866000 AllEvtErr= 357.644925 SelEvt= 0.000000  SelEvtErr= 0.000000 AllEvtnoweight= 735.000000 SelEvtnoweight= 0.000000 Nfile= 20 
ID= 10910358 AllEvt= 5501.036000 AllEvtErr= 331.377607 SelEvt= 0.000000  SelEvtErr= 0.000000 AllEvtnoweight= 631.000000 SelEvtnoweight= 0.000000 Nfile= 20 
ID= 10910458 AllEvt= 13020.440000 AllEvtErr= 517.520397 SelEvt= 0.000000  SelEvtErr= 0.000000 AllEvtnoweight= 1539.000000 SelEvtnoweight= 0.000000 Nfile= 20 
ID= 10930558 AllEvt= 5092.088000 AllEvtErr= 311.061190 SelEvt= 0.000000  SelEvtErr= 0.000000 AllEvtnoweight= 556.000000 SelEvtnoweight= 0.000000 Nfile= 20 
ID= 11510358 AllEvt= 831.091000 AllEvtErr= 127.218426 SelEvt= 0.000000  SelEvtErr= 0.000000 AllEvtnoweight= 93.000000 SelEvtnoweight= 0.000000 Nfile= 20 
ID= 11510458 AllEvt= 1860.060100 AllEvtErr= 200.500032 SelEvt= 0.000000  SelEvtErr= 0.000000 AllEvtnoweight= 231.000000 SelEvtnoweight= 0.000000 Nfile= 20 
ID= 11530558 AllEvt= 567.253200 AllEvtErr= 115.758796 SelEvt= 0.000000  SelEvtErr= 0.000000 AllEvtnoweight= 77.000000 SelEvtnoweight= 0.000000 Nfile= 20 
ID= 11610358 AllEvt= 857.475300 AllEvtErr= 125.843079 SelEvt= 0.000000  SelEvtErr= 0.000000 AllEvtnoweight= 91.000000 SelEvtnoweight= 0.000000 Nfile= 20 
ID= 11610458 AllEvt= 1965.594900 AllEvtErr= 201.366137 SelEvt= 0.000000  SelEvtErr= 0.000000 AllEvtnoweight= 233.000000 SelEvtnoweight= 0.000000 Nfile= 20 
ID= 11630558 AllEvt= 646.404800 AllEvtErr= 117.252493 SelEvt= 0.000000  SelEvtErr= 0.000000 AllEvtnoweight= 79.000000 SelEvtnoweight= 0.000000 Nfile= 19 
ID= 11710358 AllEvt= 316.606300 AllEvtErr= 81.320507 SelEvt= 0.000000  SelEvtErr= 0.000000 AllEvtnoweight= 38.000000 SelEvtnoweight= 0.000000 Nfile= 19 
ID= 11710458 AllEvt= 712.363900 AllEvtErr= 117.992271 SelEvt= 0.000000  SelEvtErr= 0.000000 AllEvtnoweight= 80.000000 SelEvtnoweight= 0.000000 Nfile= 20 
ID= 11730558 AllEvt= 263.838900 AllEvtErr= 81.320506 SelEvt= 0.000000  SelEvtErr= 0.000000 AllEvtnoweight= 38.000000 SelEvtnoweight= 0.000000 Nfile= 18 
ID= 11910358 AllEvt= 2255.816300 AllEvtErr= 211.482781 SelEvt= 0.000000  SelEvtErr= 0.000000 AllEvtnoweight= 257.000000 SelEvtnoweight= 0.000000 Nfile= 20 
ID= 11910458 AllEvt= 5289.966000 AllEvtErr= 315.780829 SelEvt= 0.000000  SelEvtErr= 0.000000 AllEvtnoweight= 573.000000 SelEvtnoweight= 0.000000 Nfile= 20 
ID= 11930558 AllEvt= 1833.675400 AllEvtErr= 188.879736 SelEvt= 0.000000  SelEvtErr= 0.000000 AllEvtnoweight= 205.000000 SelEvtnoweight= 0.000000 Nfile= 20 
ID= 12010358 AllEvt= 831.091200 AllEvtErr= 133.883545 SelEvt= 0.000000  SelEvtErr= 0.000000 AllEvtnoweight= 103.000000 SelEvtnoweight= 0.000000 Nfile= 19 
ID= 12010458 AllEvt= 2216.241300 AllEvtErr= 209.415459 SelEvt= 0.000000  SelEvtErr= 0.000000 AllEvtnoweight= 252.000000 SelEvtnoweight= 0.000000 Nfile= 20 
ID= 12030558 AllEvt= 857.475000 AllEvtErr= 132.577361 SelEvt= 0.000000  SelEvtErr= 0.000000 AllEvtnoweight= 101.000000 SelEvtnoweight= 0.000000 Nfile= 20 
ID= 12210358 AllEvt= 857.475800 AllEvtErr= 131.258114 SelEvt= 0.000000  SelEvtErr= 0.000000 AllEvtnoweight= 99.000000 SelEvtnoweight= 0.000000 Nfile= 20 
ID= 12210458 AllEvt= 2572.423300 AllEvtErr= 208.999529 SelEvt= 0.000000  SelEvtErr= 0.000000 AllEvtnoweight= 251.000000 SelEvtnoweight= 0.000000 Nfile= 20 
ID= 12230558 AllEvt= 620.020500 AllEvtErr= 123.046224 SelEvt= 0.000000  SelEvtErr= 0.000000 AllEvtnoweight= 87.000000 SelEvtnoweight= 0.000000 Nfile= 20 
ID= 30530558 AllEvt= 20724.518000 AllEvtErr= 644.517421 SelEvt= 0.000000  SelEvtErr= 0.000000 AllEvtnoweight= 2387.000000 SelEvtnoweight= 0.000000 Nfile= 20 
ID= 45 AllEvt= 941529.510000 AllEvtErr= 890.264145 SelEvt= 0.000000  SelEvtErr= 0.000000 AllEvtnoweight= 1232446.000000 SelEvtnoweight= 0.000000 Nfile= 50 
ID= 10010445 AllEvt= 1152.321140 AllEvtErr= 31.253506 SelEvt= 0.000000  SelEvtErr= 0.000000 AllEvtnoweight= 1519.000000 SelEvtnoweight= 0.000000 Nfile= 49 
ID= 10110345 AllEvt= 90236.815800 AllEvtErr= 275.615571 SelEvt= 0.000000  SelEvtErr= 0.000000 AllEvtnoweight= 118123.000000 SelEvtnoweight= 0.000000 Nfile= 50 
ID= 10110445 AllEvt= 258879.019500 AllEvtErr= 467.198980 SelEvt= 0.000000  SelEvtErr= 0.000000 AllEvtnoweight= 339412.000000 SelEvtnoweight= 0.000000 Nfile= 50 
ID= 10130545 AllEvt= 105338.122800 AllEvtErr= 297.724948 SelEvt= 0.000000  SelEvtErr= 0.000000 AllEvtnoweight= 137834.000000 SelEvtnoweight= 0.000000 Nfile= 50 
ID= 10210345 AllEvt= 104616.634700 AllEvtErr= 296.814865 SelEvt= 0.000000  SelEvtErr= 0.000000 AllEvtnoweight= 136992.000000 SelEvtnoweight= 0.000000 Nfile= 50 
ID= 10210445 AllEvt= 299784.061400 AllEvtErr= 502.392914 SelEvt= 0.000000  SelEvtErr= 0.000000 AllEvtnoweight= 392474.000000 SelEvtnoweight= 0.000000 Nfile= 50 
ID= 10230545 AllEvt= 121227.662800 AllEvtErr= 319.408384 SelEvt= 0.000000  SelEvtErr= 0.000000 AllEvtnoweight= 158642.000000 SelEvtnoweight= 0.000000 Nfile= 50 
ID= 10230845 AllEvt= 61905.273200 AllEvtErr= 228.219635 SelEvt= 0.000000  SelEvtErr= 0.000000 AllEvtnoweight= 80989.000000 SelEvtnoweight= 0.000000 Nfile= 50 
ID= 10231445 AllEvt= 1957.538954 AllEvtErr= 40.376879 SelEvt= 0.000000  SelEvtErr= 0.000000 AllEvtnoweight= 2535.000000 SelEvtnoweight= 0.000000 Nfile= 49 
ID= 10231845 AllEvt= 4639.086290 AllEvtErr= 62.379684 SelEvt= 0.000000  SelEvtErr= 0.000000 AllEvtnoweight= 6051.000000 SelEvtnoweight= 0.000000 Nfile= 50 
ID= 10310345 AllEvt= 14609.646860 AllEvtErr= 111.050044 SelEvt= 0.000000  SelEvtErr= 0.000000 AllEvtnoweight= 19176.000000 SelEvtnoweight= 0.000000 Nfile= 50 
ID= 10330545 AllEvt= 39985.501140 AllEvtErr= 183.250104 SelEvt= 0.000000  SelEvtErr= 0.000000 AllEvtnoweight= 52218.000000 SelEvtnoweight= 0.000000 Nfile= 50 
ID= 10410345 AllEvt= 86078.536200 AllEvtErr= 269.330780 SelEvt= 0.000000  SelEvtErr= 0.000000 AllEvtnoweight= 112798.000000 SelEvtnoweight= 0.000000 Nfile= 50 
ID= 10410445 AllEvt= 128063.511800 AllEvtErr= 328.014077 SelEvt= 0.000000  SelEvtErr= 0.000000 AllEvtnoweight= 167307.000000 SelEvtnoweight= 0.000000 Nfile= 50 
ID= 10430545 AllEvt= 118467.275800 AllEvtErr= 315.688091 SelEvt= 0.000000  SelEvtErr= 0.000000 AllEvtnoweight= 154968.000000 SelEvtnoweight= 0.000000 Nfile= 50 
ID= 10510345 AllEvt= 41095.373000 AllEvtErr= 185.849662 SelEvt= 0.000000  SelEvtErr= 0.000000 AllEvtnoweight= 53710.000000 SelEvtnoweight= 0.000000 Nfile= 50 
ID= 10510445 AllEvt= 120581.214800 AllEvtErr= 318.624032 SelEvt= 0.000000  SelEvtErr= 0.000000 AllEvtnoweight= 157864.000000 SelEvtnoweight= 0.000000 Nfile= 50 
ID= 10530545 AllEvt= 55766.057500 AllEvtErr= 216.435006 SelEvt= 0.000000  SelEvtErr= 0.000000 AllEvtnoweight= 72842.000000 SelEvtnoweight= 0.000000 Nfile= 50 
ID= 10610345 AllEvt= 2003.982558 AllEvtErr= 41.179893 SelEvt= 0.000000  SelEvtErr= 0.000000 AllEvtnoweight= 2637.000000 SelEvtnoweight= 0.000000 Nfile= 50 
ID= 10610445 AllEvt= 6024.850760 AllEvtErr= 71.082459 SelEvt= 0.000000  SelEvtErr= 0.000000 AllEvtnoweight= 7857.000000 SelEvtnoweight= 0.000000 Nfile= 50 
ID= 10630545 AllEvt= 2876.504130 AllEvtErr= 49.061739 SelEvt= 0.000000  SelEvtErr= 0.000000 AllEvtnoweight= 3743.000000 SelEvtnoweight= 0.000000 Nfile= 50 
ID= 10710345 AllEvt= 4814.707400 AllEvtErr= 63.387205 SelEvt= 0.000000  SelEvtErr= 0.000000 AllEvtnoweight= 6248.000000 SelEvtnoweight= 0.000000 Nfile= 50 
ID= 10710445 AllEvt= 14127.382670 AllEvtErr= 108.763108 SelEvt= 0.000000  SelEvtErr= 0.000000 AllEvtnoweight= 18395.000000 SelEvtnoweight= 0.000000 Nfile= 50 
ID= 10730545 AllEvt= 6466.643900 AllEvtErr= 73.802653 SelEvt= 0.000000  SelEvtErr= 0.000000 AllEvtnoweight= 8470.000000 SelEvtnoweight= 0.000000 Nfile= 49 
ID= 10910345 AllEvt= 5097.884820 AllEvtErr= 65.341699 SelEvt= 0.000000  SelEvtErr= 0.000000 AllEvtnoweight= 6639.000000 SelEvtnoweight= 0.000000 Nfile= 49 
ID= 10910445 AllEvt= 15489.247330 AllEvtErr= 113.933315 SelEvt= 0.000000  SelEvtErr= 0.000000 AllEvtnoweight= 20185.000000 SelEvtnoweight= 0.000000 Nfile= 50 
ID= 10930545 AllEvt= 6909.434460 AllEvtErr= 76.255216 SelEvt= 0.000000  SelEvtErr= 0.000000 AllEvtnoweight= 9042.000000 SelEvtnoweight= 0.000000 Nfile= 49 
ID= 11510345 AllEvt= 961.462598 AllEvtErr= 28.362047 SelEvt= 0.000000  SelEvtErr= 0.000000 AllEvtnoweight= 1251.000000 SelEvtnoweight= 0.000000 Nfile= 50 
ID= 11510445 AllEvt= 2697.627174 AllEvtErr= 47.224466 SelEvt= 0.000000  SelEvtErr= 0.000000 AllEvtnoweight= 3468.000000 SelEvtnoweight= 0.000000 Nfile= 50 
ID= 11530545 AllEvt= 1303.136084 AllEvtErr= 33.210121 SelEvt= 0.000000  SelEvtErr= 0.000000 AllEvtnoweight= 1715.000000 SelEvtnoweight= 0.000000 Nfile= 48 
ID= 11610345 AllEvt= 887.671324 AllEvtErr= 27.510406 SelEvt= 0.000000  SelEvtErr= 0.000000 AllEvtnoweight= 1177.000000 SelEvtnoweight= 0.000000 Nfile= 49 
ID= 11610445 AllEvt= 2531.718650 AllEvtErr= 46.074974 SelEvt= 0.000000  SelEvtErr= 0.000000 AllEvtnoweight= 3301.000000 SelEvtnoweight= 0.000000 Nfile= 50 
ID= 11630545 AllEvt= 1131.549630 AllEvtErr= 30.841243 SelEvt= 0.000000  SelEvtErr= 0.000000 AllEvtnoweight= 1479.000000 SelEvtnoweight= 0.000000 Nfile= 49 
ID= 11710345 AllEvt= 297.515638 AllEvtErr= 15.857197 SelEvt= 0.000000  SelEvtErr= 0.000000 AllEvtnoweight= 391.000000 SelEvtnoweight= 0.000000 Nfile= 48 
ID= 11710445 AllEvt= 950.314864 AllEvtErr= 28.251151 SelEvt= 0.000000  SelEvtErr= 0.000000 AllEvtnoweight= 1241.000000 SelEvtnoweight= 0.000000 Nfile= 49 
ID= 11730545 AllEvt= 432.250764 AllEvtErr= 19.062179 SelEvt= 0.000000  SelEvtErr= 0.000000 AllEvtnoweight= 565.000000 SelEvtnoweight= 0.000000 Nfile= 48 
ID= 11910345 AllEvt= 1983.234904 AllEvtErr= 40.710661 SelEvt= 0.000000  SelEvtErr= 0.000000 AllEvtnoweight= 2577.000000 SelEvtnoweight= 0.000000 Nfile= 50 
ID= 11910445 AllEvt= 5757.067880 AllEvtErr= 69.472679 SelEvt= 0.000000  SelEvtErr= 0.000000 AllEvtnoweight= 7505.000000 SelEvtnoweight= 0.000000 Nfile= 50 
ID= 11930545 AllEvt= 2704.131560 AllEvtErr= 47.524645 SelEvt= 0.000000  SelEvtErr= 0.000000 AllEvtnoweight= 3512.000000 SelEvtnoweight= 0.000000 Nfile= 49 
ID= 12010345 AllEvt= 926.230990 AllEvtErr= 27.952922 SelEvt= 0.000000  SelEvtErr= 0.000000 AllEvtnoweight= 1215.000000 SelEvtnoweight= 0.000000 Nfile= 49 
ID= 12010445 AllEvt= 2767.440910 AllEvtErr= 48.202471 SelEvt= 0.000000  SelEvtErr= 0.000000 AllEvtnoweight= 3613.000000 SelEvtnoweight= 0.000000 Nfile= 50 
ID= 12030545 AllEvt= 1271.858408 AllEvtErr= 32.712519 SelEvt= 0.000000  SelEvtErr= 0.000000 AllEvtnoweight= 1664.000000 SelEvtnoweight= 0.000000 Nfile= 50 
ID= 12210345 AllEvt= 732.156508 AllEvtErr= 24.963027 SelEvt= 0.000000  SelEvtErr= 0.000000 AllEvtnoweight= 969.000000 SelEvtnoweight= 0.000000 Nfile= 50 
ID= 12210445 AllEvt= 2105.106040 AllEvtErr= 42.260455 SelEvt= 0.000000  SelEvtErr= 0.000000 AllEvtnoweight= 2777.000000 SelEvtnoweight= 0.000000 Nfile= 49 
ID= 12230545 AllEvt= 937.450718 AllEvtErr= 27.837408 SelEvt= 0.000000  SelEvtErr= 0.000000 AllEvtnoweight= 1205.000000 SelEvtnoweight= 0.000000 Nfile= 49 
ID= 30530545 AllEvt= 27165.192340 AllEvtErr= 151.254161 SelEvt= 0.000000  SelEvtErr= 0.000000 AllEvtnoweight= 35575.000000 SelEvtnoweight= 0.000000 Nfile= 50 
ID= 10010345 AllEvt= 383.328960 AllEvtErr= 17.967897 SelEvt= 0.000000  SelEvtErr= 0.000000 AllEvtnoweight= 502.000000 SelEvtnoweight= 0.000000 Nfile= 46 
ID= 10030545 AllEvt= 563.769900 AllEvtErr= 21.563360 SelEvt= 0.000000  SelEvtErr= 0.000000 AllEvtnoweight= 723.000000 SelEvtnoweight= 0.000000 Nfile= 47 
ID= 55 AllEvt= 67297296.000000 AllEvtErr= 29210.929912 SelEvt= 0.000000  SelEvtErr= 0.000000 AllEvtnoweight= 13214030.000000 SelEvtnoweight= 0.000000 Nfile= 155 
ID= 10010355 AllEvt= 2812.519270 AllEvtErr= 189.139559 SelEvt= 0.000000  SelEvtErr= 0.000000 AllEvtnoweight= 554.000000 SelEvtnoweight= 0.000000 Nfile= 152 
ID= 10010455 AllEvt= 6292.009660 AllEvtErr= 284.220901 SelEvt= 0.000000  SelEvtErr= 0.000000 AllEvtnoweight= 1251.000000 SelEvtnoweight= 0.000000 Nfile= 155 
ID= 10030555 AllEvt= 2282.157410 AllEvtErr= 171.972951 SelEvt= 0.000000  SelEvtErr= 0.000000 AllEvtnoweight= 458.000000 SelEvtnoweight= 0.000000 Nfile= 150 
ID= 10110355 AllEvt= 636127.950000 AllEvtErr= 2885.592727 SelEvt= 0.000000  SelEvtErr= 0.000000 AllEvtnoweight= 128948.000000 SelEvtnoweight= 0.000000 Nfile= 155 
ID= 10110455 AllEvt= 1512477.540000 AllEvtErr= 4434.830702 SelEvt= 0.000000  SelEvtErr= 0.000000 AllEvtnoweight= 304578.000000 SelEvtnoweight= 0.000000 Nfile= 155 
ID= 10130555 AllEvt= 547139.840000 AllEvtErr= 2672.448136 SelEvt= 0.000000  SelEvtErr= 0.000000 AllEvtnoweight= 110602.000000 SelEvtnoweight= 0.000000 Nfile= 155 
ID= 10210355 AllEvt= 622234.110000 AllEvtErr= 2846.378313 SelEvt= 0.000000  SelEvtErr= 0.000000 AllEvtnoweight= 125467.000000 SelEvtnoweight= 0.000000 Nfile= 155 
ID= 10210455 AllEvt= 1473616.320000 AllEvtErr= 4384.441085 SelEvt= 0.000000  SelEvtErr= 0.000000 AllEvtnoweight= 297696.000000 SelEvtnoweight= 0.000000 Nfile= 155 
ID= 10230555 AllEvt= 539417.500000 AllEvtErr= 2643.427768 SelEvt= 0.000000  SelEvtErr= 0.000000 AllEvtnoweight= 108213.000000 SelEvtnoweight= 0.000000 Nfile= 155 
ID= 10230855 AllEvt= 264441.290000 AllEvtErr= 1856.489378 SelEvt= 0.000000  SelEvtErr= 0.000000 AllEvtnoweight= 53374.000000 SelEvtnoweight= 0.000000 Nfile= 155 
ID= 10231455 AllEvt= 7706.306660 AllEvtErr= 323.932154 SelEvt= 0.000000  SelEvtErr= 0.000000 AllEvtnoweight= 1625.000000 SelEvtnoweight= 0.000000 Nfile= 155 
ID= 10231855 AllEvt= 19928.718000 AllEvtErr= 508.099893 SelEvt= 0.000000  SelEvtErr= 0.000000 AllEvtnoweight= 3998.000000 SelEvtnoweight= 0.000000 Nfile= 155 
ID= 10310355 AllEvt= 193413.119000 AllEvtErr= 1584.270823 SelEvt= 0.000000  SelEvtErr= 0.000000 AllEvtnoweight= 38869.000000 SelEvtnoweight= 0.000000 Nfile= 155 
ID= 10330555 AllEvt= 334665.880000 AllEvtErr= 2083.063644 SelEvt= 0.000000  SelEvtErr= 0.000000 AllEvtnoweight= 67197.000000 SelEvtnoweight= 0.000000 Nfile= 155 
ID= 10410355 AllEvt= 919654.200000 AllEvtErr= 3462.430354 SelEvt= 0.000000  SelEvtErr= 0.000000 AllEvtnoweight= 185655.000000 SelEvtnoweight= 0.000000 Nfile= 155 
ID= 10410455 AllEvt= 1089337.620000 AllEvtErr= 3764.749598 SelEvt= 0.000000  SelEvtErr= 0.000000 AllEvtnoweight= 219491.000000 SelEvtnoweight= 0.000000 Nfile= 155 
ID= 10430555 AllEvt= 792295.180000 AllEvtErr= 3210.128319 SelEvt= 0.000000  SelEvtErr= 0.000000 AllEvtnoweight= 159584.000000 SelEvtnoweight= 0.000000 Nfile= 155 
ID= 10510355 AllEvt= 333677.500000 AllEvtErr= 2082.209816 SelEvt= 0.000000  SelEvtErr= 0.000000 AllEvtnoweight= 67142.000000 SelEvtnoweight= 0.000000 Nfile= 155 
ID= 10510455 AllEvt= 793910.380000 AllEvtErr= 3213.957801 SelEvt= 0.000000  SelEvtErr= 0.000000 AllEvtnoweight= 159965.000000 SelEvtnoweight= 0.000000 Nfile= 155 
ID= 10530555 AllEvt= 288291.350000 AllEvtErr= 1937.670499 SelEvt= 0.000000  SelEvtErr= 0.000000 AllEvtnoweight= 58144.000000 SelEvtnoweight= 0.000000 Nfile= 155 
ID= 10610355 AllEvt= 25762.691300 AllEvtErr= 571.614090 SelEvt= 0.000000  SelEvtErr= 0.000000 AllEvtnoweight= 5060.000000 SelEvtnoweight= 0.000000 Nfile= 155 
ID= 10610455 AllEvt= 57921.859000 AllEvtErr= 877.630023 SelEvt= 0.000000  SelEvtErr= 0.000000 AllEvtnoweight= 11928.000000 SelEvtnoweight= 0.000000 Nfile= 155 
ID= 10630555 AllEvt= 22226.948600 AllEvtErr= 530.239263 SelEvt= 0.000000  SelEvtErr= 0.000000 AllEvtnoweight= 4354.000000 SelEvtnoweight= 0.000000 Nfile= 155 
ID= 10710355 AllEvt= 44976.229000 AllEvtErr= 773.899603 SelEvt= 0.000000  SelEvtErr= 0.000000 AllEvtnoweight= 9275.000000 SelEvtnoweight= 0.000000 Nfile= 155 
ID= 10710455 AllEvt= 109897.247000 AllEvtErr= 1199.835681 SelEvt= 0.000000  SelEvtErr= 0.000000 AllEvtnoweight= 22294.000000 SelEvtnoweight= 0.000000 Nfile= 155 
ID= 10730555 AllEvt= 39005.649600 AllEvtErr= 713.421051 SelEvt= 0.000000  SelEvtErr= 0.000000 AllEvtnoweight= 7882.000000 SelEvtnoweight= 0.000000 Nfile= 155 
ID= 10910355 AllEvt= 37679.747000 AllEvtErr= 702.245682 SelEvt= 0.000000  SelEvtErr= 0.000000 AllEvtnoweight= 7637.000000 SelEvtnoweight= 0.000000 Nfile= 155 
ID= 10910455 AllEvt= 88554.231000 AllEvtErr= 1067.095035 SelEvt= 0.000000  SelEvtErr= 0.000000 AllEvtnoweight= 17634.000000 SelEvtnoweight= 0.000000 Nfile= 155 
ID= 10930555 AllEvt= 32721.666500 AllEvtErr= 653.224990 SelEvt= 0.000000  SelEvtErr= 0.000000 AllEvtnoweight= 6608.000000 SelEvtnoweight= 0.000000 Nfile= 155 
ID= 11510355 AllEvt= 5906.292720 AllEvtErr= 284.220885 SelEvt= 0.000000  SelEvtErr= 0.000000 AllEvtnoweight= 1251.000000 SelEvtnoweight= 0.000000 Nfile= 155 
ID= 11510455 AllEvt= 14617.070770 AllEvtErr= 430.120209 SelEvt= 0.000000  SelEvtErr= 0.000000 AllEvtnoweight= 2865.000000 SelEvtnoweight= 0.000000 Nfile= 155 
ID= 11530555 AllEvt= 4958.070660 AllEvtErr= 254.494152 SelEvt= 0.000000  SelEvtErr= 0.000000 AllEvtnoweight= 1003.000000 SelEvtnoweight= 0.000000 Nfile= 155 
ID= 11610355 AllEvt= 5584.861490 AllEvtErr= 274.277596 SelEvt= 0.000000  SelEvtErr= 0.000000 AllEvtnoweight= 1165.000000 SelEvtnoweight= 0.000000 Nfile= 155 
ID= 11610455 AllEvt= 13283.136900 AllEvtErr= 420.094815 SelEvt= 0.000000  SelEvtErr= 0.000000 AllEvtnoweight= 2733.000000 SelEvtnoweight= 0.000000 Nfile= 155 
ID= 11630555 AllEvt= 5223.251570 AllEvtErr= 259.145691 SelEvt= 0.000000  SelEvtErr= 0.000000 AllEvtnoweight= 1040.000000 SelEvtnoweight= 0.000000 Nfile= 155 
ID= 11710355 AllEvt= 2386.622810 AllEvtErr= 178.423052 SelEvt= 0.000000  SelEvtErr= 0.000000 AllEvtnoweight= 493.000000 SelEvtnoweight= 0.000000 Nfile= 151 
ID= 11710455 AllEvt= 5946.471520 AllEvtErr= 270.126131 SelEvt= 0.000000  SelEvtErr= 0.000000 AllEvtnoweight= 1130.000000 SelEvtnoweight= 0.000000 Nfile= 155 
ID= 11730555 AllEvt= 1751.796480 AllEvtErr= 150.335508 SelEvt= 0.000000  SelEvtErr= 0.000000 AllEvtnoweight= 350.000000 SelEvtnoweight= 0.000000 Nfile= 137 
ID= 11910355 AllEvt= 14761.720800 AllEvtErr= 430.120248 SelEvt= 0.000000  SelEvtErr= 0.000000 AllEvtnoweight= 2865.000000 SelEvtnoweight= 0.000000 Nfile= 155 
ID= 11910455 AllEvt= 34409.181000 AllEvtErr= 669.530024 SelEvt= 0.000000  SelEvtErr= 0.000000 AllEvtnoweight= 6942.000000 SelEvtnoweight= 0.000000 Nfile= 155 
ID= 11930555 AllEvt= 11860.801300 AllEvtErr= 402.109829 SelEvt= 0.000000  SelEvtErr= 0.000000 AllEvtnoweight= 2504.000000 SelEvtnoweight= 0.000000 Nfile= 155 
ID= 12010355 AllEvt= 6187.545110 AllEvtErr= 284.107296 SelEvt= 0.000000  SelEvtErr= 0.000000 AllEvtnoweight= 1250.000000 SelEvtnoweight= 0.000000 Nfile= 155 
ID= 12010455 AllEvt= 14874.215800 AllEvtErr= 442.405513 SelEvt= 0.000000  SelEvtErr= 0.000000 AllEvtnoweight= 3031.000000 SelEvtnoweight= 0.000000 Nfile= 155 
ID= 12030555 AllEvt= 5392.002360 AllEvtErr= 264.448788 SelEvt= 0.000000  SelEvtErr= 0.000000 AllEvtnoweight= 1083.000000 SelEvtnoweight= 0.000000 Nfile= 155 
ID= 12210355 AllEvt= 5223.251500 AllEvtErr= 263.347713 SelEvt= 0.000000  SelEvtErr= 0.000000 AllEvtnoweight= 1074.000000 SelEvtnoweight= 0.000000 Nfile= 155 
ID= 12210455 AllEvt= 13467.958910 AllEvtErr= 414.602174 SelEvt= 0.000000  SelEvtErr= 0.000000 AllEvtnoweight= 2662.000000 SelEvtnoweight= 0.000000 Nfile= 155 
ID= 12230555 AllEvt= 4909.856130 AllEvtErr= 250.659274 SelEvt= 0.000000  SelEvtErr= 0.000000 AllEvtnoweight= 973.000000 SelEvtnoweight= 0.000000 Nfile= 155 
ID= 30530555 AllEvt= 141172.464000 AllEvtErr= 1362.911113 SelEvt= 0.000000  SelEvtErr= 0.000000 AllEvtnoweight= 28766.000000 SelEvtnoweight= 0.000000 Nfile= 155 
ID= 53 AllEvt= 15983795.800000 AllEvtErr= 8016.362002 SelEvt= 0.000000  SelEvtErr= 0.000000 AllEvtnoweight= 8370297.000000 SelEvtnoweight= 0.000000 Nfile= 108 
ID= 10010353 AllEvt= 1011.346300 AllEvtErr= 64.566437 SelEvt= 0.000000  SelEvtErr= 0.000000 AllEvtnoweight= 543.000000 SelEvtnoweight= 0.000000 Nfile= 106 
ID= 10010453 AllEvt= 2632.270950 AllEvtErr= 100.439413 SelEvt= 0.000000  SelEvtErr= 0.000000 AllEvtnoweight= 1314.000000 SelEvtnoweight= 0.000000 Nfile= 108 
ID= 10030553 AllEvt= 870.034880 AllEvtErr= 60.705429 SelEvt= 0.000000  SelEvtErr= 0.000000 AllEvtnoweight= 480.000000 SelEvtnoweight= 0.000000 Nfile= 107 
ID= 10110353 AllEvt= 256643.601000 AllEvtErr= 1014.442371 SelEvt= 0.000000  SelEvtErr= 0.000000 AllEvtnoweight= 134042.000000 SelEvtnoweight= 0.000000 Nfile= 108 
ID= 10110453 AllEvt= 610163.060000 AllEvtErr= 1561.791104 SelEvt= 0.000000  SelEvtErr= 0.000000 AllEvtnoweight= 317711.000000 SelEvtnoweight= 0.000000 Nfile= 108 
ID= 10130553 AllEvt= 220548.281000 AllEvtErr= 939.198698 SelEvt= 0.000000  SelEvtErr= 0.000000 AllEvtnoweight= 114895.000000 SelEvtnoweight= 0.000000 Nfile= 108 
ID= 10210353 AllEvt= 250783.371000 AllEvtErr= 1002.501526 SelEvt= 0.000000  SelEvtErr= 0.000000 AllEvtnoweight= 130905.000000 SelEvtnoweight= 0.000000 Nfile= 108 
ID= 10210453 AllEvt= 596793.900000 AllEvtErr= 1544.671530 SelEvt= 0.000000  SelEvtErr= 0.000000 AllEvtnoweight= 310784.000000 SelEvtnoweight= 0.000000 Nfile= 108 
ID= 10230553 AllEvt= 215812.944000 AllEvtErr= 929.176460 SelEvt= 0.000000  SelEvtErr= 0.000000 AllEvtnoweight= 112456.000000 SelEvtnoweight= 0.000000 Nfile= 108 
ID= 10230853 AllEvt= 108441.252000 AllEvtErr= 657.301551 SelEvt= 0.000000  SelEvtErr= 0.000000 AllEvtnoweight= 56275.000000 SelEvtnoweight= 0.000000 Nfile= 108 
ID= 10231453 AllEvt= 3097.767220 AllEvtErr= 113.434078 SelEvt= 0.000000  SelEvtErr= 0.000000 AllEvtnoweight= 1676.000000 SelEvtnoweight= 0.000000 Nfile= 108 
ID= 10231853 AllEvt= 8298.578910 AllEvtErr= 180.995619 SelEvt= 0.000000  SelEvtErr= 0.000000 AllEvtnoweight= 4267.000000 SelEvtnoweight= 0.000000 Nfile= 108 
ID= 10310353 AllEvt= 78352.998000 AllEvtErr= 560.471401 SelEvt= 0.000000  SelEvtErr= 0.000000 AllEvtnoweight= 40916.000000 SelEvtnoweight= 0.000000 Nfile= 108 
ID= 10330553 AllEvt= 133874.512000 AllEvtErr= 732.249447 SelEvt= 0.000000  SelEvtErr= 0.000000 AllEvtnoweight= 69840.000000 SelEvtnoweight= 0.000000 Nfile= 108 
ID= 10410353 AllEvt= 369127.467000 AllEvtErr= 1215.814649 SelEvt= 0.000000  SelEvtErr= 0.000000 AllEvtnoweight= 192540.000000 SelEvtnoweight= 0.000000 Nfile= 108 
ID= 10410453 AllEvt= 439420.150000 AllEvtErr= 1325.568994 SelEvt= 0.000000  SelEvtErr= 0.000000 AllEvtnoweight= 228871.000000 SelEvtnoweight= 0.000000 Nfile= 108 
ID= 10430553 AllEvt= 317534.933000 AllEvtErr= 1126.252110 SelEvt= 0.000000  SelEvtErr= 0.000000 AllEvtnoweight= 165218.000000 SelEvtnoweight= 0.000000 Nfile= 108 
ID= 10510353 AllEvt= 134101.723000 AllEvtErr= 731.703989 SelEvt= 0.000000  SelEvtErr= 0.000000 AllEvtnoweight= 69736.000000 SelEvtnoweight= 0.000000 Nfile= 108 
ID= 10510453 AllEvt= 318864.851000 AllEvtErr= 1127.730650 SelEvt= 0.000000  SelEvtErr= 0.000000 AllEvtnoweight= 165652.000000 SelEvtnoweight= 0.000000 Nfile= 108 
ID= 10530553 AllEvt= 115030.182000 AllEvtErr= 678.735628 SelEvt= 0.000000  SelEvtErr= 0.000000 AllEvtnoweight= 60005.000000 SelEvtnoweight= 0.000000 Nfile= 108 
ID= 10610353 AllEvt= 10484.747300 AllEvtErr= 203.310310 SelEvt= 0.000000  SelEvtErr= 0.000000 AllEvtnoweight= 5384.000000 SelEvtnoweight= 0.000000 Nfile= 108 
ID= 10610453 AllEvt= 23853.916600 AllEvtErr= 308.307954 SelEvt= 0.000000  SelEvtErr= 0.000000 AllEvtnoweight= 12381.000000 SelEvtnoweight= 0.000000 Nfile= 108 
ID= 10630553 AllEvt= 8279.184300 AllEvtErr= 183.502131 SelEvt= 0.000000  SelEvtErr= 0.000000 AllEvtnoweight= 4386.000000 SelEvtnoweight= 0.000000 Nfile= 108 
ID= 10710353 AllEvt= 18935.723500 AllEvtErr= 273.735837 SelEvt= 0.000000  SelEvtErr= 0.000000 AllEvtnoweight= 9760.000000 SelEvtnoweight= 0.000000 Nfile= 108 
ID= 10710453 AllEvt= 45607.548000 AllEvtErr= 423.580902 SelEvt= 0.000000  SelEvtErr= 0.000000 AllEvtnoweight= 23370.000000 SelEvtnoweight= 0.000000 Nfile= 108 
ID= 10730553 AllEvt= 16300.683900 AllEvtErr= 255.801587 SelEvt= 0.000000  SelEvtErr= 0.000000 AllEvtnoweight= 8523.000000 SelEvtnoweight= 0.000000 Nfile= 108 
ID= 10910353 AllEvt= 14984.542500 AllEvtErr= 245.682072 SelEvt= 0.000000  SelEvtErr= 0.000000 AllEvtnoweight= 7862.000000 SelEvtnoweight= 0.000000 Nfile= 108 
ID= 10910453 AllEvt= 35912.484000 AllEvtErr= 378.446558 SelEvt= 0.000000  SelEvtErr= 0.000000 AllEvtnoweight= 18655.000000 SelEvtnoweight= 0.000000 Nfile= 108 
ID= 10930553 AllEvt= 12964.624900 AllEvtErr= 227.020638 SelEvt= 0.000000  SelEvtErr= 0.000000 AllEvtnoweight= 6713.000000 SelEvtnoweight= 0.000000 Nfile= 108 
ID= 11510353 AllEvt= 2532.521670 AllEvtErr= 99.826043 SelEvt= 0.000000  SelEvtErr= 0.000000 AllEvtnoweight= 1298.000000 SelEvtnoweight= 0.000000 Nfile= 108 
ID= 11510453 AllEvt= 5802.078300 AllEvtErr= 150.391607 SelEvt= 0.000000  SelEvtErr= 0.000000 AllEvtnoweight= 2946.000000 SelEvtnoweight= 0.000000 Nfile= 108 
ID= 11530553 AllEvt= 1978.359800 AllEvtErr= 89.613315 SelEvt= 0.000000  SelEvtErr= 0.000000 AllEvtnoweight= 1046.000000 SelEvtnoweight= 0.000000 Nfile= 108 
ID= 11610353 AllEvt= 2302.544020 AllEvtErr= 97.530919 SelEvt= 0.000000  SelEvtErr= 0.000000 AllEvtnoweight= 1239.000000 SelEvtnoweight= 0.000000 Nfile= 108 
ID= 11610453 AllEvt= 5203.582860 AllEvtErr= 146.093079 SelEvt= 0.000000  SelEvtErr= 0.000000 AllEvtnoweight= 2780.000000 SelEvtnoweight= 0.000000 Nfile= 108 
ID= 11630553 AllEvt= 1978.359790 AllEvtErr= 89.955352 SelEvt= 0.000000  SelEvtErr= 0.000000 AllEvtnoweight= 1054.000000 SelEvtnoweight= 0.000000 Nfile= 108 
ID= 11710353 AllEvt= 972.555190 AllEvtErr= 61.397070 SelEvt= 0.000000  SelEvtErr= 0.000000 AllEvtnoweight= 491.000000 SelEvtnoweight= 0.000000 Nfile= 106 
ID= 11710453 AllEvt= 2208.336820 AllEvtErr= 93.100813 SelEvt= 0.000000  SelEvtErr= 0.000000 AllEvtnoweight= 1129.000000 SelEvtnoweight= 0.000000 Nfile= 108 
ID= 11730553 AllEvt= 892.201150 AllEvtErr= 57.456763 SelEvt= 0.000000  SelEvtErr= 0.000000 AllEvtnoweight= 430.000000 SelEvtnoweight= 0.000000 Nfile= 105 
ID= 11910353 AllEvt= 5915.682330 AllEvtErr= 151.839508 SelEvt= 0.000000  SelEvtErr= 0.000000 AllEvtnoweight= 3003.000000 SelEvtnoweight= 0.000000 Nfile= 108 
ID= 11910453 AllEvt= 13535.415300 AllEvtErr= 234.309780 SelEvt= 0.000000  SelEvtErr= 0.000000 AllEvtnoweight= 7151.000000 SelEvtnoweight= 0.000000 Nfile= 108 
ID= 11930553 AllEvt= 5098.292200 AllEvtErr= 140.794403 SelEvt= 0.000000  SelEvtErr= 0.000000 AllEvtnoweight= 2582.000000 SelEvtnoweight= 0.000000 Nfile= 108 
ID= 12010353 AllEvt= 2410.606060 AllEvtErr= 97.570281 SelEvt= 0.000000  SelEvtErr= 0.000000 AllEvtnoweight= 1240.000000 SelEvtnoweight= 0.000000 Nfile= 108 
ID= 12010453 AllEvt= 5979.410300 AllEvtErr= 155.165519 SelEvt= 0.000000  SelEvtErr= 0.000000 AllEvtnoweight= 3136.000000 SelEvtnoweight= 0.000000 Nfile= 108 
ID= 12030553 AllEvt= 2321.940250 AllEvtErr= 93.635319 SelEvt= 0.000000  SelEvtErr= 0.000000 AllEvtnoweight= 1142.000000 SelEvtnoweight= 0.000000 Nfile= 108 
ID= 12210353 AllEvt= 2294.232460 AllEvtErr= 94.451673 SelEvt= 0.000000  SelEvtErr= 0.000000 AllEvtnoweight= 1162.000000 SelEvtnoweight= 0.000000 Nfile= 108 
ID= 12210453 AllEvt= 5372.602500 AllEvtErr= 146.643784 SelEvt= 0.000000  SelEvtErr= 0.000000 AllEvtnoweight= 2801.000000 SelEvtnoweight= 0.000000 Nfile= 108 
ID= 12230553 AllEvt= 1978.359730 AllEvtErr= 88.665904 SelEvt= 0.000000  SelEvtErr= 0.000000 AllEvtnoweight= 1024.000000 SelEvtnoweight= 0.000000 Nfile= 108 
ID= 30530553 AllEvt= 58040.178000 AllEvtErr= 481.252476 SelEvt= 0.000000  SelEvtErr= 0.000000 AllEvtnoweight= 30167.000000 SelEvtnoweight= 0.000000 Nfile= 108 