ID= 1 AllEvt= 417722606.000000 AllEvtErr= 20438.262607 SelEvt= 0.000000  SelEvtErr= 0.000000 AllEvtnoweight= 417722606.000000 SelEvtnoweight= 0.000000 Nfile= 6322 
ID= 60 AllEvt= 417722606.000000 AllEvtErr= 20438.262607 SelEvt= 0.000000  SelEvtErr= 0.000000 AllEvtnoweight= 417722606.000000 SelEvtnoweight= 0.000000 Nfile= 6322 

ID= 36 AllEvt= 6224412701727.187500 AllEvtErr= 36567073246.247711 SelEvt= 0.000000  SelEvtErr= 0.000000 AllEvtnoweight= 6956004.000000 SelEvtnoweight= 0.000000 Nfile= 2148 
ID= 10010336 AllEvt= 7419001464.665009 AllEvtErr= 1265990045.468368 SelEvt= 0.000000  SelEvtErr= 0.000000 AllEvtnoweight= 8759.000000 SelEvtnoweight= 0.000000 Nfile= 2112 
ID= 10010436 AllEvt= 23374004349.714066 AllEvtErr= 2215697511.444872 SelEvt= 0.000000  SelEvtErr= 0.000000 AllEvtnoweight= 26677.000000 SelEvtnoweight= 0.000000 Nfile= 2147 
ID= 10030536 AllEvt= 10545002186.177027 AllEvtErr= 1469365351.987041 SelEvt= 0.000000  SelEvtErr= 0.000000 AllEvtnoweight= 13393.000000 SelEvtnoweight= 0.000000 Nfile= 2142 
ID= 10310336 AllEvt= 341683043061.105225 AllEvtErr= 8634844883.929819 SelEvt= 0.000000  SelEvtErr= 0.000000 AllEvtnoweight= 371072.000000 SelEvtnoweight= 0.000000 Nfile= 2148 
ID= 10330536 AllEvt= 829569096309.650635 AllEvtErr= 13555221664.723099 SelEvt= 0.000000  SelEvtErr= 0.000000 AllEvtnoweight= 882972.000000 SelEvtnoweight= 0.000000 Nfile= 2148 
ID= 10410336 AllEvt= 1815732198806.917480 AllEvtErr= 20054091103.830452 SelEvt= 0.000000  SelEvtErr= 0.000000 AllEvtnoweight= 1946311.000000 SelEvtnoweight= 0.000000 Nfile= 2148 
ID= 10410436 AllEvt= 2633856294739.730957 AllEvtErr= 24140080385.300674 SelEvt= 0.000000  SelEvtErr= 0.000000 AllEvtnoweight= 2841283.000000 SelEvtnoweight= 0.000000 Nfile= 2148 
ID= 10430536 AllEvt= 2576267279703.452637 AllEvtErr= 23825613010.729530 SelEvt= 0.000000  SelEvtErr= 0.000000 AllEvtnoweight= 2712994.000000 SelEvtnoweight= 0.000000 Nfile= 2148 
ID= 10510336 AllEvt= 815800097356.562378 AllEvtErr= 13403969766.170446 SelEvt= 0.000000  SelEvtErr= 0.000000 AllEvtnoweight= 901848.000000 SelEvtnoweight= 0.000000 Nfile= 2148 
ID= 10510436 AllEvt= 2623110284460.869141 AllEvtErr= 23994891479.309540 SelEvt= 0.000000  SelEvtErr= 0.000000 AllEvtnoweight= 2775808.000000 SelEvtnoweight= 0.000000 Nfile= 2148 
ID= 10530536 AllEvt= 1297590139983.124756 AllEvtErr= 16801057223.806818 SelEvt= 0.000000  SelEvtErr= 0.000000 AllEvtnoweight= 1359999.000000 SelEvtnoweight= 0.000000 Nfile= 2148 
ID= 10610336 AllEvt= 47788008119.998978 AllEvtErr= 3213674043.066284 SelEvt= 0.000000  SelEvtErr= 0.000000 AllEvtnoweight= 50857.000000 SelEvtnoweight= 0.000000 Nfile= 2148 
ID= 10610436 AllEvt= 119968019792.637024 AllEvtErr= 5162505765.382476 SelEvt= 0.000000  SelEvtErr= 0.000000 AllEvtnoweight= 134757.000000 SelEvtnoweight= 0.000000 Nfile= 2148 
ID= 10630536 AllEvt= 60053010000.574905 AllEvtErr= 3666381801.364529 SelEvt= 0.000000  SelEvtErr= 0.000000 AllEvtnoweight= 61456.000000 SelEvtnoweight= 0.000000 Nfile= 2147 
ID= 10710336 AllEvt= 99015015837.840027 AllEvtErr= 4688326272.500462 SelEvt= 0.000000  SelEvtErr= 0.000000 AllEvtnoweight= 105944.000000 SelEvtnoweight= 0.000000 Nfile= 2148 
ID= 10710436 AllEvt= 303074039250.092712 AllEvtErr= 8173552620.902836 SelEvt= 0.000000  SelEvtErr= 0.000000 AllEvtnoweight= 315793.000000 SelEvtnoweight= 0.000000 Nfile= 2148 
ID= 10730536 AllEvt= 133506022206.604935 AllEvtErr= 5409127558.449065 SelEvt= 0.000000  SelEvtErr= 0.000000 AllEvtnoweight= 152518.000000 SelEvtnoweight= 0.000000 Nfile= 2148 
ID= 10910336 AllEvt= 105104016815.798019 AllEvtErr= 4799260819.239981 SelEvt= 0.000000  SelEvtErr= 0.000000 AllEvtnoweight= 115533.000000 SelEvtnoweight= 0.000000 Nfile= 2147 
ID= 10910436 AllEvt= 331097042092.632935 AllEvtErr= 8481806085.039055 SelEvt= 0.000000  SelEvtErr= 0.000000 AllEvtnoweight= 357734.000000 SelEvtnoweight= 0.000000 Nfile= 2148 
ID= 10930536 AllEvt= 147746023718.274445 AllEvtErr= 5626556521.778296 SelEvt= 0.000000  SelEvtErr= 0.000000 AllEvtnoweight= 176591.000000 SelEvtnoweight= 0.000000 Nfile= 2148 
ID= 11510336 AllEvt= 17706003323.021992 AllEvtErr= 1935012724.110619 SelEvt= 0.000000  SelEvtErr= 0.000000 AllEvtnoweight= 20225.000000 SelEvtnoweight= 0.000000 Nfile= 2146 
ID= 11510436 AllEvt= 53586009631.999969 AllEvtErr= 3390326271.655989 SelEvt= 0.000000  SelEvtErr= 0.000000 AllEvtnoweight= 63485.000000 SelEvtnoweight= 0.000000 Nfile= 2148 
ID= 11530536 AllEvt= 26004004968.875023 AllEvtErr= 2332443499.633377 SelEvt= 0.000000  SelEvtErr= 0.000000 AllEvtnoweight= 31409.000000 SelEvtnoweight= 0.000000 Nfile= 2147 
ID= 11610336 AllEvt= 13650003163.986996 AllEvtErr= 1686348173.038415 SelEvt= 0.000000  SelEvtErr= 0.000000 AllEvtnoweight= 19275.000000 SelEvtnoweight= 0.000000 Nfile= 2147 
ID= 11610436 AllEvt= 53735009205.229904 AllEvtErr= 3377244664.240361 SelEvt= 0.000000  SelEvtErr= 0.000000 AllEvtnoweight= 60150.000000 SelEvtnoweight= 0.000000 Nfile= 2147 
ID= 11630536 AllEvt= 24716004702.196022 AllEvtErr= 2282434758.082141 SelEvt= 0.000000  SelEvtErr= 0.000000 AllEvtnoweight= 29451.000000 SelEvtnoweight= 0.000000 Nfile= 2148 
ID= 11710336 AllEvt= 5963001225.250005 AllEvtErr= 1090651640.075785 SelEvt= 0.000000  SelEvtErr= 0.000000 AllEvtnoweight= 6944.000000 SelEvtnoweight= 0.000000 Nfile= 2063 
ID= 11710436 AllEvt= 20426003739.662979 AllEvtErr= 2097688801.997093 SelEvt= 0.000000  SelEvtErr= 0.000000 AllEvtnoweight= 21689.000000 SelEvtnoweight= 0.000000 Nfile= 2146 
ID= 11730536 AllEvt= 11481001867.513981 AllEvtErr= 1569052263.004964 SelEvt= 0.000000  SelEvtErr= 0.000000 AllEvtnoweight= 10698.000000 SelEvtnoweight= 0.000000 Nfile= 2136 
ID= 11910336 AllEvt= 41417007084.532028 AllEvtErr= 3005591808.327873 SelEvt= 0.000000  SelEvtErr= 0.000000 AllEvtnoweight= 43054.000000 SelEvtnoweight= 0.000000 Nfile= 2148 
ID= 11910436 AllEvt= 114202019321.876907 AllEvtErr= 4955934510.064020 SelEvt= 0.000000  SelEvtErr= 0.000000 AllEvtnoweight= 132386.000000 SelEvtnoweight= 0.000000 Nfile= 2148 
ID= 11930536 AllEvt= 58107010385.149963 AllEvtErr= 3529460854.014547 SelEvt= 0.000000  SelEvtErr= 0.000000 AllEvtnoweight= 65132.000000 SelEvtnoweight= 0.000000 Nfile= 2147 
ID= 12010336 AllEvt= 15965003523.066010 AllEvtErr= 1876043049.438901 SelEvt= 0.000000  SelEvtErr= 0.000000 AllEvtnoweight= 21374.000000 SelEvtnoweight= 0.000000 Nfile= 2147 
ID= 12010436 AllEvt= 56023010198.469109 AllEvtErr= 3396241703.245221 SelEvt= 0.000000  SelEvtErr= 0.000000 AllEvtnoweight= 67216.000000 SelEvtnoweight= 0.000000 Nfile= 2147 
ID= 12030536 AllEvt= 30633005165.970020 AllEvtErr= 2518048749.847587 SelEvt= 0.000000  SelEvtErr= 0.000000 AllEvtnoweight= 32733.000000 SelEvtnoweight= 0.000000 Nfile= 2148 
ID= 12210336 AllEvt= 16510002828.084965 AllEvtErr= 1921488909.964614 SelEvt= 0.000000  SelEvtErr= 0.000000 AllEvtnoweight= 15924.000000 SelEvtnoweight= 0.000000 Nfile= 2143 
ID= 12210436 AllEvt= 45530008239.289032 AllEvtErr= 3179979514.798957 SelEvt= 0.000000  SelEvtErr= 0.000000 AllEvtnoweight= 49030.000000 SelEvtnoweight= 0.000000 Nfile= 2147 
ID= 12230536 AllEvt= 23050004202.939026 AllEvtErr= 2249481863.066891 SelEvt= 0.000000  SelEvtErr= 0.000000 AllEvtnoweight= 24110.000000 SelEvtnoweight= 0.000000 Nfile= 2147 
ID= 30530536 AllEvt= 587708074143.917847 AllEvtErr= 11290957628.630848 SelEvt= 0.000000  SelEvtErr= 0.000000 AllEvtnoweight= 661677.000000 SelEvtnoweight= 0.000000 Nfile= 2148

ID= 30 AllEvt= 163924235.000000 AllEvtErr= 12803.289501 SelEvt= 0.000000  SelEvtErr= 0.000000 AllEvtnoweight= 163924235.000000 SelEvtnoweight= 0.000000 Nfile= 1480 
ID= 33 AllEvt= 25063836.000000 AllEvtErr= 5006.379689 SelEvt= 0.000000  SelEvtErr= 0.000000 AllEvtnoweight= 25063836.000000 SelEvtnoweight= 0.000000 Nfile= 1480 
ID= 10010333 AllEvt= 11478.000000 AllEvtErr= 107.135440 SelEvt= 0.000000  SelEvtErr= 0.000000 AllEvtnoweight= 11478.000000 SelEvtnoweight= 0.000000 Nfile= 1476 
ID= 10010433 AllEvt= 27504.000000 AllEvtErr= 165.843304 SelEvt= 0.000000  SelEvtErr= 0.000000 AllEvtnoweight= 27504.000000 SelEvtnoweight= 0.000000 Nfile= 1479 
ID= 10030533 AllEvt= 9981.000000 AllEvtErr= 99.904954 SelEvt= 0.000000  SelEvtErr= 0.000000 AllEvtnoweight= 9981.000000 SelEvtnoweight= 0.000000 Nfile= 1469 
ID= 10110333 AllEvt= 2860997.000000 AllEvtErr= 1691.448247 SelEvt= 0.000000  SelEvtErr= 0.000000 AllEvtnoweight= 2860997.000000 SelEvtnoweight= 0.000000 Nfile= 1480 
ID= 10110433 AllEvt= 6781469.000000 AllEvtErr= 2604.125363 SelEvt= 0.000000  SelEvtErr= 0.000000 AllEvtnoweight= 6777714.000000 SelEvtnoweight= 0.000000 Nfile= 1480 
ID= 10130533 AllEvt= 2456932.000000 AllEvtErr= 1567.460363 SelEvt= 0.000000  SelEvtErr= 0.000000 AllEvtnoweight= 2456932.000000 SelEvtnoweight= 0.000000 Nfile= 1480 
ID= 10210333 AllEvt= 2788509.000000 AllEvtErr= 1669.544896 SelEvt= 0.000000  SelEvtErr= 0.000000 AllEvtnoweight= 2786939.000000 SelEvtnoweight= 0.000000 Nfile= 1480 
ID= 10210433 AllEvt= 6622768.000000 AllEvtErr= 2572.786471 SelEvt= 0.000000  SelEvtErr= 0.000000 AllEvtnoweight= 6619230.000000 SelEvtnoweight= 0.000000 Nfile= 1480 
ID= 10230533 AllEvt= 2395644.000000 AllEvtErr= 1547.786877 SelEvt= 0.000000  SelEvtErr= 0.000000 AllEvtnoweight= 2395644.000000 SelEvtnoweight= 0.000000 Nfile= 1479 
ID= 10230833 AllEvt= 1190475.000000 AllEvtErr= 1091.089018 SelEvt= 0.000000  SelEvtErr= 0.000000 AllEvtnoweight= 1190475.000000 SelEvtnoweight= 0.000000 Nfile= 1479 
ID= 10231433 AllEvt= 36956.000000 AllEvtErr= 192.239439 SelEvt= 0.000000  SelEvtErr= 0.000000 AllEvtnoweight= 36956.000000 SelEvtnoweight= 0.000000 Nfile= 1479 
ID= 10231833 AllEvt= 89984.000000 AllEvtErr= 299.973322 SelEvt= 0.000000  SelEvtErr= 0.000000 AllEvtnoweight= 89984.000000 SelEvtnoweight= 0.000000 Nfile= 1480 
ID= 10310333 AllEvt= 868558.000000 AllEvtErr= 931.964518 SelEvt= 0.000000  SelEvtErr= 0.000000 AllEvtnoweight= 868558.000000 SelEvtnoweight= 0.000000 Nfile= 1480 
ID= 10330533 AllEvt= 1491676.000000 AllEvtErr= 1221.341823 SelEvt= 0.000000  SelEvtErr= 0.000000 AllEvtnoweight= 1491676.000000 SelEvtnoweight= 0.000000 Nfile= 1480 
ID= 10410333 AllEvt= 4118200.000000 AllEvtErr= 2029.334934 SelEvt= 0.000000  SelEvtErr= 0.000000 AllEvtnoweight= 4118200.000000 SelEvtnoweight= 0.000000 Nfile= 1480 
ID= 10410433 AllEvt= 4883906.000000 AllEvtErr= 2209.956134 SelEvt= 0.000000  SelEvtErr= 0.000000 AllEvtnoweight= 4883906.000000 SelEvtnoweight= 0.000000 Nfile= 1480 
ID= 10430533 AllEvt= 3542394.000000 AllEvtErr= 1882.124910 SelEvt= 0.000000  SelEvtErr= 0.000000 AllEvtnoweight= 3542394.000000 SelEvtnoweight= 0.000000 Nfile= 1480 
ID= 10510333 AllEvt= 1490003.000000 AllEvtErr= 1220.656723 SelEvt= 0.000000  SelEvtErr= 0.000000 AllEvtnoweight= 1490003.000000 SelEvtnoweight= 0.000000 Nfile= 1480 
ID= 10510433 AllEvt= 3539157.000000 AllEvtErr= 1881.264717 SelEvt= 0.000000  SelEvtErr= 0.000000 AllEvtnoweight= 3539157.000000 SelEvtnoweight= 0.000000 Nfile= 1480 
ID= 10530533 AllEvt= 1281357.000000 AllEvtErr= 1131.970406 SelEvt= 0.000000  SelEvtErr= 0.000000 AllEvtnoweight= 1281357.000000 SelEvtnoweight= 0.000000 Nfile= 1480 
ID= 10610333 AllEvt= 111789.000000 AllEvtErr= 334.348598 SelEvt= 0.000000  SelEvtErr= 0.000000 AllEvtnoweight= 111789.000000 SelEvtnoweight= 0.000000 Nfile= 1479 
ID= 10610433 AllEvt= 267228.000000 AllEvtErr= 516.941001 SelEvt= 0.000000  SelEvtErr= 0.000000 AllEvtnoweight= 267228.000000 SelEvtnoweight= 0.000000 Nfile= 1480 
ID= 10630533 AllEvt= 96785.000000 AllEvtErr= 311.102891 SelEvt= 0.000000  SelEvtErr= 0.000000 AllEvtnoweight= 96785.000000 SelEvtnoweight= 0.000000 Nfile= 1479 
ID= 10710333 AllEvt= 209630.000000 AllEvtErr= 457.853629 SelEvt= 0.000000  SelEvtErr= 0.000000 AllEvtnoweight= 209630.000000 SelEvtnoweight= 0.000000 Nfile= 1480 
ID= 10710433 AllEvt= 497111.000000 AllEvtErr= 705.060912 SelEvt= 0.000000  SelEvtErr= 0.000000 AllEvtnoweight= 497111.000000 SelEvtnoweight= 0.000000 Nfile= 1479 
ID= 10730533 AllEvt= 180528.000000 AllEvtErr= 424.885828 SelEvt= 0.000000  SelEvtErr= 0.000000 AllEvtnoweight= 180528.000000 SelEvtnoweight= 0.000000 Nfile= 1480 
ID= 10910333 AllEvt= 168313.000000 AllEvtErr= 410.259602 SelEvt= 0.000000  SelEvtErr= 0.000000 AllEvtnoweight= 168313.000000 SelEvtnoweight= 0.000000 Nfile= 1479 
ID= 10910433 AllEvt= 400159.000000 AllEvtErr= 632.581119 SelEvt= 0.000000  SelEvtErr= 0.000000 AllEvtnoweight= 400159.000000 SelEvtnoweight= 0.000000 Nfile= 1479 
ID= 10930533 AllEvt= 144687.000000 AllEvtErr= 380.377353 SelEvt= 0.000000  SelEvtErr= 0.000000 AllEvtnoweight= 144687.000000 SelEvtnoweight= 0.000000 Nfile= 1480 
ID= 11510333 AllEvt= 26651.000000 AllEvtErr= 163.251333 SelEvt= 0.000000  SelEvtErr= 0.000000 AllEvtnoweight= 26651.000000 SelEvtnoweight= 0.000000 Nfile= 1479 
ID= 11510433 AllEvt= 64129.000000 AllEvtErr= 253.237009 SelEvt= 0.000000  SelEvtErr= 0.000000 AllEvtnoweight= 64129.000000 SelEvtnoweight= 0.000000 Nfile= 1479 
ID= 11530533 AllEvt= 23198.000000 AllEvtErr= 152.308888 SelEvt= 0.000000  SelEvtErr= 0.000000 AllEvtnoweight= 23198.000000 SelEvtnoweight= 0.000000 Nfile= 1479 
ID= 11610333 AllEvt= 25676.000000 AllEvtErr= 160.237322 SelEvt= 0.000000  SelEvtErr= 0.000000 AllEvtnoweight= 25676.000000 SelEvtnoweight= 0.000000 Nfile= 1479 
ID= 11610433 AllEvt= 60546.000000 AllEvtErr= 246.060936 SelEvt= 0.000000  SelEvtErr= 0.000000 AllEvtnoweight= 60546.000000 SelEvtnoweight= 0.000000 Nfile= 1479 
ID= 11630533 AllEvt= 21963.000000 AllEvtErr= 148.199188 SelEvt= 0.000000  SelEvtErr= 0.000000 AllEvtnoweight= 21963.000000 SelEvtnoweight= 0.000000 Nfile= 1479 
ID= 11710333 AllEvt= 10358.000000 AllEvtErr= 101.774264 SelEvt= 0.000000  SelEvtErr= 0.000000 AllEvtnoweight= 10358.000000 SelEvtnoweight= 0.000000 Nfile= 1469 
ID= 11710433 AllEvt= 24848.000000 AllEvtErr= 157.632476 SelEvt= 0.000000  SelEvtErr= 0.000000 AllEvtnoweight= 24848.000000 SelEvtnoweight= 0.000000 Nfile= 1479 
ID= 11730533 AllEvt= 8905.000000 AllEvtErr= 94.366306 SelEvt= 0.000000  SelEvtErr= 0.000000 AllEvtnoweight= 8905.000000 SelEvtnoweight= 0.000000 Nfile= 1460 
ID= 11910333 AllEvt= 64115.000000 AllEvtErr= 253.209366 SelEvt= 0.000000  SelEvtErr= 0.000000 AllEvtnoweight= 64115.000000 SelEvtnoweight= 0.000000 Nfile= 1479 
ID= 11910433 AllEvt= 152158.000000 AllEvtErr= 390.074291 SelEvt= 0.000000  SelEvtErr= 0.000000 AllEvtnoweight= 152158.000000 SelEvtnoweight= 0.000000 Nfile= 1480 
ID= 11930533 AllEvt= 54703.000000 AllEvtErr= 233.886699 SelEvt= 0.000000  SelEvtErr= 0.000000 AllEvtnoweight= 54703.000000 SelEvtnoweight= 0.000000 Nfile= 1479 
ID= 12010333 AllEvt= 28738.000000 AllEvtErr= 169.522861 SelEvt= 0.000000  SelEvtErr= 0.000000 AllEvtnoweight= 28738.000000 SelEvtnoweight= 0.000000 Nfile= 1479 
ID= 12010433 AllEvt= 68569.000000 AllEvtErr= 261.856796 SelEvt= 0.000000  SelEvtErr= 0.000000 AllEvtnoweight= 68569.000000 SelEvtnoweight= 0.000000 Nfile= 1479 
ID= 12030533 AllEvt= 25110.000000 AllEvtErr= 158.461347 SelEvt= 0.000000  SelEvtErr= 0.000000 AllEvtnoweight= 25110.000000 SelEvtnoweight= 0.000000 Nfile= 1479 
ID= 12210333 AllEvt= 25467.000000 AllEvtErr= 159.583831 SelEvt= 0.000000  SelEvtErr= 0.000000 AllEvtnoweight= 25467.000000 SelEvtnoweight= 0.000000 Nfile= 1479 
ID= 12210433 AllEvt= 60270.000000 AllEvtErr= 245.499464 SelEvt= 0.000000  SelEvtErr= 0.000000 AllEvtnoweight= 60270.000000 SelEvtnoweight= 0.000000 Nfile= 1479 
ID= 12230533 AllEvt= 21942.000000 AllEvtErr= 148.128318 SelEvt= 0.000000  SelEvtErr= 0.000000 AllEvtnoweight= 21942.000000 SelEvtnoweight= 0.000000 Nfile= 1479 
ID= 30530533 AllEvt= 643355.000000 AllEvtErr= 802.094120 SelEvt= 0.000000  SelEvtErr= 0.000000 AllEvtnoweight= 643355.000000 SelEvtnoweight= 0.000000 Nfile= 1480 




ID= 11 AllEvt= 7125510.330000 AllEvtErr= 2669.308262 SelEvt= 0.000000  SelEvtErr= 0.000000 AllEvtnoweight= 7125815.000000 SelEvtnoweight= 0.000000 Nfile= 215 
ID= 10010311 AllEvt= 2933.870000 AllEvtErr= 54.164023 SelEvt= 0.000000  SelEvtErr= 0.000000 AllEvtnoweight= 2934.000000 SelEvtnoweight= 0.000000 Nfile= 213 
ID= 10010411 AllEvt= 8955.620000 AllEvtErr= 94.632136 SelEvt= 0.000000  SelEvtErr= 0.000000 AllEvtnoweight= 8956.000000 SelEvtnoweight= 0.000000 Nfile= 215 
ID= 10030511 AllEvt= 4287.890000 AllEvtErr= 65.481162 SelEvt= 0.000000  SelEvtErr= 0.000000 AllEvtnoweight= 4288.000000 SelEvtnoweight= 0.000000 Nfile= 212 
ID= 10110311 AllEvt= 635018.740000 AllEvtErr= 796.865570 SelEvt= 0.000000  SelEvtErr= 0.000000 AllEvtnoweight= 635043.000000 SelEvtnoweight= 0.000000 Nfile= 215 
ID= 10110411 AllEvt= 1850176.940000 AllEvtErr= 1360.185520 SelEvt= 0.000000  SelEvtErr= 0.000000 AllEvtnoweight= 1850250.000000 SelEvtnoweight= 0.000000 Nfile= 215 
ID= 10130511 AllEvt= 756909.180000 AllEvtErr= 869.988315 SelEvt= 0.000000  SelEvtErr= 0.000000 AllEvtnoweight= 756939.000000 SelEvtnoweight= 0.000000 Nfile= 215 
ID= 10210311 AllEvt= 765904.180000 AllEvtErr= 875.143231 SelEvt= 0.000000  SelEvtErr= 0.000000 AllEvtnoweight= 765933.000000 SelEvtnoweight= 0.000000 Nfile= 215 
ID= 10210411 AllEvt= 2226403.000000 AllEvtErr= 1492.084519 SelEvt= 0.000000  SelEvtErr= 0.000000 AllEvtnoweight= 2226487.000000 SelEvtnoweight= 0.000000 Nfile= 215 
ID= 10230511 AllEvt= 908989.220000 AllEvtErr= 953.391230 SelEvt= 0.000000  SelEvtErr= 0.000000 AllEvtnoweight= 909024.000000 SelEvtnoweight= 0.000000 Nfile= 215 
ID= 10230811 AllEvt= 460953.990000 AllEvtErr= 678.923623 SelEvt= 0.000000  SelEvtErr= 0.000000 AllEvtnoweight= 460971.000000 SelEvtnoweight= 0.000000 Nfile= 215 
ID= 10231411 AllEvt= 14465.370100 AllEvtErr= 120.269463 SelEvt= 0.000000  SelEvtErr= 0.000000 AllEvtnoweight= 14466.000000 SelEvtnoweight= 0.000000 Nfile= 215 
ID= 10231811 AllEvt= 35239.640000 AllEvtErr= 187.718567 SelEvt= 0.000000  SelEvtErr= 0.000000 AllEvtnoweight= 35241.000000 SelEvtnoweight= 0.000000 Nfile= 215 
ID= 10310311 AllEvt= 101225.880000 AllEvtErr= 318.153764 SelEvt= 0.000000  SelEvtErr= 0.000000 AllEvtnoweight= 101230.000000 SelEvtnoweight= 0.000000 Nfile= 215 
ID= 10330511 AllEvt= 295020.450000 AllEvtErr= 543.147357 SelEvt= 0.000000  SelEvtErr= 0.000000 AllEvtnoweight= 295032.000000 SelEvtnoweight= 0.000000 Nfile= 215 
ID= 10410311 AllEvt= 605260.020000 AllEvtErr= 777.968745 SelEvt= 0.000000  SelEvtErr= 0.000000 AllEvtnoweight= 605285.000000 SelEvtnoweight= 0.000000 Nfile= 215 
ID= 10410411 AllEvt= 902138.390000 AllEvtErr= 949.790578 SelEvt= 0.000000  SelEvtErr= 0.000000 AllEvtnoweight= 902175.000000 SelEvtnoweight= 0.000000 Nfile= 215 
ID= 10430511 AllEvt= 881738.080000 AllEvtErr= 938.990719 SelEvt= 0.000000  SelEvtErr= 0.000000 AllEvtnoweight= 881773.000000 SelEvtnoweight= 0.000000 Nfile= 215 
ID= 10510311 AllEvt= 303159.710000 AllEvtErr= 550.589288 SelEvt= 0.000000  SelEvtErr= 0.000000 AllEvtnoweight= 303171.000000 SelEvtnoweight= 0.000000 Nfile= 215 
ID= 10510411 AllEvt= 903768.590000 AllEvtErr= 950.649026 SelEvt= 0.000000  SelEvtErr= 0.000000 AllEvtnoweight= 903804.000000 SelEvtnoweight= 0.000000 Nfile= 215 
ID= 10530511 AllEvt= 440102.040000 AllEvtErr= 663.389250 SelEvt= 0.000000  SelEvtErr= 0.000000 AllEvtnoweight= 440119.000000 SelEvtnoweight= 0.000000 Nfile= 215 
ID= 10610311 AllEvt= 14118.450000 AllEvtErr= 118.818784 SelEvt= 0.000000  SelEvtErr= 0.000000 AllEvtnoweight= 14119.000000 SelEvtnoweight= 0.000000 Nfile= 215 
ID= 10610411 AllEvt= 42035.230000 AllEvtErr= 205.020598 SelEvt= 0.000000  SelEvtErr= 0.000000 AllEvtnoweight= 42037.000000 SelEvtnoweight= 0.000000 Nfile= 215 
ID= 10630511 AllEvt= 20754.290000 AllEvtErr= 144.061135 SelEvt= 0.000000  SelEvtErr= 0.000000 AllEvtnoweight= 20755.000000 SelEvtnoweight= 0.000000 Nfile= 215 
ID= 10710311 AllEvt= 33892.620000 AllEvtErr= 184.095731 SelEvt= 0.000000  SelEvtErr= 0.000000 AllEvtnoweight= 33894.000000 SelEvtnoweight= 0.000000 Nfile= 215 
ID= 10710411 AllEvt= 100212.840000 AllEvtErr= 316.557645 SelEvt= 0.000000  SelEvtErr= 0.000000 AllEvtnoweight= 100217.000000 SelEvtnoweight= 0.000000 Nfile= 215 
ID= 10730511 AllEvt= 48869.000000 AllEvtErr= 221.058870 SelEvt= 0.000000  SelEvtErr= 0.000000 AllEvtnoweight= 48871.000000 SelEvtnoweight= 0.000000 Nfile= 215 
ID= 10910311 AllEvt= 40013.380000 AllEvtErr= 200.029348 SelEvt= 0.000000  SelEvtErr= 0.000000 AllEvtnoweight= 40015.000000 SelEvtnoweight= 0.000000 Nfile= 215 
ID= 10910411 AllEvt= 117866.940000 AllEvtErr= 343.311728 SelEvt= 0.000000  SelEvtErr= 0.000000 AllEvtnoweight= 117871.000000 SelEvtnoweight= 0.000000 Nfile= 215 
ID= 10930511 AllEvt= 57954.930000 AllEvtErr= 240.733997 SelEvt= 0.000000  SelEvtErr= 0.000000 AllEvtnoweight= 57957.000000 SelEvtnoweight= 0.000000 Nfile= 215 
ID= 11510311 AllEvt= 7103.740000 AllEvtErr= 84.282152 SelEvt= 0.000000  SelEvtErr= 0.000000 AllEvtnoweight= 7104.000000 SelEvtnoweight= 0.000000 Nfile= 215 
ID= 11510411 AllEvt= 20881.240100 AllEvtErr= 144.500833 SelEvt= 0.000000  SelEvtErr= 0.000000 AllEvtnoweight= 20882.000000 SelEvtnoweight= 0.000000 Nfile= 215 
ID= 11530511 AllEvt= 10198.660100 AllEvtErr= 100.986741 SelEvt= 0.000000  SelEvtErr= 0.000000 AllEvtnoweight= 10199.000000 SelEvtnoweight= 0.000000 Nfile= 215 
ID= 11610311 AllEvt= 6689.680000 AllEvtErr= 81.788516 SelEvt= 0.000000  SelEvtErr= 0.000000 AllEvtnoweight= 6690.000000 SelEvtnoweight= 0.000000 Nfile= 214 
ID= 11610411 AllEvt= 19515.300000 AllEvtErr= 139.694681 SelEvt= 0.000000  SelEvtErr= 0.000000 AllEvtnoweight= 19516.000000 SelEvtnoweight= 0.000000 Nfile= 215 
ID= 11630511 AllEvt= 9457.630000 AllEvtErr= 97.248458 SelEvt= 0.000000  SelEvtErr= 0.000000 AllEvtnoweight= 9458.000000 SelEvtnoweight= 0.000000 Nfile= 215 
ID= 11710311 AllEvt= 2358.890000 AllEvtErr= 48.567279 SelEvt= 0.000000  SelEvtErr= 0.000000 AllEvtnoweight= 2359.000000 SelEvtnoweight= 0.000000 Nfile= 212 
ID= 11710411 AllEvt= 7163.770000 AllEvtErr= 84.637699 SelEvt= 0.000000  SelEvtErr= 0.000000 AllEvtnoweight= 7164.000000 SelEvtnoweight= 0.000000 Nfile= 214 
ID= 11730511 AllEvt= 3477.860000 AllEvtErr= 58.972220 SelEvt= 0.000000  SelEvtErr= 0.000000 AllEvtnoweight= 3478.000000 SelEvtnoweight= 0.000000 Nfile= 215 
ID= 11910311 AllEvt= 14807.340200 AllEvtErr= 121.682724 SelEvt= 0.000000  SelEvtErr= 0.000000 AllEvtnoweight= 14808.000000 SelEvtnoweight= 0.000000 Nfile= 215 
ID= 11910411 AllEvt= 44004.230100 AllEvtErr= 209.767615 SelEvt= 0.000000  SelEvtErr= 0.000000 AllEvtnoweight= 44006.000000 SelEvtnoweight= 0.000000 Nfile= 215 
ID= 11930511 AllEvt= 21449.270000 AllEvtErr= 146.453268 SelEvt= 0.000000  SelEvtErr= 0.000000 AllEvtnoweight= 21450.000000 SelEvtnoweight= 0.000000 Nfile= 215 
ID= 12010311 AllEvt= 7377.700000 AllEvtErr= 85.891797 SelEvt= 0.000000  SelEvtErr= 0.000000 AllEvtnoweight= 7378.000000 SelEvtnoweight= 0.000000 Nfile= 215 
ID= 12010411 AllEvt= 22314.090000 AllEvtErr= 149.376001 SelEvt= 0.000000  SelEvtErr= 0.000000 AllEvtnoweight= 22315.000000 SelEvtnoweight= 0.000000 Nfile= 215 
ID= 12030511 AllEvt= 10796.550200 AllEvtErr= 103.904302 SelEvt= 0.000000  SelEvtErr= 0.000000 AllEvtnoweight= 10797.000000 SelEvtnoweight= 0.000000 Nfile= 215 
ID= 12210311 AllEvt= 5455.740000 AllEvtErr= 73.861234 SelEvt= 0.000000  SelEvtErr= 0.000000 AllEvtnoweight= 5456.000000 SelEvtnoweight= 0.000000 Nfile= 215 
ID= 12210411 AllEvt= 16082.460000 AllEvtErr= 126.814526 SelEvt= 0.000000  SelEvtErr= 0.000000 AllEvtnoweight= 16083.000000 SelEvtnoweight= 0.000000 Nfile= 215 
ID= 12230511 AllEvt= 7904.690000 AllEvtErr= 88.906590 SelEvt= 0.000000  SelEvtErr= 0.000000 AllEvtnoweight= 7905.000000 SelEvtnoweight= 0.000000 Nfile= 215 
ID= 30530511 AllEvt= 214821.560000 AllEvtErr= 463.479438 SelEvt= 0.000000  SelEvtErr= 0.000000 AllEvtnoweight= 214830.000000 SelEvtnoweight= 0.000000 Nfile= 215 
ID= 12 AllEvt= 24207530.680000 AllEvtErr= 9527.150559 SelEvt= 0.000000  SelEvtErr= 0.000000 AllEvtnoweight= 6476213.000000 SelEvtnoweight= 0.000000 Nfile= 202 
ID= 10010312 AllEvt= 10205.717510 AllEvtErr= 195.613935 SelEvt= 0.000000  SelEvtErr= 0.000000 AllEvtnoweight= 2730.000000 SelEvtnoweight= 0.000000 Nfile= 201 
ID= 10010412 AllEvt= 29534.288900 AllEvtErr= 332.897852 SelEvt= 0.000000  SelEvtErr= 0.000000 AllEvtnoweight= 7907.000000 SelEvtnoweight= 0.000000 Nfile= 201 
ID= 10030512 AllEvt= 13451.586300 AllEvtErr= 224.536617 SelEvt= 0.000000  SelEvtErr= 0.000000 AllEvtnoweight= 3597.000000 SelEvtnoweight= 0.000000 Nfile= 201 
ID= 10110312 AllEvt= 2298442.743000 AllEvtErr= 2935.663560 SelEvt= 0.000000  SelEvtErr= 0.000000 AllEvtnoweight= 614904.000000 SelEvtnoweight= 0.000000 Nfile= 202 
ID= 10110412 AllEvt= 6603628.365000 AllEvtErr= 4975.965368 SelEvt= 0.000000  SelEvtErr= 0.000000 AllEvtnoweight= 1766628.000000 SelEvtnoweight= 0.000000 Nfile= 202 
ID= 10130512 AllEvt= 2700336.958000 AllEvtErr= 3182.008955 SelEvt= 0.000000  SelEvtErr= 0.000000 AllEvtnoweight= 722426.000000 SelEvtnoweight= 0.000000 Nfile= 202 
ID= 10210312 AllEvt= 2691346.415000 AllEvtErr= 3176.512609 SelEvt= 0.000000  SelEvtErr= 0.000000 AllEvtnoweight= 719934.000000 SelEvtnoweight= 0.000000 Nfile= 202 
ID= 10210412 AllEvt= 7709400.497000 AllEvtErr= 5376.533638 SelEvt= 0.000000  SelEvtErr= 0.000000 AllEvtnoweight= 2062506.000000 SelEvtnoweight= 0.000000 Nfile= 202 
ID= 10230512 AllEvt= 3129135.467000 AllEvtErr= 3425.338682 SelEvt= 0.000000  SelEvtErr= 0.000000 AllEvtnoweight= 837137.000000 SelEvtnoweight= 0.000000 Nfile= 202 
ID= 10230812 AllEvt= 1595893.741000 AllEvtErr= 2445.986706 SelEvt= 0.000000  SelEvtErr= 0.000000 AllEvtnoweight= 426872.000000 SelEvtnoweight= 0.000000 Nfile= 202 
ID= 10231412 AllEvt= 51053.441190 AllEvtErr= 437.570429 SelEvt= 0.000000  SelEvtErr= 0.000000 AllEvtnoweight= 13661.000000 SelEvtnoweight= 0.000000 Nfile= 202 
ID= 10231812 AllEvt= 121338.213200 AllEvtErr= 674.465098 SelEvt= 0.000000  SelEvtErr= 0.000000 AllEvtnoweight= 32457.000000 SelEvtnoweight= 0.000000 Nfile= 201 
ID= 10310312 AllEvt= 375818.395300 AllEvtErr= 1187.118748 SelEvt= 0.000000  SelEvtErr= 0.000000 AllEvtnoweight= 100551.000000 SelEvtnoweight= 0.000000 Nfile= 202 
ID= 10330512 AllEvt= 1023987.682300 AllEvtErr= 1959.476710 SelEvt= 0.000000  SelEvtErr= 0.000000 AllEvtnoweight= 273952.000000 SelEvtnoweight= 0.000000 Nfile= 202 
ID= 10410312 AllEvt= 2223105.422000 AllEvtErr= 2887.197768 SelEvt= 0.000000  SelEvtErr= 0.000000 AllEvtnoweight= 594766.000000 SelEvtnoweight= 0.000000 Nfile= 202 
ID= 10410412 AllEvt= 3282108.829000 AllEvtErr= 3508.247688 SelEvt= 0.000000  SelEvtErr= 0.000000 AllEvtnoweight= 878172.000000 SelEvtnoweight= 0.000000 Nfile= 202 
ID= 10430512 AllEvt= 3039050.473000 AllEvtErr= 3375.585831 SelEvt= 0.000000  SelEvtErr= 0.000000 AllEvtnoweight= 813005.000000 SelEvtnoweight= 0.000000 Nfile= 202 
ID= 10510312 AllEvt= 1048851.394000 AllEvtErr= 1983.377631 SelEvt= 0.000000  SelEvtErr= 0.000000 AllEvtnoweight= 280675.000000 SelEvtnoweight= 0.000000 Nfile= 202 
ID= 10510412 AllEvt= 3089927.863000 AllEvtErr= 3403.606169 SelEvt= 0.000000  SelEvtErr= 0.000000 AllEvtnoweight= 826551.000000 SelEvtnoweight= 0.000000 Nfile= 202 
ID= 10530512 AllEvt= 1434191.068000 AllEvtErr= 2319.118051 SelEvt= 0.000000  SelEvtErr= 0.000000 AllEvtnoweight= 383740.000000 SelEvtnoweight= 0.000000 Nfile= 202 
ID= 10610312 AllEvt= 51771.053080 AllEvtErr= 440.497236 SelEvt= 0.000000  SelEvtErr= 0.000000 AllEvtnoweight= 13845.000000 SelEvtnoweight= 0.000000 Nfile= 202 
ID= 10610412 AllEvt= 154175.083480 AllEvtErr= 760.424137 SelEvt= 0.000000  SelEvtErr= 0.000000 AllEvtnoweight= 41259.000000 SelEvtnoweight= 0.000000 Nfile= 202 
ID= 10630512 AllEvt= 71504.883300 AllEvtErr= 517.824923 SelEvt= 0.000000  SelEvtErr= 0.000000 AllEvtnoweight= 19132.000000 SelEvtnoweight= 0.000000 Nfile= 202 
ID= 10710312 AllEvt= 122399.052100 AllEvtErr= 677.437789 SelEvt= 0.000000  SelEvtErr= 0.000000 AllEvtnoweight= 32745.000000 SelEvtnoweight= 0.000000 Nfile= 202 
ID= 10710412 AllEvt= 362426.056000 AllEvtErr= 1165.796450 SelEvt= 0.000000  SelEvtErr= 0.000000 AllEvtnoweight= 96972.000000 SelEvtnoweight= 0.000000 Nfile= 201 
ID= 10730512 AllEvt= 168602.529600 AllEvtErr= 795.232170 SelEvt= 0.000000  SelEvtErr= 0.000000 AllEvtnoweight= 45123.000000 SelEvtnoweight= 0.000000 Nfile= 202 
ID= 10910312 AllEvt= 133781.768800 AllEvtErr= 708.354956 SelEvt= 0.000000  SelEvtErr= 0.000000 AllEvtnoweight= 35801.000000 SelEvtnoweight= 0.000000 Nfile= 202 
ID= 10910412 AllEvt= 389081.245800 AllEvtErr= 1207.843035 SelEvt= 0.000000  SelEvtErr= 0.000000 AllEvtnoweight= 104091.000000 SelEvtnoweight= 0.000000 Nfile= 202 
ID= 10930512 AllEvt= 181309.348000 AllEvtErr= 824.389207 SelEvt= 0.000000  SelEvtErr= 0.000000 AllEvtnoweight= 48490.000000 SelEvtnoweight= 0.000000 Nfile= 201 
ID= 11510312 AllEvt= 22934.340670 AllEvtErr= 293.355227 SelEvt= 0.000000  SelEvtErr= 0.000000 AllEvtnoweight= 6140.000000 SelEvtnoweight= 0.000000 Nfile= 202 
ID= 11510412 AllEvt= 68465.288880 AllEvtErr= 506.580829 SelEvt= 0.000000  SelEvtErr= 0.000000 AllEvtnoweight= 18310.000000 SelEvtnoweight= 0.000000 Nfile= 202 
ID= 11530512 AllEvt= 32056.874790 AllEvtErr= 346.626812 SelEvt= 0.000000  SelEvtErr= 0.000000 AllEvtnoweight= 8573.000000 SelEvtnoweight= 0.000000 Nfile= 202 
ID= 11610312 AllEvt= 21927.011020 AllEvtErr= 286.658305 SelEvt= 0.000000  SelEvtErr= 0.000000 AllEvtnoweight= 5863.000000 SelEvtnoweight= 0.000000 Nfile= 202 
ID= 11610412 AllEvt= 63894.236780 AllEvtErr= 489.570996 SelEvt= 0.000000  SelEvtErr= 0.000000 AllEvtnoweight= 17101.000000 SelEvtnoweight= 0.000000 Nfile= 202 
ID= 11630512 AllEvt= 29949.311090 AllEvtErr= 335.136780 SelEvt= 0.000000  SelEvtErr= 0.000000 AllEvtnoweight= 8014.000000 SelEvtnoweight= 0.000000 Nfile= 202 
ID= 11710312 AllEvt= 7977.671200 AllEvtErr= 172.816421 SelEvt= 0.000000  SelEvtErr= 0.000000 AllEvtnoweight= 2131.000000 SelEvtnoweight= 0.000000 Nfile= 200 
ID= 11710412 AllEvt= 23824.392370 AllEvtErr= 299.068360 SelEvt= 0.000000  SelEvtErr= 0.000000 AllEvtnoweight= 6382.000000 SelEvtnoweight= 0.000000 Nfile= 202 
ID= 11730512 AllEvt= 10957.850330 AllEvtErr= 202.610982 SelEvt= 0.000000  SelEvtErr= 0.000000 AllEvtnoweight= 2929.000000 SelEvtnoweight= 0.000000 Nfile= 200 
ID= 11910312 AllEvt= 49031.722180 AllEvtErr= 428.736000 SelEvt= 0.000000  SelEvtErr= 0.000000 AllEvtnoweight= 13115.000000 SelEvtnoweight= 0.000000 Nfile= 202 
ID= 11910412 AllEvt= 144730.187290 AllEvtErr= 736.542985 SelEvt= 0.000000  SelEvtErr= 0.000000 AllEvtnoweight= 38708.000000 SelEvtnoweight= 0.000000 Nfile= 202 
ID= 11930512 AllEvt= 68787.579380 AllEvtErr= 507.854399 SelEvt= 0.000000  SelEvtErr= 0.000000 AllEvtnoweight= 18402.000000 SelEvtnoweight= 0.000000 Nfile= 202 
ID= 12010312 AllEvt= 24334.251400 AllEvtErr= 302.061577 SelEvt= 0.000000  SelEvtErr= 0.000000 AllEvtnoweight= 6510.000000 SelEvtnoweight= 0.000000 Nfile= 201 
ID= 12010412 AllEvt= 72621.131380 AllEvtErr= 522.276260 SelEvt= 0.000000  SelEvtErr= 0.000000 AllEvtnoweight= 19462.000000 SelEvtnoweight= 0.000000 Nfile= 202 
ID= 12030512 AllEvt= 33851.101900 AllEvtErr= 356.307483 SelEvt= 0.000000  SelEvtErr= 0.000000 AllEvtnoweight= 9058.000000 SelEvtnoweight= 0.000000 Nfile= 201 
ID= 12210312 AllEvt= 18707.771180 AllEvtErr= 264.806236 SelEvt= 0.000000  SelEvtErr= 0.000000 AllEvtnoweight= 5003.000000 SelEvtnoweight= 0.000000 Nfile= 201 
ID= 12210412 AllEvt= 54343.954590 AllEvtErr= 451.395306 SelEvt= 0.000000  SelEvtErr= 0.000000 AllEvtnoweight= 14538.000000 SelEvtnoweight= 0.000000 Nfile= 202 
ID= 12230512 AllEvt= 24577.310900 AllEvtErr= 303.516169 SelEvt= 0.000000  SelEvtErr= 0.000000 AllEvtnoweight= 6573.000000 SelEvtnoweight= 0.000000 Nfile= 201 
ID= 30530512 AllEvt= 703992.458500 AllEvtErr= 1624.803633 SelEvt= 0.000000  SelEvtErr= 0.000000 AllEvtnoweight= 188362.000000 SelEvtnoweight= 0.000000 Nfile= 202 
ID= 75 AllEvt= 492200.000000 AllEvtErr= 701.569344 SelEvt= 0.000000  SelEvtErr= 0.000000 AllEvtnoweight= 492200.000000 SelEvtnoweight= 0.000000 Nfile= 5 
ID= 76 AllEvt= 1873522.000000 AllEvtErr= 2655.724726 SelEvt= 0.000000  SelEvtErr= 0.000000 AllEvtnoweight= 499200.000000 SelEvtnoweight= 0.000000 Nfile= 5 
ID= 74 AllEvt= 38811017.000000 AllEvtErr= 6229.848735 SelEvt= 0.000000  SelEvtErr= 0.000000 AllEvtnoweight= 38811017.000000 SelEvtnoweight= 0.000000 Nfile= 389 
ID= 70 AllEvt= 76015422.000000 AllEvtErr= 8718.684243 SelEvt= 0.000000  SelEvtErr= 0.000000 AllEvtnoweight= 76015422.000000 SelEvtnoweight= 0.000000 Nfile= 760 
ID= 71 AllEvt= 6952830.000000 AllEvtErr= 2636.822386 SelEvt= 0.000000  SelEvtErr= 0.000000 AllEvtnoweight= 6952830.000000 SelEvtnoweight= 0.000000 Nfile= 70 
ID= 72 AllEvt= 6933094.000000 AllEvtErr= 2633.076559 SelEvt= 0.000000  SelEvtErr= 0.000000 AllEvtnoweight= 6933094.000000 SelEvtnoweight= 0.000000 Nfile= 70 
ID= 44 AllEvt= 215771406.000000 AllEvtErr= 113950.624479 SelEvt= 0.000000  SelEvtErr= 0.000000 AllEvtnoweight= 9737742.000000 SelEvtnoweight= 0.000000 Nfile= 99 
ID= 10110344 AllEvt= 67263.127000 AllEvtErr= 1948.756446 SelEvt= 0.000000  SelEvtErr= 0.000000 AllEvtnoweight= 2848.000000 SelEvtnoweight= 0.000000 Nfile= 99 
ID= 10110444 AllEvt= 164944.411000 AllEvtErr= 3036.133093 SelEvt= 0.000000  SelEvtErr= 0.000000 AllEvtnoweight= 6913.000000 SelEvtnoweight= 0.000000 Nfile= 99 
ID= 10130544 AllEvt= 57987.972000 AllEvtErr= 1841.815391 SelEvt= 0.000000  SelEvtErr= 0.000000 AllEvtnoweight= 2544.000000 SelEvtnoweight= 0.000000 Nfile= 99 
ID= 10210344 AllEvt= 65912.026000 AllEvtErr= 1951.149360 SelEvt= 0.000000  SelEvtErr= 0.000000 AllEvtnoweight= 2855.000000 SelEvtnoweight= 0.000000 Nfile= 99 
ID= 10210444 AllEvt= 161657.954000 AllEvtErr= 3000.347110 SelEvt= 0.000000  SelEvtErr= 0.000000 AllEvtnoweight= 6751.000000 SelEvtnoweight= 0.000000 Nfile= 99 
ID= 10230544 AllEvt= 57330.681000 AllEvtErr= 1781.459919 SelEvt= 0.000000  SelEvtErr= 0.000000 AllEvtnoweight= 2380.000000 SelEvtnoweight= 0.000000 Nfile= 99 
ID= 10230844 AllEvt= 28920.962200 AllEvtErr= 1278.593529 SelEvt= 0.000000  SelEvtErr= 0.000000 AllEvtnoweight= 1226.000000 SelEvtnoweight= 0.000000 Nfile= 99 
ID= 10310344 AllEvt= 22274.982300 AllEvtErr= 1106.391353 SelEvt= 0.000000  SelEvtErr= 0.000000 AllEvtnoweight= 918.000000 SelEvtnoweight= 0.000000 Nfile= 99 
ID= 10330544 AllEvt= 34544.476100 AllEvtErr= 1381.843743 SelEvt= 0.000000  SelEvtErr= 0.000000 AllEvtnoweight= 1432.000000 SelEvtnoweight= 0.000000 Nfile= 99 
ID= 10410344 AllEvt= 103633.434000 AllEvtErr= 2393.981611 SelEvt= 0.000000  SelEvtErr= 0.000000 AllEvtnoweight= 4298.000000 SelEvtnoweight= 0.000000 Nfile= 99 
ID= 10410444 AllEvt= 118166.928000 AllEvtErr= 2573.302568 SelEvt= 0.000000  SelEvtErr= 0.000000 AllEvtnoweight= 4966.000000 SelEvtnoweight= 0.000000 Nfile= 99 
ID= 10430544 AllEvt= 86178.602000 AllEvtErr= 2173.260856 SelEvt= 0.000000  SelEvtErr= 0.000000 AllEvtnoweight= 3542.000000 SelEvtnoweight= 0.000000 Nfile= 99 
ID= 10510344 AllEvt= 37940.499400 AllEvtErr= 1421.326584 SelEvt= 0.000000  SelEvtErr= 0.000000 AllEvtnoweight= 1515.000000 SelEvtnoweight= 0.000000 Nfile= 99 
ID= 10510444 AllEvt= 88588.698000 AllEvtErr= 2203.120841 SelEvt= 0.000000  SelEvtErr= 0.000000 AllEvtnoweight= 3640.000000 SelEvtnoweight= 0.000000 Nfile= 99 
ID= 10530544 AllEvt= 29760.839600 AllEvtErr= 1279.115600 SelEvt= 0.000000  SelEvtErr= 0.000000 AllEvtnoweight= 1227.000000 SelEvtnoweight= 0.000000 Nfile= 99 
ID= 10610444 AllEvt= 6244.294600 AllEvtErr= 566.886388 SelEvt= 0.000000  SelEvtErr= 0.000000 AllEvtnoweight= 241.000000 SelEvtnoweight= 0.000000 Nfile= 90 
ID= 10630544 AllEvt= 2008.401300 AllEvtErr= 384.723828 SelEvt= 0.000000  SelEvtErr= 0.000000 AllEvtnoweight= 111.000000 SelEvtnoweight= 0.000000 Nfile= 71 
ID= 10710344 AllEvt= 5294.870300 AllEvtErr= 522.834706 SelEvt= 0.000000  SelEvtErr= 0.000000 AllEvtnoweight= 205.000000 SelEvtnoweight= 0.000000 Nfile= 92 
ID= 10710444 AllEvt= 11466.130800 AllEvtErr= 814.895996 SelEvt= 0.000000  SelEvtErr= 0.000000 AllEvtnoweight= 498.000000 SelEvtnoweight= 0.000000 Nfile= 99 
ID= 10910344 AllEvt= 4491.511100 AllEvtErr= 480.297820 SelEvt= 0.000000  SelEvtErr= 0.000000 AllEvtnoweight= 173.000000 SelEvtnoweight= 0.000000 Nfile= 89 
ID= 10910444 AllEvt= 9238.635300 AllEvtErr= 731.239514 SelEvt= 0.000000  SelEvtErr= 0.000000 AllEvtnoweight= 401.000000 SelEvtnoweight= 0.000000 Nfile= 99 
ID= 10930544 AllEvt= 3797.699600 AllEvtErr= 481.683867 SelEvt= 0.000000  SelEvtErr= 0.000000 AllEvtnoweight= 174.000000 SelEvtnoweight= 0.000000 Nfile= 80 
ID= 11510444 AllEvt= 1424.138400 AllEvtErr= 280.487601 SelEvt= 0.000000  SelEvtErr= 0.000000 AllEvtnoweight= 59.000000 SelEvtnoweight= 0.000000 Nfile= 45 
ID= 11610344 AllEvt= 803.360700 AllEvtErr= 212.925268 SelEvt= 0.000000  SelEvtErr= 0.000000 AllEvtnoweight= 34.000000 SelEvtnoweight= 0.000000 Nfile= 28 
ID= 11930544 AllEvt= 1460.654600 AllEvtErr= 278.100448 SelEvt= 0.000000  SelEvtErr= 0.000000 AllEvtnoweight= 58.000000 SelEvtnoweight= 0.000000 Nfile= 43 
ID= 12010444 AllEvt= 1606.720800 AllEvtErr= 301.121684 SelEvt= 0.000000  SelEvtErr= 0.000000 AllEvtnoweight= 68.000000 SelEvtnoweight= 0.000000 Nfile= 47 
ID= 12210444 AllEvt= 2081.432000 AllEvtErr= 332.679949 SelEvt= 0.000000  SelEvtErr= 0.000000 AllEvtnoweight= 83.000000 SelEvtnoweight= 0.000000 Nfile= 51 
ID= 30530544 AllEvt= 16578.426400 AllEvtErr= 946.612356 SelEvt= 0.000000  SelEvtErr= 0.000000 AllEvtnoweight= 672.000000 SelEvtnoweight= 0.000000 Nfile= 99 
ID= 10231844 AllEvt= 2008.400300 AllEvtErr= 344.494762 SelEvt= 0.000000  SelEvtErr= 0.000000 AllEvtnoweight= 89.000000 SelEvtnoweight= 0.000000 Nfile= 63 
ID= 10610344 AllEvt= 3067.375200 AllEvtErr= 389.888118 SelEvt= 0.000000  SelEvtErr= 0.000000 AllEvtnoweight= 114.000000 SelEvtnoweight= 0.000000 Nfile= 73 
ID= 10730544 AllEvt= 4747.125000 AllEvtErr= 503.343302 SelEvt= 0.000000  SelEvtErr= 0.000000 AllEvtnoweight= 190.000000 SelEvtnoweight= 0.000000 Nfile= 85 
ID= 11510344 AllEvt= 365.164000 AllEvtErr= 171.277098 SelEvt= 0.000000  SelEvtErr= 0.000000 AllEvtnoweight= 22.000000 SelEvtnoweight= 0.000000 Nfile= 22 
ID= 11610444 AllEvt= 1570.204200 AllEvtErr= 294.404402 SelEvt= 0.000000  SelEvtErr= 0.000000 AllEvtnoweight= 65.000000 SelEvtnoweight= 0.000000 Nfile= 48 
ID= 11630544 AllEvt= 474.713000 AllEvtErr= 189.744684 SelEvt= 0.000000  SelEvtErr= 0.000000 AllEvtnoweight= 27.000000 SelEvtnoweight= 0.000000 Nfile= 23 
ID= 11910344 AllEvt= 1241.556800 AllEvtErr= 268.339421 SelEvt= 0.000000  SelEvtErr= 0.000000 AllEvtnoweight= 54.000000 SelEvtnoweight= 0.000000 Nfile= 41 
ID= 12010344 AllEvt= 620.778800 AllEvtErr= 159.171297 SelEvt= 0.000000  SelEvtErr= 0.000000 AllEvtnoweight= 19.000000 SelEvtnoweight= 0.000000 Nfile= 19 
ID= 12230544 AllEvt= 511.229400 AllEvtErr= 171.277018 SelEvt= 0.000000  SelEvtErr= 0.000000 AllEvtnoweight= 22.000000 SelEvtnoweight= 0.000000 Nfile= 19 
ID= 10231444 AllEvt= 839.876700 AllEvtErr= 209.770643 SelEvt= 0.000000  SelEvtErr= 0.000000 AllEvtnoweight= 33.000000 SelEvtnoweight= 0.000000 Nfile= 27 
ID= 11710344 AllEvt= 255.614800 AllEvtErr= 121.111197 SelEvt= 0.000000  SelEvtErr= 0.000000 AllEvtnoweight= 11.000000 SelEvtnoweight= 0.000000 Nfile= 11 
ID= 11910444 AllEvt= 3176.922400 AllEvtErr= 451.682438 SelEvt= 0.000000  SelEvtErr= 0.000000 AllEvtnoweight= 153.000000 SelEvtnoweight= 0.000000 Nfile= 79 
ID= 12210344 AllEvt= 657.295000 AllEvtErr= 193.226579 SelEvt= 0.000000  SelEvtErr= 0.000000 AllEvtnoweight= 28.000000 SelEvtnoweight= 0.000000 Nfile= 26 
ID= 10010444 AllEvt= 511.229500 AllEvtErr= 186.197787 SelEvt= 0.000000  SelEvtErr= 0.000000 AllEvtnoweight= 26.000000 SelEvtnoweight= 0.000000 Nfile= 24 
ID= 11530544 AllEvt= 620.778800 AllEvtErr= 159.171297 SelEvt= 0.000000  SelEvtErr= 0.000000 AllEvtnoweight= 19.000000 SelEvtnoweight= 0.000000 Nfile= 19 
ID= 11710444 AllEvt= 584.261900 AllEvtErr= 200.008417 SelEvt= 0.000000  SelEvtErr= 0.000000 AllEvtnoweight= 30.000000 SelEvtnoweight= 0.000000 Nfile= 20 
ID= 10030544 AllEvt= 365.163900 AllEvtErr= 146.065507 SelEvt= 0.000000  SelEvtErr= 0.000000 AllEvtnoweight= 16.000000 SelEvtnoweight= 0.000000 Nfile= 13 
ID= 12030544 AllEvt= 328.647600 AllEvtErr= 150.560974 SelEvt= 0.000000  SelEvtErr= 0.000000 AllEvtnoweight= 17.000000 SelEvtnoweight= 0.000000 Nfile= 17 
ID= 11730544 AllEvt= -36.516400 AllEvtErr= 81.653153 SelEvt= 0.000000  SelEvtErr= 0.000000 AllEvtnoweight= 5.000000 SelEvtnoweight= 0.000000 Nfile= 5 
ID= 10010344 AllEvt= 438.196500 AllEvtErr= 146.065507 SelEvt= 0.000000  SelEvtErr= 0.000000 AllEvtnoweight= 16.000000 SelEvtnoweight= 0.000000 Nfile= 13 
ID= 20 AllEvt= 187780898.000000 AllEvtErr= 13703.317047 SelEvt= 0.000000  SelEvtErr= 0.000000 AllEvtnoweight= 187780898.000000 SelEvtnoweight= 0.000000 Nfile= 2477 
ID= 23 AllEvt= 94098869.000000 AllEvtErr= 9700.457428 SelEvt= 0.000000  SelEvtErr= 0.000000 AllEvtnoweight= 94098869.000000 SelEvtnoweight= 0.000000 Nfile= 2477 
ID= 24 AllEvt= 26485155500.000000 AllEvtErr= 7873456.500280 SelEvt= 0.000000  SelEvtErr= 0.000000 AllEvtnoweight= 27511845.000000 SelEvtnoweight= 0.000000 Nfile= 277 
ID= 25 AllEvt= 2149729.000000 AllEvtErr= 1466.195608 SelEvt= 0.000000  SelEvtErr= 0.000000 AllEvtnoweight= 2149729.000000 SelEvtnoweight= 0.000000 Nfile= 22 
ID= 26 AllEvt= 2218596.000000 AllEvtErr= 1489.495010 SelEvt= 0.000000  SelEvtErr= 0.000000 AllEvtnoweight= 2218596.000000 SelEvtnoweight= 0.000000 Nfile= 23 
ID= 202 AllEvt= 1536963.000000 AllEvtErr= 1239.743093 SelEvt= 0.000000  SelEvtErr= 0.000000 AllEvtnoweight= 1536963.000000 SelEvtnoweight= 0.000000 Nfile= 20 
ID= 201 AllEvt= 4943595.000000 AllEvtErr= 2223.419472 SelEvt= 0.000000  SelEvtErr= 0.000000 AllEvtnoweight= 4943595.000000 SelEvtnoweight= 0.000000 Nfile= 51 
ID= 100103203 AllEvt= 41.000000 AllEvtErr= 6.403123 SelEvt= 0.000000  SelEvtErr= 0.000000 AllEvtnoweight= 41.000000 SelEvtnoweight= 0.000000 Nfile= 10 
ID= 100104203 AllEvt= 82.000000 AllEvtErr= 9.055385 SelEvt= 0.000000  SelEvtErr= 0.000000 AllEvtnoweight= 82.000000 SelEvtnoweight= 0.000000 Nfile= 11 
ID= 100305203 AllEvt= 24.000000 AllEvtErr= 4.898977 SelEvt= 0.000000  SelEvtErr= 0.000000 AllEvtnoweight= 24.000000 SelEvtnoweight= 0.000000 Nfile= 10 
ID= 101103203 AllEvt= 7358.000000 AllEvtErr= 85.778772 SelEvt= 0.000000  SelEvtErr= 0.000000 AllEvtnoweight= 7358.000000 SelEvtnoweight= 0.000000 Nfile= 11 
ID= 101104203 AllEvt= 17252.000000 AllEvtErr= 131.346896 SelEvt= 0.000000  SelEvtErr= 0.000000 AllEvtnoweight= 17252.000000 SelEvtnoweight= 0.000000 Nfile= 11 
ID= 101305203 AllEvt= 6200.000000 AllEvtErr= 78.740061 SelEvt= 0.000000  SelEvtErr= 0.000000 AllEvtnoweight= 6200.000000 SelEvtnoweight= 0.000000 Nfile= 11 
ID= 102103203 AllEvt= 7151.000000 AllEvtErr= 84.563604 SelEvt= 0.000000  SelEvtErr= 0.000000 AllEvtnoweight= 7151.000000 SelEvtnoweight= 0.000000 Nfile= 11 
ID= 102104203 AllEvt= 17042.000000 AllEvtErr= 130.545010 SelEvt= 0.000000  SelEvtErr= 0.000000 AllEvtnoweight= 17042.000000 SelEvtnoweight= 0.000000 Nfile= 11 
ID= 102305203 AllEvt= 6080.000000 AllEvtErr= 77.974347 SelEvt= 0.000000  SelEvtErr= 0.000000 AllEvtnoweight= 6080.000000 SelEvtnoweight= 0.000000 Nfile= 11 
ID= 102308203 AllEvt= 3050.000000 AllEvtErr= 55.226755 SelEvt= 0.000000  SelEvtErr= 0.000000 AllEvtnoweight= 3050.000000 SelEvtnoweight= 0.000000 Nfile= 11 
ID= 102314203 AllEvt= 94.000000 AllEvtErr= 9.695358 SelEvt= 0.000000  SelEvtErr= 0.000000 AllEvtnoweight= 94.000000 SelEvtnoweight= 0.000000 Nfile= 11 
ID= 102318203 AllEvt= 220.000000 AllEvtErr= 14.832402 SelEvt= 0.000000  SelEvtErr= 0.000000 AllEvtnoweight= 220.000000 SelEvtnoweight= 0.000000 Nfile= 11 
ID= 103103203 AllEvt= 2236.000000 AllEvtErr= 47.286303 SelEvt= 0.000000  SelEvtErr= 0.000000 AllEvtnoweight= 2236.000000 SelEvtnoweight= 0.000000 Nfile= 11 
ID= 103305203 AllEvt= 3922.000000 AllEvtErr= 62.625847 SelEvt= 0.000000  SelEvtErr= 0.000000 AllEvtnoweight= 3922.000000 SelEvtnoweight= 0.000000 Nfile= 11 
ID= 104103203 AllEvt= 10538.000000 AllEvtErr= 102.654801 SelEvt= 0.000000  SelEvtErr= 0.000000 AllEvtnoweight= 10538.000000 SelEvtnoweight= 0.000000 Nfile= 11 
ID= 104104203 AllEvt= 12395.000000 AllEvtErr= 111.332865 SelEvt= 0.000000  SelEvtErr= 0.000000 AllEvtnoweight= 12395.000000 SelEvtnoweight= 0.000000 Nfile= 11 
ID= 104305203 AllEvt= 9026.000000 AllEvtErr= 95.005263 SelEvt= 0.000000  SelEvtErr= 0.000000 AllEvtnoweight= 9026.000000 SelEvtnoweight= 0.000000 Nfile= 11 
ID= 105103203 AllEvt= 3826.000000 AllEvtErr= 61.854662 SelEvt= 0.000000  SelEvtErr= 0.000000 AllEvtnoweight= 3826.000000 SelEvtnoweight= 0.000000 Nfile= 11 
ID= 105104203 AllEvt= 9187.000000 AllEvtErr= 95.848817 SelEvt= 0.000000  SelEvtErr= 0.000000 AllEvtnoweight= 9187.000000 SelEvtnoweight= 0.000000 Nfile= 11 
ID= 105305203 AllEvt= 3191.000000 AllEvtErr= 56.488937 SelEvt= 0.000000  SelEvtErr= 0.000000 AllEvtnoweight= 3191.000000 SelEvtnoweight= 0.000000 Nfile= 11 
ID= 106103203 AllEvt= 281.000000 AllEvtErr= 16.763048 SelEvt= 0.000000  SelEvtErr= 0.000000 AllEvtnoweight= 281.000000 SelEvtnoweight= 0.000000 Nfile= 11 
ID= 106104203 AllEvt= 674.000000 AllEvtErr= 25.961509 SelEvt= 0.000000  SelEvtErr= 0.000000 AllEvtnoweight= 674.000000 SelEvtnoweight= 0.000000 Nfile= 11 
ID= 106305203 AllEvt= 268.000000 AllEvtErr= 16.370705 SelEvt= 0.000000  SelEvtErr= 0.000000 AllEvtnoweight= 268.000000 SelEvtnoweight= 0.000000 Nfile= 11 
ID= 107103203 AllEvt= 583.000000 AllEvtErr= 24.145393 SelEvt= 0.000000  SelEvtErr= 0.000000 AllEvtnoweight= 583.000000 SelEvtnoweight= 0.000000 Nfile= 11 
ID= 107104203 AllEvt= 1233.000000 AllEvtErr= 35.114048 SelEvt= 0.000000  SelEvtErr= 0.000000 AllEvtnoweight= 1233.000000 SelEvtnoweight= 0.000000 Nfile= 11 
ID= 107305203 AllEvt= 456.000000 AllEvtErr= 21.354155 SelEvt= 0.000000  SelEvtErr= 0.000000 AllEvtnoweight= 456.000000 SelEvtnoweight= 0.000000 Nfile= 11 
ID= 109103203 AllEvt= 436.000000 AllEvtErr= 20.880608 SelEvt= 0.000000  SelEvtErr= 0.000000 AllEvtnoweight= 436.000000 SelEvtnoweight= 0.000000 Nfile= 11 
ID= 109104203 AllEvt= 1018.000000 AllEvtErr= 31.906107 SelEvt= 0.000000  SelEvtErr= 0.000000 AllEvtnoweight= 1018.000000 SelEvtnoweight= 0.000000 Nfile= 11 
ID= 109305203 AllEvt= 343.000000 AllEvtErr= 18.520251 SelEvt= 0.000000  SelEvtErr= 0.000000 AllEvtnoweight= 343.000000 SelEvtnoweight= 0.000000 Nfile= 11 
ID= 115103203 AllEvt= 61.000000 AllEvtErr= 7.810249 SelEvt= 0.000000  SelEvtErr= 0.000000 AllEvtnoweight= 61.000000 SelEvtnoweight= 0.000000 Nfile= 11 
ID= 115104203 AllEvt= 148.000000 AllEvtErr= 12.165526 SelEvt= 0.000000  SelEvtErr= 0.000000 AllEvtnoweight= 148.000000 SelEvtnoweight= 0.000000 Nfile= 11 
ID= 115305203 AllEvt= 69.000000 AllEvtErr= 8.306626 SelEvt= 0.000000  SelEvtErr= 0.000000 AllEvtnoweight= 69.000000 SelEvtnoweight= 0.000000 Nfile= 11 
ID= 116103203 AllEvt= 65.000000 AllEvtErr= 8.062261 SelEvt= 0.000000  SelEvtErr= 0.000000 AllEvtnoweight= 65.000000 SelEvtnoweight= 0.000000 Nfile= 11 
ID= 116104203 AllEvt= 148.000000 AllEvtErr= 12.165526 SelEvt= 0.000000  SelEvtErr= 0.000000 AllEvtnoweight= 148.000000 SelEvtnoweight= 0.000000 Nfile= 11 
ID= 116305203 AllEvt= 53.000000 AllEvtErr= 7.280110 SelEvt= 0.000000  SelEvtErr= 0.000000 AllEvtnoweight= 53.000000 SelEvtnoweight= 0.000000 Nfile= 11 
ID= 117103203 AllEvt= 25.000000 AllEvtErr= 5.000000 SelEvt= 0.000000  SelEvtErr= 0.000000 AllEvtnoweight= 25.000000 SelEvtnoweight= 0.000000 Nfile= 9 
ID= 117104203 AllEvt= 64.000000 AllEvtErr= 7.999998 SelEvt= 0.000000  SelEvtErr= 0.000000 AllEvtnoweight= 64.000000 SelEvtnoweight= 0.000000 Nfile= 10 
ID= 117305203 AllEvt= 30.000000 AllEvtErr= 5.477225 SelEvt= 0.000000  SelEvtErr= 0.000000 AllEvtnoweight= 30.000000 SelEvtnoweight= 0.000000 Nfile= 10 
ID= 119103203 AllEvt= 187.000000 AllEvtErr= 13.674796 SelEvt= 0.000000  SelEvtErr= 0.000000 AllEvtnoweight= 187.000000 SelEvtnoweight= 0.000000 Nfile= 11 
ID= 119104203 AllEvt= 361.000000 AllEvtErr= 18.999994 SelEvt= 0.000000  SelEvtErr= 0.000000 AllEvtnoweight= 361.000000 SelEvtnoweight= 0.000000 Nfile= 11 
ID= 119305203 AllEvt= 151.000000 AllEvtErr= 12.288205 SelEvt= 0.000000  SelEvtErr= 0.000000 AllEvtnoweight= 151.000000 SelEvtnoweight= 0.000000 Nfile= 11 
ID= 120103203 AllEvt= 72.000000 AllEvtErr= 8.485285 SelEvt= 0.000000  SelEvtErr= 0.000000 AllEvtnoweight= 72.000000 SelEvtnoweight= 0.000000 Nfile= 11 
ID= 120104203 AllEvt= 193.000000 AllEvtErr= 13.892445 SelEvt= 0.000000  SelEvtErr= 0.000000 AllEvtnoweight= 193.000000 SelEvtnoweight= 0.000000 Nfile= 11 
ID= 120305203 AllEvt= 65.000000 AllEvtErr= 8.062258 SelEvt= 0.000000  SelEvtErr= 0.000000 AllEvtnoweight= 65.000000 SelEvtnoweight= 0.000000 Nfile= 11 
ID= 122103203 AllEvt= 65.000000 AllEvtErr= 8.062259 SelEvt= 0.000000  SelEvtErr= 0.000000 AllEvtnoweight= 65.000000 SelEvtnoweight= 0.000000 Nfile= 11 
ID= 122104203 AllEvt= 170.000000 AllEvtErr= 13.038410 SelEvt= 0.000000  SelEvtErr= 0.000000 AllEvtnoweight= 170.000000 SelEvtnoweight= 0.000000 Nfile= 11 
ID= 122305203 AllEvt= 44.000000 AllEvtErr= 6.633249 SelEvt= 0.000000  SelEvtErr= 0.000000 AllEvtnoweight= 44.000000 SelEvtnoweight= 0.000000 Nfile= 11 
ID= 305305203 AllEvt= 1688.000000 AllEvtErr= 41.085277 SelEvt= 0.000000  SelEvtErr= 0.000000 AllEvtnoweight= 1688.000000 SelEvtnoweight= 0.000000 Nfile= 11 
ID= 203 AllEvt= 740934.000000 AllEvtErr= 860.775384 SelEvt= 0.000000  SelEvtErr= 0.000000 AllEvtnoweight= 740934.000000 SelEvtnoweight= 0.000000 Nfile= 9 
ID= 27 AllEvt= 2985280.000000 AllEvtErr= 1727.796779 SelEvt= 0.000000  SelEvtErr= 0.000000 AllEvtnoweight= 2985280.000000 SelEvtnoweight= 0.000000 Nfile= 31

ID= 48 AllEvt= 422045254.000000 AllEvtErr= 147490.340823 SelEvt= 0.000000  SelEvtErr= 0.000000 AllEvtnoweight= 24311445.000000 SelEvtnoweight= 0.000000 Nfile= 244 
ID= 47 AllEvt= 9357733.800000 AllEvtErr= 12965.947835 SelEvt= 0.000000  SelEvtErr= 0.000000 AllEvtnoweight= 1703772.000000 SelEvtnoweight= 0.000000 Nfile= 18 
ID= 58 AllEvt= 14363417.000000 AllEvtErr= 17547.042080 SelEvt= 0.000000  SelEvtErr= 0.000000 AllEvtnoweight= 1769257.000000 SelEvtnoweight= 0.000000 Nfile= 20 
ID= 10010358 AllEvt= 435.333500 AllEvtErr= 94.209255 SelEvt= 0.000000  SelEvtErr= 0.000000 AllEvtnoweight= 51.000000 SelEvtnoweight= 0.000000 Nfile= 17 
ID= 10010458 AllEvt= 831.091200 AllEvtErr= 133.883541 SelEvt= 0.000000  SelEvtErr= 0.000000 AllEvtnoweight= 103.000000 SelEvtnoweight= 0.000000 Nfile= 20 
ID= 10030558 AllEvt= 408.949800 AllEvtErr= 80.243395 SelEvt= 0.000000  SelEvtErr= 0.000000 AllEvtnoweight= 37.000000 SelEvtnoweight= 0.000000 Nfile= 16 
ID= 10110358 AllEvt= 95878.970000 AllEvtErr= 1375.761289 SelEvt= 0.000000  SelEvtErr= 0.000000 AllEvtnoweight= 10876.000000 SelEvtnoweight= 0.000000 Nfile= 20 
ID= 10110458 AllEvt= 226386.670000 AllEvtErr= 2123.246074 SelEvt= 0.000000  SelEvtErr= 0.000000 AllEvtnoweight= 25905.000000 SelEvtnoweight= 0.000000 Nfile= 20 
ID= 10130558 AllEvt= 82330.860000 AllEvtErr= 1278.801980 SelEvt= 0.000000  SelEvtErr= 0.000000 AllEvtnoweight= 9397.000000 SelEvtnoweight= 0.000000 Nfile= 20 
ID= 10210358 AllEvt= 94546.590000 AllEvtErr= 1358.128413 SelEvt= 0.000000  SelEvtErr= 0.000000 AllEvtnoweight= 10599.000000 SelEvtnoweight= 0.000000 Nfile= 20 
ID= 10210458 AllEvt= 219579.850000 AllEvtErr= 2094.445293 SelEvt= 0.000000  SelEvtErr= 0.000000 AllEvtnoweight= 25207.000000 SelEvtnoweight= 0.000000 Nfile= 20 
ID= 10230558 AllEvt= 78953.730000 AllEvtErr= 1247.806134 SelEvt= 0.000000  SelEvtErr= 0.000000 AllEvtnoweight= 8947.000000 SelEvtnoweight= 0.000000 Nfile= 20 
ID= 10230858 AllEvt= 40499.240000 AllEvtErr= 890.626312 SelEvt= 0.000000  SelEvtErr= 0.000000 AllEvtnoweight= 4558.000000 SelEvtnoweight= 0.000000 Nfile= 20 
ID= 10231458 AllEvt= 1068.546100 AllEvtErr= 148.665588 SelEvt= 0.000000  SelEvtErr= 0.000000 AllEvtnoweight= 127.000000 SelEvtnoweight= 0.000000 Nfile= 20 
ID= 10231858 AllEvt= 2889.030400 AllEvtErr= 235.615411 SelEvt= 0.000000  SelEvtErr= 0.000000 AllEvtnoweight= 319.000000 SelEvtnoweight= 0.000000 Nfile= 20 
ID= 10310358 AllEvt= 27966.892000 AllEvtErr= 755.979248 SelEvt= 0.000000  SelEvtErr= 0.000000 AllEvtnoweight= 3284.000000 SelEvtnoweight= 0.000000 Nfile= 20 
ID= 10330558 AllEvt= 50551.500000 AllEvtErr= 1006.571751 SelEvt= 0.000000  SelEvtErr= 0.000000 AllEvtnoweight= 5822.000000 SelEvtnoweight= 0.000000 Nfile= 20 
ID= 10410358 AllEvt= 135745.030000 AllEvtErr= 1642.382275 SelEvt= 0.000000  SelEvtErr= 0.000000 AllEvtnoweight= 15500.000000 SelEvtnoweight= 0.000000 Nfile= 20 
ID= 10410458 AllEvt= 164622.130000 AllEvtErr= 1805.079719 SelEvt= 0.000000  SelEvtErr= 0.000000 AllEvtnoweight= 18723.000000 SelEvtnoweight= 0.000000 Nfile= 20 
ID= 10430558 AllEvt= 118793.390000 AllEvtErr= 1537.808879 SelEvt= 0.000000  SelEvtErr= 0.000000 AllEvtnoweight= 13589.000000 SelEvtnoweight= 0.000000 Nfile= 20 
ID= 10510358 AllEvt= 47847.140000 AllEvtErr= 978.607173 SelEvt= 0.000000  SelEvtErr= 0.000000 AllEvtnoweight= 5503.000000 SelEvtnoweight= 0.000000 Nfile= 20 
ID= 10510458 AllEvt= 116445.210000 AllEvtErr= 1521.539772 SelEvt= 0.000000  SelEvtErr= 0.000000 AllEvtnoweight= 13303.000000 SelEvtnoweight= 0.000000 Nfile= 20 
ID= 10530558 AllEvt= 42715.480000 AllEvtErr= 920.036703 SelEvt= 0.000000  SelEvtErr= 0.000000 AllEvtnoweight= 4864.000000 SelEvtnoweight= 0.000000 Nfile= 20 
ID= 10610358 AllEvt= 3469.476700 AllEvtErr= 256.140968 SelEvt= 0.000000  SelEvtErr= 0.000000 AllEvtnoweight= 377.000000 SelEvtnoweight= 0.000000 Nfile= 20 
ID= 10610458 AllEvt= 9076.049000 AllEvtErr= 422.141828 SelEvt= 0.000000  SelEvtErr= 0.000000 AllEvtnoweight= 1024.000000 SelEvtnoweight= 0.000000 Nfile= 20 
ID= 10630558 AllEvt= 3271.598100 AllEvtErr= 246.798417 SelEvt= 0.000000  SelEvtErr= 0.000000 AllEvtnoweight= 350.000000 SelEvtnoweight= 0.000000 Nfile= 20 
ID= 10710358 AllEvt= 7585.359000 AllEvtErr= 385.737212 SelEvt= 0.000000  SelEvtErr= 0.000000 AllEvtnoweight= 855.000000 SelEvtnoweight= 0.000000 Nfile= 20 
ID= 10710458 AllEvt= 16015.003000 AllEvtErr= 569.854635 SelEvt= 0.000000  SelEvtErr= 0.000000 AllEvtnoweight= 1866.000000 SelEvtnoweight= 0.000000 Nfile= 20 
ID= 10730558 AllEvt= 6107.866000 AllEvtErr= 357.644925 SelEvt= 0.000000  SelEvtErr= 0.000000 AllEvtnoweight= 735.000000 SelEvtnoweight= 0.000000 Nfile= 20 
ID= 10910358 AllEvt= 5501.036000 AllEvtErr= 331.377607 SelEvt= 0.000000  SelEvtErr= 0.000000 AllEvtnoweight= 631.000000 SelEvtnoweight= 0.000000 Nfile= 20 
ID= 10910458 AllEvt= 13020.440000 AllEvtErr= 517.520397 SelEvt= 0.000000  SelEvtErr= 0.000000 AllEvtnoweight= 1539.000000 SelEvtnoweight= 0.000000 Nfile= 20 
ID= 10930558 AllEvt= 5092.088000 AllEvtErr= 311.061190 SelEvt= 0.000000  SelEvtErr= 0.000000 AllEvtnoweight= 556.000000 SelEvtnoweight= 0.000000 Nfile= 20 
ID= 11510358 AllEvt= 831.091000 AllEvtErr= 127.218426 SelEvt= 0.000000  SelEvtErr= 0.000000 AllEvtnoweight= 93.000000 SelEvtnoweight= 0.000000 Nfile= 20 
ID= 11510458 AllEvt= 1860.060100 AllEvtErr= 200.500032 SelEvt= 0.000000  SelEvtErr= 0.000000 AllEvtnoweight= 231.000000 SelEvtnoweight= 0.000000 Nfile= 20 
ID= 11530558 AllEvt= 567.253200 AllEvtErr= 115.758796 SelEvt= 0.000000  SelEvtErr= 0.000000 AllEvtnoweight= 77.000000 SelEvtnoweight= 0.000000 Nfile= 20 
ID= 11610358 AllEvt= 857.475300 AllEvtErr= 125.843079 SelEvt= 0.000000  SelEvtErr= 0.000000 AllEvtnoweight= 91.000000 SelEvtnoweight= 0.000000 Nfile= 20 
ID= 11610458 AllEvt= 1965.594900 AllEvtErr= 201.366137 SelEvt= 0.000000  SelEvtErr= 0.000000 AllEvtnoweight= 233.000000 SelEvtnoweight= 0.000000 Nfile= 20 
ID= 11630558 AllEvt= 646.404800 AllEvtErr= 117.252493 SelEvt= 0.000000  SelEvtErr= 0.000000 AllEvtnoweight= 79.000000 SelEvtnoweight= 0.000000 Nfile= 19 
ID= 11710358 AllEvt= 316.606300 AllEvtErr= 81.320507 SelEvt= 0.000000  SelEvtErr= 0.000000 AllEvtnoweight= 38.000000 SelEvtnoweight= 0.000000 Nfile= 19 
ID= 11710458 AllEvt= 712.363900 AllEvtErr= 117.992271 SelEvt= 0.000000  SelEvtErr= 0.000000 AllEvtnoweight= 80.000000 SelEvtnoweight= 0.000000 Nfile= 20 
ID= 11730558 AllEvt= 263.838900 AllEvtErr= 81.320506 SelEvt= 0.000000  SelEvtErr= 0.000000 AllEvtnoweight= 38.000000 SelEvtnoweight= 0.000000 Nfile= 18 
ID= 11910358 AllEvt= 2255.816300 AllEvtErr= 211.482781 SelEvt= 0.000000  SelEvtErr= 0.000000 AllEvtnoweight= 257.000000 SelEvtnoweight= 0.000000 Nfile= 20 
ID= 11910458 AllEvt= 5289.966000 AllEvtErr= 315.780829 SelEvt= 0.000000  SelEvtErr= 0.000000 AllEvtnoweight= 573.000000 SelEvtnoweight= 0.000000 Nfile= 20 
ID= 11930558 AllEvt= 1833.675400 AllEvtErr= 188.879736 SelEvt= 0.000000  SelEvtErr= 0.000000 AllEvtnoweight= 205.000000 SelEvtnoweight= 0.000000 Nfile= 20 
ID= 12010358 AllEvt= 831.091200 AllEvtErr= 133.883545 SelEvt= 0.000000  SelEvtErr= 0.000000 AllEvtnoweight= 103.000000 SelEvtnoweight= 0.000000 Nfile= 19 
ID= 12010458 AllEvt= 2216.241300 AllEvtErr= 209.415459 SelEvt= 0.000000  SelEvtErr= 0.000000 AllEvtnoweight= 252.000000 SelEvtnoweight= 0.000000 Nfile= 20 
ID= 12030558 AllEvt= 857.475000 AllEvtErr= 132.577361 SelEvt= 0.000000  SelEvtErr= 0.000000 AllEvtnoweight= 101.000000 SelEvtnoweight= 0.000000 Nfile= 20 
ID= 12210358 AllEvt= 857.475800 AllEvtErr= 131.258114 SelEvt= 0.000000  SelEvtErr= 0.000000 AllEvtnoweight= 99.000000 SelEvtnoweight= 0.000000 Nfile= 20 
ID= 12210458 AllEvt= 2572.423300 AllEvtErr= 208.999529 SelEvt= 0.000000  SelEvtErr= 0.000000 AllEvtnoweight= 251.000000 SelEvtnoweight= 0.000000 Nfile= 20 
ID= 12230558 AllEvt= 620.020500 AllEvtErr= 123.046224 SelEvt= 0.000000  SelEvtErr= 0.000000 AllEvtnoweight= 87.000000 SelEvtnoweight= 0.000000 Nfile= 20 
ID= 30530558 AllEvt= 20724.518000 AllEvtErr= 644.517421 SelEvt= 0.000000  SelEvtErr= 0.000000 AllEvtnoweight= 2387.000000 SelEvtnoweight= 0.000000 Nfile= 20 
ID= 49 AllEvt= 441171380.000000 AllEvtErr= 309295.700913 SelEvt= 0.000000  SelEvtErr= 0.000000 AllEvtnoweight= 5246469.000000 SelEvtnoweight= 0.000000 Nfile= 53

ID= 59 AllEvt= 970200.000000 AllEvtErr= 984.988032 SelEvt= 0.000000  SelEvtErr= 0.000000 AllEvtnoweight= 970200.000000 SelEvtnoweight= 0.000000 Nfile= 10 
ID= 461 AllEvt= 402860.169000 AllEvtErr= 486.301661 SelEvt= 0.000000  SelEvtErr= 0.000000 AllEvtnoweight= 744385.000000 SelEvtnoweight= 0.000000 Nfile= 37 
ID= 10010761 AllEvt= 131.930295 AllEvtErr= 9.020883 SelEvt= 0.000000  SelEvtErr= 0.000000 AllEvtnoweight= 256.000000 SelEvtnoweight= 0.000000 Nfile= 33 
ID= 10010861 AllEvt= 381.656680 AllEvtErr= 14.968581 SelEvt= 0.000000  SelEvtErr= 0.000000 AllEvtnoweight= 705.000000 SelEvtnoweight= 0.000000 Nfile= 34 
ID= 10030961 AllEvt= 175.309535 AllEvtErr= 10.286634 SelEvt= 0.000000  SelEvtErr= 0.000000 AllEvtnoweight= 333.000000 SelEvtnoweight= 0.000000 Nfile= 36 
ID= 10110761 AllEvt= 31223.065000 AllEvtErr= 135.646759 SelEvt= 0.000000  SelEvtErr= 0.000000 AllEvtnoweight= 57894.000000 SelEvtnoweight= 0.000000 Nfile= 37 
ID= 10110861 AllEvt= 89335.861900 AllEvtErr= 229.436835 SelEvt= 0.000000  SelEvtErr= 0.000000 AllEvtnoweight= 165632.000000 SelEvtnoweight= 0.000000 Nfile= 37 
ID= 10130961 AllEvt= 36460.925200 AllEvtErr= 146.682242 SelEvt= 0.000000  SelEvtErr= 0.000000 AllEvtnoweight= 67697.000000 SelEvtnoweight= 0.000000 Nfile= 37 
ID= 10210761 AllEvt= 36409.166600 AllEvtErr= 146.394119 SelEvt= 0.000000  SelEvtErr= 0.000000 AllEvtnoweight= 67431.000000 SelEvtnoweight= 0.000000 Nfile= 37 
ID= 10210861 AllEvt= 104456.468300 AllEvtErr= 248.020201 SelEvt= 0.000000  SelEvtErr= 0.000000 AllEvtnoweight= 193549.000000 SelEvtnoweight= 0.000000 Nfile= 37 
ID= 10230961 AllEvt= 42490.337400 AllEvtErr= 158.216078 SelEvt= 0.000000  SelEvtErr= 0.000000 AllEvtnoweight= 78762.000000 SelEvtnoweight= 0.000000 Nfile= 37 
ID= 10231261 AllEvt= 21700.697700 AllEvtErr= 112.927692 SelEvt= 0.000000  SelEvtErr= 0.000000 AllEvtnoweight= 40125.000000 SelEvtnoweight= 0.000000 Nfile= 37 
ID= 10231861 AllEvt= 691.760520 AllEvtErr= 20.335319 SelEvt= 0.000000  SelEvtErr= 0.000000 AllEvtnoweight= 1301.000000 SelEvtnoweight= 0.000000 Nfile= 36 
ID= 10232261 AllEvt= 1660.817240 AllEvtErr= 31.327790 SelEvt= 0.000000  SelEvtErr= 0.000000 AllEvtnoweight= 3088.000000 SelEvtnoweight= 0.000000 Nfile= 36 
ID= 10310761 AllEvt= 5146.000230 AllEvtErr= 54.965970 SelEvt= 0.000000  SelEvtErr= 0.000000 AllEvtnoweight= 9506.000000 SelEvtnoweight= 0.000000 Nfile= 37 
ID= 10330961 AllEvt= 13917.377860 AllEvtErr= 90.480538 SelEvt= 0.000000  SelEvtErr= 0.000000 AllEvtnoweight= 25759.000000 SelEvtnoweight= 0.000000 Nfile= 37 
ID= 10410761 AllEvt= 29633.231400 AllEvtErr= 132.130896 SelEvt= 0.000000  SelEvtErr= 0.000000 AllEvtnoweight= 54932.000000 SelEvtnoweight= 0.000000 Nfile= 37 
ID= 10410861 AllEvt= 43863.443800 AllEvtErr= 160.734673 SelEvt= 0.000000  SelEvtErr= 0.000000 AllEvtnoweight= 81290.000000 SelEvtnoweight= 0.000000 Nfile= 37 
ID= 10430961 AllEvt= 40650.945900 AllEvtErr= 154.647194 SelEvt= 0.000000  SelEvtErr= 0.000000 AllEvtnoweight= 75250.000000 SelEvtnoweight= 0.000000 Nfile= 37 
ID= 10510761 AllEvt= 14235.307470 AllEvtErr= 91.590539 SelEvt= 0.000000  SelEvtErr= 0.000000 AllEvtnoweight= 26395.000000 SelEvtnoweight= 0.000000 Nfile= 37 
ID= 10510861 AllEvt= 41779.385500 AllEvtErr= 156.800447 SelEvt= 0.000000  SelEvtErr= 0.000000 AllEvtnoweight= 77359.000000 SelEvtnoweight= 0.000000 Nfile= 37 
ID= 10530961 AllEvt= 19312.478200 AllEvtErr= 106.585392 SelEvt= 0.000000  SelEvtErr= 0.000000 AllEvtnoweight= 35745.000000 SelEvtnoweight= 0.000000 Nfile= 37 
ID= 10610761 AllEvt= 681.544570 AllEvtErr= 20.160754 SelEvt= 0.000000  SelEvtErr= 0.000000 AllEvtnoweight= 1279.000000 SelEvtnoweight= 0.000000 Nfile= 37 
ID= 10610861 AllEvt= 2089.866825 AllEvtErr= 35.012437 SelEvt= 0.000000  SelEvtErr= 0.000000 AllEvtnoweight= 3857.000000 SelEvtnoweight= 0.000000 Nfile= 37 
ID= 10630961 AllEvt= 945.952140 AllEvtErr= 23.811019 SelEvt= 0.000000  SelEvtErr= 0.000000 AllEvtnoweight= 1784.000000 SelEvtnoweight= 0.000000 Nfile= 37 
ID= 10710761 AllEvt= 1655.765490 AllEvtErr= 31.312974 SelEvt= 0.000000  SelEvtErr= 0.000000 AllEvtnoweight= 3085.000000 SelEvtnoweight= 0.000000 Nfile= 37 
ID= 10710861 AllEvt= 4905.775730 AllEvtErr= 53.577460 SelEvt= 0.000000  SelEvtErr= 0.000000 AllEvtnoweight= 9032.000000 SelEvtnoweight= 0.000000 Nfile= 37 
ID= 10730961 AllEvt= 2248.240070 AllEvtErr= 36.299778 SelEvt= 0.000000  SelEvtErr= 0.000000 AllEvtnoweight= 4146.000000 SelEvtnoweight= 0.000000 Nfile= 37 
ID= 10910761 AllEvt= 1751.025780 AllEvtErr= 32.030191 SelEvt= 0.000000  SelEvtErr= 0.000000 AllEvtnoweight= 3228.000000 SelEvtnoweight= 0.000000 Nfile= 37 
ID= 10910861 AllEvt= 5276.746770 AllEvtErr= 55.769273 SelEvt= 0.000000  SelEvtErr= 0.000000 AllEvtnoweight= 9786.000000 SelEvtnoweight= 0.000000 Nfile= 37 
ID= 10930961 AllEvt= 2416.895885 AllEvtErr= 37.680239 SelEvt= 0.000000  SelEvtErr= 0.000000 AllEvtnoweight= 4467.000000 SelEvtnoweight= 0.000000 Nfile= 37 
ID= 11510761 AllEvt= 304.978810 AllEvtErr= 13.352310 SelEvt= 0.000000  SelEvtErr= 0.000000 AllEvtnoweight= 561.000000 SelEvtnoweight= 0.000000 Nfile= 34 
ID= 11510861 AllEvt= 960.046810 AllEvtErr= 23.764242 SelEvt= 0.000000  SelEvtErr= 0.000000 AllEvtnoweight= 1777.000000 SelEvtnoweight= 0.000000 Nfile= 37 
ID= 11530961 AllEvt= 434.665255 AllEvtErr= 15.935850 SelEvt= 0.000000  SelEvtErr= 0.000000 AllEvtnoweight= 799.000000 SelEvtnoweight= 0.000000 Nfile= 37 
ID= 11610761 AllEvt= 294.278090 AllEvtErr= 13.148875 SelEvt= 0.000000  SelEvtErr= 0.000000 AllEvtnoweight= 544.000000 SelEvtnoweight= 0.000000 Nfile= 36 
ID= 11610861 AllEvt= 895.818610 AllEvtErr= 22.962586 SelEvt= 0.000000  SelEvtErr= 0.000000 AllEvtnoweight= 1659.000000 SelEvtnoweight= 0.000000 Nfile= 36 
ID= 11630961 AllEvt= 387.881050 AllEvtErr= 15.064681 SelEvt= 0.000000  SelEvtErr= 0.000000 AllEvtnoweight= 714.000000 SelEvtnoweight= 0.000000 Nfile= 35 
ID= 11710761 AllEvt= 115.568685 AllEvtErr= 8.227697 SelEvt= 0.000000  SelEvtErr= 0.000000 AllEvtnoweight= 213.000000 SelEvtnoweight= 0.000000 Nfile= 31 
ID= 11710861 AllEvt= 306.698575 AllEvtErr= 13.647814 SelEvt= 0.000000  SelEvtErr= 0.000000 AllEvtnoweight= 586.000000 SelEvtnoweight= 0.000000 Nfile= 37 
ID= 11730961 AllEvt= 150.518925 AllEvtErr= 9.382576 SelEvt= 0.000000  SelEvtErr= 0.000000 AllEvtnoweight= 277.000000 SelEvtnoweight= 0.000000 Nfile= 34 
ID= 11910761 AllEvt= 674.840725 AllEvtErr= 19.924585 SelEvt= 0.000000  SelEvtErr= 0.000000 AllEvtnoweight= 1249.000000 SelEvtnoweight= 0.000000 Nfile= 37 
ID= 11910861 AllEvt= 1979.356030 AllEvtErr= 34.157572 SelEvt= 0.000000  SelEvtErr= 0.000000 AllEvtnoweight= 3671.000000 SelEvtnoweight= 0.000000 Nfile= 37 
ID= 11930961 AllEvt= 919.492620 AllEvtErr= 23.319598 SelEvt= 0.000000  SelEvtErr= 0.000000 AllEvtnoweight= 1711.000000 SelEvtnoweight= 0.000000 Nfile= 37 
ID= 12010761 AllEvt= 357.395945 AllEvtErr= 14.394164 SelEvt= 0.000000  SelEvtErr= 0.000000 AllEvtnoweight= 652.000000 SelEvtnoweight= 0.000000 Nfile= 37 
ID= 12010861 AllEvt= 985.424030 AllEvtErr= 24.142590 SelEvt= 0.000000  SelEvtErr= 0.000000 AllEvtnoweight= 1834.000000 SelEvtnoweight= 0.000000 Nfile= 36 
ID= 12030961 AllEvt= 456.642525 AllEvtErr= 16.416903 SelEvt= 0.000000  SelEvtErr= 0.000000 AllEvtnoweight= 848.000000 SelEvtnoweight= 0.000000 Nfile= 37 
ID= 12210761 AllEvt= 247.493355 AllEvtErr= 12.025584 SelEvt= 0.000000  SelEvtErr= 0.000000 AllEvtnoweight= 455.000000 SelEvtnoweight= 0.000000 Nfile= 34 
ID= 12210861 AllEvt= 701.875300 AllEvtErr= 20.443518 SelEvt= 0.000000  SelEvtErr= 0.000000 AllEvtnoweight= 1315.000000 SelEvtnoweight= 0.000000 Nfile= 37 
ID= 12230961 AllEvt= 317.371425 AllEvtErr= 13.634542 SelEvt= 0.000000  SelEvtErr= 0.000000 AllEvtnoweight= 585.000000 SelEvtnoweight= 0.000000 Nfile= 36 
ID= 30530961 AllEvt= 9383.736570 AllEvtErr= 74.388349 SelEvt= 0.000000  SelEvtErr= 0.000000 AllEvtnoweight= 17411.000000 SelEvtnoweight= 0.000000 Nfile= 37 

ID= 460 AllEvt= 949781.873000 AllEvtErr= 946.529101 SelEvt= 0.000000  SelEvtErr= 0.000000 AllEvtnoweight= 1094468.000000 SelEvtnoweight= 0.000000 Nfile= 45 
ID= 10010760 AllEvt= 289.605070 AllEvtErr= 16.539772 SelEvt= 0.000000  SelEvtErr= 0.000000 AllEvtnoweight= 334.000000 SelEvtnoweight= 0.000000 Nfile= 39 
ID= 10010860 AllEvt= 904.038720 AllEvtErr= 29.393386 SelEvt= 0.000000  SelEvtErr= 0.000000 AllEvtnoweight= 1055.000000 SelEvtnoweight= 0.000000 Nfile= 43 
ID= 10030960 AllEvt= 376.423462 AllEvtErr= 19.023871 SelEvt= 0.000000  SelEvtErr= 0.000000 AllEvtnoweight= 442.000000 SelEvtnoweight= 0.000000 Nfile= 43 
ID= 10110760 AllEvt= 71948.671900 AllEvtErr= 261.024042 SelEvt= 0.000000  SelEvtErr= 0.000000 AllEvtnoweight= 83198.000000 SelEvtnoweight= 0.000000 Nfile= 45 
ID= 10110860 AllEvt= 207460.380600 AllEvtErr= 443.108305 SelEvt= 0.000000  SelEvtErr= 0.000000 AllEvtnoweight= 239758.000000 SelEvtnoweight= 0.000000 Nfile= 45 
ID= 10130960 AllEvt= 84237.012800 AllEvtErr= 282.679116 SelEvt= 0.000000  SelEvtErr= 0.000000 AllEvtnoweight= 97575.000000 SelEvtnoweight= 0.000000 Nfile= 45 
ID= 10210760 AllEvt= 83326.292300 AllEvtErr= 280.972173 SelEvt= 0.000000  SelEvtErr= 0.000000 AllEvtnoweight= 96401.000000 SelEvtnoweight= 0.000000 Nfile= 45 
ID= 10210860 AllEvt= 240021.332000 AllEvtErr= 476.549855 SelEvt= 0.000000  SelEvtErr= 0.000000 AllEvtnoweight= 277313.000000 SelEvtnoweight= 0.000000 Nfile= 45 
ID= 10230960 AllEvt= 96685.382800 AllEvtErr= 302.427682 SelEvt= 0.000000  SelEvtErr= 0.000000 AllEvtnoweight= 111685.000000 SelEvtnoweight= 0.000000 Nfile= 45 
ID= 10231260 AllEvt= 49417.448500 AllEvtErr= 216.307773 SelEvt= 0.000000  SelEvtErr= 0.000000 AllEvtnoweight= 57134.000000 SelEvtnoweight= 0.000000 Nfile= 45 
ID= 10231860 AllEvt= 1665.084950 AllEvtErr= 39.403876 SelEvt= 0.000000  SelEvtErr= 0.000000 AllEvtnoweight= 1896.000000 SelEvtnoweight= 0.000000 Nfile= 44 
ID= 10232260 AllEvt= 3824.328440 AllEvtErr= 60.027599 SelEvt= 0.000000  SelEvtErr= 0.000000 AllEvtnoweight= 4400.000000 SelEvtnoweight= 0.000000 Nfile= 45 
ID= 10310760 AllEvt= 11714.500290 AllEvtErr= 105.491308 SelEvt= 0.000000  SelEvtErr= 0.000000 AllEvtnoweight= 13589.000000 SelEvtnoweight= 0.000000 Nfile= 45 
ID= 10330960 AllEvt= 32094.700900 AllEvtErr= 173.961509 SelEvt= 0.000000  SelEvtErr= 0.000000 AllEvtnoweight= 36954.000000 SelEvtnoweight= 0.000000 Nfile= 45 
ID= 10410760 AllEvt= 69173.682000 AllEvtErr= 255.780576 SelEvt= 0.000000  SelEvtErr= 0.000000 AllEvtnoweight= 79890.000000 SelEvtnoweight= 0.000000 Nfile= 45 
ID= 10410860 AllEvt= 102103.261500 AllEvtErr= 310.729746 SelEvt= 0.000000  SelEvtErr= 0.000000 AllEvtnoweight= 117903.000000 SelEvtnoweight= 0.000000 Nfile= 45 
ID= 10430960 AllEvt= 93929.403600 AllEvtErr= 298.006179 SelEvt= 0.000000  SelEvtErr= 0.000000 AllEvtnoweight= 108444.000000 SelEvtnoweight= 0.000000 Nfile= 45 
ID= 10510760 AllEvt= 32796.993800 AllEvtErr= 176.299843 SelEvt= 0.000000  SelEvtErr= 0.000000 AllEvtnoweight= 37954.000000 SelEvtnoweight= 0.000000 Nfile= 45 
ID= 10510860 AllEvt= 96691.335700 AllEvtErr= 302.414532 SelEvt= 0.000000  SelEvtErr= 0.000000 AllEvtnoweight= 111676.000000 SelEvtnoweight= 0.000000 Nfile= 45 
ID= 10530960 AllEvt= 44375.619100 AllEvtErr= 204.947414 SelEvt= 0.000000  SelEvtErr= 0.000000 AllEvtnoweight= 51291.000000 SelEvtnoweight= 0.000000 Nfile= 45 
ID= 10610760 AllEvt= 1649.735340 AllEvtErr= 39.477383 SelEvt= 0.000000  SelEvtErr= 0.000000 AllEvtnoweight= 1903.000000 SelEvtnoweight= 0.000000 Nfile= 44 
ID= 10610860 AllEvt= 4849.492760 AllEvtErr= 67.530965 SelEvt= 0.000000  SelEvtErr= 0.000000 AllEvtnoweight= 5569.000000 SelEvtnoweight= 0.000000 Nfile= 45 
ID= 10630960 AllEvt= 2203.496850 AllEvtErr= 45.669901 SelEvt= 0.000000  SelEvtErr= 0.000000 AllEvtnoweight= 2547.000000 SelEvtnoweight= 0.000000 Nfile= 44 
ID= 10710760 AllEvt= 3913.741660 AllEvtErr= 60.575283 SelEvt= 0.000000  SelEvtErr= 0.000000 AllEvtnoweight= 4481.000000 SelEvtnoweight= 0.000000 Nfile= 44 
ID= 10710860 AllEvt= 11089.087960 AllEvtErr= 102.446249 SelEvt= 0.000000  SelEvtErr= 0.000000 AllEvtnoweight= 12816.000000 SelEvtnoweight= 0.000000 Nfile= 45 
ID= 10730960 AllEvt= 5267.698580 AllEvtErr= 70.324580 SelEvt= 0.000000  SelEvtErr= 0.000000 AllEvtnoweight= 6039.000000 SelEvtnoweight= 0.000000 Nfile= 44 
ID= 10910760 AllEvt= 4112.999940 AllEvtErr= 62.559783 SelEvt= 0.000000  SelEvtErr= 0.000000 AllEvtnoweight= 4779.000000 SelEvtnoweight= 0.000000 Nfile= 45 
ID= 10910860 AllEvt= 12349.822050 AllEvtErr= 108.197535 SelEvt= 0.000000  SelEvtErr= 0.000000 AllEvtnoweight= 14295.000000 SelEvtnoweight= 0.000000 Nfile= 45 
ID= 10930960 AllEvt= 5660.585610 AllEvtErr= 73.224475 SelEvt= 0.000000  SelEvtErr= 0.000000 AllEvtnoweight= 6547.000000 SelEvtnoweight= 0.000000 Nfile= 45 
ID= 11510760 AllEvt= 739.334832 AllEvtErr= 26.553558 SelEvt= 0.000000  SelEvtErr= 0.000000 AllEvtnoweight= 861.000000 SelEvtnoweight= 0.000000 Nfile= 45 
ID= 11510860 AllEvt= 2137.421916 AllEvtErr= 45.100891 SelEvt= 0.000000  SelEvtErr= 0.000000 AllEvtnoweight= 2484.000000 SelEvtnoweight= 0.000000 Nfile= 45 
ID= 11530960 AllEvt= 1040.677998 AllEvtErr= 31.400284 SelEvt= 0.000000  SelEvtErr= 0.000000 AllEvtnoweight= 1204.000000 SelEvtnoweight= 0.000000 Nfile= 45 
ID= 11610760 AllEvt= 611.745700 AllEvtErr= 23.942767 SelEvt= 0.000000  SelEvtErr= 0.000000 AllEvtnoweight= 700.000000 SelEvtnoweight= 0.000000 Nfile= 42 
ID= 11610860 AllEvt= 1997.216820 AllEvtErr= 43.447008 SelEvt= 0.000000  SelEvtErr= 0.000000 AllEvtnoweight= 2305.000000 SelEvtnoweight= 0.000000 Nfile= 44 
ID= 11630960 AllEvt= 961.000402 AllEvtErr= 30.121151 SelEvt= 0.000000  SelEvtErr= 0.000000 AllEvtnoweight= 1108.000000 SelEvtnoweight= 0.000000 Nfile= 44 
ID= 11710760 AllEvt= 245.214012 AllEvtErr= 15.168145 SelEvt= 0.000000  SelEvtErr= 0.000000 AllEvtnoweight= 281.000000 SelEvtnoweight= 0.000000 Nfile= 40 
ID= 11710860 AllEvt= 734.800680 AllEvtErr= 26.133512 SelEvt= 0.000000  SelEvtErr= 0.000000 AllEvtnoweight= 834.000000 SelEvtnoweight= 0.000000 Nfile= 42 
ID= 11730960 AllEvt= 343.906062 AllEvtErr= 18.009588 SelEvt= 0.000000  SelEvtErr= 0.000000 AllEvtnoweight= 396.000000 SelEvtnoweight= 0.000000 Nfile= 41 
ID= 11910760 AllEvt= 1525.694270 AllEvtErr= 37.985256 SelEvt= 0.000000  SelEvtErr= 0.000000 AllEvtnoweight= 1762.000000 SelEvtnoweight= 0.000000 Nfile= 43 
ID= 11910860 AllEvt= 4550.024980 AllEvtErr= 65.805810 SelEvt= 0.000000  SelEvtErr= 0.000000 AllEvtnoweight= 5288.000000 SelEvtnoweight= 0.000000 Nfile= 45 
ID= 11930960 AllEvt= 1984.510226 AllEvtErr= 43.559228 SelEvt= 0.000000  SelEvtErr= 0.000000 AllEvtnoweight= 2317.000000 SelEvtnoweight= 0.000000 Nfile= 45 
ID= 12010760 AllEvt= 743.850596 AllEvtErr= 26.691075 SelEvt= 0.000000  SelEvtErr= 0.000000 AllEvtnoweight= 870.000000 SelEvtnoweight= 0.000000 Nfile= 43 
ID= 12010860 AllEvt= 2232.530126 AllEvtErr= 46.010804 SelEvt= 0.000000  SelEvtErr= 0.000000 AllEvtnoweight= 2585.000000 SelEvtnoweight= 0.000000 Nfile= 45 
ID= 12030960 AllEvt= 1055.167006 AllEvtErr= 31.712003 SelEvt= 0.000000  SelEvtErr= 0.000000 AllEvtnoweight= 1228.000000 SelEvtnoweight= 0.000000 Nfile= 43 
ID= 12210760 AllEvt= 563.779978 AllEvtErr= 23.018386 SelEvt= 0.000000  SelEvtErr= 0.000000 AllEvtnoweight= 647.000000 SelEvtnoweight= 0.000000 Nfile= 42 
ID= 12210860 AllEvt= 1672.342956 AllEvtErr= 39.776673 SelEvt= 0.000000  SelEvtErr= 0.000000 AllEvtnoweight= 1932.000000 SelEvtnoweight= 0.000000 Nfile= 45 
ID= 12230960 AllEvt= 815.391980 AllEvtErr= 27.760543 SelEvt= 0.000000  SelEvtErr= 0.000000 AllEvtnoweight= 941.000000 SelEvtnoweight= 0.000000 Nfile= 43 
ID= 30530960 AllEvt= 21810.100360 AllEvtErr= 143.561972 SelEvt= 0.000000  SelEvtErr= 0.000000 AllEvtnoweight= 25167.000000 SelEvtnoweight= 0.000000 Nfile= 45 
 
ID= 45 AllEvt= 914956.810000 AllEvtErr= 877.642388 SelEvt= 0.000000  SelEvtErr= 0.000000 AllEvtnoweight= 1197748.000000 SelEvtnoweight= 0.000000 Nfile= 49 
ID= 10010445 AllEvt= 1119.439340 AllEvtErr= 30.786976 SelEvt= 0.000000  SelEvtErr= 0.000000 AllEvtnoweight= 1474.000000 SelEvtnoweight= 0.000000 Nfile= 48 
ID= 10110345 AllEvt= 87783.845800 AllEvtErr= 271.884288 SelEvt= 0.000000  SelEvtErr= 0.000000 AllEvtnoweight= 114946.000000 SelEvtnoweight= 0.000000 Nfile= 49 
ID= 10110445 AllEvt= 251583.829500 AllEvtErr= 460.603700 SelEvt= 0.000000  SelEvtErr= 0.000000 AllEvtnoweight= 329897.000000 SelEvtnoweight= 0.000000 Nfile= 49 
ID= 10130545 AllEvt= 102333.262800 AllEvtErr= 293.444239 SelEvt= 0.000000  SelEvtErr= 0.000000 AllEvtnoweight= 133899.000000 SelEvtnoweight= 0.000000 Nfile= 49 
ID= 10210345 AllEvt= 101659.934700 AllEvtErr= 292.606657 SelEvt= 0.000000  SelEvtErr= 0.000000 AllEvtnoweight= 133135.000000 SelEvtnoweight= 0.000000 Nfile= 49 
ID= 10210445 AllEvt= 291462.351400 AllEvtErr= 495.360169 SelEvt= 0.000000  SelEvtErr= 0.000000 AllEvtnoweight= 381563.000000 SelEvtnoweight= 0.000000 Nfile= 49 
ID= 10230545 AllEvt= 117819.392800 AllEvtErr= 314.892545 SelEvt= 0.000000  SelEvtErr= 0.000000 AllEvtnoweight= 154188.000000 SelEvtnoweight= 0.000000 Nfile= 49 
ID= 10230845 AllEvt= 60153.813200 AllEvtErr= 224.967012 SelEvt= 0.000000  SelEvtErr= 0.000000 AllEvtnoweight= 78697.000000 SelEvtnoweight= 0.000000 Nfile= 49 
ID= 10231445 AllEvt= 1907.029354 AllEvtErr= 39.839980 SelEvt= 0.000000  SelEvtErr= 0.000000 AllEvtnoweight= 2468.000000 SelEvtnoweight= 0.000000 Nfile= 48 
ID= 10231845 AllEvt= 4522.805290 AllEvtErr= 61.617273 SelEvt= 0.000000  SelEvtErr= 0.000000 AllEvtnoweight= 5904.000000 SelEvtnoweight= 0.000000 Nfile= 49 
ID= 10310345 AllEvt= 14172.599860 AllEvtErr= 109.378361 SelEvt= 0.000000  SelEvtErr= 0.000000 AllEvtnoweight= 18603.000000 SelEvtnoweight= 0.000000 Nfile= 49 
ID= 10330545 AllEvt= 38864.431140 AllEvtErr= 180.666660 SelEvt= 0.000000  SelEvtErr= 0.000000 AllEvtnoweight= 50756.000000 SelEvtnoweight= 0.000000 Nfile= 49 
ID= 10410345 AllEvt= 83675.186200 AllEvtErr= 265.576222 SelEvt= 0.000000  SelEvtErr= 0.000000 AllEvtnoweight= 109675.000000 SelEvtnoweight= 0.000000 Nfile= 49 
ID= 10410445 AllEvt= 124513.361800 AllEvtErr= 323.490196 SelEvt= 0.000000  SelEvtErr= 0.000000 AllEvtnoweight= 162724.000000 SelEvtnoweight= 0.000000 Nfile= 49 
ID= 10430545 AllEvt= 115141.675800 AllEvtErr= 311.202033 SelEvt= 0.000000  SelEvtErr= 0.000000 AllEvtnoweight= 150595.000000 SelEvtnoweight= 0.000000 Nfile= 49 
ID= 10510345 AllEvt= 39953.443000 AllEvtErr= 183.225609 SelEvt= 0.000000  SelEvtErr= 0.000000 AllEvtnoweight= 52204.000000 SelEvtnoweight= 0.000000 Nfile= 49 
ID= 10510445 AllEvt= 117280.514800 AllEvtErr= 314.240383 SelEvt= 0.000000  SelEvtErr= 0.000000 AllEvtnoweight= 153550.000000 SelEvtnoweight= 0.000000 Nfile= 49 
ID= 10530545 AllEvt= 54195.087500 AllEvtErr= 213.399371 SelEvt= 0.000000  SelEvtErr= 0.000000 AllEvtnoweight= 70813.000000 SelEvtnoweight= 0.000000 Nfile= 49 
ID= 10610345 AllEvt= 1943.841058 AllEvtErr= 40.590107 SelEvt= 0.000000  SelEvtErr= 0.000000 AllEvtnoweight= 2562.000000 SelEvtnoweight= 0.000000 Nfile= 49 
ID= 10610445 AllEvt= 5836.389760 AllEvtErr= 69.965318 SelEvt= 0.000000  SelEvtErr= 0.000000 AllEvtnoweight= 7612.000000 SelEvtnoweight= 0.000000 Nfile= 49 
ID= 10630545 AllEvt= 2791.500830 AllEvtErr= 48.348754 SelEvt= 0.000000  SelEvtErr= 0.000000 AllEvtnoweight= 3635.000000 SelEvtnoweight= 0.000000 Nfile= 49 
ID= 10710345 AllEvt= 4672.770400 AllEvtErr= 62.462357 SelEvt= 0.000000  SelEvtErr= 0.000000 AllEvtnoweight= 6067.000000 SelEvtnoweight= 0.000000 Nfile= 49 
ID= 10710445 AllEvt= 13716.039670 AllEvtErr= 107.170115 SelEvt= 0.000000  SelEvtErr= 0.000000 AllEvtnoweight= 17860.000000 SelEvtnoweight= 0.000000 Nfile= 49 
ID= 10730545 AllEvt= 6286.210900 AllEvtErr= 72.771604 SelEvt= 0.000000  SelEvtErr= 0.000000 AllEvtnoweight= 8235.000000 SelEvtnoweight= 0.000000 Nfile= 48 
ID= 10910345 AllEvt= 4953.533820 AllEvtErr= 64.399880 SelEvt= 0.000000  SelEvtErr= 0.000000 AllEvtnoweight= 6449.000000 SelEvtnoweight= 0.000000 Nfile= 48 
ID= 10910445 AllEvt= 15022.511330 AllEvtErr= 112.215631 SelEvt= 0.000000  SelEvtErr= 0.000000 AllEvtnoweight= 19581.000000 SelEvtnoweight= 0.000000 Nfile= 49 
ID= 10930545 AllEvt= 6707.348460 AllEvtErr= 75.116631 SelEvt= 0.000000  SelEvtErr= 0.000000 AllEvtnoweight= 8774.000000 SelEvtnoweight= 0.000000 Nfile= 48 
ID= 11510345 AllEvt= 933.392798 AllEvtErr= 27.939354 SelEvt= 0.000000  SelEvtErr= 0.000000 AllEvtnoweight= 1214.000000 SelEvtnoweight= 0.000000 Nfile= 49 
ID= 11510445 AllEvt= 2627.869774 AllEvtErr= 46.587108 SelEvt= 0.000000  SelEvtErr= 0.000000 AllEvtnoweight= 3375.000000 SelEvtnoweight= 0.000000 Nfile= 49 
ID= 11530545 AllEvt= 1268.650384 AllEvtErr= 32.771457 SelEvt= 0.000000  SelEvtErr= 0.000000 AllEvtnoweight= 1670.000000 SelEvtnoweight= 0.000000 Nfile= 47 
ID= 11610345 AllEvt= 872.433424 AllEvtErr= 27.287391 SelEvt= 0.000000  SelEvtErr= 0.000000 AllEvtnoweight= 1158.000000 SelEvtnoweight= 0.000000 Nfile= 48 
ID= 11610445 AllEvt= 2470.767150 AllEvtErr= 45.513160 SelEvt= 0.000000  SelEvtErr= 0.000000 AllEvtnoweight= 3221.000000 SelEvtnoweight= 0.000000 Nfile= 49 
ID= 11630545 AllEvt= 1091.465930 AllEvtErr= 30.315807 SelEvt= 0.000000  SelEvtErr= 0.000000 AllEvtnoweight= 1429.000000 SelEvtnoweight= 0.000000 Nfile= 48 
ID= 11710345 AllEvt= 290.297688 AllEvtErr= 15.673607 SelEvt= 0.000000  SelEvtErr= 0.000000 AllEvtnoweight= 382.000000 SelEvtnoweight= 0.000000 Nfile= 47 
ID= 11710445 AllEvt= 927.859064 AllEvtErr= 27.861423 SelEvt= 0.000000  SelEvtErr= 0.000000 AllEvtnoweight= 1207.000000 SelEvtnoweight= 0.000000 Nfile= 48 
ID= 11730545 AllEvt= 417.814864 AllEvtErr= 18.756044 SelEvt= 0.000000  SelEvtErr= 0.000000 AllEvtnoweight= 547.000000 SelEvtnoweight= 0.000000 Nfile= 47 
ID= 11910345 AllEvt= 1920.695404 AllEvtErr= 40.057979 SelEvt= 0.000000  SelEvtErr= 0.000000 AllEvtnoweight= 2495.000000 SelEvtnoweight= 0.000000 Nfile= 49 
ID= 11910445 AllEvt= 5598.280880 AllEvtErr= 68.446783 SelEvt= 0.000000  SelEvtErr= 0.000000 AllEvtnoweight= 7285.000000 SelEvtnoweight= 0.000000 Nfile= 49 
ID= 11930545 AllEvt= 2644.005960 AllEvtErr= 46.987421 SelEvt= 0.000000  SelEvtErr= 0.000000 AllEvtnoweight= 3433.000000 SelEvtnoweight= 0.000000 Nfile= 48 
ID= 12010345 AllEvt= 903.775190 AllEvtErr= 27.605616 SelEvt= 0.000000  SelEvtErr= 0.000000 AllEvtnoweight= 1185.000000 SelEvtnoweight= 0.000000 Nfile= 48 
ID= 12010445 AllEvt= 2688.067610 AllEvtErr= 47.510710 SelEvt= 0.000000  SelEvtErr= 0.000000 AllEvtnoweight= 3510.000000 SelEvtnoweight= 0.000000 Nfile= 49 
ID= 12030545 AllEvt= 1236.570708 AllEvtErr= 32.257122 SelEvt= 0.000000  SelEvtErr= 0.000000 AllEvtnoweight= 1618.000000 SelEvtnoweight= 0.000000 Nfile= 49 
ID= 12210345 AllEvt= 713.710608 AllEvtErr= 24.612731 SelEvt= 0.000000  SelEvtErr= 0.000000 AllEvtnoweight= 942.000000 SelEvtnoweight= 0.000000 Nfile= 49 
ID= 12210445 AllEvt= 2040.144540 AllEvtErr= 41.593127 SelEvt= 0.000000  SelEvtErr= 0.000000 AllEvtnoweight= 2690.000000 SelEvtnoweight= 0.000000 Nfile= 48 
ID= 12230545 AllEvt= 904.577018 AllEvtErr= 27.359881 SelEvt= 0.000000  SelEvtErr= 0.000000 AllEvtnoweight= 1164.000000 SelEvtnoweight= 0.000000 Nfile= 48 
ID= 30530545 AllEvt= 26406.554340 AllEvtErr= 149.143247 SelEvt= 0.000000  SelEvtErr= 0.000000 AllEvtnoweight= 34589.000000 SelEvtnoweight= 0.000000 Nfile= 49 
ID= 10010345 AllEvt= 379.318990 AllEvtErr= 17.878181 SelEvt= 0.000000  SelEvtErr= 0.000000 AllEvtnoweight= 497.000000 SelEvtnoweight= 0.000000 Nfile= 45 
ID= 10030545 AllEvt= 549.334000 AllEvtErr= 21.232715 SelEvt= 0.000000  SelEvtErr= 0.000000 AllEvtnoweight= 701.000000 SelEvtnoweight= 0.000000 Nfile= 46 
ID= 55 AllEvt= 67297296.000000 AllEvtErr= 29210.929912 SelEvt= 0.000000  SelEvtErr= 0.000000 AllEvtnoweight= 13214030.000000 SelEvtnoweight= 0.000000 Nfile= 155 
ID= 10010355 AllEvt= 2812.519270 AllEvtErr= 189.139559 SelEvt= 0.000000  SelEvtErr= 0.000000 AllEvtnoweight= 554.000000 SelEvtnoweight= 0.000000 Nfile= 152 
ID= 10010455 AllEvt= 6292.009660 AllEvtErr= 284.220901 SelEvt= 0.000000  SelEvtErr= 0.000000 AllEvtnoweight= 1251.000000 SelEvtnoweight= 0.000000 Nfile= 155 
ID= 10030555 AllEvt= 2282.157410 AllEvtErr= 171.972951 SelEvt= 0.000000  SelEvtErr= 0.000000 AllEvtnoweight= 458.000000 SelEvtnoweight= 0.000000 Nfile= 150 
ID= 10110355 AllEvt= 636127.950000 AllEvtErr= 2885.592727 SelEvt= 0.000000  SelEvtErr= 0.000000 AllEvtnoweight= 128948.000000 SelEvtnoweight= 0.000000 Nfile= 155 
ID= 10110455 AllEvt= 1512477.540000 AllEvtErr= 4434.830702 SelEvt= 0.000000  SelEvtErr= 0.000000 AllEvtnoweight= 304578.000000 SelEvtnoweight= 0.000000 Nfile= 155 
ID= 10130555 AllEvt= 547139.840000 AllEvtErr= 2672.448136 SelEvt= 0.000000  SelEvtErr= 0.000000 AllEvtnoweight= 110602.000000 SelEvtnoweight= 0.000000 Nfile= 155 
ID= 10210355 AllEvt= 622234.110000 AllEvtErr= 2846.378313 SelEvt= 0.000000  SelEvtErr= 0.000000 AllEvtnoweight= 125467.000000 SelEvtnoweight= 0.000000 Nfile= 155 
ID= 10210455 AllEvt= 1473616.320000 AllEvtErr= 4384.441085 SelEvt= 0.000000  SelEvtErr= 0.000000 AllEvtnoweight= 297696.000000 SelEvtnoweight= 0.000000 Nfile= 155 
ID= 10230555 AllEvt= 539417.500000 AllEvtErr= 2643.427768 SelEvt= 0.000000  SelEvtErr= 0.000000 AllEvtnoweight= 108213.000000 SelEvtnoweight= 0.000000 Nfile= 155 
ID= 10230855 AllEvt= 264441.290000 AllEvtErr= 1856.489378 SelEvt= 0.000000  SelEvtErr= 0.000000 AllEvtnoweight= 53374.000000 SelEvtnoweight= 0.000000 Nfile= 155 
ID= 10231455 AllEvt= 7706.306660 AllEvtErr= 323.932154 SelEvt= 0.000000  SelEvtErr= 0.000000 AllEvtnoweight= 1625.000000 SelEvtnoweight= 0.000000 Nfile= 155 
ID= 10231855 AllEvt= 19928.718000 AllEvtErr= 508.099893 SelEvt= 0.000000  SelEvtErr= 0.000000 AllEvtnoweight= 3998.000000 SelEvtnoweight= 0.000000 Nfile= 155 
ID= 10310355 AllEvt= 193413.119000 AllEvtErr= 1584.270823 SelEvt= 0.000000  SelEvtErr= 0.000000 AllEvtnoweight= 38869.000000 SelEvtnoweight= 0.000000 Nfile= 155 
ID= 10330555 AllEvt= 334665.880000 AllEvtErr= 2083.063644 SelEvt= 0.000000  SelEvtErr= 0.000000 AllEvtnoweight= 67197.000000 SelEvtnoweight= 0.000000 Nfile= 155 
ID= 10410355 AllEvt= 919654.200000 AllEvtErr= 3462.430354 SelEvt= 0.000000  SelEvtErr= 0.000000 AllEvtnoweight= 185655.000000 SelEvtnoweight= 0.000000 Nfile= 155 
ID= 10410455 AllEvt= 1089337.620000 AllEvtErr= 3764.749598 SelEvt= 0.000000  SelEvtErr= 0.000000 AllEvtnoweight= 219491.000000 SelEvtnoweight= 0.000000 Nfile= 155 
ID= 10430555 AllEvt= 792295.180000 AllEvtErr= 3210.128319 SelEvt= 0.000000  SelEvtErr= 0.000000 AllEvtnoweight= 159584.000000 SelEvtnoweight= 0.000000 Nfile= 155 
ID= 10510355 AllEvt= 333677.500000 AllEvtErr= 2082.209816 SelEvt= 0.000000  SelEvtErr= 0.000000 AllEvtnoweight= 67142.000000 SelEvtnoweight= 0.000000 Nfile= 155 
ID= 10510455 AllEvt= 793910.380000 AllEvtErr= 3213.957801 SelEvt= 0.000000  SelEvtErr= 0.000000 AllEvtnoweight= 159965.000000 SelEvtnoweight= 0.000000 Nfile= 155 
ID= 10530555 AllEvt= 288291.350000 AllEvtErr= 1937.670499 SelEvt= 0.000000  SelEvtErr= 0.000000 AllEvtnoweight= 58144.000000 SelEvtnoweight= 0.000000 Nfile= 155 
ID= 10610355 AllEvt= 25762.691300 AllEvtErr= 571.614090 SelEvt= 0.000000  SelEvtErr= 0.000000 AllEvtnoweight= 5060.000000 SelEvtnoweight= 0.000000 Nfile= 155 
ID= 10610455 AllEvt= 57921.859000 AllEvtErr= 877.630023 SelEvt= 0.000000  SelEvtErr= 0.000000 AllEvtnoweight= 11928.000000 SelEvtnoweight= 0.000000 Nfile= 155 
ID= 10630555 AllEvt= 22226.948600 AllEvtErr= 530.239263 SelEvt= 0.000000  SelEvtErr= 0.000000 AllEvtnoweight= 4354.000000 SelEvtnoweight= 0.000000 Nfile= 155 
ID= 10710355 AllEvt= 44976.229000 AllEvtErr= 773.899603 SelEvt= 0.000000  SelEvtErr= 0.000000 AllEvtnoweight= 9275.000000 SelEvtnoweight= 0.000000 Nfile= 155 
ID= 10710455 AllEvt= 109897.247000 AllEvtErr= 1199.835681 SelEvt= 0.000000  SelEvtErr= 0.000000 AllEvtnoweight= 22294.000000 SelEvtnoweight= 0.000000 Nfile= 155 
ID= 10730555 AllEvt= 39005.649600 AllEvtErr= 713.421051 SelEvt= 0.000000  SelEvtErr= 0.000000 AllEvtnoweight= 7882.000000 SelEvtnoweight= 0.000000 Nfile= 155 
ID= 10910355 AllEvt= 37679.747000 AllEvtErr= 702.245682 SelEvt= 0.000000  SelEvtErr= 0.000000 AllEvtnoweight= 7637.000000 SelEvtnoweight= 0.000000 Nfile= 155 
ID= 10910455 AllEvt= 88554.231000 AllEvtErr= 1067.095035 SelEvt= 0.000000  SelEvtErr= 0.000000 AllEvtnoweight= 17634.000000 SelEvtnoweight= 0.000000 Nfile= 155 
ID= 10930555 AllEvt= 32721.666500 AllEvtErr= 653.224990 SelEvt= 0.000000  SelEvtErr= 0.000000 AllEvtnoweight= 6608.000000 SelEvtnoweight= 0.000000 Nfile= 155 
ID= 11510355 AllEvt= 5906.292720 AllEvtErr= 284.220885 SelEvt= 0.000000  SelEvtErr= 0.000000 AllEvtnoweight= 1251.000000 SelEvtnoweight= 0.000000 Nfile= 155 
ID= 11510455 AllEvt= 14617.070770 AllEvtErr= 430.120209 SelEvt= 0.000000  SelEvtErr= 0.000000 AllEvtnoweight= 2865.000000 SelEvtnoweight= 0.000000 Nfile= 155 
ID= 11530555 AllEvt= 4958.070660 AllEvtErr= 254.494152 SelEvt= 0.000000  SelEvtErr= 0.000000 AllEvtnoweight= 1003.000000 SelEvtnoweight= 0.000000 Nfile= 155 
ID= 11610355 AllEvt= 5584.861490 AllEvtErr= 274.277596 SelEvt= 0.000000  SelEvtErr= 0.000000 AllEvtnoweight= 1165.000000 SelEvtnoweight= 0.000000 Nfile= 155 
ID= 11610455 AllEvt= 13283.136900 AllEvtErr= 420.094815 SelEvt= 0.000000  SelEvtErr= 0.000000 AllEvtnoweight= 2733.000000 SelEvtnoweight= 0.000000 Nfile= 155 
ID= 11630555 AllEvt= 5223.251570 AllEvtErr= 259.145691 SelEvt= 0.000000  SelEvtErr= 0.000000 AllEvtnoweight= 1040.000000 SelEvtnoweight= 0.000000 Nfile= 155 
ID= 11710355 AllEvt= 2386.622810 AllEvtErr= 178.423052 SelEvt= 0.000000  SelEvtErr= 0.000000 AllEvtnoweight= 493.000000 SelEvtnoweight= 0.000000 Nfile= 151 
ID= 11710455 AllEvt= 5946.471520 AllEvtErr= 270.126131 SelEvt= 0.000000  SelEvtErr= 0.000000 AllEvtnoweight= 1130.000000 SelEvtnoweight= 0.000000 Nfile= 155 
ID= 11730555 AllEvt= 1751.796480 AllEvtErr= 150.335508 SelEvt= 0.000000  SelEvtErr= 0.000000 AllEvtnoweight= 350.000000 SelEvtnoweight= 0.000000 Nfile= 137 
ID= 11910355 AllEvt= 14761.720800 AllEvtErr= 430.120248 SelEvt= 0.000000  SelEvtErr= 0.000000 AllEvtnoweight= 2865.000000 SelEvtnoweight= 0.000000 Nfile= 155 
ID= 11910455 AllEvt= 34409.181000 AllEvtErr= 669.530024 SelEvt= 0.000000  SelEvtErr= 0.000000 AllEvtnoweight= 6942.000000 SelEvtnoweight= 0.000000 Nfile= 155 
ID= 11930555 AllEvt= 11860.801300 AllEvtErr= 402.109829 SelEvt= 0.000000  SelEvtErr= 0.000000 AllEvtnoweight= 2504.000000 SelEvtnoweight= 0.000000 Nfile= 155 
ID= 12010355 AllEvt= 6187.545110 AllEvtErr= 284.107296 SelEvt= 0.000000  SelEvtErr= 0.000000 AllEvtnoweight= 1250.000000 SelEvtnoweight= 0.000000 Nfile= 155 
ID= 12010455 AllEvt= 14874.215800 AllEvtErr= 442.405513 SelEvt= 0.000000  SelEvtErr= 0.000000 AllEvtnoweight= 3031.000000 SelEvtnoweight= 0.000000 Nfile= 155 
ID= 12030555 AllEvt= 5392.002360 AllEvtErr= 264.448788 SelEvt= 0.000000  SelEvtErr= 0.000000 AllEvtnoweight= 1083.000000 SelEvtnoweight= 0.000000 Nfile= 155 
ID= 12210355 AllEvt= 5223.251500 AllEvtErr= 263.347713 SelEvt= 0.000000  SelEvtErr= 0.000000 AllEvtnoweight= 1074.000000 SelEvtnoweight= 0.000000 Nfile= 155 
ID= 12210455 AllEvt= 13467.958910 AllEvtErr= 414.602174 SelEvt= 0.000000  SelEvtErr= 0.000000 AllEvtnoweight= 2662.000000 SelEvtnoweight= 0.000000 Nfile= 155 
ID= 12230555 AllEvt= 4909.856130 AllEvtErr= 250.659274 SelEvt= 0.000000  SelEvtErr= 0.000000 AllEvtnoweight= 973.000000 SelEvtnoweight= 0.000000 Nfile= 155 
ID= 30530555 AllEvt= 141172.464000 AllEvtErr= 1362.911113 SelEvt= 0.000000  SelEvtErr= 0.000000 AllEvtnoweight= 28766.000000 SelEvtnoweight= 0.000000 Nfile= 155 
ID= 53 AllEvt= 15983795.800000 AllEvtErr= 8016.362002 SelEvt= 0.000000  SelEvtErr= 0.000000 AllEvtnoweight= 8370297.000000 SelEvtnoweight= 0.000000 Nfile= 108 
ID= 10010353 AllEvt= 1011.346300 AllEvtErr= 64.566437 SelEvt= 0.000000  SelEvtErr= 0.000000 AllEvtnoweight= 543.000000 SelEvtnoweight= 0.000000 Nfile= 106 
ID= 10010453 AllEvt= 2632.270950 AllEvtErr= 100.439413 SelEvt= 0.000000  SelEvtErr= 0.000000 AllEvtnoweight= 1314.000000 SelEvtnoweight= 0.000000 Nfile= 108 
ID= 10030553 AllEvt= 870.034880 AllEvtErr= 60.705429 SelEvt= 0.000000  SelEvtErr= 0.000000 AllEvtnoweight= 480.000000 SelEvtnoweight= 0.000000 Nfile= 107 
ID= 10110353 AllEvt= 256643.601000 AllEvtErr= 1014.442371 SelEvt= 0.000000  SelEvtErr= 0.000000 AllEvtnoweight= 134042.000000 SelEvtnoweight= 0.000000 Nfile= 108 
ID= 10110453 AllEvt= 610163.060000 AllEvtErr= 1561.791104 SelEvt= 0.000000  SelEvtErr= 0.000000 AllEvtnoweight= 317711.000000 SelEvtnoweight= 0.000000 Nfile= 108 
ID= 10130553 AllEvt= 220548.281000 AllEvtErr= 939.198698 SelEvt= 0.000000  SelEvtErr= 0.000000 AllEvtnoweight= 114895.000000 SelEvtnoweight= 0.000000 Nfile= 108 
ID= 10210353 AllEvt= 250783.371000 AllEvtErr= 1002.501526 SelEvt= 0.000000  SelEvtErr= 0.000000 AllEvtnoweight= 130905.000000 SelEvtnoweight= 0.000000 Nfile= 108 
ID= 10210453 AllEvt= 596793.900000 AllEvtErr= 1544.671530 SelEvt= 0.000000  SelEvtErr= 0.000000 AllEvtnoweight= 310784.000000 SelEvtnoweight= 0.000000 Nfile= 108 
ID= 10230553 AllEvt= 215812.944000 AllEvtErr= 929.176460 SelEvt= 0.000000  SelEvtErr= 0.000000 AllEvtnoweight= 112456.000000 SelEvtnoweight= 0.000000 Nfile= 108 
ID= 10230853 AllEvt= 108441.252000 AllEvtErr= 657.301551 SelEvt= 0.000000  SelEvtErr= 0.000000 AllEvtnoweight= 56275.000000 SelEvtnoweight= 0.000000 Nfile= 108 
ID= 10231453 AllEvt= 3097.767220 AllEvtErr= 113.434078 SelEvt= 0.000000  SelEvtErr= 0.000000 AllEvtnoweight= 1676.000000 SelEvtnoweight= 0.000000 Nfile= 108 
ID= 10231853 AllEvt= 8298.578910 AllEvtErr= 180.995619 SelEvt= 0.000000  SelEvtErr= 0.000000 AllEvtnoweight= 4267.000000 SelEvtnoweight= 0.000000 Nfile= 108 
ID= 10310353 AllEvt= 78352.998000 AllEvtErr= 560.471401 SelEvt= 0.000000  SelEvtErr= 0.000000 AllEvtnoweight= 40916.000000 SelEvtnoweight= 0.000000 Nfile= 108 
ID= 10330553 AllEvt= 133874.512000 AllEvtErr= 732.249447 SelEvt= 0.000000  SelEvtErr= 0.000000 AllEvtnoweight= 69840.000000 SelEvtnoweight= 0.000000 Nfile= 108 
ID= 10410353 AllEvt= 369127.467000 AllEvtErr= 1215.814649 SelEvt= 0.000000  SelEvtErr= 0.000000 AllEvtnoweight= 192540.000000 SelEvtnoweight= 0.000000 Nfile= 108 
ID= 10410453 AllEvt= 439420.150000 AllEvtErr= 1325.568994 SelEvt= 0.000000  SelEvtErr= 0.000000 AllEvtnoweight= 228871.000000 SelEvtnoweight= 0.000000 Nfile= 108 
ID= 10430553 AllEvt= 317534.933000 AllEvtErr= 1126.252110 SelEvt= 0.000000  SelEvtErr= 0.000000 AllEvtnoweight= 165218.000000 SelEvtnoweight= 0.000000 Nfile= 108 
ID= 10510353 AllEvt= 134101.723000 AllEvtErr= 731.703989 SelEvt= 0.000000  SelEvtErr= 0.000000 AllEvtnoweight= 69736.000000 SelEvtnoweight= 0.000000 Nfile= 108 
ID= 10510453 AllEvt= 318864.851000 AllEvtErr= 1127.730650 SelEvt= 0.000000  SelEvtErr= 0.000000 AllEvtnoweight= 165652.000000 SelEvtnoweight= 0.000000 Nfile= 108 
ID= 10530553 AllEvt= 115030.182000 AllEvtErr= 678.735628 SelEvt= 0.000000  SelEvtErr= 0.000000 AllEvtnoweight= 60005.000000 SelEvtnoweight= 0.000000 Nfile= 108 
ID= 10610353 AllEvt= 10484.747300 AllEvtErr= 203.310310 SelEvt= 0.000000  SelEvtErr= 0.000000 AllEvtnoweight= 5384.000000 SelEvtnoweight= 0.000000 Nfile= 108 
ID= 10610453 AllEvt= 23853.916600 AllEvtErr= 308.307954 SelEvt= 0.000000  SelEvtErr= 0.000000 AllEvtnoweight= 12381.000000 SelEvtnoweight= 0.000000 Nfile= 108 
ID= 10630553 AllEvt= 8279.184300 AllEvtErr= 183.502131 SelEvt= 0.000000  SelEvtErr= 0.000000 AllEvtnoweight= 4386.000000 SelEvtnoweight= 0.000000 Nfile= 108 
ID= 10710353 AllEvt= 18935.723500 AllEvtErr= 273.735837 SelEvt= 0.000000  SelEvtErr= 0.000000 AllEvtnoweight= 9760.000000 SelEvtnoweight= 0.000000 Nfile= 108 
ID= 10710453 AllEvt= 45607.548000 AllEvtErr= 423.580902 SelEvt= 0.000000  SelEvtErr= 0.000000 AllEvtnoweight= 23370.000000 SelEvtnoweight= 0.000000 Nfile= 108 
ID= 10730553 AllEvt= 16300.683900 AllEvtErr= 255.801587 SelEvt= 0.000000  SelEvtErr= 0.000000 AllEvtnoweight= 8523.000000 SelEvtnoweight= 0.000000 Nfile= 108 
ID= 10910353 AllEvt= 14984.542500 AllEvtErr= 245.682072 SelEvt= 0.000000  SelEvtErr= 0.000000 AllEvtnoweight= 7862.000000 SelEvtnoweight= 0.000000 Nfile= 108 
ID= 10910453 AllEvt= 35912.484000 AllEvtErr= 378.446558 SelEvt= 0.000000  SelEvtErr= 0.000000 AllEvtnoweight= 18655.000000 SelEvtnoweight= 0.000000 Nfile= 108 
ID= 10930553 AllEvt= 12964.624900 AllEvtErr= 227.020638 SelEvt= 0.000000  SelEvtErr= 0.000000 AllEvtnoweight= 6713.000000 SelEvtnoweight= 0.000000 Nfile= 108 
ID= 11510353 AllEvt= 2532.521670 AllEvtErr= 99.826043 SelEvt= 0.000000  SelEvtErr= 0.000000 AllEvtnoweight= 1298.000000 SelEvtnoweight= 0.000000 Nfile= 108 
ID= 11510453 AllEvt= 5802.078300 AllEvtErr= 150.391607 SelEvt= 0.000000  SelEvtErr= 0.000000 AllEvtnoweight= 2946.000000 SelEvtnoweight= 0.000000 Nfile= 108 
ID= 11530553 AllEvt= 1978.359800 AllEvtErr= 89.613315 SelEvt= 0.000000  SelEvtErr= 0.000000 AllEvtnoweight= 1046.000000 SelEvtnoweight= 0.000000 Nfile= 108 
ID= 11610353 AllEvt= 2302.544020 AllEvtErr= 97.530919 SelEvt= 0.000000  SelEvtErr= 0.000000 AllEvtnoweight= 1239.000000 SelEvtnoweight= 0.000000 Nfile= 108 
ID= 11610453 AllEvt= 5203.582860 AllEvtErr= 146.093079 SelEvt= 0.000000  SelEvtErr= 0.000000 AllEvtnoweight= 2780.000000 SelEvtnoweight= 0.000000 Nfile= 108 
ID= 11630553 AllEvt= 1978.359790 AllEvtErr= 89.955352 SelEvt= 0.000000  SelEvtErr= 0.000000 AllEvtnoweight= 1054.000000 SelEvtnoweight= 0.000000 Nfile= 108 
ID= 11710353 AllEvt= 972.555190 AllEvtErr= 61.397070 SelEvt= 0.000000  SelEvtErr= 0.000000 AllEvtnoweight= 491.000000 SelEvtnoweight= 0.000000 Nfile= 106 
ID= 11710453 AllEvt= 2208.336820 AllEvtErr= 93.100813 SelEvt= 0.000000  SelEvtErr= 0.000000 AllEvtnoweight= 1129.000000 SelEvtnoweight= 0.000000 Nfile= 108 
ID= 11730553 AllEvt= 892.201150 AllEvtErr= 57.456763 SelEvt= 0.000000  SelEvtErr= 0.000000 AllEvtnoweight= 430.000000 SelEvtnoweight= 0.000000 Nfile= 105 
ID= 11910353 AllEvt= 5915.682330 AllEvtErr= 151.839508 SelEvt= 0.000000  SelEvtErr= 0.000000 AllEvtnoweight= 3003.000000 SelEvtnoweight= 0.000000 Nfile= 108 
ID= 11910453 AllEvt= 13535.415300 AllEvtErr= 234.309780 SelEvt= 0.000000  SelEvtErr= 0.000000 AllEvtnoweight= 7151.000000 SelEvtnoweight= 0.000000 Nfile= 108 
ID= 11930553 AllEvt= 5098.292200 AllEvtErr= 140.794403 SelEvt= 0.000000  SelEvtErr= 0.000000 AllEvtnoweight= 2582.000000 SelEvtnoweight= 0.000000 Nfile= 108 
ID= 12010353 AllEvt= 2410.606060 AllEvtErr= 97.570281 SelEvt= 0.000000  SelEvtErr= 0.000000 AllEvtnoweight= 1240.000000 SelEvtnoweight= 0.000000 Nfile= 108 
ID= 12010453 AllEvt= 5979.410300 AllEvtErr= 155.165519 SelEvt= 0.000000  SelEvtErr= 0.000000 AllEvtnoweight= 3136.000000 SelEvtnoweight= 0.000000 Nfile= 108 
ID= 12030553 AllEvt= 2321.940250 AllEvtErr= 93.635319 SelEvt= 0.000000  SelEvtErr= 0.000000 AllEvtnoweight= 1142.000000 SelEvtnoweight= 0.000000 Nfile= 108 
ID= 12210353 AllEvt= 2294.232460 AllEvtErr= 94.451673 SelEvt= 0.000000  SelEvtErr= 0.000000 AllEvtnoweight= 1162.000000 SelEvtnoweight= 0.000000 Nfile= 108 
ID= 12210453 AllEvt= 5372.602500 AllEvtErr= 146.643784 SelEvt= 0.000000  SelEvtErr= 0.000000 AllEvtnoweight= 2801.000000 SelEvtnoweight= 0.000000 Nfile= 108 
ID= 12230553 AllEvt= 1978.359730 AllEvtErr= 88.665904 SelEvt= 0.000000  SelEvtErr= 0.000000 AllEvtnoweight= 1024.000000 SelEvtnoweight= 0.000000 Nfile= 108 
ID= 30530553 AllEvt= 58040.178000 AllEvtErr= 481.252476 SelEvt= 0.000000  SelEvtErr= 0.000000 AllEvtnoweight= 30167.000000 SelEvtnoweight= 0.000000 Nfile= 108 
