ID= 11 AllEvt= 7570295.000000 AllEvtErr= 2751.416927 SelEvt= 0.000000  SelEvtErr= 0.000000 AllEvtnoweight= 7570295.000000 SelEvtnoweight= 0.000000 Nfile= 186 
ID= 10010311 AllEvt= 2412.000000 AllEvtErr= 49.112114 SelEvt= 0.000000  SelEvtErr= 0.000000 AllEvtnoweight= 2412.000000 SelEvtnoweight= 0.000000 Nfile= 186 
ID= 10010411 AllEvt= 7144.000000 AllEvtErr= 84.522168 SelEvt= 0.000000  SelEvtErr= 0.000000 AllEvtnoweight= 7144.000000 SelEvtnoweight= 0.000000 Nfile= 186 
ID= 10030511 AllEvt= 3598.000000 AllEvtErr= 59.983342 SelEvt= 0.000000  SelEvtErr= 0.000000 AllEvtnoweight= 3598.000000 SelEvtnoweight= 0.000000 Nfile= 186 
ID= 10110311 AllEvt= 565203.000000 AllEvtErr= 751.799880 SelEvt= 0.000000  SelEvtErr= 0.000000 AllEvtnoweight= 565203.000000 SelEvtnoweight= 0.000000 Nfile= 186 
ID= 10110411 AllEvt= 1640862.000000 AllEvtErr= 1280.961377 SelEvt= 0.000000  SelEvtErr= 0.000000 AllEvtnoweight= 1640862.000000 SelEvtnoweight= 0.000000 Nfile= 186 
ID= 10130511 AllEvt= 672610.000000 AllEvtErr= 820.128089 SelEvt= 0.000000  SelEvtErr= 0.000000 AllEvtnoweight= 672610.000000 SelEvtnoweight= 0.000000 Nfile= 186 
ID= 10210311 AllEvt= 647026.000000 AllEvtErr= 804.379254 SelEvt= 0.000000  SelEvtErr= 0.000000 AllEvtnoweight= 647026.000000 SelEvtnoweight= 0.000000 Nfile= 186 
ID= 10210411 AllEvt= 1879281.000000 AllEvtErr= 1370.868608 SelEvt= 0.000000  SelEvtErr= 0.000000 AllEvtnoweight= 1879281.000000 SelEvtnoweight= 0.000000 Nfile= 186 
ID= 10230511 AllEvt= 766347.000000 AllEvtErr= 875.412432 SelEvt= 0.000000  SelEvtErr= 0.000000 AllEvtnoweight= 766347.000000 SelEvtnoweight= 0.000000 Nfile= 186 
ID= 10230811 AllEvt= 387953.000000 AllEvtErr= 622.858802 SelEvt= 0.000000  SelEvtErr= 0.000000 AllEvtnoweight= 387953.000000 SelEvtnoweight= 0.000000 Nfile= 186 
ID= 10231411 AllEvt= 12549.000000 AllEvtErr= 112.022317 SelEvt= 0.000000  SelEvtErr= 0.000000 AllEvtnoweight= 12549.000000 SelEvtnoweight= 0.000000 Nfile= 186 
ID= 10231811 AllEvt= 29413.000000 AllEvtErr= 171.502108 SelEvt= 0.000000  SelEvtErr= 0.000000 AllEvtnoweight= 29413.000000 SelEvtnoweight= 0.000000 Nfile= 186 
ID= 10310311 AllEvt= 83093.000000 AllEvtErr= 288.258615 SelEvt= 0.000000  SelEvtErr= 0.000000 AllEvtnoweight= 83093.000000 SelEvtnoweight= 0.000000 Nfile= 186 
ID= 10330511 AllEvt= 240705.000000 AllEvtErr= 490.616878 SelEvt= 0.000000  SelEvtErr= 0.000000 AllEvtnoweight= 240705.000000 SelEvtnoweight= 0.000000 Nfile= 186 
ID= 10410311 AllEvt= 496551.000000 AllEvtErr= 704.663751 SelEvt= 0.000000  SelEvtErr= 0.000000 AllEvtnoweight= 496551.000000 SelEvtnoweight= 0.000000 Nfile= 186 
ID= 10410411 AllEvt= 736784.000000 AllEvtErr= 858.361235 SelEvt= 0.000000  SelEvtErr= 0.000000 AllEvtnoweight= 736784.000000 SelEvtnoweight= 0.000000 Nfile= 186 
ID= 10430511 AllEvt= 719052.000000 AllEvtErr= 847.969334 SelEvt= 0.000000  SelEvtErr= 0.000000 AllEvtnoweight= 719052.000000 SelEvtnoweight= 0.000000 Nfile= 186 
ID= 10510311 AllEvt= 247739.000000 AllEvtErr= 497.733848 SelEvt= 0.000000  SelEvtErr= 0.000000 AllEvtnoweight= 247739.000000 SelEvtnoweight= 0.000000 Nfile= 186 
ID= 10510411 AllEvt= 736494.000000 AllEvtErr= 858.192272 SelEvt= 0.000000  SelEvtErr= 0.000000 AllEvtnoweight= 736494.000000 SelEvtnoweight= 0.000000 Nfile= 186 
ID= 10530511 AllEvt= 360014.000000 AllEvtErr= 600.011659 SelEvt= 0.000000  SelEvtErr= 0.000000 AllEvtnoweight= 360014.000000 SelEvtnoweight= 0.000000 Nfile= 186 
ID= 10610311 AllEvt= 11481.000000 AllEvtErr= 107.149421 SelEvt= 0.000000  SelEvtErr= 0.000000 AllEvtnoweight= 11481.000000 SelEvtnoweight= 0.000000 Nfile= 186 
ID= 10610411 AllEvt= 34054.000000 AllEvtErr= 184.537176 SelEvt= 0.000000  SelEvtErr= 0.000000 AllEvtnoweight= 34054.000000 SelEvtnoweight= 0.000000 Nfile= 186 
ID= 10630511 AllEvt= 16886.000000 AllEvtErr= 129.946136 SelEvt= 0.000000  SelEvtErr= 0.000000 AllEvtnoweight= 16886.000000 SelEvtnoweight= 0.000000 Nfile= 186 
ID= 10710311 AllEvt= 27661.000000 AllEvtErr= 166.315929 SelEvt= 0.000000  SelEvtErr= 0.000000 AllEvtnoweight= 27661.000000 SelEvtnoweight= 0.000000 Nfile= 186 
ID= 10710411 AllEvt= 82060.000000 AllEvtErr= 286.461174 SelEvt= 0.000000  SelEvtErr= 0.000000 AllEvtnoweight= 82060.000000 SelEvtnoweight= 0.000000 Nfile= 186 
ID= 10730511 AllEvt= 39917.000000 AllEvtErr= 199.792311 SelEvt= 0.000000  SelEvtErr= 0.000000 AllEvtnoweight= 39917.000000 SelEvtnoweight= 0.000000 Nfile= 186 
ID= 10910311 AllEvt= 32191.000000 AllEvtErr= 179.418403 SelEvt= 0.000000  SelEvtErr= 0.000000 AllEvtnoweight= 32191.000000 SelEvtnoweight= 0.000000 Nfile= 186 
ID= 10910411 AllEvt= 96632.000000 AllEvtErr= 310.856838 SelEvt= 0.000000  SelEvtErr= 0.000000 AllEvtnoweight= 96632.000000 SelEvtnoweight= 0.000000 Nfile= 186 
ID= 10930511 AllEvt= 46583.000000 AllEvtErr= 215.830877 SelEvt= 0.000000  SelEvtErr= 0.000000 AllEvtnoweight= 46583.000000 SelEvtnoweight= 0.000000 Nfile= 186 
ID= 11510311 AllEvt= 5834.000000 AllEvtErr= 76.380611 SelEvt= 0.000000  SelEvtErr= 0.000000 AllEvtnoweight= 5834.000000 SelEvtnoweight= 0.000000 Nfile= 186 
ID= 11510411 AllEvt= 17185.000000 AllEvtErr= 131.091577 SelEvt= 0.000000  SelEvtErr= 0.000000 AllEvtnoweight= 17185.000000 SelEvtnoweight= 0.000000 Nfile= 186 
ID= 11530511 AllEvt= 8277.000000 AllEvtErr= 90.978009 SelEvt= 0.000000  SelEvtErr= 0.000000 AllEvtnoweight= 8277.000000 SelEvtnoweight= 0.000000 Nfile= 186 
ID= 11610311 AllEvt= 5509.000000 AllEvtErr= 74.222623 SelEvt= 0.000000  SelEvtErr= 0.000000 AllEvtnoweight= 5509.000000 SelEvtnoweight= 0.000000 Nfile= 186 
ID= 11610411 AllEvt= 16200.000000 AllEvtErr= 127.279205 SelEvt= 0.000000  SelEvtErr= 0.000000 AllEvtnoweight= 16200.000000 SelEvtnoweight= 0.000000 Nfile= 186 
ID= 11630511 AllEvt= 7984.000000 AllEvtErr= 89.353219 SelEvt= 0.000000  SelEvtErr= 0.000000 AllEvtnoweight= 7984.000000 SelEvtnoweight= 0.000000 Nfile= 186 
ID= 11710311 AllEvt= 2068.000000 AllEvtErr= 45.475268 SelEvt= 0.000000  SelEvtErr= 0.000000 AllEvtnoweight= 2068.000000 SelEvtnoweight= 0.000000 Nfile= 186 
ID= 11710411 AllEvt= 5770.000000 AllEvtErr= 75.960502 SelEvt= 0.000000  SelEvtErr= 0.000000 AllEvtnoweight= 5770.000000 SelEvtnoweight= 0.000000 Nfile= 186 
ID= 11730511 AllEvt= 2795.000000 AllEvtErr= 52.867768 SelEvt= 0.000000  SelEvtErr= 0.000000 AllEvtnoweight= 2795.000000 SelEvtnoweight= 0.000000 Nfile= 186 
ID= 11910311 AllEvt= 12197.000000 AllEvtErr= 110.440019 SelEvt= 0.000000  SelEvtErr= 0.000000 AllEvtnoweight= 12197.000000 SelEvtnoweight= 0.000000 Nfile= 186 
ID= 11910411 AllEvt= 35872.000000 AllEvtErr= 189.398864 SelEvt= 0.000000  SelEvtErr= 0.000000 AllEvtnoweight= 35872.000000 SelEvtnoweight= 0.000000 Nfile= 186 
ID= 11930511 AllEvt= 17624.000000 AllEvtErr= 132.755424 SelEvt= 0.000000  SelEvtErr= 0.000000 AllEvtnoweight= 17624.000000 SelEvtnoweight= 0.000000 Nfile= 186 
ID= 12010311 AllEvt= 6005.000000 AllEvtErr= 77.491915 SelEvt= 0.000000  SelEvtErr= 0.000000 AllEvtnoweight= 6005.000000 SelEvtnoweight= 0.000000 Nfile= 186 
ID= 12010411 AllEvt= 18148.000000 AllEvtErr= 134.714510 SelEvt= 0.000000  SelEvtErr= 0.000000 AllEvtnoweight= 18148.000000 SelEvtnoweight= 0.000000 Nfile= 186 
ID= 12030511 AllEvt= 8850.000000 AllEvtErr= 94.074427 SelEvt= 0.000000  SelEvtErr= 0.000000 AllEvtnoweight= 8850.000000 SelEvtnoweight= 0.000000 Nfile= 186 
ID= 12210311 AllEvt= 4433.000000 AllEvtErr= 66.580783 SelEvt= 0.000000  SelEvtErr= 0.000000 AllEvtnoweight= 4433.000000 SelEvtnoweight= 0.000000 Nfile= 186 
ID= 12210411 AllEvt= 12891.000000 AllEvtErr= 113.538525 SelEvt= 0.000000  SelEvtErr= 0.000000 AllEvtnoweight= 12891.000000 SelEvtnoweight= 0.000000 Nfile= 186 
ID= 12230511 AllEvt= 6384.000000 AllEvtErr= 79.899922 SelEvt= 0.000000  SelEvtErr= 0.000000 AllEvtnoweight= 6384.000000 SelEvtnoweight= 0.000000 Nfile= 186 
ID= 30530511 AllEvt= 174960.000000 AllEvtErr= 418.282145 SelEvt= 0.000000  SelEvtErr= 0.000000 AllEvtnoweight= 174960.000000 SelEvtnoweight= 0.000000 Nfile= 186 
ID= 12 AllEvt= 32681492.900000 AllEvtErr= 11070.597978 SelEvt= 0.000000  SelEvtErr= 0.000000 AllEvtnoweight= 8741846.000000 SelEvtnoweight= 0.000000 Nfile= 217 
ID= 10010312 AllEvt= 9959.812400 AllEvtErr= 193.185274 SelEvt= 0.000000  SelEvtErr= 0.000000 AllEvtnoweight= 2662.000000 SelEvtnoweight= 0.000000 Nfile= 217 
ID= 10010412 AllEvt= 29418.876000 AllEvtErr= 332.061804 SelEvt= 0.000000  SelEvtErr= 0.000000 AllEvtnoweight= 7865.000000 SelEvtnoweight= 0.000000 Nfile= 217 
ID= 10030512 AllEvt= 13917.527100 AllEvtErr= 228.401973 SelEvt= 0.000000  SelEvtErr= 0.000000 AllEvtnoweight= 3721.000000 SelEvtnoweight= 0.000000 Nfile= 217 
ID= 10110312 AllEvt= 2556313.610000 AllEvtErr= 3096.156733 SelEvt= 0.000000  SelEvtErr= 0.000000 AllEvtnoweight= 683765.000000 SelEvtnoweight= 0.000000 Nfile= 217 
ID= 10110412 AllEvt= 7320727.300000 AllEvtErr= 5239.570589 SelEvt= 0.000000  SelEvtErr= 0.000000 AllEvtnoweight= 1958179.000000 SelEvtnoweight= 0.000000 Nfile= 217 
ID= 10130512 AllEvt= 2988467.790000 AllEvtErr= 3347.559089 SelEvt= 0.000000  SelEvtErr= 0.000000 AllEvtnoweight= 799314.000000 SelEvtnoweight= 0.000000 Nfile= 217 
ID= 10210312 AllEvt= 2851819.160000 AllEvtErr= 3270.124483 SelEvt= 0.000000  SelEvtErr= 0.000000 AllEvtnoweight= 762763.000000 SelEvtnoweight= 0.000000 Nfile= 217 
ID= 10210412 AllEvt= 8188219.500000 AllEvtErr= 5541.365902 SelEvt= 0.000000  SelEvtErr= 0.000000 AllEvtnoweight= 2190255.000000 SelEvtnoweight= 0.000000 Nfile= 217 
ID= 10230512 AllEvt= 3321170.530000 AllEvtErr= 3529.195513 SelEvt= 0.000000  SelEvtErr= 0.000000 AllEvtnoweight= 888408.000000 SelEvtnoweight= 0.000000 Nfile= 217 
ID= 10230812 AllEvt= 1699705.560000 AllEvtErr= 2524.745391 SelEvt= 0.000000  SelEvtErr= 0.000000 AllEvtnoweight= 454670.000000 SelEvtnoweight= 0.000000 Nfile= 217 
ID= 10231412 AllEvt= 53812.936000 AllEvtErr= 449.252415 SelEvt= 0.000000  SelEvtErr= 0.000000 AllEvtnoweight= 14396.000000 SelEvtnoweight= 0.000000 Nfile= 217 
ID= 10231812 AllEvt= 128758.651000 AllEvtErr= 694.724678 SelEvt= 0.000000  SelEvtErr= 0.000000 AllEvtnoweight= 34426.000000 SelEvtnoweight= 0.000000 Nfile= 217 
ID= 10310312 AllEvt= 386657.810000 AllEvtErr= 1204.346714 SelEvt= 0.000000  SelEvtErr= 0.000000 AllEvtnoweight= 103458.000000 SelEvtnoweight= 0.000000 Nfile= 217 
ID= 10330512 AllEvt= 1053770.620000 AllEvtErr= 1987.755781 SelEvt= 0.000000  SelEvtErr= 0.000000 AllEvtnoweight= 281830.000000 SelEvtnoweight= 0.000000 Nfile= 217 
ID= 10410312 AllEvt= 2283608.520000 AllEvtErr= 2926.462464 SelEvt= 0.000000  SelEvtErr= 0.000000 AllEvtnoweight= 610867.000000 SelEvtnoweight= 0.000000 Nfile= 217 
ID= 10410412 AllEvt= 3374354.180000 AllEvtErr= 3557.552159 SelEvt= 0.000000  SelEvtErr= 0.000000 AllEvtnoweight= 902742.000000 SelEvtnoweight= 0.000000 Nfile= 217 
ID= 10430512 AllEvt= 3118432.210000 AllEvtErr= 3419.806591 SelEvt= 0.000000  SelEvtErr= 0.000000 AllEvtnoweight= 834188.000000 SelEvtnoweight= 0.000000 Nfile= 217 
ID= 10510312 AllEvt= 1075753.260000 AllEvtErr= 2008.444131 SelEvt= 0.000000  SelEvtErr= 0.000000 AllEvtnoweight= 287727.000000 SelEvtnoweight= 0.000000 Nfile= 217 
ID= 10510412 AllEvt= 3184690.510000 AllEvtErr= 3455.726304 SelEvt= 0.000000  SelEvtErr= 0.000000 AllEvtnoweight= 851804.000000 SelEvtnoweight= 0.000000 Nfile= 217 
ID= 10530512 AllEvt= 1469398.050000 AllEvtErr= 2347.489657 SelEvt= 0.000000  SelEvtErr= 0.000000 AllEvtnoweight= 393069.000000 SelEvtnoweight= 0.000000 Nfile= 217 
ID= 10610312 AllEvt= 53445.996000 AllEvtErr= 447.626629 SelEvt= 0.000000  SelEvtErr= 0.000000 AllEvtnoweight= 14292.000000 SelEvtnoweight= 0.000000 Nfile= 217 
ID= 10610412 AllEvt= 157900.455000 AllEvtErr= 769.677065 SelEvt= 0.000000  SelEvtErr= 0.000000 AllEvtnoweight= 42255.000000 SelEvtnoweight= 0.000000 Nfile= 217 
ID= 10630512 AllEvt= 73264.526000 AllEvtErr= 524.160516 SelEvt= 0.000000  SelEvtErr= 0.000000 AllEvtnoweight= 19597.000000 SelEvtnoweight= 0.000000 Nfile= 217 
ID= 10710312 AllEvt= 126444.678000 AllEvtErr= 688.501494 SelEvt= 0.000000  SelEvtErr= 0.000000 AllEvtnoweight= 33812.000000 SelEvtnoweight= 0.000000 Nfile= 217 
ID= 10710412 AllEvt= 373590.241000 AllEvtErr= 1183.598537 SelEvt= 0.000000  SelEvtErr= 0.000000 AllEvtnoweight= 99924.000000 SelEvtnoweight= 0.000000 Nfile= 217 
ID= 10730512 AllEvt= 171919.080000 AllEvtErr= 802.947314 SelEvt= 0.000000  SelEvtErr= 0.000000 AllEvtnoweight= 45987.000000 SelEvtnoweight= 0.000000 Nfile= 217 
ID= 10910312 AllEvt= 137014.812000 AllEvtErr= 716.765008 SelEvt= 0.000000  SelEvtErr= 0.000000 AllEvtnoweight= 36645.000000 SelEvtnoweight= 0.000000 Nfile= 217 
ID= 10910412 AllEvt= 402571.110000 AllEvtErr= 1228.754877 SelEvt= 0.000000  SelEvtErr= 0.000000 AllEvtnoweight= 107694.000000 SelEvtnoweight= 0.000000 Nfile= 217 
ID= 10930512 AllEvt= 186622.908000 AllEvtErr= 836.612136 SelEvt= 0.000000  SelEvtErr= 0.000000 AllEvtnoweight= 49924.000000 SelEvtnoweight= 0.000000 Nfile= 217 
ID= 11510312 AllEvt= 23345.645300 AllEvtErr= 295.988430 SelEvt= 0.000000  SelEvtErr= 0.000000 AllEvtnoweight= 6249.000000 SelEvtnoweight= 0.000000 Nfile= 217 
ID= 11510412 AllEvt= 70310.279000 AllEvtErr= 513.445819 SelEvt= 0.000000  SelEvtErr= 0.000000 AllEvtnoweight= 18804.000000 SelEvtnoweight= 0.000000 Nfile= 217 
ID= 11530512 AllEvt= 31725.374000 AllEvtErr= 344.779934 SelEvt= 0.000000  SelEvtErr= 0.000000 AllEvtnoweight= 8479.000000 SelEvtnoweight= 0.000000 Nfile= 217 
ID= 11610312 AllEvt= 22652.957200 AllEvtErr= 291.526077 SelEvt= 0.000000  SelEvtErr= 0.000000 AllEvtnoweight= 6062.000000 SelEvtnoweight= 0.000000 Nfile= 217 
ID= 11610412 AllEvt= 66255.208000 AllEvtErr= 498.300148 SelEvt= 0.000000  SelEvtErr= 0.000000 AllEvtnoweight= 17711.000000 SelEvtnoweight= 0.000000 Nfile= 217 
ID= 11630512 AllEvt= 30860.430700 AllEvtErr= 340.215788 SelEvt= 0.000000  SelEvtErr= 0.000000 AllEvtnoweight= 8256.000000 SelEvtnoweight= 0.000000 Nfile= 217 
ID= 11710312 AllEvt= 8297.348200 AllEvtErr= 176.339913 SelEvt= 0.000000  SelEvtErr= 0.000000 AllEvtnoweight= 2218.000000 SelEvtnoweight= 0.000000 Nfile= 217 
ID= 11710412 AllEvt= 24435.232800 AllEvtErr= 302.570108 SelEvt= 0.000000  SelEvtErr= 0.000000 AllEvtnoweight= 6530.000000 SelEvtnoweight= 0.000000 Nfile= 217 
ID= 11730512 AllEvt= 11038.169300 AllEvtErr= 203.436145 SelEvt= 0.000000  SelEvtErr= 0.000000 AllEvtnoweight= 2952.000000 SelEvtnoweight= 0.000000 Nfile= 217 
ID= 11910312 AllEvt= 50997.238000 AllEvtErr= 437.104683 SelEvt= 0.000000  SelEvtErr= 0.000000 AllEvtnoweight= 13628.000000 SelEvtnoweight= 0.000000 Nfile= 217 
ID= 11910412 AllEvt= 148535.991000 AllEvtErr= 746.307532 SelEvt= 0.000000  SelEvtErr= 0.000000 AllEvtnoweight= 39728.000000 SelEvtnoweight= 0.000000 Nfile= 217 
ID= 11930512 AllEvt= 69168.266000 AllEvtErr= 509.374823 SelEvt= 0.000000  SelEvtErr= 0.000000 AllEvtnoweight= 18507.000000 SelEvtnoweight= 0.000000 Nfile= 217 
ID= 12010312 AllEvt= 25150.392000 AllEvtErr= 307.008885 SelEvt= 0.000000  SelEvtErr= 0.000000 AllEvtnoweight= 6723.000000 SelEvtnoweight= 0.000000 Nfile= 217 
ID= 12010412 AllEvt= 75705.799000 AllEvtErr= 532.782364 SelEvt= 0.000000  SelEvtErr= 0.000000 AllEvtnoweight= 20247.000000 SelEvtnoweight= 0.000000 Nfile= 217 
ID= 12030512 AllEvt= 34102.993700 AllEvtErr= 357.614127 SelEvt= 0.000000  SelEvtErr= 0.000000 AllEvtnoweight= 9122.000000 SelEvtnoweight= 0.000000 Nfile= 217 
ID= 12210312 AllEvt= 18721.449800 AllEvtErr= 264.920235 SelEvt= 0.000000  SelEvtErr= 0.000000 AllEvtnoweight= 5006.000000 SelEvtnoweight= 0.000000 Nfile= 217 
ID= 12210412 AllEvt= 55086.000000 AllEvtErr= 454.588245 SelEvt= 0.000000  SelEvtErr= 0.000000 AllEvtnoweight= 14740.000000 SelEvtnoweight= 0.000000 Nfile= 217 
ID= 12230512 AllEvt= 25801.908100 AllEvtErr= 311.091713 SelEvt= 0.000000  SelEvtErr= 0.000000 AllEvtnoweight= 6903.000000 SelEvtnoweight= 0.000000 Nfile= 217 
ID= 30530512 AllEvt= 723153.540000 AllEvtErr= 1646.921574 SelEvt= 0.000000  SelEvtErr= 0.000000 AllEvtnoweight= 193467.000000 SelEvtnoweight= 0.000000 Nfile= 217 
